#
# There is insufficient memory for the Java Runtime Environment to continue.
# Native memory allocation (malloc) failed to allocate 1231856 bytes for Chunk::new
# Possible reasons:
#   The system is out of physical RAM or swap space
#   The process is running with CompressedOops enabled, and the Java Heap may be blocking the growth of the native heap
# Possible solutions:
#   Reduce memory load on the system
#   Increase physical memory or swap space
#   Check if swap backing store is full
#   Decrease Java heap size (-Xmx/-Xms)
#   Decrease number of Java threads
#   Decrease Java thread stack sizes (-Xss)
#   Set larger code cache with -XX:ReservedCodeCacheSize=
#   JVM is running with Zero Based Compressed Oops mode in which the Java heap is
#     placed in the first 32GB address space. The Java Heap base address is the
#     maximum limit for the native heap growth. Please use -XX:HeapBaseMinAddress
#     to set the Java Heap base and to place the Java Heap above 32GB virtual address.
# This output file may be truncated or incomplete.
#
#  Out of Memory Error (src/hotspot/share/memory/arena.cpp:197), pid=13292, tid=14500
#
# JRE version: OpenJDK Runtime Environment (11.0.15) (build 11.0.15+0-b2043.56-9505619)
# Java VM: OpenJDK 64-Bit Server VM (11.0.15+0-b2043.56-9505619, mixed mode, tiered, compressed oops, g1 gc, windows-amd64)
# No core dump will be written. Minidumps are not enabled by default on client versions of Windows
#

---------------  S U M M A R Y ------------

Command Line: org.jetbrains.kotlin.cli.jvm.K2JVMCompiler @C:\Users\Kelvin Agusto\Documents\Materi Perkuliahan\Semester 4\Mobile Programming 2\UAS Mobile 2\UAS_CRUD_202101251016\app\build\20230707_13773506472188389021.compiler.options

Host: Intel(R) Core(TM) i5-3570 CPU @ 3.40GHz, 4 cores, 11G,  Windows 10 , 64 bit Build 19041 (10.0.19041.3031)
Time: Fri Jul  7 13:42:18 2023 SE Asia Standard Time elapsed time: 9.365290 seconds (0d 0h 0m 9s)

---------------  T H R E A D  ---------------

Current thread (0x000001a1af52f800):  JavaThread "C2 CompilerThread0" daemon [_thread_in_native, id=14500, stack(0x00000092a1f00000,0x00000092a2000000)]


Current CompileTask:
C2:   9365 9344       4       org.jetbrains.kotlin.com.intellij.lang.impl.PsiBuilderImpl::insertLeaves (88 bytes)

Stack: [0x00000092a1f00000,0x00000092a2000000]
Native frames: (J=compiled Java code, j=interpreted, Vv=VM code, C=native code)
V  [jvm.dll+0x64135a]
V  [jvm.dll+0x7d39f9]
V  [jvm.dll+0x7d51b9]
V  [jvm.dll+0x7d58a3]
V  [jvm.dll+0x2691c5]
V  [jvm.dll+0xc1a5c]
V  [jvm.dll+0xc200c]
V  [jvm.dll+0x3774a7]
V  [jvm.dll+0x1b3914]
V  [jvm.dll+0x22163e]
V  [jvm.dll+0x220498]
V  [jvm.dll+0x19e851]
V  [jvm.dll+0x230479]
V  [jvm.dll+0x22e5ef]
V  [jvm.dll+0x794de1]
V  [jvm.dll+0x78dc24]
V  [jvm.dll+0x6400f6]
C  [ucrtbase.dll+0x21bb2]
C  [KERNEL32.DLL+0x17614]
C  [ntdll.dll+0x526f1]


---------------  P R O C E S S  ---------------

Threads class SMR info:
_java_thread_list=0x000001a1b15415b0, length=11, elements={
0x000001a192a92800, 0x000001a1aeca6800, 0x000001a1aec9d800, 0x000001a1af4e3800,
0x000001a1af4e5800, 0x000001a1af4e7800, 0x000001a1af52f800, 0x000001a1af535800,
0x000001a1af539800, 0x000001a1af694000, 0x000001a1b18c1000
}

Java Threads: ( => current thread )
  0x000001a192a92800 JavaThread "main" [_thread_in_Java, id=4952, stack(0x00000092a1300000,0x00000092a1400000)]
  0x000001a1aeca6800 JavaThread "Reference Handler" daemon [_thread_blocked, id=11760, stack(0x00000092a1a00000,0x00000092a1b00000)]
  0x000001a1aec9d800 JavaThread "Finalizer" daemon [_thread_blocked, id=1236, stack(0x00000092a1b00000,0x00000092a1c00000)]
  0x000001a1af4e3800 JavaThread "Signal Dispatcher" daemon [_thread_blocked, id=9236, stack(0x00000092a1c00000,0x00000092a1d00000)]
  0x000001a1af4e5800 JavaThread "Attach Listener" daemon [_thread_blocked, id=8556, stack(0x00000092a1d00000,0x00000092a1e00000)]
  0x000001a1af4e7800 JavaThread "Service Thread" daemon [_thread_blocked, id=2344, stack(0x00000092a1e00000,0x00000092a1f00000)]
=>0x000001a1af52f800 JavaThread "C2 CompilerThread0" daemon [_thread_in_native, id=14500, stack(0x00000092a1f00000,0x00000092a2000000)]
  0x000001a1af535800 JavaThread "C1 CompilerThread0" daemon [_thread_blocked, id=10728, stack(0x00000092a2000000,0x00000092a2100000)]
  0x000001a1af539800 JavaThread "Sweeper thread" daemon [_thread_blocked, id=13284, stack(0x00000092a2100000,0x00000092a2200000)]
  0x000001a1af694000 JavaThread "Common-Cleaner" daemon [_thread_blocked, id=14648, stack(0x00000092a2300000,0x00000092a2400000)]
  0x000001a1b18c1000 JavaThread "C2 CompilerThread1" daemon [_thread_in_native, id=14440, stack(0x00000092a2400000,0x00000092a2500000)]

Other Threads:
  0x000001a1af4d5000 VMThread "VM Thread" [stack: 0x00000092a1900000,0x00000092a1a00000] [id=7152]
  0x000001a1af68c000 WatcherThread [stack: 0x00000092a2200000,0x00000092a2300000] [id=10172]
  0x000001a192aab800 GCTaskThread "GC Thread#0" [stack: 0x00000092a1400000,0x00000092a1500000] [id=5576]
  0x000001a1afb31000 GCTaskThread "GC Thread#1" [stack: 0x00000092a2500000,0x00000092a2600000] [id=15316]
  0x000001a1afb32000 GCTaskThread "GC Thread#2" [stack: 0x00000092a2600000,0x00000092a2700000] [id=5692]
  0x000001a1afbbc000 GCTaskThread "GC Thread#3" [stack: 0x00000092a2700000,0x00000092a2800000] [id=11140]
  0x000001a192af2000 ConcurrentGCThread "G1 Main Marker" [stack: 0x00000092a1500000,0x00000092a1600000] [id=7468]
  0x000001a192af4800 ConcurrentGCThread "G1 Conc#0" [stack: 0x00000092a1600000,0x00000092a1700000] [id=14196]
  0x000001a1aeb03800 ConcurrentGCThread "G1 Refine#0" [stack: 0x00000092a1700000,0x00000092a1800000] [id=2368]
  0x000001a1b10e5800 ConcurrentGCThread "G1 Refine#1" [stack: 0x00000092a2800000,0x00000092a2900000] [id=6988]
  0x000001a1b329a800 ConcurrentGCThread "G1 Refine#2" [stack: 0x00000092a2900000,0x00000092a2a00000] [id=4408]
  0x000001a1aeb04000 ConcurrentGCThread "G1 Young RemSet Sampling" [stack: 0x00000092a1800000,0x00000092a1900000] [id=7252]

Threads with active compile tasks:
C2 CompilerThread0     9383 9344       4       org.jetbrains.kotlin.com.intellij.lang.impl.PsiBuilderImpl::insertLeaves (88 bytes)
C2 CompilerThread1     9383 9441       4       org.jetbrains.kotlin.load.java.lazy.descriptors.LazyJavaScope::definitelyDoesNotContainName (52 bytes)

VM state:not at safepoint (normal execution)

VM Mutex/Monitor currently owned by a thread: None

Heap address: 0x0000000740800000, size: 3064 MB, Compressed Oops mode: Zero based, Oop shift amount: 3
Narrow klass base: 0x0000000800000000, Narrow klass shift: 0
Compressed class space size: 1073741824 Address: 0x0000000800000000

Heap:
 garbage-first heap   total 236544K, used 65024K [0x0000000740800000, 0x0000000800000000)
  region size 1024K, 16 young (16384K), 10 survivors (10240K)
 Metaspace       used 67252K, capacity 68155K, committed 68260K, reserved 1110016K
  class space    used 7452K, capacity 7813K, committed 7844K, reserved 1048576K
Heap Regions: E=young(eden), S=young(survivor), O=old, HS=humongous(starts), HC=humongous(continues), CS=collection set, F=free, A=archive, TAMS=top-at-mark-start (previous, next)
|   0|0x0000000740800000, 0x0000000740900000, 0x0000000740900000|100%|HS|  |TAMS 0x0000000740900000, 0x0000000740800000| Complete 
|   1|0x0000000740900000, 0x0000000740a00000, 0x0000000740a00000|100%|HC|  |TAMS 0x0000000740a00000, 0x0000000740900000| Complete 
|   2|0x0000000740a00000, 0x0000000740b00000, 0x0000000740b00000|100%|HC|  |TAMS 0x0000000740b00000, 0x0000000740a00000| Complete 
|   3|0x0000000740b00000, 0x0000000740c00000, 0x0000000740c00000|100%|HC|  |TAMS 0x0000000740c00000, 0x0000000740b00000| Complete 
|   4|0x0000000740c00000, 0x0000000740d00000, 0x0000000740d00000|100%| O|  |TAMS 0x0000000740d00000, 0x0000000740c00000| Untracked 
|   5|0x0000000740d00000, 0x0000000740e00000, 0x0000000740e00000|100%| O|  |TAMS 0x0000000740e00000, 0x0000000740d00000| Untracked 
|   6|0x0000000740e00000, 0x0000000740f00000, 0x0000000740f00000|100%|HS|  |TAMS 0x0000000740f00000, 0x0000000740e00000| Complete 
|   7|0x0000000740f00000, 0x0000000741000000, 0x0000000741000000|100%|HC|  |TAMS 0x0000000741000000, 0x0000000740f00000| Complete 
|   8|0x0000000741000000, 0x0000000741100000, 0x0000000741100000|100%|HC|  |TAMS 0x0000000741100000, 0x0000000741000000| Complete 
|   9|0x0000000741100000, 0x0000000741200000, 0x0000000741200000|100%|HC|  |TAMS 0x0000000741200000, 0x0000000741100000| Complete 
|  10|0x0000000741200000, 0x0000000741300000, 0x0000000741300000|100%|HS|  |TAMS 0x0000000741300000, 0x0000000741200000| Complete 
|  11|0x0000000741300000, 0x0000000741400000, 0x0000000741400000|100%|HC|  |TAMS 0x0000000741400000, 0x0000000741300000| Complete 
|  12|0x0000000741400000, 0x0000000741500000, 0x0000000741500000|100%| O|  |TAMS 0x0000000741500000, 0x0000000741400000| Untracked 
|  13|0x0000000741500000, 0x0000000741600000, 0x0000000741600000|100%| O|  |TAMS 0x0000000741600000, 0x0000000741500000| Untracked 
|  14|0x0000000741600000, 0x0000000741700000, 0x0000000741700000|100%| O|  |TAMS 0x0000000741700000, 0x0000000741600000| Untracked 
|  15|0x0000000741700000, 0x0000000741800000, 0x0000000741800000|100%| O|  |TAMS 0x0000000741800000, 0x0000000741700000| Untracked 
|  16|0x0000000741800000, 0x0000000741900000, 0x0000000741900000|100%| O|  |TAMS 0x0000000741900000, 0x0000000741800000| Untracked 
|  17|0x0000000741900000, 0x0000000741a00000, 0x0000000741a00000|100%| O|  |TAMS 0x0000000741a00000, 0x0000000741900000| Untracked 
|  18|0x0000000741a00000, 0x0000000741b00000, 0x0000000741b00000|100%| O|  |TAMS 0x0000000741b00000, 0x0000000741a00000| Untracked 
|  19|0x0000000741b00000, 0x0000000741c00000, 0x0000000741c00000|100%| O|  |TAMS 0x0000000741c00000, 0x0000000741b00000| Untracked 
|  20|0x0000000741c00000, 0x0000000741d00000, 0x0000000741d00000|100%| O|  |TAMS 0x0000000741d00000, 0x0000000741c00000| Untracked 
|  21|0x0000000741d00000, 0x0000000741e00000, 0x0000000741e00000|100%| O|  |TAMS 0x0000000741e00000, 0x0000000741d00000| Untracked 
|  22|0x0000000741e00000, 0x0000000741f00000, 0x0000000741f00000|100%| O|  |TAMS 0x0000000741f00000, 0x0000000741e00000| Untracked 
|  23|0x0000000741f00000, 0x0000000742000000, 0x0000000742000000|100%| O|  |TAMS 0x0000000742000000, 0x0000000741f00000| Untracked 
|  24|0x0000000742000000, 0x0000000742100000, 0x0000000742100000|100%| O|  |TAMS 0x0000000742100000, 0x0000000742000000| Untracked 
|  25|0x0000000742100000, 0x0000000742200000, 0x0000000742200000|100%| O|  |TAMS 0x0000000742200000, 0x0000000742100000| Untracked 
|  26|0x0000000742200000, 0x0000000742300000, 0x0000000742300000|100%| O|  |TAMS 0x0000000742300000, 0x0000000742200000| Untracked 
|  27|0x0000000742300000, 0x0000000742400000, 0x0000000742400000|100%| O|  |TAMS 0x0000000742400000, 0x0000000742300000| Untracked 
|  28|0x0000000742400000, 0x0000000742500000, 0x0000000742500000|100%| O|  |TAMS 0x0000000742500000, 0x0000000742400000| Untracked 
|  29|0x0000000742500000, 0x0000000742600000, 0x0000000742600000|100%| O|  |TAMS 0x0000000742600000, 0x0000000742500000| Untracked 
|  30|0x0000000742600000, 0x0000000742700000, 0x0000000742700000|100%| O|  |TAMS 0x0000000742700000, 0x0000000742600000| Untracked 
|  31|0x0000000742700000, 0x0000000742800000, 0x0000000742800000|100%| O|  |TAMS 0x0000000742800000, 0x0000000742700000| Untracked 
|  32|0x0000000742800000, 0x0000000742900000, 0x0000000742900000|100%| O|  |TAMS 0x0000000742900000, 0x0000000742800000| Untracked 
|  33|0x0000000742900000, 0x0000000742a00000, 0x0000000742a00000|100%| O|  |TAMS 0x0000000742a00000, 0x0000000742900000| Untracked 
|  34|0x0000000742a00000, 0x0000000742b00000, 0x0000000742b00000|100%| O|  |TAMS 0x0000000742b00000, 0x0000000742a00000| Untracked 
|  35|0x0000000742b00000, 0x0000000742c00000, 0x0000000742c00000|100%| O|  |TAMS 0x0000000742c00000, 0x0000000742b00000| Untracked 
|  36|0x0000000742c00000, 0x0000000742d00000, 0x0000000742d00000|100%| O|  |TAMS 0x0000000742d00000, 0x0000000742c00000| Untracked 
|  37|0x0000000742d00000, 0x0000000742e00000, 0x0000000742e00000|100%| O|  |TAMS 0x0000000742e00000, 0x0000000742d00000| Untracked 
|  38|0x0000000742e00000, 0x0000000742f00000, 0x0000000742f00000|100%| O|  |TAMS 0x0000000742f00000, 0x0000000742e00000| Untracked 
|  39|0x0000000742f00000, 0x0000000743000000, 0x0000000743000000|100%| O|  |TAMS 0x0000000743000000, 0x0000000742f00000| Untracked 
|  40|0x0000000743000000, 0x0000000743100000, 0x0000000743100000|100%| O|  |TAMS 0x0000000743100000, 0x0000000743000000| Untracked 
|  41|0x0000000743100000, 0x0000000743200000, 0x0000000743200000|100%| O|  |TAMS 0x0000000743200000, 0x0000000743100000| Untracked 
|  42|0x0000000743200000, 0x0000000743300000, 0x0000000743300000|100%| O|  |TAMS 0x0000000743300000, 0x0000000743200000| Untracked 
|  43|0x0000000743300000, 0x0000000743400000, 0x0000000743400000|100%| O|  |TAMS 0x0000000743400000, 0x0000000743300000| Untracked 
|  44|0x0000000743400000, 0x0000000743500000, 0x0000000743500000|100%| O|  |TAMS 0x0000000743500000, 0x0000000743400000| Untracked 
|  45|0x0000000743500000, 0x0000000743600000, 0x0000000743600000|100%| O|  |TAMS 0x0000000743600000, 0x0000000743500000| Untracked 
|  46|0x0000000743600000, 0x0000000743700000, 0x0000000743700000|100%| O|  |TAMS 0x0000000743700000, 0x0000000743600000| Untracked 
|  47|0x0000000743700000, 0x0000000743700000, 0x0000000743800000|  0%| F|  |TAMS 0x0000000743700000, 0x0000000743700000| Untracked 
|  48|0x0000000743800000, 0x0000000743900000, 0x0000000743900000|100%| O|  |TAMS 0x0000000743900000, 0x0000000743800000| Untracked 
|  49|0x0000000743900000, 0x0000000743980000, 0x0000000743a00000| 50%| O|  |TAMS 0x0000000743980000, 0x0000000743900000| Untracked 
|  50|0x0000000743a00000, 0x0000000743a00000, 0x0000000743b00000|  0%| F|  |TAMS 0x0000000743a00000, 0x0000000743a00000| Untracked 
|  51|0x0000000743b00000, 0x0000000743b00000, 0x0000000743c00000|  0%| F|  |TAMS 0x0000000743b00000, 0x0000000743b00000| Untracked 
|  52|0x0000000743c00000, 0x0000000743c00000, 0x0000000743d00000|  0%| F|  |TAMS 0x0000000743c00000, 0x0000000743c00000| Untracked 
|  53|0x0000000743d00000, 0x0000000743d00000, 0x0000000743e00000|  0%| F|  |TAMS 0x0000000743d00000, 0x0000000743d00000| Untracked 
|  54|0x0000000743e00000, 0x0000000743e00000, 0x0000000743f00000|  0%| F|  |TAMS 0x0000000743e00000, 0x0000000743e00000| Untracked 
|  55|0x0000000743f00000, 0x0000000743f00000, 0x0000000744000000|  0%| F|  |TAMS 0x0000000743f00000, 0x0000000743f00000| Untracked 
|  56|0x0000000744000000, 0x0000000744000000, 0x0000000744100000|  0%| F|  |TAMS 0x0000000744000000, 0x0000000744000000| Untracked 
|  57|0x0000000744100000, 0x0000000744100000, 0x0000000744200000|  0%| F|  |TAMS 0x0000000744100000, 0x0000000744100000| Untracked 
|  58|0x0000000744200000, 0x0000000744200000, 0x0000000744300000|  0%| F|  |TAMS 0x0000000744200000, 0x0000000744200000| Untracked 
|  59|0x0000000744300000, 0x0000000744300000, 0x0000000744400000|  0%| F|  |TAMS 0x0000000744300000, 0x0000000744300000| Untracked 
|  60|0x0000000744400000, 0x0000000744400000, 0x0000000744500000|  0%| F|  |TAMS 0x0000000744400000, 0x0000000744400000| Untracked 
|  61|0x0000000744500000, 0x0000000744500000, 0x0000000744600000|  0%| F|  |TAMS 0x0000000744500000, 0x0000000744500000| Untracked 
|  62|0x0000000744600000, 0x0000000744600000, 0x0000000744700000|  0%| F|  |TAMS 0x0000000744600000, 0x0000000744600000| Untracked 
|  63|0x0000000744700000, 0x0000000744700000, 0x0000000744800000|  0%| F|  |TAMS 0x0000000744700000, 0x0000000744700000| Untracked 
|  64|0x0000000744800000, 0x0000000744800000, 0x0000000744900000|  0%| F|  |TAMS 0x0000000744800000, 0x0000000744800000| Untracked 
|  65|0x0000000744900000, 0x0000000744900000, 0x0000000744a00000|  0%| F|  |TAMS 0x0000000744900000, 0x0000000744900000| Untracked 
|  66|0x0000000744a00000, 0x0000000744a00000, 0x0000000744b00000|  0%| F|  |TAMS 0x0000000744a00000, 0x0000000744a00000| Untracked 
|  67|0x0000000744b00000, 0x0000000744b00000, 0x0000000744c00000|  0%| F|  |TAMS 0x0000000744b00000, 0x0000000744b00000| Untracked 
|  68|0x0000000744c00000, 0x0000000744c00000, 0x0000000744d00000|  0%| F|  |TAMS 0x0000000744c00000, 0x0000000744c00000| Untracked 
|  69|0x0000000744d00000, 0x0000000744d00000, 0x0000000744e00000|  0%| F|  |TAMS 0x0000000744d00000, 0x0000000744d00000| Untracked 
|  70|0x0000000744e00000, 0x0000000744e00000, 0x0000000744f00000|  0%| F|  |TAMS 0x0000000744e00000, 0x0000000744e00000| Untracked 
|  71|0x0000000744f00000, 0x0000000744f00000, 0x0000000745000000|  0%| F|  |TAMS 0x0000000744f00000, 0x0000000744f00000| Untracked 
|  72|0x0000000745000000, 0x0000000745000000, 0x0000000745100000|  0%| F|  |TAMS 0x0000000745000000, 0x0000000745000000| Untracked 
|  73|0x0000000745100000, 0x0000000745100000, 0x0000000745200000|  0%| F|  |TAMS 0x0000000745100000, 0x0000000745100000| Untracked 
|  74|0x0000000745200000, 0x0000000745200000, 0x0000000745300000|  0%| F|  |TAMS 0x0000000745200000, 0x0000000745200000| Untracked 
|  75|0x0000000745300000, 0x0000000745300000, 0x0000000745400000|  0%| F|  |TAMS 0x0000000745300000, 0x0000000745300000| Untracked 
|  76|0x0000000745400000, 0x0000000745400000, 0x0000000745500000|  0%| F|  |TAMS 0x0000000745400000, 0x0000000745400000| Untracked 
|  77|0x0000000745500000, 0x0000000745500000, 0x0000000745600000|  0%| F|  |TAMS 0x0000000745500000, 0x0000000745500000| Untracked 
|  78|0x0000000745600000, 0x0000000745600000, 0x0000000745700000|  0%| F|  |TAMS 0x0000000745600000, 0x0000000745600000| Untracked 
|  79|0x0000000745700000, 0x0000000745700000, 0x0000000745800000|  0%| F|  |TAMS 0x0000000745700000, 0x0000000745700000| Untracked 
|  80|0x0000000745800000, 0x0000000745800000, 0x0000000745900000|  0%| F|  |TAMS 0x0000000745800000, 0x0000000745800000| Untracked 
|  81|0x0000000745900000, 0x0000000745900000, 0x0000000745a00000|  0%| F|  |TAMS 0x0000000745900000, 0x0000000745900000| Untracked 
|  82|0x0000000745a00000, 0x0000000745a00000, 0x0000000745b00000|  0%| F|  |TAMS 0x0000000745a00000, 0x0000000745a00000| Untracked 
|  83|0x0000000745b00000, 0x0000000745b00000, 0x0000000745c00000|  0%| F|  |TAMS 0x0000000745b00000, 0x0000000745b00000| Untracked 
|  84|0x0000000745c00000, 0x0000000745c00000, 0x0000000745d00000|  0%| F|  |TAMS 0x0000000745c00000, 0x0000000745c00000| Untracked 
|  85|0x0000000745d00000, 0x0000000745d00000, 0x0000000745e00000|  0%| F|  |TAMS 0x0000000745d00000, 0x0000000745d00000| Untracked 
|  86|0x0000000745e00000, 0x0000000745e00000, 0x0000000745f00000|  0%| F|  |TAMS 0x0000000745e00000, 0x0000000745e00000| Untracked 
|  87|0x0000000745f00000, 0x0000000745f00000, 0x0000000746000000|  0%| F|  |TAMS 0x0000000745f00000, 0x0000000745f00000| Untracked 
|  88|0x0000000746000000, 0x0000000746000000, 0x0000000746100000|  0%| F|  |TAMS 0x0000000746000000, 0x0000000746000000| Untracked 
|  89|0x0000000746100000, 0x0000000746100000, 0x0000000746200000|  0%| F|  |TAMS 0x0000000746100000, 0x0000000746100000| Untracked 
|  90|0x0000000746200000, 0x0000000746200000, 0x0000000746300000|  0%| F|  |TAMS 0x0000000746200000, 0x0000000746200000| Untracked 
|  91|0x0000000746300000, 0x0000000746300000, 0x0000000746400000|  0%| F|  |TAMS 0x0000000746300000, 0x0000000746300000| Untracked 
|  92|0x0000000746400000, 0x0000000746400000, 0x0000000746500000|  0%| F|  |TAMS 0x0000000746400000, 0x0000000746400000| Untracked 
|  93|0x0000000746500000, 0x0000000746500000, 0x0000000746600000|  0%| F|  |TAMS 0x0000000746500000, 0x0000000746500000| Untracked 
|  94|0x0000000746600000, 0x0000000746600000, 0x0000000746700000|  0%| F|  |TAMS 0x0000000746600000, 0x0000000746600000| Untracked 
|  95|0x0000000746700000, 0x0000000746700000, 0x0000000746800000|  0%| F|  |TAMS 0x0000000746700000, 0x0000000746700000| Untracked 
|  96|0x0000000746800000, 0x0000000746800000, 0x0000000746900000|  0%| F|  |TAMS 0x0000000746800000, 0x0000000746800000| Untracked 
|  97|0x0000000746900000, 0x0000000746900000, 0x0000000746a00000|  0%| F|  |TAMS 0x0000000746900000, 0x0000000746900000| Untracked 
|  98|0x0000000746a00000, 0x0000000746a00000, 0x0000000746b00000|  0%| F|  |TAMS 0x0000000746a00000, 0x0000000746a00000| Untracked 
|  99|0x0000000746b00000, 0x0000000746b00000, 0x0000000746c00000|  0%| F|  |TAMS 0x0000000746b00000, 0x0000000746b00000| Untracked 
| 100|0x0000000746c00000, 0x0000000746c00000, 0x0000000746d00000|  0%| F|  |TAMS 0x0000000746c00000, 0x0000000746c00000| Untracked 
| 101|0x0000000746d00000, 0x0000000746d00000, 0x0000000746e00000|  0%| F|  |TAMS 0x0000000746d00000, 0x0000000746d00000| Untracked 
| 102|0x0000000746e00000, 0x0000000746e00000, 0x0000000746f00000|  0%| F|  |TAMS 0x0000000746e00000, 0x0000000746e00000| Untracked 
| 103|0x0000000746f00000, 0x0000000746f00000, 0x0000000747000000|  0%| F|  |TAMS 0x0000000746f00000, 0x0000000746f00000| Untracked 
| 104|0x0000000747000000, 0x0000000747000000, 0x0000000747100000|  0%| F|  |TAMS 0x0000000747000000, 0x0000000747000000| Untracked 
| 105|0x0000000747100000, 0x0000000747100000, 0x0000000747200000|  0%| F|  |TAMS 0x0000000747100000, 0x0000000747100000| Untracked 
| 106|0x0000000747200000, 0x0000000747200000, 0x0000000747300000|  0%| F|  |TAMS 0x0000000747200000, 0x0000000747200000| Untracked 
| 107|0x0000000747300000, 0x0000000747300000, 0x0000000747400000|  0%| F|  |TAMS 0x0000000747300000, 0x0000000747300000| Untracked 
| 108|0x0000000747400000, 0x0000000747400000, 0x0000000747500000|  0%| F|  |TAMS 0x0000000747400000, 0x0000000747400000| Untracked 
| 109|0x0000000747500000, 0x0000000747500000, 0x0000000747600000|  0%| F|  |TAMS 0x0000000747500000, 0x0000000747500000| Untracked 
| 110|0x0000000747600000, 0x0000000747600000, 0x0000000747700000|  0%| F|  |TAMS 0x0000000747600000, 0x0000000747600000| Untracked 
| 111|0x0000000747700000, 0x0000000747700000, 0x0000000747800000|  0%| F|  |TAMS 0x0000000747700000, 0x0000000747700000| Untracked 
| 112|0x0000000747800000, 0x0000000747800000, 0x0000000747900000|  0%| F|  |TAMS 0x0000000747800000, 0x0000000747800000| Untracked 
| 113|0x0000000747900000, 0x0000000747900000, 0x0000000747a00000|  0%| F|  |TAMS 0x0000000747900000, 0x0000000747900000| Untracked 
| 114|0x0000000747a00000, 0x0000000747a00000, 0x0000000747b00000|  0%| F|  |TAMS 0x0000000747a00000, 0x0000000747a00000| Untracked 
| 115|0x0000000747b00000, 0x0000000747b00000, 0x0000000747c00000|  0%| F|  |TAMS 0x0000000747b00000, 0x0000000747b00000| Untracked 
| 116|0x0000000747c00000, 0x0000000747c00000, 0x0000000747d00000|  0%| F|  |TAMS 0x0000000747c00000, 0x0000000747c00000| Untracked 
| 117|0x0000000747d00000, 0x0000000747d00000, 0x0000000747e00000|  0%| F|  |TAMS 0x0000000747d00000, 0x0000000747d00000| Untracked 
| 118|0x0000000747e00000, 0x0000000747e00000, 0x0000000747f00000|  0%| F|  |TAMS 0x0000000747e00000, 0x0000000747e00000| Untracked 
| 119|0x0000000747f00000, 0x0000000747f00000, 0x0000000748000000|  0%| F|  |TAMS 0x0000000747f00000, 0x0000000747f00000| Untracked 
| 120|0x0000000748000000, 0x0000000748000000, 0x0000000748100000|  0%| F|  |TAMS 0x0000000748000000, 0x0000000748000000| Untracked 
| 121|0x0000000748100000, 0x0000000748100000, 0x0000000748200000|  0%| F|  |TAMS 0x0000000748100000, 0x0000000748100000| Untracked 
| 122|0x0000000748200000, 0x0000000748200000, 0x0000000748300000|  0%| F|  |TAMS 0x0000000748200000, 0x0000000748200000| Untracked 
| 123|0x0000000748300000, 0x0000000748300000, 0x0000000748400000|  0%| F|  |TAMS 0x0000000748300000, 0x0000000748300000| Untracked 
| 124|0x0000000748400000, 0x0000000748400000, 0x0000000748500000|  0%| F|  |TAMS 0x0000000748400000, 0x0000000748400000| Untracked 
| 125|0x0000000748500000, 0x0000000748500000, 0x0000000748600000|  0%| F|  |TAMS 0x0000000748500000, 0x0000000748500000| Untracked 
| 126|0x0000000748600000, 0x0000000748600000, 0x0000000748700000|  0%| F|  |TAMS 0x0000000748600000, 0x0000000748600000| Untracked 
| 127|0x0000000748700000, 0x0000000748700000, 0x0000000748800000|  0%| F|  |TAMS 0x0000000748700000, 0x0000000748700000| Untracked 
| 128|0x0000000748800000, 0x0000000748800000, 0x0000000748900000|  0%| F|  |TAMS 0x0000000748800000, 0x0000000748800000| Untracked 
| 129|0x0000000748900000, 0x0000000748900000, 0x0000000748a00000|  0%| F|  |TAMS 0x0000000748900000, 0x0000000748900000| Untracked 
| 130|0x0000000748a00000, 0x0000000748a00000, 0x0000000748b00000|  0%| F|  |TAMS 0x0000000748a00000, 0x0000000748a00000| Untracked 
| 131|0x0000000748b00000, 0x0000000748b00000, 0x0000000748c00000|  0%| F|  |TAMS 0x0000000748b00000, 0x0000000748b00000| Untracked 
| 132|0x0000000748c00000, 0x0000000748c00000, 0x0000000748d00000|  0%| F|  |TAMS 0x0000000748c00000, 0x0000000748c00000| Untracked 
| 133|0x0000000748d00000, 0x0000000748d00000, 0x0000000748e00000|  0%| F|  |TAMS 0x0000000748d00000, 0x0000000748d00000| Untracked 
| 134|0x0000000748e00000, 0x0000000748e00000, 0x0000000748f00000|  0%| F|  |TAMS 0x0000000748e00000, 0x0000000748e00000| Untracked 
| 135|0x0000000748f00000, 0x0000000748f00000, 0x0000000749000000|  0%| F|  |TAMS 0x0000000748f00000, 0x0000000748f00000| Untracked 
| 136|0x0000000749000000, 0x0000000749000000, 0x0000000749100000|  0%| F|  |TAMS 0x0000000749000000, 0x0000000749000000| Untracked 
| 137|0x0000000749100000, 0x0000000749100000, 0x0000000749200000|  0%| F|  |TAMS 0x0000000749100000, 0x0000000749100000| Untracked 
| 138|0x0000000749200000, 0x0000000749200000, 0x0000000749300000|  0%| F|  |TAMS 0x0000000749200000, 0x0000000749200000| Untracked 
| 139|0x0000000749300000, 0x0000000749300000, 0x0000000749400000|  0%| F|  |TAMS 0x0000000749300000, 0x0000000749300000| Untracked 
| 140|0x0000000749400000, 0x0000000749400000, 0x0000000749500000|  0%| F|  |TAMS 0x0000000749400000, 0x0000000749400000| Untracked 
| 141|0x0000000749500000, 0x0000000749500000, 0x0000000749600000|  0%| F|  |TAMS 0x0000000749500000, 0x0000000749500000| Untracked 
| 142|0x0000000749600000, 0x0000000749600000, 0x0000000749700000|  0%| F|  |TAMS 0x0000000749600000, 0x0000000749600000| Untracked 
| 143|0x0000000749700000, 0x0000000749800000, 0x0000000749800000|100%| S|CS|TAMS 0x0000000749700000, 0x0000000749700000| Complete 
| 144|0x0000000749800000, 0x0000000749900000, 0x0000000749900000|100%| S|CS|TAMS 0x0000000749800000, 0x0000000749800000| Complete 
| 145|0x0000000749900000, 0x0000000749a00000, 0x0000000749a00000|100%| S|CS|TAMS 0x0000000749900000, 0x0000000749900000| Complete 
| 146|0x0000000749a00000, 0x0000000749b00000, 0x0000000749b00000|100%| S|CS|TAMS 0x0000000749a00000, 0x0000000749a00000| Complete 
| 147|0x0000000749b00000, 0x0000000749c00000, 0x0000000749c00000|100%| S|CS|TAMS 0x0000000749b00000, 0x0000000749b00000| Complete 
| 148|0x0000000749c00000, 0x0000000749d00000, 0x0000000749d00000|100%| S|CS|TAMS 0x0000000749c00000, 0x0000000749c00000| Complete 
| 149|0x0000000749d00000, 0x0000000749e00000, 0x0000000749e00000|100%| S|CS|TAMS 0x0000000749d00000, 0x0000000749d00000| Complete 
| 150|0x0000000749e00000, 0x0000000749f00000, 0x0000000749f00000|100%| S|CS|TAMS 0x0000000749e00000, 0x0000000749e00000| Complete 
| 151|0x0000000749f00000, 0x000000074a000000, 0x000000074a000000|100%| S|CS|TAMS 0x0000000749f00000, 0x0000000749f00000| Complete 
| 152|0x000000074a000000, 0x000000074a100000, 0x000000074a100000|100%| S|CS|TAMS 0x000000074a000000, 0x000000074a000000| Complete 
| 153|0x000000074a100000, 0x000000074a100000, 0x000000074a200000|  0%| F|  |TAMS 0x000000074a100000, 0x000000074a100000| Untracked 
| 154|0x000000074a200000, 0x000000074a200000, 0x000000074a300000|  0%| F|  |TAMS 0x000000074a200000, 0x000000074a200000| Untracked 
| 155|0x000000074a300000, 0x000000074a300000, 0x000000074a400000|  0%| F|  |TAMS 0x000000074a300000, 0x000000074a300000| Untracked 
| 156|0x000000074a400000, 0x000000074a400000, 0x000000074a500000|  0%| F|  |TAMS 0x000000074a400000, 0x000000074a400000| Untracked 
| 157|0x000000074a500000, 0x000000074a500000, 0x000000074a600000|  0%| F|  |TAMS 0x000000074a500000, 0x000000074a500000| Untracked 
| 158|0x000000074a600000, 0x000000074a600000, 0x000000074a700000|  0%| F|  |TAMS 0x000000074a600000, 0x000000074a600000| Untracked 
| 159|0x000000074a700000, 0x000000074a700000, 0x000000074a800000|  0%| F|  |TAMS 0x000000074a700000, 0x000000074a700000| Untracked 
| 160|0x000000074a800000, 0x000000074a800000, 0x000000074a900000|  0%| F|  |TAMS 0x000000074a800000, 0x000000074a800000| Untracked 
| 161|0x000000074a900000, 0x000000074a900000, 0x000000074aa00000|  0%| F|  |TAMS 0x000000074a900000, 0x000000074a900000| Untracked 
| 162|0x000000074aa00000, 0x000000074aa00000, 0x000000074ab00000|  0%| F|  |TAMS 0x000000074aa00000, 0x000000074aa00000| Untracked 
| 163|0x000000074ab00000, 0x000000074ab00000, 0x000000074ac00000|  0%| F|  |TAMS 0x000000074ab00000, 0x000000074ab00000| Untracked 
| 164|0x000000074ac00000, 0x000000074ac00000, 0x000000074ad00000|  0%| F|  |TAMS 0x000000074ac00000, 0x000000074ac00000| Untracked 
| 165|0x000000074ad00000, 0x000000074ad00000, 0x000000074ae00000|  0%| F|  |TAMS 0x000000074ad00000, 0x000000074ad00000| Untracked 
| 166|0x000000074ae00000, 0x000000074ae00000, 0x000000074af00000|  0%| F|  |TAMS 0x000000074ae00000, 0x000000074ae00000| Untracked 
| 167|0x000000074af00000, 0x000000074af00000, 0x000000074b000000|  0%| F|  |TAMS 0x000000074af00000, 0x000000074af00000| Untracked 
| 168|0x000000074b000000, 0x000000074b000000, 0x000000074b100000|  0%| F|  |TAMS 0x000000074b000000, 0x000000074b000000| Untracked 
| 169|0x000000074b100000, 0x000000074b100000, 0x000000074b200000|  0%| F|  |TAMS 0x000000074b100000, 0x000000074b100000| Untracked 
| 170|0x000000074b200000, 0x000000074b200000, 0x000000074b300000|  0%| F|  |TAMS 0x000000074b200000, 0x000000074b200000| Untracked 
| 171|0x000000074b300000, 0x000000074b300000, 0x000000074b400000|  0%| F|  |TAMS 0x000000074b300000, 0x000000074b300000| Untracked 
| 172|0x000000074b400000, 0x000000074b400000, 0x000000074b500000|  0%| F|  |TAMS 0x000000074b400000, 0x000000074b400000| Untracked 
| 173|0x000000074b500000, 0x000000074b500000, 0x000000074b600000|  0%| F|  |TAMS 0x000000074b500000, 0x000000074b500000| Untracked 
| 174|0x000000074b600000, 0x000000074b600000, 0x000000074b700000|  0%| F|  |TAMS 0x000000074b600000, 0x000000074b600000| Untracked 
| 175|0x000000074b700000, 0x000000074b700000, 0x000000074b800000|  0%| F|  |TAMS 0x000000074b700000, 0x000000074b700000| Untracked 
| 176|0x000000074b800000, 0x000000074b800000, 0x000000074b900000|  0%| F|  |TAMS 0x000000074b800000, 0x000000074b800000| Untracked 
| 177|0x000000074b900000, 0x000000074b900000, 0x000000074ba00000|  0%| F|  |TAMS 0x000000074b900000, 0x000000074b900000| Untracked 
| 178|0x000000074ba00000, 0x000000074ba00000, 0x000000074bb00000|  0%| F|  |TAMS 0x000000074ba00000, 0x000000074ba00000| Untracked 
| 179|0x000000074bb00000, 0x000000074bb00000, 0x000000074bc00000|  0%| F|  |TAMS 0x000000074bb00000, 0x000000074bb00000| Untracked 
| 180|0x000000074bc00000, 0x000000074bc00000, 0x000000074bd00000|  0%| F|  |TAMS 0x000000074bc00000, 0x000000074bc00000| Untracked 
| 181|0x000000074bd00000, 0x000000074bd00000, 0x000000074be00000|  0%| F|  |TAMS 0x000000074bd00000, 0x000000074bd00000| Untracked 
| 182|0x000000074be00000, 0x000000074be00000, 0x000000074bf00000|  0%| F|  |TAMS 0x000000074be00000, 0x000000074be00000| Untracked 
| 183|0x000000074bf00000, 0x000000074bf00000, 0x000000074c000000|  0%| F|  |TAMS 0x000000074bf00000, 0x000000074bf00000| Untracked 
| 184|0x000000074c000000, 0x000000074c000000, 0x000000074c100000|  0%| F|  |TAMS 0x000000074c000000, 0x000000074c000000| Untracked 
| 185|0x000000074c100000, 0x000000074c100000, 0x000000074c200000|  0%| F|  |TAMS 0x000000074c100000, 0x000000074c100000| Untracked 
| 186|0x000000074c200000, 0x000000074c200000, 0x000000074c300000|  0%| F|  |TAMS 0x000000074c200000, 0x000000074c200000| Untracked 
| 187|0x000000074c300000, 0x000000074c300000, 0x000000074c400000|  0%| F|  |TAMS 0x000000074c300000, 0x000000074c300000| Untracked 
| 188|0x000000074c400000, 0x000000074c400000, 0x000000074c500000|  0%| F|  |TAMS 0x000000074c400000, 0x000000074c400000| Untracked 
| 189|0x000000074c500000, 0x000000074c500000, 0x000000074c600000|  0%| F|  |TAMS 0x000000074c500000, 0x000000074c500000| Untracked 
| 190|0x000000074c600000, 0x000000074c600000, 0x000000074c700000|  0%| F|  |TAMS 0x000000074c600000, 0x000000074c600000| Untracked 
| 191|0x000000074c700000, 0x000000074c700000, 0x000000074c800000|  0%| F|  |TAMS 0x000000074c700000, 0x000000074c700000| Untracked 
| 192|0x000000074c800000, 0x000000074c800000, 0x000000074c900000|  0%| F|  |TAMS 0x000000074c800000, 0x000000074c800000| Untracked 
| 193|0x000000074c900000, 0x000000074c900000, 0x000000074ca00000|  0%| F|  |TAMS 0x000000074c900000, 0x000000074c900000| Untracked 
| 194|0x000000074ca00000, 0x000000074ca00000, 0x000000074cb00000|  0%| F|  |TAMS 0x000000074ca00000, 0x000000074ca00000| Untracked 
| 195|0x000000074cb00000, 0x000000074cb00000, 0x000000074cc00000|  0%| F|  |TAMS 0x000000074cb00000, 0x000000074cb00000| Untracked 
| 196|0x000000074cc00000, 0x000000074cc00000, 0x000000074cd00000|  0%| F|  |TAMS 0x000000074cc00000, 0x000000074cc00000| Untracked 
| 197|0x000000074cd00000, 0x000000074cd00000, 0x000000074ce00000|  0%| F|  |TAMS 0x000000074cd00000, 0x000000074cd00000| Untracked 
| 198|0x000000074ce00000, 0x000000074ce00000, 0x000000074cf00000|  0%| F|  |TAMS 0x000000074ce00000, 0x000000074ce00000| Untracked 
| 199|0x000000074cf00000, 0x000000074cf00000, 0x000000074d000000|  0%| F|  |TAMS 0x000000074cf00000, 0x000000074cf00000| Untracked 
| 200|0x000000074d000000, 0x000000074d000000, 0x000000074d100000|  0%| F|  |TAMS 0x000000074d000000, 0x000000074d000000| Untracked 
| 201|0x000000074d100000, 0x000000074d100000, 0x000000074d200000|  0%| F|  |TAMS 0x000000074d100000, 0x000000074d100000| Untracked 
| 202|0x000000074d200000, 0x000000074d200000, 0x000000074d300000|  0%| F|  |TAMS 0x000000074d200000, 0x000000074d200000| Untracked 
| 203|0x000000074d300000, 0x000000074d300000, 0x000000074d400000|  0%| F|  |TAMS 0x000000074d300000, 0x000000074d300000| Untracked 
| 204|0x000000074d400000, 0x000000074d400000, 0x000000074d500000|  0%| F|  |TAMS 0x000000074d400000, 0x000000074d400000| Untracked 
| 205|0x000000074d500000, 0x000000074d500000, 0x000000074d600000|  0%| F|  |TAMS 0x000000074d500000, 0x000000074d500000| Untracked 
| 206|0x000000074d600000, 0x000000074d600000, 0x000000074d700000|  0%| F|  |TAMS 0x000000074d600000, 0x000000074d600000| Untracked 
| 207|0x000000074d700000, 0x000000074d700000, 0x000000074d800000|  0%| F|  |TAMS 0x000000074d700000, 0x000000074d700000| Untracked 
| 208|0x000000074d800000, 0x000000074d800000, 0x000000074d900000|  0%| F|  |TAMS 0x000000074d800000, 0x000000074d800000| Untracked 
| 209|0x000000074d900000, 0x000000074d900000, 0x000000074da00000|  0%| F|  |TAMS 0x000000074d900000, 0x000000074d900000| Untracked 
| 210|0x000000074da00000, 0x000000074da00000, 0x000000074db00000|  0%| F|  |TAMS 0x000000074da00000, 0x000000074da00000| Untracked 
| 211|0x000000074db00000, 0x000000074db00000, 0x000000074dc00000|  0%| F|  |TAMS 0x000000074db00000, 0x000000074db00000| Untracked 
| 212|0x000000074dc00000, 0x000000074dc00000, 0x000000074dd00000|  0%| F|  |TAMS 0x000000074dc00000, 0x000000074dc00000| Untracked 
| 213|0x000000074dd00000, 0x000000074dd00000, 0x000000074de00000|  0%| F|  |TAMS 0x000000074dd00000, 0x000000074dd00000| Untracked 
| 214|0x000000074de00000, 0x000000074de00000, 0x000000074df00000|  0%| F|  |TAMS 0x000000074de00000, 0x000000074de00000| Untracked 
| 215|0x000000074df00000, 0x000000074df00000, 0x000000074e000000|  0%| F|  |TAMS 0x000000074df00000, 0x000000074df00000| Untracked 
| 216|0x000000074e000000, 0x000000074e000000, 0x000000074e100000|  0%| F|  |TAMS 0x000000074e000000, 0x000000074e000000| Untracked 
| 217|0x000000074e100000, 0x000000074e100000, 0x000000074e200000|  0%| F|  |TAMS 0x000000074e100000, 0x000000074e100000| Untracked 
| 218|0x000000074e200000, 0x000000074e200000, 0x000000074e300000|  0%| F|  |TAMS 0x000000074e200000, 0x000000074e200000| Untracked 
| 219|0x000000074e300000, 0x000000074e300000, 0x000000074e400000|  0%| F|  |TAMS 0x000000074e300000, 0x000000074e300000| Untracked 
| 220|0x000000074e400000, 0x000000074e400000, 0x000000074e500000|  0%| F|  |TAMS 0x000000074e400000, 0x000000074e400000| Untracked 
| 221|0x000000074e500000, 0x000000074e500000, 0x000000074e600000|  0%| F|  |TAMS 0x000000074e500000, 0x000000074e500000| Untracked 
| 222|0x000000074e600000, 0x000000074e600000, 0x000000074e700000|  0%| F|  |TAMS 0x000000074e600000, 0x000000074e600000| Untracked 
| 223|0x000000074e700000, 0x000000074e700000, 0x000000074e800000|  0%| F|  |TAMS 0x000000074e700000, 0x000000074e700000| Untracked 
| 224|0x000000074e800000, 0x000000074e800000, 0x000000074e900000|  0%| F|  |TAMS 0x000000074e800000, 0x000000074e800000| Untracked 
| 225|0x000000074e900000, 0x000000074ea00000, 0x000000074ea00000|100%| E|  |TAMS 0x000000074e900000, 0x000000074e900000| Complete 
| 226|0x000000074ea00000, 0x000000074eb00000, 0x000000074eb00000|100%| E|CS|TAMS 0x000000074ea00000, 0x000000074ea00000| Complete 
| 227|0x000000074eb00000, 0x000000074ec00000, 0x000000074ec00000|100%| E|CS|TAMS 0x000000074eb00000, 0x000000074eb00000| Complete 
| 228|0x000000074ec00000, 0x000000074ed00000, 0x000000074ed00000|100%| E|CS|TAMS 0x000000074ec00000, 0x000000074ec00000| Complete 
| 229|0x000000074ed00000, 0x000000074ee00000, 0x000000074ee00000|100%| E|CS|TAMS 0x000000074ed00000, 0x000000074ed00000| Complete 
| 230|0x000000074ee00000, 0x000000074ef00000, 0x000000074ef00000|100%| E|CS|TAMS 0x000000074ee00000, 0x000000074ee00000| Complete 

Card table byte_map: [0x000001a1a5bc0000,0x000001a1a61c0000] _byte_map_base: 0x000001a1a21bc000

Marking Bits (Prev, Next): (CMBitMap*) 0x000001a192ae56f8, (CMBitMap*) 0x000001a192ae5730
 Prev Bits: [0x000001a1a67c0000, 0x000001a1a97a0000)
 Next Bits: [0x000001a1a97a0000, 0x000001a1ac780000)

Polling page: 0x000001a190aa0000

Metaspace:

Usage:
  Non-class:     58.93 MB capacity,    58.40 MB (>99%) used,   420.94 KB ( <1%) free+waste,   116.69 KB ( <1%) overhead. 
      Class:      7.63 MB capacity,     7.28 MB ( 95%) used,   310.05 KB (  4%) free+waste,    50.69 KB ( <1%) overhead. 
       Both:     66.56 MB capacity,    65.68 MB ( 99%) used,   730.98 KB (  1%) free+waste,   167.38 KB ( <1%) overhead. 

Virtual space:
  Non-class space:       60.00 MB reserved,      59.00 MB ( 98%) committed 
      Class space:        1.00 GB reserved,       7.66 MB ( <1%) committed 
             Both:        1.06 GB reserved,      66.66 MB (  6%) committed 

Chunk freelists:
   Non-Class:  10.00 KB
       Class:  27.00 KB
        Both:  37.00 KB

MaxMetaspaceSize: 17179869184.00 GB
CompressedClassSpaceSize: 1.00 GB
Initial GC threshold: 20.80 MB
Current GC threshold: 111.10 MB
CDS: off

CodeHeap 'non-profiled nmethods': size=120064Kb used=4594Kb max_used=4594Kb free=115469Kb
 bounds [0x000001a19e080000, 0x000001a19e500000, 0x000001a1a55c0000]
CodeHeap 'profiled nmethods': size=120000Kb used=27809Kb max_used=27809Kb free=92190Kb
 bounds [0x000001a196b50000, 0x000001a198680000, 0x000001a19e080000]
CodeHeap 'non-nmethods': size=5696Kb used=1310Kb max_used=1366Kb free=4385Kb
 bounds [0x000001a1965c0000, 0x000001a196830000, 0x000001a196b50000]
 total_blobs=10050 nmethods=9455 adapters=504
 compilation: enabled
              stopped_count=0, restarted_count=0
 full_count=0

Compilation events (20 events):
Event: 9.350 Thread 0x000001a1af535800 9474       3       org.jetbrains.kotlin.resolve.calls.tower.PSICallResolver::toKotlinCallKind (76 bytes)
Event: 9.350 Thread 0x000001a1af535800 nmethod 9474 0x000001a19864a510 code [0x000001a19864a720, 0x000001a19864afe8]
Event: 9.353 Thread 0x000001a1af535800 9475       3       org.jetbrains.kotlin.resolve.calls.components.ClassicTypeSystemContextForCS::isStarProjection (6 bytes)
Event: 9.353 Thread 0x000001a1af535800 nmethod 9475 0x000001a19864b110 code [0x000001a19864b2c0, 0x000001a19864b3e8]
Event: 9.353 Thread 0x000001a1af535800 9476       3       org.jetbrains.kotlin.resolve.calls.inference.components.NewTypeSubstitutor::substituteArgumentProjection (8 bytes)
Event: 9.354 Thread 0x000001a1af535800 nmethod 9476 0x000001a19864b490 code [0x000001a19864b6c0, 0x000001a19864bc58]
Event: 9.357 Thread 0x000001a1af535800 9477       3       org.jetbrains.kotlin.resolve.scopes.SubstitutingScope::substitute (83 bytes)
Event: 9.358 Thread 0x000001a1af535800 nmethod 9477 0x000001a19864be90 code [0x000001a19864c180, 0x000001a19864d1e8]
Event: 9.358 Thread 0x000001a1af535800 9479       3       org.jetbrains.kotlin.utils.SmartSet$ArrayIterator::hasNext (10 bytes)
Event: 9.358 Thread 0x000001a1af535800 nmethod 9479 0x000001a19864d710 code [0x000001a19864d8c0, 0x000001a19864da88]
Event: 9.358 Thread 0x000001a1af535800 9480       3       org.jetbrains.kotlin.descriptors.impl.FieldDescriptorImpl::<init> (23 bytes)
Event: 9.358 Thread 0x000001a1af535800 nmethod 9480 0x000001a19864db90 code [0x000001a19864de60, 0x000001a19864eac8]
Event: 9.359 Thread 0x000001a1af535800 9481       3       org.jetbrains.kotlin.com.intellij.psi.impl.source.tree.CompositeElement::getText (17 bytes)
Event: 9.359 Thread 0x000001a1af535800 nmethod 9481 0x000001a19864ef10 code [0x000001a19864f0e0, 0x000001a19864f348]
Event: 9.359 Thread 0x000001a1af535800 9482   !   3       org.jetbrains.kotlin.com.intellij.psi.impl.source.tree.CompositeElement::textToCharArray (227 bytes)
Event: 9.361 Thread 0x000001a1af535800 nmethod 9482 0x000001a19864f410 code [0x000001a19864fa20, 0x000001a1986527f8]
Event: 9.361 Thread 0x000001a1af535800 9483       3       org.jetbrains.kotlin.resolve.calls.results.OverloadingConflictResolver::access$getResultingDescriptor (6 bytes)
Event: 9.362 Thread 0x000001a1af535800 nmethod 9483 0x000001a198653890 code [0x000001a198653a60, 0x000001a198653d88]
Event: 9.362 Thread 0x000001a1af535800 9484       1       org.jetbrains.kotlin.resolve.calls.tower.NewAbstractResolvedCall::isCompleted (5 bytes)
Event: 9.362 Thread 0x000001a1af535800 nmethod 9484 0x000001a19e4f7690 code [0x000001a19e4f7840, 0x000001a19e4f78f8]

GC Heap History (18 events):
Event: 0.435 GC heap before
{Heap before GC invocations=0 (full 0):
 garbage-first heap   total 196608K, used 18432K [0x0000000740800000, 0x0000000800000000)
  region size 1024K, 14 young (14336K), 0 survivors (0K)
 Metaspace       used 9487K, capacity 9615K, committed 9856K, reserved 1058816K
  class space    used 784K, capacity 820K, committed 896K, reserved 1048576K
}
Event: 0.437 GC heap after
{Heap after GC invocations=1 (full 0):
 garbage-first heap   total 196608K, used 6273K [0x0000000740800000, 0x0000000800000000)
  region size 1024K, 2 young (2048K), 2 survivors (2048K)
 Metaspace       used 9487K, capacity 9615K, committed 9856K, reserved 1058816K
  class space    used 784K, capacity 820K, committed 896K, reserved 1048576K
}
Event: 1.342 GC heap before
{Heap before GC invocations=1 (full 0):
 garbage-first heap   total 196608K, used 54401K [0x0000000740800000, 0x0000000800000000)
  region size 1024K, 50 young (51200K), 2 survivors (2048K)
 Metaspace       used 20891K, capacity 21102K, committed 21248K, reserved 1069056K
  class space    used 2212K, capacity 2273K, committed 2304K, reserved 1048576K
}
Event: 1.353 GC heap after
{Heap after GC invocations=2 (full 0):
 garbage-first heap   total 196608K, used 10420K [0x0000000740800000, 0x0000000800000000)
  region size 1024K, 7 young (7168K), 7 survivors (7168K)
 Metaspace       used 20891K, capacity 21102K, committed 21248K, reserved 1069056K
  class space    used 2212K, capacity 2273K, committed 2304K, reserved 1048576K
}
Event: 2.306 GC heap before
{Heap before GC invocations=3 (full 0):
 garbage-first heap   total 196608K, used 67764K [0x0000000740800000, 0x0000000800000000)
  region size 1024K, 57 young (58368K), 7 survivors (7168K)
 Metaspace       used 32910K, capacity 33460K, committed 33536K, reserved 1079296K
  class space    used 4077K, capacity 4281K, committed 4352K, reserved 1048576K
}
Event: 2.317 GC heap after
{Heap after GC invocations=4 (full 0):
 garbage-first heap   total 196608K, used 22636K [0x0000000740800000, 0x0000000800000000)
  region size 1024K, 8 young (8192K), 8 survivors (8192K)
 Metaspace       used 32910K, capacity 33460K, committed 33536K, reserved 1079296K
  class space    used 4077K, capacity 4281K, committed 4352K, reserved 1048576K
}
Event: 2.468 GC heap before
{Heap before GC invocations=4 (full 0):
 garbage-first heap   total 196608K, used 30828K [0x0000000740800000, 0x0000000800000000)
  region size 1024K, 17 young (17408K), 8 survivors (8192K)
 Metaspace       used 34985K, capacity 35476K, committed 35584K, reserved 1081344K
  class space    used 4288K, capacity 4505K, committed 4608K, reserved 1048576K
}
Event: 2.480 GC heap after
{Heap after GC invocations=5 (full 0):
 garbage-first heap   total 196608K, used 24791K [0x0000000740800000, 0x0000000800000000)
  region size 1024K, 7 young (7168K), 7 survivors (7168K)
 Metaspace       used 34985K, capacity 35476K, committed 35584K, reserved 1081344K
  class space    used 4288K, capacity 4505K, committed 4608K, reserved 1048576K
}
Event: 2.938 GC heap before
{Heap before GC invocations=6 (full 0):
 garbage-first heap   total 196608K, used 52439K [0x0000000740800000, 0x0000000800000000)
  region size 1024K, 34 young (34816K), 7 survivors (7168K)
 Metaspace       used 39895K, capacity 40413K, committed 40704K, reserved 1085440K
  class space    used 4761K, capacity 4996K, committed 5120K, reserved 1048576K
}
Event: 2.945 GC heap after
{Heap after GC invocations=7 (full 0):
 garbage-first heap   total 196608K, used 25471K [0x0000000740800000, 0x0000000800000000)
  region size 1024K, 5 young (5120K), 5 survivors (5120K)
 Metaspace       used 39895K, capacity 40413K, committed 40704K, reserved 1085440K
  class space    used 4761K, capacity 4996K, committed 5120K, reserved 1048576K
}
Event: 4.077 GC heap before
{Heap before GC invocations=7 (full 0):
 garbage-first heap   total 196608K, used 93055K [0x0000000740800000, 0x0000000800000000)
  region size 1024K, 68 young (69632K), 5 survivors (5120K)
 Metaspace       used 49473K, capacity 50033K, committed 50304K, reserved 1093632K
  class space    used 5735K, capacity 5960K, committed 6016K, reserved 1048576K
}
Event: 4.089 GC heap after
{Heap after GC invocations=8 (full 0):
 garbage-first heap   total 236544K, used 34440K [0x0000000740800000, 0x0000000800000000)
  region size 1024K, 9 young (9216K), 9 survivors (9216K)
 Metaspace       used 49473K, capacity 50033K, committed 50304K, reserved 1093632K
  class space    used 5735K, capacity 5960K, committed 6016K, reserved 1048576K
}
Event: 5.921 GC heap before
{Heap before GC invocations=8 (full 0):
 garbage-first heap   total 236544K, used 125576K [0x0000000740800000, 0x0000000800000000)
  region size 1024K, 98 young (100352K), 9 survivors (9216K)
 Metaspace       used 57743K, capacity 58383K, committed 58496K, reserved 1101824K
  class space    used 6495K, capacity 6767K, committed 6784K, reserved 1048576K
}
Event: 5.939 GC heap after
{Heap after GC invocations=9 (full 0):
 garbage-first heap   total 236544K, used 47080K [0x0000000740800000, 0x0000000800000000)
  region size 1024K, 13 young (13312K), 13 survivors (13312K)
 Metaspace       used 57743K, capacity 58383K, committed 58496K, reserved 1101824K
  class space    used 6495K, capacity 6767K, committed 6784K, reserved 1048576K
}
Event: 6.224 GC heap before
{Heap before GC invocations=9 (full 0):
 garbage-first heap   total 236544K, used 74728K [0x0000000740800000, 0x0000000800000000)
  region size 1024K, 41 young (41984K), 13 survivors (13312K)
 Metaspace       used 59061K, capacity 59682K, committed 59736K, reserved 1101824K
  class space    used 6667K, capacity 6946K, committed 7000K, reserved 1048576K
}
Event: 6.258 GC heap after
{Heap after GC invocations=10 (full 0):
 garbage-first heap   total 236544K, used 49493K [0x0000000740800000, 0x0000000800000000)
  region size 1024K, 2 young (2048K), 2 survivors (2048K)
 Metaspace       used 59061K, capacity 59682K, committed 59736K, reserved 1101824K
  class space    used 6667K, capacity 6946K, committed 7000K, reserved 1048576K
}
Event: 9.135 GC heap before
{Heap before GC invocations=11 (full 0):
 garbage-first heap   total 236544K, used 128341K [0x0000000740800000, 0x0000000800000000)
  region size 1024K, 78 young (79872K), 2 survivors (2048K)
 Metaspace       used 67114K, capacity 68027K, committed 68260K, reserved 1110016K
  class space    used 7447K, capacity 7813K, committed 7844K, reserved 1048576K
}
Event: 9.147 GC heap after
{Heap after GC invocations=12 (full 0):
 garbage-first heap   total 236544K, used 59904K [0x0000000740800000, 0x0000000800000000)
  region size 1024K, 10 young (10240K), 10 survivors (10240K)
 Metaspace       used 67114K, capacity 68027K, committed 68260K, reserved 1110016K
  class space    used 7447K, capacity 7813K, committed 7844K, reserved 1048576K
}

Deoptimization events (20 events):
Event: 9.324 Thread 0x000001a192a92800 Uncommon trap: trap_request=0xffffffc6 fr.pc=0x000001a19e4c2d0c relative=0x0000000000005c2c
Event: 9.324 Thread 0x000001a192a92800 Uncommon trap: reason=bimorphic_or_optimized_type_check action=maybe_recompile pc=0x000001a19e4c2d0c method=org.jetbrains.org.objectweb.asm.ClassReader.readMethod(Lorg/jetbrains/org/objectweb/asm/ClassVisitor;Lorg/jetbrains/org/objectweb/asm/Context;I)I @
Event: 9.324 Thread 0x000001a192a92800 DEOPT PACKING pc=0x000001a19e4c2d0c sp=0x00000092a13f5490
Event: 9.324 Thread 0x000001a192a92800 DEOPT UNPACKING pc=0x000001a19660a1af sp=0x00000092a13f5440 mode 2
Event: 9.327 Thread 0x000001a192a92800 Uncommon trap: trap_request=0xffffffde fr.pc=0x000001a19e2dd910 relative=0x00000000000001b0
Event: 9.327 Thread 0x000001a192a92800 Uncommon trap: reason=class_check action=maybe_recompile pc=0x000001a19e2dd910 method=kotlin.collections.CollectionsKt__MutableCollectionsKt.addAll(Ljava/util/Collection;Ljava/lang/Iterable;)Z @ 49 c2
Event: 9.327 Thread 0x000001a192a92800 DEOPT PACKING pc=0x000001a19e2dd910 sp=0x00000092a13f6640
Event: 9.327 Thread 0x000001a192a92800 DEOPT UNPACKING pc=0x000001a19660a1af sp=0x00000092a13f65d8 mode 2
Event: 9.329 Thread 0x000001a192a92800 Uncommon trap: trap_request=0xffffffde fr.pc=0x000001a19e45da1c relative=0x00000000000000dc
Event: 9.329 Thread 0x000001a192a92800 Uncommon trap: reason=class_check action=maybe_recompile pc=0x000001a19e45da1c method=org.jetbrains.kotlin.descriptors.impl.ValueParameterDescriptorImpl.declaresDefaultValue()Z @ 17 c2
Event: 9.329 Thread 0x000001a192a92800 DEOPT PACKING pc=0x000001a19e45da1c sp=0x00000092a13f7a00
Event: 9.329 Thread 0x000001a192a92800 DEOPT UNPACKING pc=0x000001a19660a1af sp=0x00000092a13f7990 mode 2
Event: 9.331 Thread 0x000001a192a92800 Uncommon trap: trap_request=0xffffff4d fr.pc=0x000001a19e3fb1a8 relative=0x0000000000000cc8
Event: 9.331 Thread 0x000001a192a92800 Uncommon trap: reason=unstable_if action=reinterpret pc=0x000001a19e3fb1a8 method=kotlin.collections.ArraysKt___ArraysKt.indexOf([Ljava/lang/Object;Ljava/lang/Object;)I @ 51 c2
Event: 9.331 Thread 0x000001a192a92800 DEOPT PACKING pc=0x000001a19e3fb1a8 sp=0x00000092a13f6a60
Event: 9.331 Thread 0x000001a192a92800 DEOPT UNPACKING pc=0x000001a19660a1af sp=0x00000092a13f6948 mode 2
Event: 9.332 Thread 0x000001a192a92800 Uncommon trap: trap_request=0xffffffde fr.pc=0x000001a19e45da1c relative=0x00000000000000dc
Event: 9.332 Thread 0x000001a192a92800 Uncommon trap: reason=class_check action=maybe_recompile pc=0x000001a19e45da1c method=org.jetbrains.kotlin.descriptors.impl.ValueParameterDescriptorImpl.declaresDefaultValue()Z @ 17 c2
Event: 9.332 Thread 0x000001a192a92800 DEOPT PACKING pc=0x000001a19e45da1c sp=0x00000092a13f7a80
Event: 9.332 Thread 0x000001a192a92800 DEOPT UNPACKING pc=0x000001a19660a1af sp=0x00000092a13f7a08 mode 2

Classes redefined (0 events):
No events

Internal exceptions (20 events):
Event: 5.072 Thread 0x000001a192a92800 Exception <a 'java/lang/NoSuchMethodError'{0x000000074bf48a58}: 'java.lang.Object java.lang.invoke.DirectMethodHandle$Holder.invokeStaticInit(java.lang.Object, java.lang.Object, java.lang.Object)'> (0x000000074bf48a58) thrown at [src/hotspot/share/interpreter/linkResolver.cpp, line 773]
Event: 5.860 Thread 0x000001a192a92800 Exception <a 'java/lang/NoSuchMethodError'{0x00000007498a4900}: 'int java.lang.invoke.DirectMethodHandle$Holder.invokeInterface(java.lang.Object, java.lang.Object)'> (0x00000007498a4900) thrown at [src/hotspot/share/interpreter/linkResolver.cpp, line 773]
Event: 6.046 Thread 0x000001a192a92800 Exception <a 'java/lang/NoSuchMethodError'{0x000000074d7409b0}: 'java.lang.Object java.lang.invoke.Invokers$Holder.linkToTargetMethod(java.lang.Object, java.lang.Object, java.lang.Object, int, int, java.lang.Object)'> (0x000000074d7409b0) thrown at [src/hotspot/share/interpreter/linkResolver.cpp, line 773]
Event: 6.060 Thread 0x000001a192a92800 Implicit null exception at 0x000001a19e2c3633 to 0x000001a19e2c3a10
Event: 6.067 Thread 0x000001a192a92800 Implicit null exception at 0x000001a19e12c7f5 to 0x000001a19e12c9e0
Event: 6.068 Thread 0x000001a192a92800 Implicit null exception at 0x000001a19e18e0af to 0x000001a19e18e129
Event: 6.074 Thread 0x000001a192a92800 Implicit null exception at 0x000001a19e1c154c to 0x000001a19e1c1634
Event: 6.085 Thread 0x000001a192a92800 Exception <a 'java/lang/NoSuchMethodError'{0x000000074d6833d8}: 'int java.lang.invoke.DirectMethodHandle$Holder.invokeStaticInit(java.lang.Object, int)'> (0x000000074d6833d8) thrown at [src/hotspot/share/interpreter/linkResolver.cpp, line 773]
Event: 6.277 Thread 0x000001a192a92800 Exception <a 'java/lang/NoSuchMethodError'{0x000000074ee6d428}: 'java.lang.Object java.lang.invoke.DirectMethodHandle$Holder.invokeInterface(java.lang.Object, java.lang.Object, java.lang.Object)'> (0x000000074ee6d428) thrown at [src/hotspot/share/interpreter/linkResolver.cpp, line 773]
Event: 6.277 Thread 0x000001a192a92800 Exception <a 'java/lang/IncompatibleClassChangeError'{0x000000074ee70900}: Found class java.lang.Object, but interface was expected> (0x000000074ee70900) thrown at [src/hotspot/share/interpreter/linkResolver.cpp, line 839]
Event: 6.371 Thread 0x000001a192a92800 Exception <a 'java/lang/NoSuchMethodError'{0x000000074eb98018}: 'java.lang.Object java.lang.invoke.DirectMethodHandle$Holder.invokeStatic(java.lang.Object, int, java.lang.Object, java.lang.Object)'> (0x000000074eb98018) thrown at [src/hotspot/share/interpreter/linkResolver.cpp, line 773]
Event: 6.371 Thread 0x000001a192a92800 Exception <a 'java/lang/NoSuchMethodError'{0x000000074eb9fe30}: 'java.lang.Object java.lang.invoke.DirectMethodHandle$Holder.invokeStatic(java.lang.Object, int, java.lang.Object)'> (0x000000074eb9fe30) thrown at [src/hotspot/share/interpreter/linkResolver.cpp, line 773]
Event: 6.385 Thread 0x000001a192a92800 Exception <a 'java/lang/NoSuchMethodError'{0x000000074ebf9f98}: 'java.lang.Object java.lang.invoke.Invokers$Holder.linkToTargetMethod(java.lang.Object, java.lang.Object, java.lang.Object, java.lang.Object, java.lang.Object, java.lang.Object, java.lang.Object)'> (0x000000074ebf9f98) thrown at [src/hotspot/share/interpreter/linkResolver.cpp, line 773]
Event: 6.661 Thread 0x000001a192a92800 Exception <a 'java/lang/NoSuchMethodError'{0x000000074e5ddc38}: 'int java.lang.invoke.DirectMethodHandle$Holder.invokeVirtual(java.lang.Object, java.lang.Object, java.lang.Object)'> (0x000000074e5ddc38) thrown at [src/hotspot/share/interpreter/linkResolver.cpp, line 773]
Event: 6.742 Thread 0x000001a192a92800 Exception <a 'java/lang/NoSuchMethodError'{0x000000074e15cd20}: 'java.lang.Object java.lang.invoke.DirectMethodHandle$Holder.invokeSpecial(java.lang.Object, java.lang.Object, java.lang.Object, java.lang.Object, java.lang.Object, int)'> (0x000000074e15cd20) thrown at [src/hotspot/share/interpreter/linkResolver.cpp, line 773]
Event: 6.742 Thread 0x000001a192a92800 Exception <a 'java/lang/NoSuchMethodError'{0x000000074e161360}: 'java.lang.Object java.lang.invoke.Invokers$Holder.linkToTargetMethod(java.lang.Object, java.lang.Object, java.lang.Object, int, java.lang.Object)'> (0x000000074e161360) thrown at [src/hotspot/share/interpreter/linkResolver.cpp, line 773]
Event: 6.784 Thread 0x000001a192a92800 Exception <a 'java/lang/NoSuchMethodError'{0x000000074df23c98}: 'void java.lang.invoke.DirectMethodHandle$Holder.invokeInterface(java.lang.Object, java.lang.Object)'> (0x000000074df23c98) thrown at [src/hotspot/share/interpreter/linkResolver.cpp, line 773]
Event: 6.882 Thread 0x000001a192a92800 Exception <a 'java/lang/IncompatibleClassChangeError'{0x000000074db57e60}: Found class java.lang.Object, but interface was expected> (0x000000074db57e60) thrown at [src/hotspot/share/interpreter/linkResolver.cpp, line 839]
Event: 8.248 Thread 0x000001a192a92800 Exception <a 'java/lang/NoSuchMethodError'{0x000000074b79cac0}: 'java.lang.Object java.lang.invoke.DirectMethodHandle$Holder.invokeSpecial(java.lang.Object, java.lang.Object, int, java.lang.Object, java.lang.Object)'> (0x000000074b79cac0) thrown at [src/hotspot/share/interpreter/linkResolver.cpp, line 773]
Event: 8.963 Thread 0x000001a192a92800 Implicit null exception at 0x000001a19e0dcff5 to 0x000001a19e0dd1e4

Events (20 events):
Event: 9.226 Executing VM operation: CGC_Operation
Event: 9.246 Executing VM operation: CGC_Operation done
Event: 9.286 Executing VM operation: CGC_Operation
Event: 9.286 Executing VM operation: CGC_Operation done
Event: 9.321 loading class org/jetbrains/kotlin/serialization/deserialization/MemberDeserializer$getPropertyFieldAnnotations$1
Event: 9.321 loading class org/jetbrains/kotlin/serialization/deserialization/MemberDeserializer$getPropertyFieldAnnotations$1 done
Event: 9.322 loading class org/jetbrains/kotlin/load/kotlin/AbstractBinaryClassAnnotationLoader$PropertyRelatedElement
Event: 9.322 loading class org/jetbrains/kotlin/load/kotlin/AbstractBinaryClassAnnotationLoader$PropertyRelatedElement done
Event: 9.322 loading class org/jetbrains/kotlin/metadata/jvm/deserialization/JvmFlags
Event: 9.322 loading class org/jetbrains/kotlin/metadata/jvm/deserialization/JvmFlags done
Event: 9.323 loading class org/jetbrains/kotlin/load/kotlin/AbstractBinaryClassAnnotationLoaderKt
Event: 9.323 loading class org/jetbrains/kotlin/load/kotlin/AbstractBinaryClassAnnotationLoaderKt done
Event: 9.346 loading class org/jetbrains/kotlin/contracts/ESReceiverWithDataFlowValue
Event: 9.346 loading class org/jetbrains/kotlin/contracts/ESReceiverWithDataFlowValue done
Event: 9.346 loading class org/jetbrains/kotlin/contracts/model/structure/ESReceiverValue
Event: 9.346 loading class org/jetbrains/kotlin/contracts/model/structure/ESReceiverValue done
Event: 9.346 loading class org/jetbrains/kotlin/contracts/model/structure/ESReceiver
Event: 9.346 loading class org/jetbrains/kotlin/contracts/model/structure/ESReceiver done
Event: 9.352 Executing VM operation: ICBufferFull
Event: 9.352 Executing VM operation: ICBufferFull done


Dynamic libraries:
0x00007ff7bc440000 - 0x00007ff7bc44a000 	C:\Program Files\Android\Android Studio\jbr\bin\java.exe
0x00007ffe84eb0000 - 0x00007ffe850a8000 	C:\Windows\SYSTEM32\ntdll.dll
0x00007ffe83760000 - 0x00007ffe8381f000 	C:\Windows\System32\KERNEL32.DLL
0x00007ffe828c0000 - 0x00007ffe82bb6000 	C:\Windows\System32\KERNELBASE.dll
0x00007ffe82e10000 - 0x00007ffe82f10000 	C:\Windows\System32\ucrtbase.dll
0x00007ffe7d9b0000 - 0x00007ffe7d9cb000 	C:\Program Files\Android\Android Studio\jbr\bin\VCRUNTIME140.dll
0x00007ffe74f70000 - 0x00007ffe74f87000 	C:\Program Files\Android\Android Studio\jbr\bin\jli.dll
0x00007ffe841a0000 - 0x00007ffe8433d000 	C:\Windows\System32\USER32.dll
0x00007ffe75590000 - 0x00007ffe7582a000 	C:\Windows\WinSxS\amd64_microsoft.windows.common-controls_6595b64144ccf1df_6.0.19041.1110_none_60b5254171f9507e\COMCTL32.dll
0x00007ffe82890000 - 0x00007ffe828b2000 	C:\Windows\System32\win32u.dll
0x00007ffe84dd0000 - 0x00007ffe84e6e000 	C:\Windows\System32\msvcrt.dll
0x00007ffe83690000 - 0x00007ffe836bc000 	C:\Windows\System32\GDI32.dll
0x00007ffe82590000 - 0x00007ffe826a5000 	C:\Windows\System32\gdi32full.dll
0x00007ffe82740000 - 0x00007ffe827dd000 	C:\Windows\System32\msvcp_win.dll
0x00007ffe84170000 - 0x00007ffe841a0000 	C:\Windows\System32\IMM32.DLL
0x00007ffe74f60000 - 0x00007ffe74f6c000 	C:\Program Files\Android\Android Studio\jbr\bin\vcruntime140_1.dll
0x00007ffe525a0000 - 0x00007ffe5262d000 	C:\Program Files\Android\Android Studio\jbr\bin\msvcp140.dll
0x00007ffe22240000 - 0x00007ffe22dfc000 	C:\Program Files\Android\Android Studio\jbr\bin\server\jvm.dll
0x00007ffe84c40000 - 0x00007ffe84cef000 	C:\Windows\System32\ADVAPI32.dll
0x00007ffe836c0000 - 0x00007ffe8375c000 	C:\Windows\System32\sechost.dll
0x00007ffe84b10000 - 0x00007ffe84c36000 	C:\Windows\System32\RPCRT4.dll
0x00007ffe83680000 - 0x00007ffe83688000 	C:\Windows\System32\PSAPI.DLL
0x00007ffe77b60000 - 0x00007ffe77b69000 	C:\Windows\SYSTEM32\WSOCK32.dll
0x00007ffe77180000 - 0x00007ffe771a7000 	C:\Windows\SYSTEM32\WINMM.dll
0x00007ffe83db0000 - 0x00007ffe83e1b000 	C:\Windows\System32\WS2_32.dll
0x00007ffe7bda0000 - 0x00007ffe7bdaa000 	C:\Windows\SYSTEM32\VERSION.dll
0x00007ffe80440000 - 0x00007ffe80452000 	C:\Windows\SYSTEM32\kernel.appcore.dll
0x00007ffe77b50000 - 0x00007ffe77b60000 	C:\Program Files\Android\Android Studio\jbr\bin\verify.dll
0x00007ffe6adf0000 - 0x00007ffe6afd4000 	C:\Windows\SYSTEM32\DBGHELP.DLL
0x00007ffe6a9b0000 - 0x00007ffe6a9e4000 	C:\Windows\SYSTEM32\dbgcore.DLL
0x00007ffe826b0000 - 0x00007ffe82732000 	C:\Windows\System32\bcryptPrimitives.dll
0x00007ffe5d0a0000 - 0x00007ffe5d0c8000 	C:\Program Files\Android\Android Studio\jbr\bin\java.dll
0x00007ffe779f0000 - 0x00007ffe779fa000 	C:\Program Files\Android\Android Studio\jbr\bin\jimage.dll
0x00007ffe5cb90000 - 0x00007ffe5cba8000 	C:\Program Files\Android\Android Studio\jbr\bin\zip.dll
0x00007ffe843c0000 - 0x00007ffe84b04000 	C:\Windows\System32\SHELL32.dll
0x00007ffe80640000 - 0x00007ffe80dd3000 	C:\Windows\SYSTEM32\windows.storage.dll
0x00007ffe82f80000 - 0x00007ffe832d4000 	C:\Windows\System32\combase.dll
0x00007ffe81fe0000 - 0x00007ffe8200e000 	C:\Windows\SYSTEM32\Wldp.dll
0x00007ffe83d00000 - 0x00007ffe83dad000 	C:\Windows\System32\SHCORE.dll
0x00007ffe82f10000 - 0x00007ffe82f65000 	C:\Windows\System32\shlwapi.dll
0x00007ffe824d0000 - 0x00007ffe824ef000 	C:\Windows\SYSTEM32\profapi.dll
0x00007ffe5cad0000 - 0x00007ffe5cae9000 	C:\Program Files\Android\Android Studio\jbr\bin\net.dll
0x00007ffe7a3e0000 - 0x00007ffe7a4ea000 	C:\Windows\SYSTEM32\WINHTTP.dll
0x00007ffe81d40000 - 0x00007ffe81daa000 	C:\Windows\system32\mswsock.dll
0x00007ffe5c640000 - 0x00007ffe5c653000 	C:\Program Files\Android\Android Studio\jbr\bin\nio.dll

dbghelp: loaded successfully - version: 4.0.5 - missing functions: none
symbol engine: initialized successfully - sym options: 0x614 - pdb path: .;C:\Program Files\Android\Android Studio\jbr\bin;C:\Windows\SYSTEM32;C:\Windows\WinSxS\amd64_microsoft.windows.common-controls_6595b64144ccf1df_6.0.19041.1110_none_60b5254171f9507e;C:\Program Files\Android\Android Studio\jbr\bin\server

VM Arguments:
java_command: org.jetbrains.kotlin.cli.jvm.K2JVMCompiler @C:\Users\Kelvin Agusto\Documents\Materi Perkuliahan\Semester 4\Mobile Programming 2\UAS Mobile 2\UAS_CRUD_202101251016\app\build\20230707_13773506472188389021.compiler.options
java_class_path (initial): C:\sdk\caches\modules-2\files-2.1\org.jetbrains.kotlin\kotlin-compiler-embeddable\1.8.0\eb9118d4bcceaa2a94b2ae2a33a4ddba7c9a947f\kotlin-compiler-embeddable-1.8.0.jar;C:\sdk\caches\modules-2\files-2.1\org.jetbrains.kotlin\kotlin-stdlib\1.8.0\1796921c7a3e2e2665a83e6c8d33399336cd39bc\kotlin-stdlib-1.8.0.jar;C:\sdk\caches\modules-2\files-2.1\org.jetbrains.kotlin\kotlin-script-runtime\1.8.0\b2f7e760d283cb339974851c222a4c1d48f2d3d\kotlin-script-runtime-1.8.0.jar;C:\sdk\caches\modules-2\files-2.1\org.jetbrains.kotlin\kotlin-reflect\1.6.10\1cbe9c92c12a94eea200d23c2bbaedaf3daf5132\kotlin-reflect-1.6.10.jar;C:\sdk\caches\modules-2\files-2.1\org.jetbrains.kotlin\kotlin-daemon-embeddable\1.8.0\d255216c551685dc3a7e852b53617f5f01aaaa5c\kotlin-daemon-embeddable-1.8.0.jar;C:\sdk\caches\modules-2\files-2.1\org.jetbrains.intellij.deps\trove4j\1.0.20200330\3afb14d5f9ceb459d724e907a21145e8ff394f02\trove4j-1.0.20200330.jar;C:\sdk\caches\modules-2\files-2.1\net.java.dev.jna\jna\5.6.0\330f2244e9030119ab3030fc3fededc86713d9cc\jna-5.6.0.jar;C:\sdk\caches\modules-2\files-2.1\org.jetbrains.kotlin\kotlin-stdlib-common\1.8.0\f7197e7cc76453ac59f8b0f8d5137cc600becd36\kotlin-stdlib-common-1.8.0.jar;C:\sdk\caches\modules-2\files-2.1\org.jetbrains\annotations\13.0\919f0dfe192fb4e063e7dacadee7f8bb9a2672a9\annotations-13.0.jar
Launcher Type: SUN_STANDARD

[Global flags]
     intx CICompilerCount                          = 3                                         {product} {ergonomic}
     uint ConcGCThreads                            = 1                                         {product} {ergonomic}
     uint G1ConcRefinementThreads                  = 4                                         {product} {ergonomic}
   size_t G1HeapRegionSize                         = 1048576                                   {product} {ergonomic}
    uintx GCDrainStackTargetSize                   = 64                                        {product} {ergonomic}
   size_t InitialHeapSize                          = 201326592                                 {product} {ergonomic}
   size_t MarkStackSize                            = 4194304                                   {product} {ergonomic}
   size_t MaxHeapSize                              = 3212836864                                {product} {ergonomic}
   size_t MaxNewSize                               = 1927282688                                {product} {ergonomic}
   size_t MinHeapDeltaBytes                        = 1048576                                   {product} {ergonomic}
    uintx NonNMethodCodeHeapSize                   = 5830732                                {pd product} {ergonomic}
    uintx NonProfiledCodeHeapSize                  = 122913754                              {pd product} {ergonomic}
    uintx ProfiledCodeHeapSize                     = 122913754                              {pd product} {ergonomic}
    uintx ReservedCodeCacheSize                    = 251658240                              {pd product} {ergonomic}
     bool SegmentedCodeCache                       = true                                      {product} {ergonomic}
     bool UseCompressedClassPointers               = true                                 {lp64_product} {ergonomic}
     bool UseCompressedOops                        = true                                 {lp64_product} {ergonomic}
     bool UseG1GC                                  = true                                      {product} {ergonomic}
     bool UseLargePagesIndividualAllocation        = false                                  {pd product} {ergonomic}

Logging:
Log output configuration:
 #0: stdout all=warning uptime,level,tags
 #1: stderr all=off uptime,level,tags

Environment Variables:
PATH=C:\Program Files\Common Files\Oracle\Java\javapath;C:\Program Files\Eclipse Adoptium\jdk-11.0.14.101-hotspot\bin;C:\Program Files (x86)\Common Files\Intel\Shared Libraries\redist\intel64\compiler;C:\Windows\system32;C:\Windows;C:\Windows\System32\Wbem;C:\Windows\System32\WindowsPowerShell\v1.0\;C:\Windows\System32\OpenSSH\;C:\Program Files (x86)\NVIDIA Corporation\PhysX\Common;C:\Program Files\NVIDIA Corporation\NVIDIA NvDLISR;C:\Windows\system32;C:\Windows;C:\Windows\System32\Wbem;C:\Windows\System32\WindowsPowerShell\v1.0\;C:\Windows\System32\OpenSSH\;C:\Program Files\Eclipse Adoptium\jdk-11.0.14.101-hotspot\bin;D:\APK Program\Git\cmd;C:\Program Files\Java\jdk-18.0.1.1\bin;D:\APK Program\IBM\JRE\bin;c:\Program Files (x86)\Microsoft SQL Server\100\Tools\Binn\;c:\Program Files\Microsoft SQL Server\100\Tools\Binn\;c:\Program Files\Microsoft SQL Server\100\DTS\Binn\;c:\Program Files (x86)\Microsoft SQL Server\100\Tools\Binn\VSShell\Common7\IDE\;c:\Program Files (x86)\Microsoft SQL Server\100\DTS\Binn\;C:\xampp\php;C:\ProgramData\ComposerSetup\bin;C:\Users\Kelvin Agusto\AppData\Local\Microsoft\WindowsApps;D:\windows\Microsoft VS Code\bin;C:\Users\Kelvin Agusto\AppData\Roaming\npm;C:\Users\Kelvin Agusto\AppData\Local\Programs\Microsoft VS Code\bin;C:\Users\Kelvin Agusto\AppData\Roaming\Composer\vendor\bin
USERNAME=Kelvin Agusto
OS=Windows_NT
PROCESSOR_IDENTIFIER=Intel64 Family 6 Model 58 Stepping 9, GenuineIntel



---------------  S Y S T E M  ---------------

OS: Windows 10 , 64 bit Build 19041 (10.0.19041.3031)
OS uptime: 0 days 3:18 hours

CPU:total 4 (initial active 4) (4 cores per cpu, 1 threads per core) family 6 model 58 stepping 9 microcode 0x21, cmov, cx8, fxsr, mmx, sse, sse2, sse3, ssse3, sse4.1, sse4.2, popcnt, avx, aes, clmul, erms, tsc, tscinvbit, tscinv

Memory: 4k page, system-wide physical 12249M (671M free)
TotalPageFile size 16345M (AvailPageFile size 10M)
current process WorkingSet (physical memory assigned to process): 361M, peak: 367M
current process commit charge ("private bytes"): 458M, peak: 464M

vm_info: OpenJDK 64-Bit Server VM (11.0.15+0-b2043.56-9505619) for windows-amd64 JRE (11.0.15+0-b2043.56-9505619), built on Jan 19 2023 02:48:00 by "builduser" with unknown MS VC++:1929

END.
