#
# There is insufficient memory for the Java Runtime Environment to continue.
# Native memory allocation (malloc) failed to allocate 2072656 bytes for Chunk::new
# Possible reasons:
#   The system is out of physical RAM or swap space
#   The process is running with CompressedOops enabled, and the Java Heap may be blocking the growth of the native heap
# Possible solutions:
#   Reduce memory load on the system
#   Increase physical memory or swap space
#   Check if swap backing store is full
#   Decrease Java heap size (-Xmx/-Xms)
#   Decrease number of Java threads
#   Decrease Java thread stack sizes (-Xss)
#   Set larger code cache with -XX:ReservedCodeCacheSize=
#   JVM is running with Zero Based Compressed Oops mode in which the Java heap is
#     placed in the first 32GB address space. The Java Heap base address is the
#     maximum limit for the native heap growth. Please use -XX:HeapBaseMinAddress
#     to set the Java Heap base and to place the Java Heap above 32GB virtual address.
# This output file may be truncated or incomplete.
#
#  Out of Memory Error (src/hotspot/share/memory/arena.cpp:197), pid=12844, tid=5564
#
# JRE version: OpenJDK Runtime Environment (11.0.15) (build 11.0.15+0-b2043.56-9505619)
# Java VM: OpenJDK 64-Bit Server VM (11.0.15+0-b2043.56-9505619, mixed mode, tiered, compressed oops, g1 gc, windows-amd64)
# No core dump will be written. Minidumps are not enabled by default on client versions of Windows
#

---------------  S U M M A R Y ------------

Command Line: org.jetbrains.kotlin.cli.jvm.K2JVMCompiler @C:\Users\Kelvin Agusto\Documents\Materi Perkuliahan\Semester 4\Mobile Programming 2\UAS Mobile 2\UAS_CRUD_202101251016\app\build\20230707_4702359553669118358.compiler.options

Host: Intel(R) Core(TM) i5-3570 CPU @ 3.40GHz, 4 cores, 11G,  Windows 10 , 64 bit Build 19041 (10.0.19041.3031)
Time: Fri Jul  7 13:40:40 2023 SE Asia Standard Time elapsed time: 9.831243 seconds (0d 0h 0m 9s)

---------------  T H R E A D  ---------------

Current thread (0x000002026526d800):  JavaThread "C2 CompilerThread1" daemon [_thread_in_native, id=5564, stack(0x0000009e2f900000,0x0000009e2fa00000)]


Current CompileTask:
C2:   9831 9655       4       org.jetbrains.kotlin.types.TypeUtils::contains (301 bytes)

Stack: [0x0000009e2f900000,0x0000009e2fa00000]
Native frames: (J=compiled Java code, j=interpreted, Vv=VM code, C=native code)
V  [jvm.dll+0x64135a]
V  [jvm.dll+0x7d39f9]
V  [jvm.dll+0x7d51b9]
V  [jvm.dll+0x7d58a3]
V  [jvm.dll+0x2691c5]
V  [jvm.dll+0xc1a5c]
V  [jvm.dll+0xc200c]
V  [jvm.dll+0x3774a7]
V  [jvm.dll+0x342495]
V  [jvm.dll+0x34186a]
V  [jvm.dll+0x2214bd]
V  [jvm.dll+0x220498]
V  [jvm.dll+0x19e851]
V  [jvm.dll+0x230479]
V  [jvm.dll+0x22e5ef]
V  [jvm.dll+0x794de1]
V  [jvm.dll+0x78dc24]
V  [jvm.dll+0x6400f6]
C  [ucrtbase.dll+0x21bb2]
C  [KERNEL32.DLL+0x17614]
C  [ntdll.dll+0x526f1]


---------------  P R O C E S S  ---------------

Threads class SMR info:
_java_thread_list=0x000002026527deb0, length=11, elements={
0x0000020248642800, 0x0000020264844000, 0x0000020264845800, 0x0000020265096000,
0x0000020265098800, 0x000002026509b000, 0x00000202650e4000, 0x00000202650e7800,
0x00000202650ec800, 0x0000020265263800, 0x000002026526d800
}

Java Threads: ( => current thread )
  0x0000020248642800 JavaThread "main" [_thread_in_Java, id=3116, stack(0x0000009e2e800000,0x0000009e2e900000)]
  0x0000020264844000 JavaThread "Reference Handler" daemon [_thread_blocked, id=15084, stack(0x0000009e2ef00000,0x0000009e2f000000)]
  0x0000020264845800 JavaThread "Finalizer" daemon [_thread_blocked, id=6660, stack(0x0000009e2f000000,0x0000009e2f100000)]
  0x0000020265096000 JavaThread "Signal Dispatcher" daemon [_thread_blocked, id=15116, stack(0x0000009e2f100000,0x0000009e2f200000)]
  0x0000020265098800 JavaThread "Attach Listener" daemon [_thread_blocked, id=14676, stack(0x0000009e2f200000,0x0000009e2f300000)]
  0x000002026509b000 JavaThread "Service Thread" daemon [_thread_blocked, id=7956, stack(0x0000009e2f300000,0x0000009e2f400000)]
  0x00000202650e4000 JavaThread "C2 CompilerThread0" daemon [_thread_in_native, id=9252, stack(0x0000009e2f400000,0x0000009e2f500000)]
  0x00000202650e7800 JavaThread "C1 CompilerThread0" daemon [_thread_in_native, id=14752, stack(0x0000009e2f500000,0x0000009e2f600000)]
  0x00000202650ec800 JavaThread "Sweeper thread" daemon [_thread_blocked, id=14736, stack(0x0000009e2f600000,0x0000009e2f700000)]
  0x0000020265263800 JavaThread "Common-Cleaner" daemon [_thread_blocked, id=6712, stack(0x0000009e2f800000,0x0000009e2f900000)]
=>0x000002026526d800 JavaThread "C2 CompilerThread1" daemon [_thread_in_native, id=5564, stack(0x0000009e2f900000,0x0000009e2fa00000)]

Other Threads:
  0x0000020265087000 VMThread "VM Thread" [stack: 0x0000009e2ee00000,0x0000009e2ef00000] [id=14644]
  0x0000020265260000 WatcherThread [stack: 0x0000009e2f700000,0x0000009e2f800000] [id=692]
  0x000002024865a800 GCTaskThread "GC Thread#0" [stack: 0x0000009e2e900000,0x0000009e2ea00000] [id=12940]
  0x0000020265835000 GCTaskThread "GC Thread#1" [stack: 0x0000009e2fa00000,0x0000009e2fb00000] [id=13240]
  0x0000020265835800 GCTaskThread "GC Thread#2" [stack: 0x0000009e2fb00000,0x0000009e2fc00000] [id=14756]
  0x0000020265836800 GCTaskThread "GC Thread#3" [stack: 0x0000009e2fc00000,0x0000009e2fd00000] [id=10136]
  0x00000202486a1000 ConcurrentGCThread "G1 Main Marker" [stack: 0x0000009e2ea00000,0x0000009e2eb00000] [id=9328]
  0x00000202486a3800 ConcurrentGCThread "G1 Conc#0" [stack: 0x0000009e2eb00000,0x0000009e2ec00000] [id=15032]
  0x00000202646b2800 ConcurrentGCThread "G1 Refine#0" [stack: 0x0000009e2ec00000,0x0000009e2ed00000] [id=2344]
  0x000002026a177800 ConcurrentGCThread "G1 Refine#1" [stack: 0x0000009e2fd00000,0x0000009e2fe00000] [id=3924]
  0x00000202646b3000 ConcurrentGCThread "G1 Young RemSet Sampling" [stack: 0x0000009e2ed00000,0x0000009e2ee00000] [id=14764]

Threads with active compile tasks:
C2 CompilerThread0     9850 9759       4       org.jetbrains.kotlin.resolve.calls.inference.components.NewTypeSubstitutor::substitute (1067 bytes)
C1 CompilerThread0     9850 9814       3       org.jetbrains.kotlin.types.RangeUtilKt::getRangeOrProgressionElementType (588 bytes)
C2 CompilerThread1     9850 9655       4       org.jetbrains.kotlin.types.TypeUtils::contains (301 bytes)

VM state:not at safepoint (normal execution)

VM Mutex/Monitor currently owned by a thread: None

Heap address: 0x0000000740800000, size: 3064 MB, Compressed Oops mode: Zero based, Oop shift amount: 3
Narrow klass base: 0x0000000800000000, Narrow klass shift: 0
Compressed class space size: 1073741824 Address: 0x0000000800000000

Heap:
 garbage-first heap   total 236544K, used 98816K [0x0000000740800000, 0x0000000800000000)
  region size 1024K, 54 young (55296K), 11 survivors (11264K)
 Metaspace       used 67689K, capacity 68620K, committed 68864K, reserved 1110016K
  class space    used 7462K, capacity 7815K, committed 7936K, reserved 1048576K
Heap Regions: E=young(eden), S=young(survivor), O=old, HS=humongous(starts), HC=humongous(continues), CS=collection set, F=free, A=archive, TAMS=top-at-mark-start (previous, next)
|   0|0x0000000740800000, 0x0000000740900000, 0x0000000740900000|100%|HS|  |TAMS 0x0000000740900000, 0x0000000740800000| Complete 
|   1|0x0000000740900000, 0x0000000740a00000, 0x0000000740a00000|100%|HC|  |TAMS 0x0000000740a00000, 0x0000000740900000| Complete 
|   2|0x0000000740a00000, 0x0000000740b00000, 0x0000000740b00000|100%|HC|  |TAMS 0x0000000740b00000, 0x0000000740a00000| Complete 
|   3|0x0000000740b00000, 0x0000000740c00000, 0x0000000740c00000|100%|HC|  |TAMS 0x0000000740c00000, 0x0000000740b00000| Complete 
|   4|0x0000000740c00000, 0x0000000740d00000, 0x0000000740d00000|100%| O|  |TAMS 0x0000000740d00000, 0x0000000740c00000| Untracked 
|   5|0x0000000740d00000, 0x0000000740e00000, 0x0000000740e00000|100%| O|  |TAMS 0x0000000740e00000, 0x0000000740d00000| Untracked 
|   6|0x0000000740e00000, 0x0000000740f00000, 0x0000000740f00000|100%|HS|  |TAMS 0x0000000740f00000, 0x0000000740e00000| Complete 
|   7|0x0000000740f00000, 0x0000000741000000, 0x0000000741000000|100%|HC|  |TAMS 0x0000000741000000, 0x0000000740f00000| Complete 
|   8|0x0000000741000000, 0x0000000741100000, 0x0000000741100000|100%|HC|  |TAMS 0x0000000741100000, 0x0000000741000000| Complete 
|   9|0x0000000741100000, 0x0000000741200000, 0x0000000741200000|100%|HC|  |TAMS 0x0000000741200000, 0x0000000741100000| Complete 
|  10|0x0000000741200000, 0x0000000741300000, 0x0000000741300000|100%| O|  |TAMS 0x0000000741200000, 0x0000000741200000| Untracked 
|  11|0x0000000741300000, 0x0000000741400000, 0x0000000741400000|100%| O|  |TAMS 0x0000000741300000, 0x0000000741300000| Untracked 
|  12|0x0000000741400000, 0x0000000741500000, 0x0000000741500000|100%| O|  |TAMS 0x0000000741500000, 0x0000000741400000| Untracked 
|  13|0x0000000741500000, 0x0000000741600000, 0x0000000741600000|100%| O|  |TAMS 0x0000000741600000, 0x0000000741500000| Untracked 
|  14|0x0000000741600000, 0x0000000741700000, 0x0000000741700000|100%| O|  |TAMS 0x0000000741700000, 0x0000000741600000| Untracked 
|  15|0x0000000741700000, 0x0000000741800000, 0x0000000741800000|100%| O|  |TAMS 0x0000000741800000, 0x0000000741700000| Untracked 
|  16|0x0000000741800000, 0x0000000741900000, 0x0000000741900000|100%| O|  |TAMS 0x0000000741900000, 0x0000000741800000| Untracked 
|  17|0x0000000741900000, 0x0000000741a00000, 0x0000000741a00000|100%| O|  |TAMS 0x0000000741a00000, 0x0000000741900000| Untracked 
|  18|0x0000000741a00000, 0x0000000741b00000, 0x0000000741b00000|100%| O|  |TAMS 0x0000000741b00000, 0x0000000741a00000| Untracked 
|  19|0x0000000741b00000, 0x0000000741c00000, 0x0000000741c00000|100%| O|  |TAMS 0x0000000741c00000, 0x0000000741b00000| Untracked 
|  20|0x0000000741c00000, 0x0000000741d00000, 0x0000000741d00000|100%| O|  |TAMS 0x0000000741d00000, 0x0000000741c00000| Untracked 
|  21|0x0000000741d00000, 0x0000000741e00000, 0x0000000741e00000|100%| O|  |TAMS 0x0000000741e00000, 0x0000000741d00000| Untracked 
|  22|0x0000000741e00000, 0x0000000741f00000, 0x0000000741f00000|100%| O|  |TAMS 0x0000000741e87e00, 0x0000000741e00000| Untracked 
|  23|0x0000000741f00000, 0x0000000742000000, 0x0000000742000000|100%|HS|  |TAMS 0x0000000742000000, 0x0000000741f00000| Complete 
|  24|0x0000000742000000, 0x0000000742100000, 0x0000000742100000|100%|HC|  |TAMS 0x0000000742100000, 0x0000000742000000| Complete 
|  25|0x0000000742100000, 0x0000000742200000, 0x0000000742200000|100%| O|  |TAMS 0x0000000742100000, 0x0000000742100000| Untracked 
|  26|0x0000000742200000, 0x0000000742300000, 0x0000000742300000|100%| O|  |TAMS 0x0000000742200000, 0x0000000742200000| Untracked 
|  27|0x0000000742300000, 0x0000000742400000, 0x0000000742400000|100%| O|  |TAMS 0x0000000742300000, 0x0000000742300000| Untracked 
|  28|0x0000000742400000, 0x0000000742500000, 0x0000000742500000|100%| O|  |TAMS 0x0000000742400000, 0x0000000742400000| Untracked 
|  29|0x0000000742500000, 0x0000000742600000, 0x0000000742600000|100%| O|  |TAMS 0x0000000742500000, 0x0000000742500000| Untracked 
|  30|0x0000000742600000, 0x0000000742700000, 0x0000000742700000|100%| O|  |TAMS 0x0000000742600000, 0x0000000742600000| Untracked 
|  31|0x0000000742700000, 0x0000000742800000, 0x0000000742800000|100%| O|  |TAMS 0x0000000742700000, 0x0000000742700000| Untracked 
|  32|0x0000000742800000, 0x0000000742900000, 0x0000000742900000|100%| O|  |TAMS 0x0000000742800000, 0x0000000742800000| Untracked 
|  33|0x0000000742900000, 0x0000000742a00000, 0x0000000742a00000|100%| O|  |TAMS 0x0000000742900000, 0x0000000742900000| Untracked 
|  34|0x0000000742a00000, 0x0000000742b00000, 0x0000000742b00000|100%| O|  |TAMS 0x0000000742a00000, 0x0000000742a00000| Untracked 
|  35|0x0000000742b00000, 0x0000000742c00000, 0x0000000742c00000|100%| O|  |TAMS 0x0000000742b00000, 0x0000000742b00000| Untracked 
|  36|0x0000000742c00000, 0x0000000742d00000, 0x0000000742d00000|100%| O|  |TAMS 0x0000000742c00000, 0x0000000742c00000| Untracked 
|  37|0x0000000742d00000, 0x0000000742e00000, 0x0000000742e00000|100%| O|  |TAMS 0x0000000742d00000, 0x0000000742d00000| Untracked 
|  38|0x0000000742e00000, 0x0000000742f00000, 0x0000000742f00000|100%| O|  |TAMS 0x0000000742e00000, 0x0000000742e00000| Untracked 
|  39|0x0000000742f00000, 0x0000000743000000, 0x0000000743000000|100%| O|  |TAMS 0x0000000742f00000, 0x0000000742f00000| Untracked 
|  40|0x0000000743000000, 0x0000000743100000, 0x0000000743100000|100%| O|  |TAMS 0x0000000743000000, 0x0000000743000000| Untracked 
|  41|0x0000000743100000, 0x0000000743200000, 0x0000000743200000|100%| O|  |TAMS 0x0000000743100000, 0x0000000743100000| Untracked 
|  42|0x0000000743200000, 0x0000000743200000, 0x0000000743300000|  0%| F|  |TAMS 0x0000000743200000, 0x0000000743200000| Untracked 
|  43|0x0000000743300000, 0x0000000743400000, 0x0000000743400000|100%| O|  |TAMS 0x0000000743300000, 0x0000000743300000| Untracked 
|  44|0x0000000743400000, 0x0000000743480000, 0x0000000743500000| 50%| O|  |TAMS 0x0000000743400000, 0x0000000743400000| Untracked 
|  45|0x0000000743500000, 0x0000000743500000, 0x0000000743600000|  0%| F|  |TAMS 0x0000000743500000, 0x0000000743500000| Untracked 
|  46|0x0000000743600000, 0x0000000743600000, 0x0000000743700000|  0%| F|  |TAMS 0x0000000743600000, 0x0000000743600000| Untracked 
|  47|0x0000000743700000, 0x0000000743700000, 0x0000000743800000|  0%| F|  |TAMS 0x0000000743700000, 0x0000000743700000| Untracked 
|  48|0x0000000743800000, 0x0000000743800000, 0x0000000743900000|  0%| F|  |TAMS 0x0000000743800000, 0x0000000743800000| Untracked 
|  49|0x0000000743900000, 0x0000000743900000, 0x0000000743a00000|  0%| F|  |TAMS 0x0000000743900000, 0x0000000743900000| Untracked 
|  50|0x0000000743a00000, 0x0000000743a00000, 0x0000000743b00000|  0%| F|  |TAMS 0x0000000743a00000, 0x0000000743a00000| Untracked 
|  51|0x0000000743b00000, 0x0000000743b00000, 0x0000000743c00000|  0%| F|  |TAMS 0x0000000743b00000, 0x0000000743b00000| Untracked 
|  52|0x0000000743c00000, 0x0000000743c00000, 0x0000000743d00000|  0%| F|  |TAMS 0x0000000743c00000, 0x0000000743c00000| Untracked 
|  53|0x0000000743d00000, 0x0000000743d00000, 0x0000000743e00000|  0%| F|  |TAMS 0x0000000743d00000, 0x0000000743d00000| Untracked 
|  54|0x0000000743e00000, 0x0000000743e00000, 0x0000000743f00000|  0%| F|  |TAMS 0x0000000743e00000, 0x0000000743e00000| Untracked 
|  55|0x0000000743f00000, 0x0000000743f00000, 0x0000000744000000|  0%| F|  |TAMS 0x0000000743f00000, 0x0000000743f00000| Untracked 
|  56|0x0000000744000000, 0x0000000744000000, 0x0000000744100000|  0%| F|  |TAMS 0x0000000744000000, 0x0000000744000000| Untracked 
|  57|0x0000000744100000, 0x0000000744100000, 0x0000000744200000|  0%| F|  |TAMS 0x0000000744100000, 0x0000000744100000| Untracked 
|  58|0x0000000744200000, 0x0000000744200000, 0x0000000744300000|  0%| F|  |TAMS 0x0000000744200000, 0x0000000744200000| Untracked 
|  59|0x0000000744300000, 0x0000000744300000, 0x0000000744400000|  0%| F|  |TAMS 0x0000000744300000, 0x0000000744300000| Untracked 
|  60|0x0000000744400000, 0x0000000744400000, 0x0000000744500000|  0%| F|  |TAMS 0x0000000744400000, 0x0000000744400000| Untracked 
|  61|0x0000000744500000, 0x0000000744500000, 0x0000000744600000|  0%| F|  |TAMS 0x0000000744500000, 0x0000000744500000| Untracked 
|  62|0x0000000744600000, 0x0000000744600000, 0x0000000744700000|  0%| F|  |TAMS 0x0000000744600000, 0x0000000744600000| Untracked 
|  63|0x0000000744700000, 0x0000000744700000, 0x0000000744800000|  0%| F|  |TAMS 0x0000000744700000, 0x0000000744700000| Untracked 
|  64|0x0000000744800000, 0x0000000744800000, 0x0000000744900000|  0%| F|  |TAMS 0x0000000744800000, 0x0000000744800000| Untracked 
|  65|0x0000000744900000, 0x0000000744900000, 0x0000000744a00000|  0%| F|  |TAMS 0x0000000744900000, 0x0000000744900000| Untracked 
|  66|0x0000000744a00000, 0x0000000744a00000, 0x0000000744b00000|  0%| F|  |TAMS 0x0000000744a00000, 0x0000000744a00000| Untracked 
|  67|0x0000000744b00000, 0x0000000744b00000, 0x0000000744c00000|  0%| F|  |TAMS 0x0000000744b00000, 0x0000000744b00000| Untracked 
|  68|0x0000000744c00000, 0x0000000744c00000, 0x0000000744d00000|  0%| F|  |TAMS 0x0000000744c00000, 0x0000000744c00000| Untracked 
|  69|0x0000000744d00000, 0x0000000744d00000, 0x0000000744e00000|  0%| F|  |TAMS 0x0000000744d00000, 0x0000000744d00000| Untracked 
|  70|0x0000000744e00000, 0x0000000744e00000, 0x0000000744f00000|  0%| F|  |TAMS 0x0000000744e00000, 0x0000000744e00000| Untracked 
|  71|0x0000000744f00000, 0x0000000744f00000, 0x0000000745000000|  0%| F|  |TAMS 0x0000000744f00000, 0x0000000744f00000| Untracked 
|  72|0x0000000745000000, 0x0000000745000000, 0x0000000745100000|  0%| F|  |TAMS 0x0000000745000000, 0x0000000745000000| Untracked 
|  73|0x0000000745100000, 0x0000000745100000, 0x0000000745200000|  0%| F|  |TAMS 0x0000000745100000, 0x0000000745100000| Untracked 
|  74|0x0000000745200000, 0x0000000745200000, 0x0000000745300000|  0%| F|  |TAMS 0x0000000745200000, 0x0000000745200000| Untracked 
|  75|0x0000000745300000, 0x0000000745300000, 0x0000000745400000|  0%| F|  |TAMS 0x0000000745300000, 0x0000000745300000| Untracked 
|  76|0x0000000745400000, 0x0000000745400000, 0x0000000745500000|  0%| F|  |TAMS 0x0000000745400000, 0x0000000745400000| Untracked 
|  77|0x0000000745500000, 0x0000000745500000, 0x0000000745600000|  0%| F|  |TAMS 0x0000000745500000, 0x0000000745500000| Untracked 
|  78|0x0000000745600000, 0x0000000745600000, 0x0000000745700000|  0%| F|  |TAMS 0x0000000745600000, 0x0000000745600000| Untracked 
|  79|0x0000000745700000, 0x0000000745700000, 0x0000000745800000|  0%| F|  |TAMS 0x0000000745700000, 0x0000000745700000| Untracked 
|  80|0x0000000745800000, 0x0000000745800000, 0x0000000745900000|  0%| F|  |TAMS 0x0000000745800000, 0x0000000745800000| Untracked 
|  81|0x0000000745900000, 0x0000000745900000, 0x0000000745a00000|  0%| F|  |TAMS 0x0000000745900000, 0x0000000745900000| Untracked 
|  82|0x0000000745a00000, 0x0000000745a00000, 0x0000000745b00000|  0%| F|  |TAMS 0x0000000745a00000, 0x0000000745a00000| Untracked 
|  83|0x0000000745b00000, 0x0000000745b00000, 0x0000000745c00000|  0%| F|  |TAMS 0x0000000745b00000, 0x0000000745b00000| Untracked 
|  84|0x0000000745c00000, 0x0000000745c00000, 0x0000000745d00000|  0%| F|  |TAMS 0x0000000745c00000, 0x0000000745c00000| Untracked 
|  85|0x0000000745d00000, 0x0000000745d00000, 0x0000000745e00000|  0%| F|  |TAMS 0x0000000745d00000, 0x0000000745d00000| Untracked 
|  86|0x0000000745e00000, 0x0000000745e00000, 0x0000000745f00000|  0%| F|  |TAMS 0x0000000745e00000, 0x0000000745e00000| Untracked 
|  87|0x0000000745f00000, 0x0000000745f00000, 0x0000000746000000|  0%| F|  |TAMS 0x0000000745f00000, 0x0000000745f00000| Untracked 
|  88|0x0000000746000000, 0x0000000746000000, 0x0000000746100000|  0%| F|  |TAMS 0x0000000746000000, 0x0000000746000000| Untracked 
|  89|0x0000000746100000, 0x0000000746100000, 0x0000000746200000|  0%| F|  |TAMS 0x0000000746100000, 0x0000000746100000| Untracked 
|  90|0x0000000746200000, 0x0000000746200000, 0x0000000746300000|  0%| F|  |TAMS 0x0000000746200000, 0x0000000746200000| Untracked 
|  91|0x0000000746300000, 0x0000000746300000, 0x0000000746400000|  0%| F|  |TAMS 0x0000000746300000, 0x0000000746300000| Untracked 
|  92|0x0000000746400000, 0x0000000746400000, 0x0000000746500000|  0%| F|  |TAMS 0x0000000746400000, 0x0000000746400000| Untracked 
|  93|0x0000000746500000, 0x0000000746500000, 0x0000000746600000|  0%| F|  |TAMS 0x0000000746500000, 0x0000000746500000| Untracked 
|  94|0x0000000746600000, 0x0000000746600000, 0x0000000746700000|  0%| F|  |TAMS 0x0000000746600000, 0x0000000746600000| Untracked 
|  95|0x0000000746700000, 0x0000000746700000, 0x0000000746800000|  0%| F|  |TAMS 0x0000000746700000, 0x0000000746700000| Untracked 
|  96|0x0000000746800000, 0x0000000746800000, 0x0000000746900000|  0%| F|  |TAMS 0x0000000746800000, 0x0000000746800000| Untracked 
|  97|0x0000000746900000, 0x0000000746900000, 0x0000000746a00000|  0%| F|  |TAMS 0x0000000746900000, 0x0000000746900000| Untracked 
|  98|0x0000000746a00000, 0x0000000746a00000, 0x0000000746b00000|  0%| F|  |TAMS 0x0000000746a00000, 0x0000000746a00000| Untracked 
|  99|0x0000000746b00000, 0x0000000746b00000, 0x0000000746c00000|  0%| F|  |TAMS 0x0000000746b00000, 0x0000000746b00000| Untracked 
| 100|0x0000000746c00000, 0x0000000746c00000, 0x0000000746d00000|  0%| F|  |TAMS 0x0000000746c00000, 0x0000000746c00000| Untracked 
| 101|0x0000000746d00000, 0x0000000746d00000, 0x0000000746e00000|  0%| F|  |TAMS 0x0000000746d00000, 0x0000000746d00000| Untracked 
| 102|0x0000000746e00000, 0x0000000746e00000, 0x0000000746f00000|  0%| F|  |TAMS 0x0000000746e00000, 0x0000000746e00000| Untracked 
| 103|0x0000000746f00000, 0x0000000746f00000, 0x0000000747000000|  0%| F|  |TAMS 0x0000000746f00000, 0x0000000746f00000| Untracked 
| 104|0x0000000747000000, 0x0000000747000000, 0x0000000747100000|  0%| F|  |TAMS 0x0000000747000000, 0x0000000747000000| Untracked 
| 105|0x0000000747100000, 0x0000000747100000, 0x0000000747200000|  0%| F|  |TAMS 0x0000000747100000, 0x0000000747100000| Untracked 
| 106|0x0000000747200000, 0x0000000747200000, 0x0000000747300000|  0%| F|  |TAMS 0x0000000747200000, 0x0000000747200000| Untracked 
| 107|0x0000000747300000, 0x0000000747300000, 0x0000000747400000|  0%| F|  |TAMS 0x0000000747300000, 0x0000000747300000| Untracked 
| 108|0x0000000747400000, 0x0000000747400000, 0x0000000747500000|  0%| F|  |TAMS 0x0000000747400000, 0x0000000747400000| Untracked 
| 109|0x0000000747500000, 0x0000000747500000, 0x0000000747600000|  0%| F|  |TAMS 0x0000000747500000, 0x0000000747500000| Untracked 
| 110|0x0000000747600000, 0x0000000747600000, 0x0000000747700000|  0%| F|  |TAMS 0x0000000747600000, 0x0000000747600000| Untracked 
| 111|0x0000000747700000, 0x0000000747700000, 0x0000000747800000|  0%| F|  |TAMS 0x0000000747700000, 0x0000000747700000| Untracked 
| 112|0x0000000747800000, 0x0000000747800000, 0x0000000747900000|  0%| F|  |TAMS 0x0000000747800000, 0x0000000747800000| Untracked 
| 113|0x0000000747900000, 0x0000000747900000, 0x0000000747a00000|  0%| F|  |TAMS 0x0000000747900000, 0x0000000747900000| Untracked 
| 114|0x0000000747a00000, 0x0000000747a00000, 0x0000000747b00000|  0%| F|  |TAMS 0x0000000747a00000, 0x0000000747a00000| Untracked 
| 115|0x0000000747b00000, 0x0000000747b00000, 0x0000000747c00000|  0%| F|  |TAMS 0x0000000747b00000, 0x0000000747b00000| Untracked 
| 116|0x0000000747c00000, 0x0000000747c00000, 0x0000000747d00000|  0%| F|  |TAMS 0x0000000747c00000, 0x0000000747c00000| Untracked 
| 117|0x0000000747d00000, 0x0000000747d00000, 0x0000000747e00000|  0%| F|  |TAMS 0x0000000747d00000, 0x0000000747d00000| Untracked 
| 118|0x0000000747e00000, 0x0000000747e00000, 0x0000000747f00000|  0%| F|  |TAMS 0x0000000747e00000, 0x0000000747e00000| Untracked 
| 119|0x0000000747f00000, 0x0000000747f00000, 0x0000000748000000|  0%| F|  |TAMS 0x0000000747f00000, 0x0000000747f00000| Untracked 
| 120|0x0000000748000000, 0x0000000748000000, 0x0000000748100000|  0%| F|  |TAMS 0x0000000748000000, 0x0000000748000000| Untracked 
| 121|0x0000000748100000, 0x0000000748100000, 0x0000000748200000|  0%| F|  |TAMS 0x0000000748100000, 0x0000000748100000| Untracked 
| 122|0x0000000748200000, 0x0000000748200000, 0x0000000748300000|  0%| F|  |TAMS 0x0000000748200000, 0x0000000748200000| Untracked 
| 123|0x0000000748300000, 0x0000000748300000, 0x0000000748400000|  0%| F|  |TAMS 0x0000000748300000, 0x0000000748300000| Untracked 
| 124|0x0000000748400000, 0x0000000748400000, 0x0000000748500000|  0%| F|  |TAMS 0x0000000748400000, 0x0000000748400000| Untracked 
| 125|0x0000000748500000, 0x0000000748500000, 0x0000000748600000|  0%| F|  |TAMS 0x0000000748500000, 0x0000000748500000| Untracked 
| 126|0x0000000748600000, 0x0000000748600000, 0x0000000748700000|  0%| F|  |TAMS 0x0000000748600000, 0x0000000748600000| Untracked 
| 127|0x0000000748700000, 0x0000000748700000, 0x0000000748800000|  0%| F|  |TAMS 0x0000000748700000, 0x0000000748700000| Untracked 
| 128|0x0000000748800000, 0x0000000748800000, 0x0000000748900000|  0%| F|  |TAMS 0x0000000748800000, 0x0000000748800000| Untracked 
| 129|0x0000000748900000, 0x0000000748900000, 0x0000000748a00000|  0%| F|  |TAMS 0x0000000748900000, 0x0000000748900000| Untracked 
| 130|0x0000000748a00000, 0x0000000748a00000, 0x0000000748b00000|  0%| F|  |TAMS 0x0000000748a00000, 0x0000000748a00000| Untracked 
| 131|0x0000000748b00000, 0x0000000748b00000, 0x0000000748c00000|  0%| F|  |TAMS 0x0000000748b00000, 0x0000000748b00000| Untracked 
| 132|0x0000000748c00000, 0x0000000748c00000, 0x0000000748d00000|  0%| F|  |TAMS 0x0000000748c00000, 0x0000000748c00000| Untracked 
| 133|0x0000000748d00000, 0x0000000748d00000, 0x0000000748e00000|  0%| F|  |TAMS 0x0000000748d00000, 0x0000000748d00000| Untracked 
| 134|0x0000000748e00000, 0x0000000748e00000, 0x0000000748f00000|  0%| F|  |TAMS 0x0000000748e00000, 0x0000000748e00000| Untracked 
| 135|0x0000000748f00000, 0x0000000748f00000, 0x0000000749000000|  0%| F|  |TAMS 0x0000000748f00000, 0x0000000748f00000| Untracked 
| 136|0x0000000749000000, 0x0000000749100000, 0x0000000749100000|100%| S|CS|TAMS 0x0000000749000000, 0x0000000749000000| Complete 
| 137|0x0000000749100000, 0x0000000749200000, 0x0000000749200000|100%| S|CS|TAMS 0x0000000749100000, 0x0000000749100000| Complete 
| 138|0x0000000749200000, 0x0000000749300000, 0x0000000749300000|100%| S|CS|TAMS 0x0000000749200000, 0x0000000749200000| Complete 
| 139|0x0000000749300000, 0x0000000749400000, 0x0000000749400000|100%| S|CS|TAMS 0x0000000749300000, 0x0000000749300000| Complete 
| 140|0x0000000749400000, 0x0000000749500000, 0x0000000749500000|100%| S|CS|TAMS 0x0000000749400000, 0x0000000749400000| Complete 
| 141|0x0000000749500000, 0x0000000749600000, 0x0000000749600000|100%| S|CS|TAMS 0x0000000749500000, 0x0000000749500000| Complete 
| 142|0x0000000749600000, 0x0000000749700000, 0x0000000749700000|100%| S|CS|TAMS 0x0000000749600000, 0x0000000749600000| Complete 
| 143|0x0000000749700000, 0x0000000749800000, 0x0000000749800000|100%| S|CS|TAMS 0x0000000749700000, 0x0000000749700000| Complete 
| 144|0x0000000749800000, 0x0000000749900000, 0x0000000749900000|100%| S|CS|TAMS 0x0000000749800000, 0x0000000749800000| Complete 
| 145|0x0000000749900000, 0x0000000749a00000, 0x0000000749a00000|100%| S|CS|TAMS 0x0000000749900000, 0x0000000749900000| Complete 
| 146|0x0000000749a00000, 0x0000000749b00000, 0x0000000749b00000|100%| S|CS|TAMS 0x0000000749a00000, 0x0000000749a00000| Complete 
| 147|0x0000000749b00000, 0x0000000749b00000, 0x0000000749c00000|  0%| F|  |TAMS 0x0000000749b00000, 0x0000000749b00000| Untracked 
| 148|0x0000000749c00000, 0x0000000749c00000, 0x0000000749d00000|  0%| F|  |TAMS 0x0000000749c00000, 0x0000000749c00000| Untracked 
| 149|0x0000000749d00000, 0x0000000749d00000, 0x0000000749e00000|  0%| F|  |TAMS 0x0000000749d00000, 0x0000000749d00000| Untracked 
| 150|0x0000000749e00000, 0x0000000749e00000, 0x0000000749f00000|  0%| F|  |TAMS 0x0000000749e00000, 0x0000000749e00000| Untracked 
| 151|0x0000000749f00000, 0x0000000749f00000, 0x000000074a000000|  0%| F|  |TAMS 0x0000000749f00000, 0x0000000749f00000| Untracked 
| 152|0x000000074a000000, 0x000000074a000000, 0x000000074a100000|  0%| F|  |TAMS 0x000000074a000000, 0x000000074a000000| Untracked 
| 153|0x000000074a100000, 0x000000074a100000, 0x000000074a200000|  0%| F|  |TAMS 0x000000074a100000, 0x000000074a100000| Untracked 
| 154|0x000000074a200000, 0x000000074a200000, 0x000000074a300000|  0%| F|  |TAMS 0x000000074a200000, 0x000000074a200000| Untracked 
| 155|0x000000074a300000, 0x000000074a300000, 0x000000074a400000|  0%| F|  |TAMS 0x000000074a300000, 0x000000074a300000| Untracked 
| 156|0x000000074a400000, 0x000000074a400000, 0x000000074a500000|  0%| F|  |TAMS 0x000000074a400000, 0x000000074a400000| Untracked 
| 157|0x000000074a500000, 0x000000074a500000, 0x000000074a600000|  0%| F|  |TAMS 0x000000074a500000, 0x000000074a500000| Untracked 
| 158|0x000000074a600000, 0x000000074a600000, 0x000000074a700000|  0%| F|  |TAMS 0x000000074a600000, 0x000000074a600000| Untracked 
| 159|0x000000074a700000, 0x000000074a700000, 0x000000074a800000|  0%| F|  |TAMS 0x000000074a700000, 0x000000074a700000| Untracked 
| 160|0x000000074a800000, 0x000000074a800000, 0x000000074a900000|  0%| F|  |TAMS 0x000000074a800000, 0x000000074a800000| Untracked 
| 161|0x000000074a900000, 0x000000074a900000, 0x000000074aa00000|  0%| F|  |TAMS 0x000000074a900000, 0x000000074a900000| Untracked 
| 162|0x000000074aa00000, 0x000000074aa00000, 0x000000074ab00000|  0%| F|  |TAMS 0x000000074aa00000, 0x000000074aa00000| Untracked 
| 163|0x000000074ab00000, 0x000000074ab00000, 0x000000074ac00000|  0%| F|  |TAMS 0x000000074ab00000, 0x000000074ab00000| Untracked 
| 164|0x000000074ac00000, 0x000000074ac00000, 0x000000074ad00000|  0%| F|  |TAMS 0x000000074ac00000, 0x000000074ac00000| Untracked 
| 165|0x000000074ad00000, 0x000000074ad00000, 0x000000074ae00000|  0%| F|  |TAMS 0x000000074ad00000, 0x000000074ad00000| Untracked 
| 166|0x000000074ae00000, 0x000000074ae00000, 0x000000074af00000|  0%| F|  |TAMS 0x000000074ae00000, 0x000000074ae00000| Untracked 
| 167|0x000000074af00000, 0x000000074af00000, 0x000000074b000000|  0%| F|  |TAMS 0x000000074af00000, 0x000000074af00000| Untracked 
| 168|0x000000074b000000, 0x000000074b000000, 0x000000074b100000|  0%| F|  |TAMS 0x000000074b000000, 0x000000074b000000| Untracked 
| 169|0x000000074b100000, 0x000000074b100000, 0x000000074b200000|  0%| F|  |TAMS 0x000000074b100000, 0x000000074b100000| Untracked 
| 170|0x000000074b200000, 0x000000074b200000, 0x000000074b300000|  0%| F|  |TAMS 0x000000074b200000, 0x000000074b200000| Untracked 
| 171|0x000000074b300000, 0x000000074b300000, 0x000000074b400000|  0%| F|  |TAMS 0x000000074b300000, 0x000000074b300000| Untracked 
| 172|0x000000074b400000, 0x000000074b400000, 0x000000074b500000|  0%| F|  |TAMS 0x000000074b400000, 0x000000074b400000| Untracked 
| 173|0x000000074b500000, 0x000000074b500000, 0x000000074b600000|  0%| F|  |TAMS 0x000000074b500000, 0x000000074b500000| Untracked 
| 174|0x000000074b600000, 0x000000074b600000, 0x000000074b700000|  0%| F|  |TAMS 0x000000074b600000, 0x000000074b600000| Untracked 
| 175|0x000000074b700000, 0x000000074b700000, 0x000000074b800000|  0%| F|  |TAMS 0x000000074b700000, 0x000000074b700000| Untracked 
| 176|0x000000074b800000, 0x000000074b800000, 0x000000074b900000|  0%| F|  |TAMS 0x000000074b800000, 0x000000074b800000| Untracked 
| 177|0x000000074b900000, 0x000000074b900000, 0x000000074ba00000|  0%| F|  |TAMS 0x000000074b900000, 0x000000074b900000| Untracked 
| 178|0x000000074ba00000, 0x000000074ba00000, 0x000000074bb00000|  0%| F|  |TAMS 0x000000074ba00000, 0x000000074ba00000| Untracked 
| 179|0x000000074bb00000, 0x000000074bb00000, 0x000000074bc00000|  0%| F|  |TAMS 0x000000074bb00000, 0x000000074bb00000| Untracked 
| 180|0x000000074bc00000, 0x000000074bc00000, 0x000000074bd00000|  0%| F|  |TAMS 0x000000074bc00000, 0x000000074bc00000| Untracked 
| 181|0x000000074bd00000, 0x000000074bd00000, 0x000000074be00000|  0%| F|  |TAMS 0x000000074bd00000, 0x000000074bd00000| Untracked 
| 182|0x000000074be00000, 0x000000074be00000, 0x000000074bf00000|  0%| F|  |TAMS 0x000000074be00000, 0x000000074be00000| Untracked 
| 183|0x000000074bf00000, 0x000000074bf00000, 0x000000074c000000|  0%| F|  |TAMS 0x000000074bf00000, 0x000000074bf00000| Untracked 
| 184|0x000000074c000000, 0x000000074c000000, 0x000000074c100000|  0%| F|  |TAMS 0x000000074c000000, 0x000000074c000000| Untracked 
| 185|0x000000074c100000, 0x000000074c100000, 0x000000074c200000|  0%| F|  |TAMS 0x000000074c100000, 0x000000074c100000| Untracked 
| 186|0x000000074c200000, 0x000000074c200000, 0x000000074c300000|  0%| F|  |TAMS 0x000000074c200000, 0x000000074c200000| Untracked 
| 187|0x000000074c300000, 0x000000074c300000, 0x000000074c400000|  0%| F|  |TAMS 0x000000074c300000, 0x000000074c300000| Untracked 
| 188|0x000000074c400000, 0x000000074c480800, 0x000000074c500000| 50%| E|  |TAMS 0x000000074c400000, 0x000000074c400000| Complete 
| 189|0x000000074c500000, 0x000000074c600000, 0x000000074c600000|100%| E|CS|TAMS 0x000000074c500000, 0x000000074c500000| Complete 
| 190|0x000000074c600000, 0x000000074c700000, 0x000000074c700000|100%| E|CS|TAMS 0x000000074c600000, 0x000000074c600000| Complete 
| 191|0x000000074c700000, 0x000000074c800000, 0x000000074c800000|100%| E|CS|TAMS 0x000000074c700000, 0x000000074c700000| Complete 
| 192|0x000000074c800000, 0x000000074c900000, 0x000000074c900000|100%| E|CS|TAMS 0x000000074c800000, 0x000000074c800000| Complete 
| 193|0x000000074c900000, 0x000000074ca00000, 0x000000074ca00000|100%| E|CS|TAMS 0x000000074c900000, 0x000000074c900000| Complete 
| 194|0x000000074ca00000, 0x000000074cb00000, 0x000000074cb00000|100%| E|CS|TAMS 0x000000074ca00000, 0x000000074ca00000| Complete 
| 195|0x000000074cb00000, 0x000000074cc00000, 0x000000074cc00000|100%| E|CS|TAMS 0x000000074cb00000, 0x000000074cb00000| Complete 
| 196|0x000000074cc00000, 0x000000074cd00000, 0x000000074cd00000|100%| E|CS|TAMS 0x000000074cc00000, 0x000000074cc00000| Complete 
| 197|0x000000074cd00000, 0x000000074ce00000, 0x000000074ce00000|100%| E|CS|TAMS 0x000000074cd00000, 0x000000074cd00000| Complete 
| 198|0x000000074ce00000, 0x000000074cf00000, 0x000000074cf00000|100%| E|CS|TAMS 0x000000074ce00000, 0x000000074ce00000| Complete 
| 199|0x000000074cf00000, 0x000000074d000000, 0x000000074d000000|100%| E|CS|TAMS 0x000000074cf00000, 0x000000074cf00000| Complete 
| 200|0x000000074d000000, 0x000000074d100000, 0x000000074d100000|100%| E|CS|TAMS 0x000000074d000000, 0x000000074d000000| Complete 
| 201|0x000000074d100000, 0x000000074d200000, 0x000000074d200000|100%| E|CS|TAMS 0x000000074d100000, 0x000000074d100000| Complete 
| 202|0x000000074d200000, 0x000000074d300000, 0x000000074d300000|100%| E|CS|TAMS 0x000000074d200000, 0x000000074d200000| Complete 
| 203|0x000000074d300000, 0x000000074d400000, 0x000000074d400000|100%| E|CS|TAMS 0x000000074d300000, 0x000000074d300000| Complete 
| 204|0x000000074d400000, 0x000000074d500000, 0x000000074d500000|100%| E|CS|TAMS 0x000000074d400000, 0x000000074d400000| Complete 
| 205|0x000000074d500000, 0x000000074d600000, 0x000000074d600000|100%| E|CS|TAMS 0x000000074d500000, 0x000000074d500000| Complete 
| 206|0x000000074d600000, 0x000000074d700000, 0x000000074d700000|100%| E|CS|TAMS 0x000000074d600000, 0x000000074d600000| Complete 
| 207|0x000000074d700000, 0x000000074d800000, 0x000000074d800000|100%| E|CS|TAMS 0x000000074d700000, 0x000000074d700000| Complete 
| 208|0x000000074d800000, 0x000000074d900000, 0x000000074d900000|100%| E|CS|TAMS 0x000000074d800000, 0x000000074d800000| Complete 
| 209|0x000000074d900000, 0x000000074da00000, 0x000000074da00000|100%| E|CS|TAMS 0x000000074d900000, 0x000000074d900000| Complete 
| 210|0x000000074da00000, 0x000000074db00000, 0x000000074db00000|100%| E|CS|TAMS 0x000000074da00000, 0x000000074da00000| Complete 
| 211|0x000000074db00000, 0x000000074dc00000, 0x000000074dc00000|100%| E|CS|TAMS 0x000000074db00000, 0x000000074db00000| Complete 
| 212|0x000000074dc00000, 0x000000074dd00000, 0x000000074dd00000|100%| E|CS|TAMS 0x000000074dc00000, 0x000000074dc00000| Complete 
| 213|0x000000074dd00000, 0x000000074de00000, 0x000000074de00000|100%| E|CS|TAMS 0x000000074dd00000, 0x000000074dd00000| Complete 
| 214|0x000000074de00000, 0x000000074df00000, 0x000000074df00000|100%| E|CS|TAMS 0x000000074de00000, 0x000000074de00000| Complete 
| 215|0x000000074df00000, 0x000000074e000000, 0x000000074e000000|100%| E|CS|TAMS 0x000000074df00000, 0x000000074df00000| Complete 
| 216|0x000000074e000000, 0x000000074e100000, 0x000000074e100000|100%| E|CS|TAMS 0x000000074e000000, 0x000000074e000000| Complete 
| 217|0x000000074e100000, 0x000000074e200000, 0x000000074e200000|100%| E|CS|TAMS 0x000000074e100000, 0x000000074e100000| Complete 
| 218|0x000000074e200000, 0x000000074e300000, 0x000000074e300000|100%| E|CS|TAMS 0x000000074e200000, 0x000000074e200000| Complete 
| 219|0x000000074e300000, 0x000000074e400000, 0x000000074e400000|100%| E|CS|TAMS 0x000000074e300000, 0x000000074e300000| Complete 
| 220|0x000000074e400000, 0x000000074e500000, 0x000000074e500000|100%| E|CS|TAMS 0x000000074e400000, 0x000000074e400000| Complete 
| 221|0x000000074e500000, 0x000000074e600000, 0x000000074e600000|100%| E|CS|TAMS 0x000000074e500000, 0x000000074e500000| Complete 
| 222|0x000000074e600000, 0x000000074e700000, 0x000000074e700000|100%| E|CS|TAMS 0x000000074e600000, 0x000000074e600000| Complete 
| 223|0x000000074e700000, 0x000000074e800000, 0x000000074e800000|100%| E|CS|TAMS 0x000000074e700000, 0x000000074e700000| Complete 
| 224|0x000000074e800000, 0x000000074e900000, 0x000000074e900000|100%| E|CS|TAMS 0x000000074e800000, 0x000000074e800000| Complete 
| 225|0x000000074e900000, 0x000000074ea00000, 0x000000074ea00000|100%| E|CS|TAMS 0x000000074e900000, 0x000000074e900000| Complete 
| 226|0x000000074ea00000, 0x000000074eb00000, 0x000000074eb00000|100%| E|CS|TAMS 0x000000074ea00000, 0x000000074ea00000| Complete 
| 227|0x000000074eb00000, 0x000000074ec00000, 0x000000074ec00000|100%| E|CS|TAMS 0x000000074eb00000, 0x000000074eb00000| Complete 
| 228|0x000000074ec00000, 0x000000074ed00000, 0x000000074ed00000|100%| E|CS|TAMS 0x000000074ec00000, 0x000000074ec00000| Complete 
| 229|0x000000074ed00000, 0x000000074ee00000, 0x000000074ee00000|100%| E|CS|TAMS 0x000000074ed00000, 0x000000074ed00000| Complete 
| 230|0x000000074ee00000, 0x000000074ef00000, 0x000000074ef00000|100%| E|CS|TAMS 0x000000074ee00000, 0x000000074ee00000| Complete 

Card table byte_map: [0x000002025b770000,0x000002025bd70000] _byte_map_base: 0x0000020257d6c000

Marking Bits (Prev, Next): (CMBitMap*) 0x0000020248694630, (CMBitMap*) 0x00000202486945f8
 Prev Bits: [0x000002025f350000, 0x0000020262330000)
 Next Bits: [0x000002025c370000, 0x000002025f350000)

Polling page: 0x0000020247e20000

Metaspace:

Usage:
  Non-class:     59.38 MB capacity,    58.82 MB (>99%) used,   458.99 KB ( <1%) free+waste,   117.69 KB ( <1%) overhead. 
      Class:      7.63 MB capacity,     7.29 MB ( 95%) used,   301.54 KB (  4%) free+waste,    50.81 KB ( <1%) overhead. 
       Both:     67.01 MB capacity,    66.10 MB ( 99%) used,   760.53 KB (  1%) free+waste,   168.50 KB ( <1%) overhead. 

Virtual space:
  Non-class space:       60.00 MB reserved,      59.50 MB (>99%) committed 
      Class space:        1.00 GB reserved,       7.75 MB ( <1%) committed 
             Both:        1.06 GB reserved,      67.25 MB (  6%) committed 

Chunk freelists:
   Non-Class:  59.00 KB
       Class:  25.00 KB
        Both:  84.00 KB

MaxMetaspaceSize: 17179869184.00 GB
CompressedClassSpaceSize: 1.00 GB
Initial GC threshold: 20.80 MB
Current GC threshold: 80.00 MB
CDS: off

CodeHeap 'non-profiled nmethods': size=120064Kb used=4887Kb max_used=4887Kb free=115176Kb
 bounds [0x0000020253c30000, 0x0000020254100000, 0x000002025b170000]
CodeHeap 'profiled nmethods': size=120000Kb used=30336Kb max_used=30336Kb free=89663Kb
 bounds [0x000002024c700000, 0x000002024e4b0000, 0x0000020253c30000]
CodeHeap 'non-nmethods': size=5696Kb used=1313Kb max_used=1368Kb free=4382Kb
 bounds [0x000002024c170000, 0x000002024c3e0000, 0x000002024c700000]
 total_blobs=10375 nmethods=9780 adapters=504
 compilation: enabled
              stopped_count=0, restarted_count=0
 full_count=0

Compilation events (20 events):
Event: 9.809 Thread 0x00000202650e7800 nmethod 9787 0x000002024e463a90 code [0x000002024e463ee0, 0x000002024e466088]
Event: 9.810 Thread 0x00000202650e7800 9788       3       org.jetbrains.kotlin.resolve.calls.checkers.VarargWrongExecutionOrderChecker::check (446 bytes)
Event: 9.815 Thread 0x00000202650e7800 nmethod 9788 0x000002024e466990 code [0x000002024e4670e0, 0x000002024e46b588]
Event: 9.815 Thread 0x00000202650e7800 9805       3       org.jetbrains.kotlin.resolve.lazy.descriptors.AbstractLazyMemberScope::getDeclaredFunctions (266 bytes)
Event: 9.817 Thread 0x00000202650e7800 nmethod 9805 0x000002024e46c910 code [0x000002024e46ce40, 0x000002024e46fc38]
Event: 9.817 Thread 0x00000202650e7800 9789       3       org.jetbrains.kotlin.resolve.calls.checkers.SelfCallInNestedObjectConstructorChecker::check (214 bytes)
Event: 9.819 Thread 0x00000202650e7800 nmethod 9789 0x000002024e470990 code [0x000002024e470ea0, 0x000002024e473958]
Event: 9.819 Thread 0x00000202650e7800 9793       3       org.jetbrains.kotlin.resolve.calls.checkers.ResolutionToPrivateConstructorOfSealedClassChecker::check (186 bytes)
Event: 9.820 Thread 0x00000202650e7800 nmethod 9793 0x000002024e474490 code [0x000002024e4749e0, 0x000002024e4773d8]
Event: 9.820 Thread 0x00000202650e7800 9794       3       org.jetbrains.kotlin.resolve.calls.checkers.EqualityCallChecker::check (98 bytes)
Event: 9.822 Thread 0x00000202650e7800 nmethod 9794 0x000002024e478010 code [0x000002024e4783c0, 0x000002024e4799e8]
Event: 9.822 Thread 0x00000202650e7800 9795       3       org.jetbrains.kotlin.resolve.calls.checkers.UnsupportedUntilOperatorChecker::check (119 bytes)
Event: 9.823 Thread 0x00000202650e7800 nmethod 9795 0x000002024e47a110 code [0x000002024e47a560, 0x000002024e47c3c8]
Event: 9.823 Thread 0x00000202650e7800 9796       3       org.jetbrains.kotlin.resolve.calls.checkers.BuilderInferenceAssignmentChecker::check (453 bytes)
Event: 9.827 Thread 0x00000202650e7800 nmethod 9796 0x000002024e47cd90 code [0x000002024e47d5c0, 0x000002024e482108]
Event: 9.827 Thread 0x00000202650e7800 9797       3       org.jetbrains.kotlin.resolve.jvm.checkers.MissingBuiltInDeclarationChecker::check (176 bytes)
Event: 9.828 Thread 0x00000202650e7800 nmethod 9797 0x000002024e483910 code [0x000002024e483e60, 0x000002024e486818]
Event: 9.828 Thread 0x00000202650e7800 9798       3       org.jetbrains.kotlin.resolve.jvm.checkers.JavaAnnotationCallChecker::check (78 bytes)
Event: 9.829 Thread 0x00000202650e7800 nmethod 9798 0x000002024e487610 code [0x000002024e4879e0, 0x000002024e489218]
Event: 9.829 Thread 0x00000202650e7800 9800       3       org.jetbrains.kotlin.resolve.jvm.checkers.JavaClassOnCompanionChecker::check (336 bytes)

GC Heap History (16 events):
Event: 0.500 GC heap before
{Heap before GC invocations=0 (full 0):
 garbage-first heap   total 196608K, used 18432K [0x0000000740800000, 0x0000000800000000)
  region size 1024K, 14 young (14336K), 0 survivors (0K)
 Metaspace       used 9496K, capacity 9615K, committed 9856K, reserved 1058816K
  class space    used 782K, capacity 820K, committed 896K, reserved 1048576K
}
Event: 0.502 GC heap after
{Heap after GC invocations=1 (full 0):
 garbage-first heap   total 196608K, used 6247K [0x0000000740800000, 0x0000000800000000)
  region size 1024K, 2 young (2048K), 2 survivors (2048K)
 Metaspace       used 9496K, capacity 9615K, committed 9856K, reserved 1058816K
  class space    used 782K, capacity 820K, committed 896K, reserved 1048576K
}
Event: 1.513 GC heap before
{Heap before GC invocations=1 (full 0):
 garbage-first heap   total 196608K, used 54375K [0x0000000740800000, 0x0000000800000000)
  region size 1024K, 50 young (51200K), 2 survivors (2048K)
 Metaspace       used 20868K, capacity 21102K, committed 21248K, reserved 1069056K
  class space    used 2212K, capacity 2273K, committed 2304K, reserved 1048576K
}
Event: 1.523 GC heap after
{Heap after GC invocations=2 (full 0):
 garbage-first heap   total 196608K, used 10320K [0x0000000740800000, 0x0000000800000000)
  region size 1024K, 6 young (6144K), 6 survivors (6144K)
 Metaspace       used 20868K, capacity 21102K, committed 21248K, reserved 1069056K
  class space    used 2212K, capacity 2273K, committed 2304K, reserved 1048576K
}
Event: 2.599 GC heap before
{Heap before GC invocations=3 (full 0):
 garbage-first heap   total 196608K, used 67664K [0x0000000740800000, 0x0000000800000000)
  region size 1024K, 56 young (57344K), 6 survivors (6144K)
 Metaspace       used 33044K, capacity 33620K, committed 33792K, reserved 1079296K
  class space    used 4103K, capacity 4313K, committed 4352K, reserved 1048576K
}
Event: 2.612 GC heap after
{Heap after GC invocations=4 (full 0):
 garbage-first heap   total 196608K, used 23152K [0x0000000740800000, 0x0000000800000000)
  region size 1024K, 7 young (7168K), 7 survivors (7168K)
 Metaspace       used 33044K, capacity 33620K, committed 33792K, reserved 1079296K
  class space    used 4103K, capacity 4313K, committed 4352K, reserved 1048576K
}
Event: 2.773 GC heap before
{Heap before GC invocations=4 (full 0):
 garbage-first heap   total 196608K, used 30320K [0x0000000740800000, 0x0000000800000000)
  region size 1024K, 15 young (15360K), 7 survivors (7168K)
 Metaspace       used 34963K, capacity 35476K, committed 35584K, reserved 1081344K
  class space    used 4288K, capacity 4505K, committed 4608K, reserved 1048576K
}
Event: 2.783 GC heap after
{Heap after GC invocations=5 (full 0):
 garbage-first heap   total 196608K, used 24373K [0x0000000740800000, 0x0000000800000000)
  region size 1024K, 2 young (2048K), 2 survivors (2048K)
 Metaspace       used 34963K, capacity 35476K, committed 35584K, reserved 1081344K
  class space    used 4288K, capacity 4505K, committed 4608K, reserved 1048576K
}
Event: 4.093 GC heap before
{Heap before GC invocations=6 (full 0):
 garbage-first heap   total 196608K, used 89909K [0x0000000740800000, 0x0000000800000000)
  region size 1024K, 64 young (65536K), 2 survivors (2048K)
 Metaspace       used 48176K, capacity 48720K, committed 48896K, reserved 1091584K
  class space    used 5634K, capacity 5886K, committed 5888K, reserved 1048576K
}
Event: 4.104 GC heap after
{Heap after GC invocations=7 (full 0):
 garbage-first heap   total 196608K, used 30688K [0x0000000740800000, 0x0000000800000000)
  region size 1024K, 8 young (8192K), 8 survivors (8192K)
 Metaspace       used 48176K, capacity 48720K, committed 48896K, reserved 1091584K
  class space    used 5634K, capacity 5886K, committed 5888K, reserved 1048576K
}
Event: 5.774 GC heap before
{Heap before GC invocations=8 (full 0):
 garbage-first heap   total 196608K, used 126944K [0x0000000740800000, 0x0000000800000000)
  region size 1024K, 101 young (103424K), 8 survivors (8192K)
 Metaspace       used 57049K, capacity 57687K, committed 57984K, reserved 1099776K
  class space    used 6456K, capacity 6729K, committed 6784K, reserved 1048576K
}
Event: 5.797 GC heap after
{Heap after GC invocations=9 (full 0):
 garbage-first heap   total 236544K, used 41938K [0x0000000740800000, 0x0000000800000000)
  region size 1024K, 13 young (13312K), 13 survivors (13312K)
 Metaspace       used 57049K, capacity 57687K, committed 57984K, reserved 1099776K
  class space    used 6456K, capacity 6729K, committed 6784K, reserved 1048576K
}
Event: 6.199 GC heap before
{Heap before GC invocations=9 (full 0):
 garbage-first heap   total 236544K, used 66514K [0x0000000740800000, 0x0000000800000000)
  region size 1024K, 37 young (37888K), 13 survivors (13312K)
 Metaspace       used 57466K, capacity 58175K, committed 58240K, reserved 1101824K
  class space    used 6477K, capacity 6763K, committed 6784K, reserved 1048576K
}
Event: 6.216 GC heap after
{Heap after GC invocations=10 (full 0):
 garbage-first heap   total 236544K, used 48128K [0x0000000740800000, 0x0000000800000000)
  region size 1024K, 5 young (5120K), 5 survivors (5120K)
 Metaspace       used 57466K, capacity 58175K, committed 58240K, reserved 1101824K
  class space    used 6477K, capacity 6763K, committed 6784K, reserved 1048576K
}
Event: 8.284 GC heap before
{Heap before GC invocations=10 (full 0):
 garbage-first heap   total 236544K, used 130048K [0x0000000740800000, 0x0000000800000000)
  region size 1024K, 84 young (86016K), 5 survivors (5120K)
 Metaspace       used 65175K, capacity 65999K, committed 66176K, reserved 1107968K
  class space    used 7330K, capacity 7699K, committed 7808K, reserved 1048576K
}
Event: 8.296 GC heap after
{Heap after GC invocations=11 (full 0):
 garbage-first heap   total 236544K, used 55808K [0x0000000740800000, 0x0000000800000000)
  region size 1024K, 11 young (11264K), 11 survivors (11264K)
 Metaspace       used 65175K, capacity 65999K, committed 66176K, reserved 1107968K
  class space    used 7330K, capacity 7699K, committed 7808K, reserved 1048576K
}

Deoptimization events (20 events):
Event: 9.555 Thread 0x0000020248642800 Uncommon trap: trap_request=0xffffff4d fr.pc=0x00000202540b3680 relative=0x0000000000000220
Event: 9.555 Thread 0x0000020248642800 Uncommon trap: reason=unstable_if action=reinterpret pc=0x00000202540b3680 method=org.jetbrains.kotlin.types.TypeWithEnhancementKt.getEnhancement(Lorg/jetbrains/kotlin/types/KotlinType;)Lorg/jetbrains/kotlin/types/KotlinType; @ 10 c2
Event: 9.555 Thread 0x0000020248642800 DEOPT PACKING pc=0x00000202540b3680 sp=0x0000009e2e8f8e30
Event: 9.555 Thread 0x0000020248642800 DEOPT UNPACKING pc=0x000002024c1ba1af sp=0x0000009e2e8f8c80 mode 2
Event: 9.555 Thread 0x0000020248642800 Uncommon trap: trap_request=0xffffffc6 fr.pc=0x0000020253f9bc2c relative=0x00000000000000ec
Event: 9.555 Thread 0x0000020248642800 Uncommon trap: reason=bimorphic_or_optimized_type_check action=maybe_recompile pc=0x0000020253f9bc2c method=org.jetbrains.kotlin.types.KotlinTypeKt.isError(Lorg/jetbrains/kotlin/types/KotlinType;)Z @ 31 c2
Event: 9.555 Thread 0x0000020248642800 DEOPT PACKING pc=0x0000020253f9bc2c sp=0x0000009e2e8f8fb0
Event: 9.555 Thread 0x0000020248642800 DEOPT UNPACKING pc=0x000002024c1ba1af sp=0x0000009e2e8f8f38 mode 2
Event: 9.555 Thread 0x0000020248642800 Uncommon trap: trap_request=0xffffff4d fr.pc=0x000002025405b6e0 relative=0x0000000000000200
Event: 9.556 Thread 0x0000020248642800 Uncommon trap: reason=unstable_if action=reinterpret pc=0x000002025405b6e0 method=org.jetbrains.kotlin.types.TypeWithEnhancementKt.getEnhancement(Lorg/jetbrains/kotlin/types/KotlinType;)Lorg/jetbrains/kotlin/types/KotlinType; @ 10 c2
Event: 9.556 Thread 0x0000020248642800 DEOPT PACKING pc=0x000002025405b6e0 sp=0x0000009e2e8f8da0
Event: 9.556 Thread 0x0000020248642800 DEOPT UNPACKING pc=0x000002024c1ba1af sp=0x0000009e2e8f8c68 mode 2
Event: 9.558 Thread 0x0000020248642800 Uncommon trap: trap_request=0xffffffc6 fr.pc=0x0000020253f9bc2c relative=0x00000000000000ec
Event: 9.558 Thread 0x0000020248642800 Uncommon trap: reason=bimorphic_or_optimized_type_check action=maybe_recompile pc=0x0000020253f9bc2c method=org.jetbrains.kotlin.types.KotlinTypeKt.isError(Lorg/jetbrains/kotlin/types/KotlinType;)Z @ 31 c2
Event: 9.558 Thread 0x0000020248642800 DEOPT PACKING pc=0x0000020253f9bc2c sp=0x0000009e2e8f8e40
Event: 9.558 Thread 0x0000020248642800 DEOPT UNPACKING pc=0x000002024c1ba1af sp=0x0000009e2e8f8dc8 mode 2
Event: 9.558 Thread 0x0000020248642800 Uncommon trap: trap_request=0xffffffc6 fr.pc=0x0000020253f9bc2c relative=0x00000000000000ec
Event: 9.558 Thread 0x0000020248642800 Uncommon trap: reason=bimorphic_or_optimized_type_check action=maybe_recompile pc=0x0000020253f9bc2c method=org.jetbrains.kotlin.types.KotlinTypeKt.isError(Lorg/jetbrains/kotlin/types/KotlinType;)Z @ 31 c2
Event: 9.558 Thread 0x0000020248642800 DEOPT PACKING pc=0x0000020253f9bc2c sp=0x0000009e2e8f9100
Event: 9.558 Thread 0x0000020248642800 DEOPT UNPACKING pc=0x000002024c1ba1af sp=0x0000009e2e8f9088 mode 2

Classes redefined (0 events):
No events

Internal exceptions (20 events):
Event: 5.810 Thread 0x0000020248642800 Implicit null exception at 0x0000020253cda975 to 0x0000020253cdab60
Event: 6.169 Thread 0x0000020248642800 Exception <a 'java/lang/NoSuchMethodError'{0x000000074d832be8}: 'int java.lang.invoke.DirectMethodHandle$Holder.invokeInterface(java.lang.Object, java.lang.Object)'> (0x000000074d832be8) thrown at [src/hotspot/share/interpreter/linkResolver.cpp, line 773]
Event: 6.356 Thread 0x0000020248642800 Exception <a 'java/lang/NoSuchMethodError'{0x000000074d7f0098}: 'java.lang.Object java.lang.invoke.Invokers$Holder.linkToTargetMethod(java.lang.Object, java.lang.Object, java.lang.Object, int, int, java.lang.Object)'> (0x000000074d7f0098) thrown at [src/hotspot/share/interpreter/linkResolver.cpp, line 773]
Event: 6.371 Thread 0x0000020248642800 Implicit null exception at 0x0000020253e5b9b3 to 0x0000020253e5bd90
Event: 6.391 Thread 0x0000020248642800 Implicit null exception at 0x0000020253d6e2cc to 0x0000020253d6e3b4
Event: 6.403 Thread 0x0000020248642800 Exception <a 'java/lang/NoSuchMethodError'{0x000000074d033208}: 'int java.lang.invoke.DirectMethodHandle$Holder.invokeStaticInit(java.lang.Object, int)'> (0x000000074d033208) thrown at [src/hotspot/share/interpreter/linkResolver.cpp, line 773]
Event: 6.547 Thread 0x0000020248642800 Exception <a 'java/lang/NoSuchMethodError'{0x000000074cc09840}: 'java.lang.Object java.lang.invoke.DirectMethodHandle$Holder.invokeInterface(java.lang.Object, java.lang.Object, java.lang.Object)'> (0x000000074cc09840) thrown at [src/hotspot/share/interpreter/linkResolver.cpp, line 773]
Event: 6.547 Thread 0x0000020248642800 Exception <a 'java/lang/IncompatibleClassChangeError'{0x000000074cc0cd18}: Found class java.lang.Object, but interface was expected> (0x000000074cc0cd18) thrown at [src/hotspot/share/interpreter/linkResolver.cpp, line 839]
Event: 6.604 Thread 0x0000020248642800 Exception <a 'java/lang/NoSuchMethodError'{0x000000074c9322a8}: 'java.lang.Object java.lang.invoke.DirectMethodHandle$Holder.invokeStatic(java.lang.Object, int, java.lang.Object, java.lang.Object)'> (0x000000074c9322a8) thrown at [src/hotspot/share/interpreter/linkResolver.cpp, line 773]
Event: 6.605 Thread 0x0000020248642800 Exception <a 'java/lang/NoSuchMethodError'{0x000000074c93a0c0}: 'java.lang.Object java.lang.invoke.DirectMethodHandle$Holder.invokeStatic(java.lang.Object, int, java.lang.Object)'> (0x000000074c93a0c0) thrown at [src/hotspot/share/interpreter/linkResolver.cpp, line 773]
Event: 6.618 Thread 0x0000020248642800 Exception <a 'java/lang/NoSuchMethodError'{0x000000074c994428}: 'java.lang.Object java.lang.invoke.Invokers$Holder.linkToTargetMethod(java.lang.Object, java.lang.Object, java.lang.Object, java.lang.Object, java.lang.Object, java.lang.Object, java.lang.Object)'> (0x000000074c994428) thrown at [src/hotspot/share/interpreter/linkResolver.cpp, line 773]
Event: 6.832 Thread 0x0000020248642800 Exception <a 'java/lang/NoSuchMethodError'{0x000000074c355290}: 'int java.lang.invoke.DirectMethodHandle$Holder.invokeVirtual(java.lang.Object, java.lang.Object, java.lang.Object)'> (0x000000074c355290) thrown at [src/hotspot/share/interpreter/linkResolver.cpp, line 773]
Event: 6.937 Thread 0x0000020248642800 Exception <a 'java/lang/NoSuchMethodError'{0x000000074c0d28b8}: 'java.lang.Object java.lang.invoke.DirectMethodHandle$Holder.invokeSpecial(java.lang.Object, java.lang.Object, java.lang.Object, java.lang.Object, java.lang.Object, int)'> (0x000000074c0d28b8) thrown at [src/hotspot/share/interpreter/linkResolver.cpp, line 773]
Event: 6.937 Thread 0x0000020248642800 Exception <a 'java/lang/NoSuchMethodError'{0x000000074c0d6ef8}: 'java.lang.Object java.lang.invoke.Invokers$Holder.linkToTargetMethod(java.lang.Object, java.lang.Object, java.lang.Object, int, java.lang.Object)'> (0x000000074c0d6ef8) thrown at [src/hotspot/share/interpreter/linkResolver.cpp, line 773]
Event: 6.990 Thread 0x0000020248642800 Exception <a 'java/lang/NoSuchMethodError'{0x000000074be9aed8}: 'void java.lang.invoke.DirectMethodHandle$Holder.invokeInterface(java.lang.Object, java.lang.Object)'> (0x000000074be9aed8) thrown at [src/hotspot/share/interpreter/linkResolver.cpp, line 773]
Event: 7.102 Thread 0x0000020248642800 Exception <a 'java/lang/IncompatibleClassChangeError'{0x000000074bacf2b8}: Found class java.lang.Object, but interface was expected> (0x000000074bacf2b8) thrown at [src/hotspot/share/interpreter/linkResolver.cpp, line 839]
Event: 7.332 Thread 0x0000020248642800 Implicit null exception at 0x0000020253f7aa6a to 0x0000020253f7e2dc
Event: 8.389 Thread 0x0000020248642800 Exception <a 'java/lang/NoSuchMethodError'{0x000000074ecece98}: 'java.lang.Object java.lang.invoke.DirectMethodHandle$Holder.invokeSpecial(java.lang.Object, java.lang.Object, int, java.lang.Object, java.lang.Object)'> (0x000000074ecece98) thrown at [src/hotspot/share/interpreter/linkResolver.cpp, line 773]
Event: 9.005 Thread 0x0000020248642800 Implicit null exception at 0x0000020253c8ccf5 to 0x0000020253c8cee4
Event: 9.007 Thread 0x0000020248642800 Implicit null exception at 0x0000020253c9502f to 0x0000020253c950a9

Events (20 events):
Event: 9.533 loading class org/jetbrains/kotlin/load/java/SpecialGenericSignatures$SpecialSignatureInfo
Event: 9.533 loading class org/jetbrains/kotlin/load/java/SpecialGenericSignatures$SpecialSignatureInfo done
Event: 9.534 loading class org/jetbrains/kotlin/load/java/BuiltinMethodsWithSpecialGenericSignature$getOverriddenBuiltinFunctionWithErasedValueParametersInJava$1
Event: 9.534 loading class org/jetbrains/kotlin/load/java/BuiltinMethodsWithSpecialGenericSignature$getOverriddenBuiltinFunctionWithErasedValueParametersInJava$1 done
Event: 9.536 loading class org/jetbrains/kotlin/load/java/SpecialBuiltinMembers$getOverriddenSpecialBuiltin$2
Event: 9.536 loading class org/jetbrains/kotlin/load/java/SpecialBuiltinMembers$getOverriddenSpecialBuiltin$2 done
Event: 9.543 loading class org/jetbrains/kotlin/load/java/SpecialBuiltinMembers$getOverriddenBuiltinReflectingJvmDescriptor$2
Event: 9.543 loading class org/jetbrains/kotlin/load/java/SpecialBuiltinMembers$getOverriddenBuiltinReflectingJvmDescriptor$2 done
Event: 9.571 Executing VM operation: ICBufferFull
Event: 9.571 Executing VM operation: ICBufferFull done
Event: 9.631 loading class org/jetbrains/kotlin/com/intellij/util/keyFMap/MapBackedFMap$1
Event: 9.631 loading class org/jetbrains/kotlin/com/intellij/util/keyFMap/MapBackedFMap$1 done
Event: 9.718 Executing VM operation: ICBufferFull
Event: 9.718 Executing VM operation: ICBufferFull done
Event: 9.773 loading class org/jetbrains/kotlin/resolve/descriptorUtil/AnnotationsWithOnly
Event: 9.773 loading class org/jetbrains/kotlin/resolve/descriptorUtil/AnnotationsWithOnly done
Event: 9.782 Executing VM operation: ICBufferFull
Event: 9.783 Executing VM operation: ICBufferFull done
Event: 9.787 loading class org/jetbrains/kotlin/resolve/calls/checkers/UselessElvisCallChecker$check$1
Event: 9.787 loading class org/jetbrains/kotlin/resolve/calls/checkers/UselessElvisCallChecker$check$1 done


Dynamic libraries:
0x00007ff7bc440000 - 0x00007ff7bc44a000 	C:\Program Files\Android\Android Studio\jbr\bin\java.exe
0x00007ffe84eb0000 - 0x00007ffe850a8000 	C:\Windows\SYSTEM32\ntdll.dll
0x00007ffe83760000 - 0x00007ffe8381f000 	C:\Windows\System32\KERNEL32.DLL
0x00007ffe828c0000 - 0x00007ffe82bb6000 	C:\Windows\System32\KERNELBASE.dll
0x00007ffe82e10000 - 0x00007ffe82f10000 	C:\Windows\System32\ucrtbase.dll
0x00007ffe7d9b0000 - 0x00007ffe7d9cb000 	C:\Program Files\Android\Android Studio\jbr\bin\VCRUNTIME140.dll
0x00007ffe74f70000 - 0x00007ffe74f87000 	C:\Program Files\Android\Android Studio\jbr\bin\jli.dll
0x00007ffe841a0000 - 0x00007ffe8433d000 	C:\Windows\System32\USER32.dll
0x00007ffe75590000 - 0x00007ffe7582a000 	C:\Windows\WinSxS\amd64_microsoft.windows.common-controls_6595b64144ccf1df_6.0.19041.1110_none_60b5254171f9507e\COMCTL32.dll
0x00007ffe82890000 - 0x00007ffe828b2000 	C:\Windows\System32\win32u.dll
0x00007ffe84dd0000 - 0x00007ffe84e6e000 	C:\Windows\System32\msvcrt.dll
0x00007ffe83690000 - 0x00007ffe836bc000 	C:\Windows\System32\GDI32.dll
0x00007ffe82590000 - 0x00007ffe826a5000 	C:\Windows\System32\gdi32full.dll
0x00007ffe82740000 - 0x00007ffe827dd000 	C:\Windows\System32\msvcp_win.dll
0x00007ffe84170000 - 0x00007ffe841a0000 	C:\Windows\System32\IMM32.DLL
0x00007ffe74f60000 - 0x00007ffe74f6c000 	C:\Program Files\Android\Android Studio\jbr\bin\vcruntime140_1.dll
0x00007ffe525a0000 - 0x00007ffe5262d000 	C:\Program Files\Android\Android Studio\jbr\bin\msvcp140.dll
0x00007ffe22240000 - 0x00007ffe22dfc000 	C:\Program Files\Android\Android Studio\jbr\bin\server\jvm.dll
0x00007ffe84c40000 - 0x00007ffe84cef000 	C:\Windows\System32\ADVAPI32.dll
0x00007ffe836c0000 - 0x00007ffe8375c000 	C:\Windows\System32\sechost.dll
0x00007ffe84b10000 - 0x00007ffe84c36000 	C:\Windows\System32\RPCRT4.dll
0x00007ffe83680000 - 0x00007ffe83688000 	C:\Windows\System32\PSAPI.DLL
0x00007ffe77b60000 - 0x00007ffe77b69000 	C:\Windows\SYSTEM32\WSOCK32.dll
0x00007ffe77180000 - 0x00007ffe771a7000 	C:\Windows\SYSTEM32\WINMM.dll
0x00007ffe7bda0000 - 0x00007ffe7bdaa000 	C:\Windows\SYSTEM32\VERSION.dll
0x00007ffe83db0000 - 0x00007ffe83e1b000 	C:\Windows\System32\WS2_32.dll
0x00007ffe80440000 - 0x00007ffe80452000 	C:\Windows\SYSTEM32\kernel.appcore.dll
0x00007ffe77b50000 - 0x00007ffe77b60000 	C:\Program Files\Android\Android Studio\jbr\bin\verify.dll
0x00007ffe6adf0000 - 0x00007ffe6afd4000 	C:\Windows\SYSTEM32\DBGHELP.DLL
0x00007ffe6a9b0000 - 0x00007ffe6a9e4000 	C:\Windows\SYSTEM32\dbgcore.DLL
0x00007ffe826b0000 - 0x00007ffe82732000 	C:\Windows\System32\bcryptPrimitives.dll
0x00007ffe5d0a0000 - 0x00007ffe5d0c8000 	C:\Program Files\Android\Android Studio\jbr\bin\java.dll
0x00007ffe779f0000 - 0x00007ffe779fa000 	C:\Program Files\Android\Android Studio\jbr\bin\jimage.dll
0x00007ffe5cb90000 - 0x00007ffe5cba8000 	C:\Program Files\Android\Android Studio\jbr\bin\zip.dll
0x00007ffe843c0000 - 0x00007ffe84b04000 	C:\Windows\System32\SHELL32.dll
0x00007ffe80640000 - 0x00007ffe80dd3000 	C:\Windows\SYSTEM32\windows.storage.dll
0x00007ffe82f80000 - 0x00007ffe832d4000 	C:\Windows\System32\combase.dll
0x00007ffe81fe0000 - 0x00007ffe8200e000 	C:\Windows\SYSTEM32\Wldp.dll
0x00007ffe83d00000 - 0x00007ffe83dad000 	C:\Windows\System32\SHCORE.dll
0x00007ffe82f10000 - 0x00007ffe82f65000 	C:\Windows\System32\shlwapi.dll
0x00007ffe824d0000 - 0x00007ffe824ef000 	C:\Windows\SYSTEM32\profapi.dll
0x00007ffe5cad0000 - 0x00007ffe5cae9000 	C:\Program Files\Android\Android Studio\jbr\bin\net.dll
0x00007ffe7a3e0000 - 0x00007ffe7a4ea000 	C:\Windows\SYSTEM32\WINHTTP.dll
0x00007ffe81d40000 - 0x00007ffe81daa000 	C:\Windows\system32\mswsock.dll
0x00007ffe5c640000 - 0x00007ffe5c653000 	C:\Program Files\Android\Android Studio\jbr\bin\nio.dll

dbghelp: loaded successfully - version: 4.0.5 - missing functions: none
symbol engine: initialized successfully - sym options: 0x614 - pdb path: .;C:\Program Files\Android\Android Studio\jbr\bin;C:\Windows\SYSTEM32;C:\Windows\WinSxS\amd64_microsoft.windows.common-controls_6595b64144ccf1df_6.0.19041.1110_none_60b5254171f9507e;C:\Program Files\Android\Android Studio\jbr\bin\server

VM Arguments:
java_command: org.jetbrains.kotlin.cli.jvm.K2JVMCompiler @C:\Users\Kelvin Agusto\Documents\Materi Perkuliahan\Semester 4\Mobile Programming 2\UAS Mobile 2\UAS_CRUD_202101251016\app\build\20230707_4702359553669118358.compiler.options
java_class_path (initial): C:\sdk\caches\modules-2\files-2.1\org.jetbrains.kotlin\kotlin-compiler-embeddable\1.8.0\eb9118d4bcceaa2a94b2ae2a33a4ddba7c9a947f\kotlin-compiler-embeddable-1.8.0.jar;C:\sdk\caches\modules-2\files-2.1\org.jetbrains.kotlin\kotlin-stdlib\1.8.0\1796921c7a3e2e2665a83e6c8d33399336cd39bc\kotlin-stdlib-1.8.0.jar;C:\sdk\caches\modules-2\files-2.1\org.jetbrains.kotlin\kotlin-script-runtime\1.8.0\b2f7e760d283cb339974851c222a4c1d48f2d3d\kotlin-script-runtime-1.8.0.jar;C:\sdk\caches\modules-2\files-2.1\org.jetbrains.kotlin\kotlin-reflect\1.6.10\1cbe9c92c12a94eea200d23c2bbaedaf3daf5132\kotlin-reflect-1.6.10.jar;C:\sdk\caches\modules-2\files-2.1\org.jetbrains.kotlin\kotlin-daemon-embeddable\1.8.0\d255216c551685dc3a7e852b53617f5f01aaaa5c\kotlin-daemon-embeddable-1.8.0.jar;C:\sdk\caches\modules-2\files-2.1\org.jetbrains.intellij.deps\trove4j\1.0.20200330\3afb14d5f9ceb459d724e907a21145e8ff394f02\trove4j-1.0.20200330.jar;C:\sdk\caches\modules-2\files-2.1\net.java.dev.jna\jna\5.6.0\330f2244e9030119ab3030fc3fededc86713d9cc\jna-5.6.0.jar;C:\sdk\caches\modules-2\files-2.1\org.jetbrains.kotlin\kotlin-stdlib-common\1.8.0\f7197e7cc76453ac59f8b0f8d5137cc600becd36\kotlin-stdlib-common-1.8.0.jar;C:\sdk\caches\modules-2\files-2.1\org.jetbrains\annotations\13.0\919f0dfe192fb4e063e7dacadee7f8bb9a2672a9\annotations-13.0.jar
Launcher Type: SUN_STANDARD

[Global flags]
     intx CICompilerCount                          = 3                                         {product} {ergonomic}
     uint ConcGCThreads                            = 1                                         {product} {ergonomic}
     uint G1ConcRefinementThreads                  = 4                                         {product} {ergonomic}
   size_t G1HeapRegionSize                         = 1048576                                   {product} {ergonomic}
    uintx GCDrainStackTargetSize                   = 64                                        {product} {ergonomic}
   size_t InitialHeapSize                          = 201326592                                 {product} {ergonomic}
   size_t MarkStackSize                            = 4194304                                   {product} {ergonomic}
   size_t MaxHeapSize                              = 3212836864                                {product} {ergonomic}
   size_t MaxNewSize                               = 1927282688                                {product} {ergonomic}
   size_t MinHeapDeltaBytes                        = 1048576                                   {product} {ergonomic}
    uintx NonNMethodCodeHeapSize                   = 5830732                                {pd product} {ergonomic}
    uintx NonProfiledCodeHeapSize                  = 122913754                              {pd product} {ergonomic}
    uintx ProfiledCodeHeapSize                     = 122913754                              {pd product} {ergonomic}
    uintx ReservedCodeCacheSize                    = 251658240                              {pd product} {ergonomic}
     bool SegmentedCodeCache                       = true                                      {product} {ergonomic}
     bool UseCompressedClassPointers               = true                                 {lp64_product} {ergonomic}
     bool UseCompressedOops                        = true                                 {lp64_product} {ergonomic}
     bool UseG1GC                                  = true                                      {product} {ergonomic}
     bool UseLargePagesIndividualAllocation        = false                                  {pd product} {ergonomic}

Logging:
Log output configuration:
 #0: stdout all=warning uptime,level,tags
 #1: stderr all=off uptime,level,tags

Environment Variables:
PATH=C:\Program Files\Common Files\Oracle\Java\javapath;C:\Program Files\Eclipse Adoptium\jdk-11.0.14.101-hotspot\bin;C:\Program Files (x86)\Common Files\Intel\Shared Libraries\redist\intel64\compiler;C:\Windows\system32;C:\Windows;C:\Windows\System32\Wbem;C:\Windows\System32\WindowsPowerShell\v1.0\;C:\Windows\System32\OpenSSH\;C:\Program Files (x86)\NVIDIA Corporation\PhysX\Common;C:\Program Files\NVIDIA Corporation\NVIDIA NvDLISR;C:\Windows\system32;C:\Windows;C:\Windows\System32\Wbem;C:\Windows\System32\WindowsPowerShell\v1.0\;C:\Windows\System32\OpenSSH\;C:\Program Files\Eclipse Adoptium\jdk-11.0.14.101-hotspot\bin;D:\APK Program\Git\cmd;C:\Program Files\Java\jdk-18.0.1.1\bin;D:\APK Program\IBM\JRE\bin;c:\Program Files (x86)\Microsoft SQL Server\100\Tools\Binn\;c:\Program Files\Microsoft SQL Server\100\Tools\Binn\;c:\Program Files\Microsoft SQL Server\100\DTS\Binn\;c:\Program Files (x86)\Microsoft SQL Server\100\Tools\Binn\VSShell\Common7\IDE\;c:\Program Files (x86)\Microsoft SQL Server\100\DTS\Binn\;C:\xampp\php;C:\ProgramData\ComposerSetup\bin;C:\Users\Kelvin Agusto\AppData\Local\Microsoft\WindowsApps;D:\windows\Microsoft VS Code\bin;C:\Users\Kelvin Agusto\AppData\Roaming\npm;C:\Users\Kelvin Agusto\AppData\Local\Programs\Microsoft VS Code\bin;C:\Users\Kelvin Agusto\AppData\Roaming\Composer\vendor\bin
USERNAME=Kelvin Agusto
OS=Windows_NT
PROCESSOR_IDENTIFIER=Intel64 Family 6 Model 58 Stepping 9, GenuineIntel



---------------  S Y S T E M  ---------------

OS: Windows 10 , 64 bit Build 19041 (10.0.19041.3031)
OS uptime: 0 days 3:17 hours

CPU:total 4 (initial active 4) (4 cores per cpu, 1 threads per core) family 6 model 58 stepping 9 microcode 0x21, cmov, cx8, fxsr, mmx, sse, sse2, sse3, ssse3, sse4.1, sse4.2, popcnt, avx, aes, clmul, erms, tsc, tscinvbit, tscinv

Memory: 4k page, system-wide physical 12249M (657M free)
TotalPageFile size 16345M (AvailPageFile size 6M)
current process WorkingSet (physical memory assigned to process): 398M, peak: 399M
current process commit charge ("private bytes"): 465M, peak: 467M

vm_info: OpenJDK 64-Bit Server VM (11.0.15+0-b2043.56-9505619) for windows-amd64 JRE (11.0.15+0-b2043.56-9505619), built on Jan 19 2023 02:48:00 by "builduser" with unknown MS VC++:1929

END.
