#
# There is insufficient memory for the Java Runtime Environment to continue.
# Native memory allocation (mmap) failed to map 40894464 bytes for Failed to commit area from 0x000000074c800000 to 0x000000074ef00000 of length 40894464.
# Possible reasons:
#   The system is out of physical RAM or swap space
#   The process is running with CompressedOops enabled, and the Java Heap may be blocking the growth of the native heap
# Possible solutions:
#   Reduce memory load on the system
#   Increase physical memory or swap space
#   Check if swap backing store is full
#   Decrease Java heap size (-Xmx/-Xms)
#   Decrease number of Java threads
#   Decrease Java thread stack sizes (-Xss)
#   Set larger code cache with -XX:ReservedCodeCacheSize=
#   JVM is running with Zero Based Compressed Oops mode in which the Java heap is
#     placed in the first 32GB address space. The Java Heap base address is the
#     maximum limit for the native heap growth. Please use -XX:HeapBaseMinAddress
#     to set the Java Heap base and to place the Java Heap above 32GB virtual address.
# This output file may be truncated or incomplete.
#
#  Out of Memory Error (src/hotspot/os/windows/os_windows.cpp:3627), pid=11852, tid=12192
#
# JRE version: OpenJDK Runtime Environment (11.0.15) (build 11.0.15+0-b2043.56-9505619)
# Java VM: OpenJDK 64-Bit Server VM (11.0.15+0-b2043.56-9505619, mixed mode, tiered, compressed oops, g1 gc, windows-amd64)
# No core dump will be written. Minidumps are not enabled by default on client versions of Windows
#

---------------  S U M M A R Y ------------

Command Line: org.jetbrains.kotlin.cli.jvm.K2JVMCompiler @C:\Users\Kelvin Agusto\Documents\Materi Perkuliahan\Semester 4\Mobile Programming 2\UAS Mobile 2\UAS_CRUD_202101251016\app\build\20230707_15741363493022333566.compiler.options

Host: Intel(R) Core(TM) i5-3570 CPU @ 3.40GHz, 4 cores, 11G,  Windows 10 , 64 bit Build 19041 (10.0.19041.3031)
Time: Fri Jul  7 13:41:34 2023 SE Asia Standard Time elapsed time: 5.060289 seconds (0d 0h 0m 5s)

---------------  T H R E A D  ---------------

Current thread (0x000002417f3ec000):  VMThread "VM Thread" [stack: 0x000000c65b500000,0x000000c65b600000] [id=12192]

Stack: [0x000000c65b500000,0x000000c65b600000]
[error occurred during error reporting (printing stack bounds), id 0xc0000005, EXCEPTION_ACCESS_VIOLATION (0xc0000005) at pc=0x000002416ecc112d]

Native frames: (J=compiled Java code, j=interpreted, Vv=VM code, C=native code)
V  [jvm.dll+0x64135a]
V  [jvm.dll+0x7d39f9]
V  [jvm.dll+0x7d51b9]
V  [jvm.dll+0x7d5805]
V  [jvm.dll+0x7d57bb]
V  [jvm.dll+0x640655]
V  [jvm.dll+0x640d68]
C  [ntdll.dll+0xa247f]
C  [ntdll.dll+0x514f4]
C  [ntdll.dll+0xa0f8e]
C  0x000002416ecc112d

VM_Operation (0x000000c65affa8c0): G1CollectForAllocation, mode: safepoint, requested by thread 0x000002416b193800


---------------  P R O C E S S  ---------------

Threads class SMR info:
_java_thread_list=0x00000241094069c0, length=11, elements={
0x000002416b193800, 0x000002417fc1c800, 0x000002417fc1d800, 0x000002417fc39800,
0x000002417fc3b800, 0x000002417fc3e000, 0x000002417fc41000, 0x000002417fc87800,
0x000002417fc92800, 0x000002417fdf1800, 0x000002417fe06000
}

Java Threads: ( => current thread )
  0x000002416b193800 JavaThread "main" [_thread_blocked, id=5764, stack(0x000000c65af00000,0x000000c65b000000)]
  0x000002417fc1c800 JavaThread "Reference Handler" daemon [_thread_blocked, id=7580, stack(0x000000c65b600000,0x000000c65b700000)]
  0x000002417fc1d800 JavaThread "Finalizer" daemon [_thread_blocked, id=8576, stack(0x000000c65b700000,0x000000c65b800000)]
  0x000002417fc39800 JavaThread "Signal Dispatcher" daemon [_thread_blocked, id=6168, stack(0x000000c65b800000,0x000000c65b900000)]
  0x000002417fc3b800 JavaThread "Attach Listener" daemon [_thread_blocked, id=916, stack(0x000000c65b900000,0x000000c65ba00000)]
  0x000002417fc3e000 JavaThread "Service Thread" daemon [_thread_blocked, id=10236, stack(0x000000c65ba00000,0x000000c65bb00000)]
  0x000002417fc41000 JavaThread "C2 CompilerThread0" daemon [_thread_blocked, id=13144, stack(0x000000c65bb00000,0x000000c65bc00000)]
  0x000002417fc87800 JavaThread "C1 CompilerThread0" daemon [_thread_blocked, id=5652, stack(0x000000c65bc00000,0x000000c65bd00000)]
  0x000002417fc92800 JavaThread "Sweeper thread" daemon [_thread_blocked, id=780, stack(0x000000c65bd00000,0x000000c65be00000)]
  0x000002417fdf1800 JavaThread "Common-Cleaner" daemon [_thread_blocked, id=8796, stack(0x000000c65bf00000,0x000000c65c000000)]
  0x000002417fe06000 JavaThread "C2 CompilerThread1" daemon [_thread_blocked, id=14988, stack(0x000000c65c000000,0x000000c65c100000)]

Other Threads:
=>0x000002417f3ec000 VMThread "VM Thread" [stack: 0x000000c65b500000,0x000000c65b600000] [id=12192]
  0x000002417fde5800 WatcherThread [stack: 0x000000c65be00000,0x000000c65bf00000] [id=15188]
  0x000002416b1ac800 GCTaskThread "GC Thread#0" [stack: 0x000000c65b000000,0x000000c65b100000] [id=14132]
  0x00000241083a4800 GCTaskThread "GC Thread#1" [stack: 0x000000c65c100000,0x000000c65c200000] [id=7232]
  0x0000024108305000 GCTaskThread "GC Thread#2" [stack: 0x000000c65c200000,0x000000c65c300000] [id=9936]
  0x0000024108305800 GCTaskThread "GC Thread#3" [stack: 0x000000c65c300000,0x000000c65c400000] [id=3736]
  0x000002416b210000 ConcurrentGCThread "G1 Main Marker" [stack: 0x000000c65b100000,0x000000c65b200000] [id=11400]
  0x000002416b212800 ConcurrentGCThread "G1 Conc#0" [stack: 0x000000c65b200000,0x000000c65b300000] [id=8540]
  0x000002417f260800 ConcurrentGCThread "G1 Refine#0" [stack: 0x000000c65b300000,0x000000c65b400000] [id=13888]
  0x000002417f261800 ConcurrentGCThread "G1 Young RemSet Sampling" [stack: 0x000000c65b400000,0x000000c65b500000] [id=4056]

Threads with active compile tasks:
C2 CompilerThread0     5070 5279       4       java.util.HashSet::iterator (13 bytes)
C1 CompilerThread0     5070 5301       3       org.jetbrains.kotlin.types.checker.ClassicTypeSystemContext$DefaultImpls::getPrimitiveArrayType (93 bytes)
C2 CompilerThread1     5070 5271   !   4       org.jetbrains.kotlin.storage.LockBasedStorageManager$MapBasedMemoizedFunction::invoke (356 bytes)

VM state:at safepoint (normal execution)

VM Mutex/Monitor currently owned by a thread:  ([mutex/lock_event])
[0x000002416b1902b0] Threads_lock - owner thread: 0x000002417f3ec000
[0x000002416b18f800] Heap_lock - owner thread: 0x000002416b193800

Heap address: 0x0000000740800000, size: 3064 MB, Compressed Oops mode: Zero based, Oop shift amount: 3
Narrow klass base: 0x0000000800000000, Narrow klass shift: 0
Compressed class space size: 1073741824 Address: 0x0000000800000000

Heap:
 garbage-first heap   total 236544K, used 40868K [0x0000000740800000, 0x0000000800000000)
  region size 1024K, 10 young (10240K), 10 survivors (10240K)
 Metaspace       used 56701K, capacity 57366K, committed 57472K, reserved 1099776K
  class space    used 6445K, capacity 6729K, committed 6784K, reserved 1048576K
Heap Regions: E=young(eden), S=young(survivor), O=old, HS=humongous(starts), HC=humongous(continues), CS=collection set, F=free, A=archive, TAMS=top-at-mark-start (previous, next)
|   0|0x0000000740800000, 0x0000000740900000, 0x0000000740900000|100%|HS|  |TAMS 0x0000000740900000, 0x0000000740800000| Complete 
|   1|0x0000000740900000, 0x0000000740a00000, 0x0000000740a00000|100%|HC|  |TAMS 0x0000000740a00000, 0x0000000740900000| Complete 
|   2|0x0000000740a00000, 0x0000000740b00000, 0x0000000740b00000|100%|HC|  |TAMS 0x0000000740b00000, 0x0000000740a00000| Complete 
|   3|0x0000000740b00000, 0x0000000740c00000, 0x0000000740c00000|100%|HC|  |TAMS 0x0000000740c00000, 0x0000000740b00000| Complete 
|   4|0x0000000740c00000, 0x0000000740d00000, 0x0000000740d00000|100%| O|  |TAMS 0x0000000740d00000, 0x0000000740c00000| Untracked 
|   5|0x0000000740d00000, 0x0000000740e00000, 0x0000000740e00000|100%| O|  |TAMS 0x0000000740e00000, 0x0000000740d00000| Untracked 
|   6|0x0000000740e00000, 0x0000000740f00000, 0x0000000740f00000|100%|HS|  |TAMS 0x0000000740f00000, 0x0000000740e00000| Complete 
|   7|0x0000000740f00000, 0x0000000741000000, 0x0000000741000000|100%|HC|  |TAMS 0x0000000741000000, 0x0000000740f00000| Complete 
|   8|0x0000000741000000, 0x0000000741100000, 0x0000000741100000|100%|HC|  |TAMS 0x0000000741100000, 0x0000000741000000| Complete 
|   9|0x0000000741100000, 0x0000000741200000, 0x0000000741200000|100%|HC|  |TAMS 0x0000000741200000, 0x0000000741100000| Complete 
|  10|0x0000000741200000, 0x0000000741200000, 0x0000000741300000|  0%| F|  |TAMS 0x0000000741200000, 0x0000000741200000| Untracked 
|  11|0x0000000741300000, 0x0000000741400000, 0x0000000741400000|100%| O|  |TAMS 0x0000000741300000, 0x0000000741300000| Untracked 
|  12|0x0000000741400000, 0x0000000741500000, 0x0000000741500000|100%| O|  |TAMS 0x0000000741500000, 0x0000000741400000| Untracked 
|  13|0x0000000741500000, 0x0000000741600000, 0x0000000741600000|100%| O|  |TAMS 0x0000000741600000, 0x0000000741500000| Untracked 
|  14|0x0000000741600000, 0x0000000741700000, 0x0000000741700000|100%| O|  |TAMS 0x0000000741700000, 0x0000000741600000| Untracked 
|  15|0x0000000741700000, 0x0000000741800000, 0x0000000741800000|100%| O|  |TAMS 0x0000000741800000, 0x0000000741700000| Untracked 
|  16|0x0000000741800000, 0x0000000741900000, 0x0000000741900000|100%| O|  |TAMS 0x0000000741900000, 0x0000000741800000| Untracked 
|  17|0x0000000741900000, 0x0000000741a00000, 0x0000000741a00000|100%| O|  |TAMS 0x0000000741a00000, 0x0000000741900000| Untracked 
|  18|0x0000000741a00000, 0x0000000741b00000, 0x0000000741b00000|100%| O|  |TAMS 0x0000000741b00000, 0x0000000741a00000| Untracked 
|  19|0x0000000741b00000, 0x0000000741c00000, 0x0000000741c00000|100%| O|  |TAMS 0x0000000741c00000, 0x0000000741b00000| Untracked 
|  20|0x0000000741c00000, 0x0000000741d00000, 0x0000000741d00000|100%| O|  |TAMS 0x0000000741d00000, 0x0000000741c00000| Untracked 
|  21|0x0000000741d00000, 0x0000000741e00000, 0x0000000741e00000|100%| O|  |TAMS 0x0000000741e00000, 0x0000000741d00000| Untracked 
|  22|0x0000000741e00000, 0x0000000741f00000, 0x0000000741f00000|100%| O|  |TAMS 0x0000000741eb1c00, 0x0000000741e00000| Untracked 
|  23|0x0000000741f00000, 0x0000000742000000, 0x0000000742000000|100%|HS|  |TAMS 0x0000000742000000, 0x0000000741f00000| Complete 
|  24|0x0000000742000000, 0x0000000742100000, 0x0000000742100000|100%|HC|  |TAMS 0x0000000742100000, 0x0000000742000000| Complete 
|  25|0x0000000742100000, 0x0000000742200000, 0x0000000742200000|100%| O|  |TAMS 0x0000000742100000, 0x0000000742100000| Untracked 
|  26|0x0000000742200000, 0x0000000742300000, 0x0000000742300000|100%| O|  |TAMS 0x0000000742200000, 0x0000000742200000| Untracked 
|  27|0x0000000742300000, 0x0000000742400000, 0x0000000742400000|100%| O|  |TAMS 0x0000000742300000, 0x0000000742300000| Untracked 
|  28|0x0000000742400000, 0x0000000742500000, 0x0000000742500000|100%| O|  |TAMS 0x0000000742400000, 0x0000000742400000| Untracked 
|  29|0x0000000742500000, 0x0000000742600000, 0x0000000742600000|100%| O|  |TAMS 0x0000000742500000, 0x0000000742500000| Untracked 
|  30|0x0000000742600000, 0x0000000742700000, 0x0000000742700000|100%| O|  |TAMS 0x0000000742600000, 0x0000000742600000| Untracked 
|  31|0x0000000742700000, 0x0000000742711400, 0x0000000742800000|  6%| O|  |TAMS 0x0000000742700000, 0x0000000742700000| Untracked 
|  32|0x0000000742800000, 0x0000000742800000, 0x0000000742900000|  0%| F|  |TAMS 0x0000000742800000, 0x0000000742800000| Untracked 
|  33|0x0000000742900000, 0x0000000742900000, 0x0000000742a00000|  0%| F|  |TAMS 0x0000000742900000, 0x0000000742900000| Untracked 
|  34|0x0000000742a00000, 0x0000000742a00000, 0x0000000742b00000|  0%| F|  |TAMS 0x0000000742a00000, 0x0000000742a00000| Untracked 
|  35|0x0000000742b00000, 0x0000000742b00000, 0x0000000742c00000|  0%| F|  |TAMS 0x0000000742b00000, 0x0000000742b00000| Untracked 
|  36|0x0000000742c00000, 0x0000000742c00000, 0x0000000742d00000|  0%| F|  |TAMS 0x0000000742c00000, 0x0000000742c00000| Untracked 
|  37|0x0000000742d00000, 0x0000000742d00000, 0x0000000742e00000|  0%| F|  |TAMS 0x0000000742d00000, 0x0000000742d00000| Untracked 
|  38|0x0000000742e00000, 0x0000000742e00000, 0x0000000742f00000|  0%| F|  |TAMS 0x0000000742e00000, 0x0000000742e00000| Untracked 
|  39|0x0000000742f00000, 0x0000000742f00000, 0x0000000743000000|  0%| F|  |TAMS 0x0000000742f00000, 0x0000000742f00000| Untracked 
|  40|0x0000000743000000, 0x0000000743000000, 0x0000000743100000|  0%| F|  |TAMS 0x0000000743000000, 0x0000000743000000| Untracked 
|  41|0x0000000743100000, 0x0000000743100000, 0x0000000743200000|  0%| F|  |TAMS 0x0000000743100000, 0x0000000743100000| Untracked 
|  42|0x0000000743200000, 0x0000000743200000, 0x0000000743300000|  0%| F|  |TAMS 0x0000000743200000, 0x0000000743200000| Untracked 
|  43|0x0000000743300000, 0x0000000743300000, 0x0000000743400000|  0%| F|  |TAMS 0x0000000743300000, 0x0000000743300000| Untracked 
|  44|0x0000000743400000, 0x0000000743400000, 0x0000000743500000|  0%| F|  |TAMS 0x0000000743400000, 0x0000000743400000| Untracked 
|  45|0x0000000743500000, 0x0000000743500000, 0x0000000743600000|  0%| F|  |TAMS 0x0000000743500000, 0x0000000743500000| Untracked 
|  46|0x0000000743600000, 0x0000000743600000, 0x0000000743700000|  0%| F|  |TAMS 0x0000000743600000, 0x0000000743600000| Untracked 
|  47|0x0000000743700000, 0x0000000743700000, 0x0000000743800000|  0%| F|  |TAMS 0x0000000743700000, 0x0000000743700000| Untracked 
|  48|0x0000000743800000, 0x0000000743800000, 0x0000000743900000|  0%| F|  |TAMS 0x0000000743800000, 0x0000000743800000| Untracked 
|  49|0x0000000743900000, 0x0000000743900000, 0x0000000743a00000|  0%| F|  |TAMS 0x0000000743900000, 0x0000000743900000| Untracked 
|  50|0x0000000743a00000, 0x0000000743a00000, 0x0000000743b00000|  0%| F|  |TAMS 0x0000000743a00000, 0x0000000743a00000| Untracked 
|  51|0x0000000743b00000, 0x0000000743b00000, 0x0000000743c00000|  0%| F|  |TAMS 0x0000000743b00000, 0x0000000743b00000| Untracked 
|  52|0x0000000743c00000, 0x0000000743c00000, 0x0000000743d00000|  0%| F|  |TAMS 0x0000000743c00000, 0x0000000743c00000| Untracked 
|  53|0x0000000743d00000, 0x0000000743d00000, 0x0000000743e00000|  0%| F|  |TAMS 0x0000000743d00000, 0x0000000743d00000| Untracked 
|  54|0x0000000743e00000, 0x0000000743e00000, 0x0000000743f00000|  0%| F|  |TAMS 0x0000000743e00000, 0x0000000743e00000| Untracked 
|  55|0x0000000743f00000, 0x0000000743f00000, 0x0000000744000000|  0%| F|  |TAMS 0x0000000743f00000, 0x0000000743f00000| Untracked 
|  56|0x0000000744000000, 0x0000000744000000, 0x0000000744100000|  0%| F|  |TAMS 0x0000000744000000, 0x0000000744000000| Untracked 
|  57|0x0000000744100000, 0x0000000744100000, 0x0000000744200000|  0%| F|  |TAMS 0x0000000744100000, 0x0000000744100000| Untracked 
|  58|0x0000000744200000, 0x0000000744200000, 0x0000000744300000|  0%| F|  |TAMS 0x0000000744200000, 0x0000000744200000| Untracked 
|  59|0x0000000744300000, 0x0000000744300000, 0x0000000744400000|  0%| F|  |TAMS 0x0000000744300000, 0x0000000744300000| Untracked 
|  60|0x0000000744400000, 0x0000000744400000, 0x0000000744500000|  0%| F|  |TAMS 0x0000000744400000, 0x0000000744400000| Untracked 
|  61|0x0000000744500000, 0x0000000744500000, 0x0000000744600000|  0%| F|  |TAMS 0x0000000744500000, 0x0000000744500000| Untracked 
|  62|0x0000000744600000, 0x0000000744600000, 0x0000000744700000|  0%| F|  |TAMS 0x0000000744600000, 0x0000000744600000| Untracked 
|  63|0x0000000744700000, 0x0000000744700000, 0x0000000744800000|  0%| F|  |TAMS 0x0000000744700000, 0x0000000744700000| Untracked 
|  64|0x0000000744800000, 0x0000000744800000, 0x0000000744900000|  0%| F|  |TAMS 0x0000000744800000, 0x0000000744800000| Untracked 
|  65|0x0000000744900000, 0x0000000744900000, 0x0000000744a00000|  0%| F|  |TAMS 0x0000000744900000, 0x0000000744900000| Untracked 
|  66|0x0000000744a00000, 0x0000000744a00000, 0x0000000744b00000|  0%| F|  |TAMS 0x0000000744a00000, 0x0000000744a00000| Untracked 
|  67|0x0000000744b00000, 0x0000000744b00000, 0x0000000744c00000|  0%| F|  |TAMS 0x0000000744b00000, 0x0000000744b00000| Untracked 
|  68|0x0000000744c00000, 0x0000000744c00000, 0x0000000744d00000|  0%| F|  |TAMS 0x0000000744c00000, 0x0000000744c00000| Untracked 
|  69|0x0000000744d00000, 0x0000000744d00000, 0x0000000744e00000|  0%| F|  |TAMS 0x0000000744d00000, 0x0000000744d00000| Untracked 
|  70|0x0000000744e00000, 0x0000000744e00000, 0x0000000744f00000|  0%| F|  |TAMS 0x0000000744e00000, 0x0000000744e00000| Untracked 
|  71|0x0000000744f00000, 0x0000000744f00000, 0x0000000745000000|  0%| F|  |TAMS 0x0000000744f00000, 0x0000000744f00000| Untracked 
|  72|0x0000000745000000, 0x0000000745000000, 0x0000000745100000|  0%| F|  |TAMS 0x0000000745000000, 0x0000000745000000| Untracked 
|  73|0x0000000745100000, 0x0000000745100000, 0x0000000745200000|  0%| F|  |TAMS 0x0000000745100000, 0x0000000745100000| Untracked 
|  74|0x0000000745200000, 0x0000000745200000, 0x0000000745300000|  0%| F|  |TAMS 0x0000000745200000, 0x0000000745200000| Untracked 
|  75|0x0000000745300000, 0x0000000745300000, 0x0000000745400000|  0%| F|  |TAMS 0x0000000745300000, 0x0000000745300000| Untracked 
|  76|0x0000000745400000, 0x0000000745400000, 0x0000000745500000|  0%| F|  |TAMS 0x0000000745400000, 0x0000000745400000| Untracked 
|  77|0x0000000745500000, 0x0000000745500000, 0x0000000745600000|  0%| F|  |TAMS 0x0000000745500000, 0x0000000745500000| Untracked 
|  78|0x0000000745600000, 0x0000000745600000, 0x0000000745700000|  0%| F|  |TAMS 0x0000000745600000, 0x0000000745600000| Untracked 
|  79|0x0000000745700000, 0x0000000745700000, 0x0000000745800000|  0%| F|  |TAMS 0x0000000745700000, 0x0000000745700000| Untracked 
|  80|0x0000000745800000, 0x0000000745800000, 0x0000000745900000|  0%| F|  |TAMS 0x0000000745800000, 0x0000000745800000| Untracked 
|  81|0x0000000745900000, 0x0000000745900000, 0x0000000745a00000|  0%| F|  |TAMS 0x0000000745900000, 0x0000000745900000| Untracked 
|  82|0x0000000745a00000, 0x0000000745a00000, 0x0000000745b00000|  0%| F|  |TAMS 0x0000000745a00000, 0x0000000745a00000| Untracked 
|  83|0x0000000745b00000, 0x0000000745b00000, 0x0000000745c00000|  0%| F|  |TAMS 0x0000000745b00000, 0x0000000745b00000| Untracked 
|  84|0x0000000745c00000, 0x0000000745c00000, 0x0000000745d00000|  0%| F|  |TAMS 0x0000000745c00000, 0x0000000745c00000| Untracked 
|  85|0x0000000745d00000, 0x0000000745d00000, 0x0000000745e00000|  0%| F|  |TAMS 0x0000000745d00000, 0x0000000745d00000| Untracked 
|  86|0x0000000745e00000, 0x0000000745e00000, 0x0000000745f00000|  0%| F|  |TAMS 0x0000000745e00000, 0x0000000745e00000| Untracked 
|  87|0x0000000745f00000, 0x0000000745f00000, 0x0000000746000000|  0%| F|  |TAMS 0x0000000745f00000, 0x0000000745f00000| Untracked 
|  88|0x0000000746000000, 0x0000000746000000, 0x0000000746100000|  0%| F|  |TAMS 0x0000000746000000, 0x0000000746000000| Untracked 
|  89|0x0000000746100000, 0x0000000746100000, 0x0000000746200000|  0%| F|  |TAMS 0x0000000746100000, 0x0000000746100000| Untracked 
|  90|0x0000000746200000, 0x0000000746200000, 0x0000000746300000|  0%| F|  |TAMS 0x0000000746200000, 0x0000000746200000| Untracked 
|  91|0x0000000746300000, 0x0000000746300000, 0x0000000746400000|  0%| F|  |TAMS 0x0000000746300000, 0x0000000746300000| Untracked 
|  92|0x0000000746400000, 0x0000000746400000, 0x0000000746500000|  0%| F|  |TAMS 0x0000000746400000, 0x0000000746400000| Untracked 
|  93|0x0000000746500000, 0x00000007465d7c58, 0x0000000746600000| 84%| S|CS|TAMS 0x0000000746500000, 0x0000000746500000| Complete 
|  94|0x0000000746600000, 0x0000000746700000, 0x0000000746700000|100%| S|CS|TAMS 0x0000000746600000, 0x0000000746600000| Complete 
|  95|0x0000000746700000, 0x0000000746800000, 0x0000000746800000|100%| S|CS|TAMS 0x0000000746700000, 0x0000000746700000| Complete 
|  96|0x0000000746800000, 0x0000000746900000, 0x0000000746900000|100%| S|CS|TAMS 0x0000000746800000, 0x0000000746800000| Complete 
|  97|0x0000000746900000, 0x0000000746a00000, 0x0000000746a00000|100%| S|CS|TAMS 0x0000000746900000, 0x0000000746900000| Complete 
|  98|0x0000000746a00000, 0x0000000746b00000, 0x0000000746b00000|100%| S|CS|TAMS 0x0000000746a00000, 0x0000000746a00000| Complete 
|  99|0x0000000746b00000, 0x0000000746c00000, 0x0000000746c00000|100%| S|CS|TAMS 0x0000000746b00000, 0x0000000746b00000| Complete 
| 100|0x0000000746c00000, 0x0000000746d00000, 0x0000000746d00000|100%| S|CS|TAMS 0x0000000746c00000, 0x0000000746c00000| Complete 
| 101|0x0000000746d00000, 0x0000000746e00000, 0x0000000746e00000|100%| S|CS|TAMS 0x0000000746d00000, 0x0000000746d00000| Complete 
| 102|0x0000000746e00000, 0x0000000746f00000, 0x0000000746f00000|100%| S|CS|TAMS 0x0000000746e00000, 0x0000000746e00000| Complete 
| 103|0x0000000746f00000, 0x0000000746f00000, 0x0000000747000000|  0%| F|  |TAMS 0x0000000746f00000, 0x0000000746f00000| Untracked 
| 104|0x0000000747000000, 0x0000000747000000, 0x0000000747100000|  0%| F|  |TAMS 0x0000000747000000, 0x0000000747000000| Untracked 
| 105|0x0000000747100000, 0x0000000747100000, 0x0000000747200000|  0%| F|  |TAMS 0x0000000747100000, 0x0000000747100000| Untracked 
| 106|0x0000000747200000, 0x0000000747200000, 0x0000000747300000|  0%| F|  |TAMS 0x0000000747200000, 0x0000000747200000| Untracked 
| 107|0x0000000747300000, 0x0000000747300000, 0x0000000747400000|  0%| F|  |TAMS 0x0000000747300000, 0x0000000747300000| Untracked 
| 108|0x0000000747400000, 0x0000000747400000, 0x0000000747500000|  0%| F|  |TAMS 0x0000000747400000, 0x0000000747400000| Untracked 
| 109|0x0000000747500000, 0x0000000747500000, 0x0000000747600000|  0%| F|  |TAMS 0x0000000747500000, 0x0000000747500000| Untracked 
| 110|0x0000000747600000, 0x0000000747600000, 0x0000000747700000|  0%| F|  |TAMS 0x0000000747600000, 0x0000000747600000| Untracked 
| 111|0x0000000747700000, 0x0000000747700000, 0x0000000747800000|  0%| F|  |TAMS 0x0000000747700000, 0x0000000747700000| Untracked 
| 112|0x0000000747800000, 0x0000000747800000, 0x0000000747900000|  0%| F|  |TAMS 0x0000000747800000, 0x0000000747800000| Untracked 
| 113|0x0000000747900000, 0x0000000747900000, 0x0000000747a00000|  0%| F|  |TAMS 0x0000000747900000, 0x0000000747900000| Untracked 
| 114|0x0000000747a00000, 0x0000000747a00000, 0x0000000747b00000|  0%| F|  |TAMS 0x0000000747a00000, 0x0000000747a00000| Untracked 
| 115|0x0000000747b00000, 0x0000000747b00000, 0x0000000747c00000|  0%| F|  |TAMS 0x0000000747b00000, 0x0000000747b00000| Untracked 
| 116|0x0000000747c00000, 0x0000000747c00000, 0x0000000747d00000|  0%| F|  |TAMS 0x0000000747c00000, 0x0000000747c00000| Untracked 
| 117|0x0000000747d00000, 0x0000000747d00000, 0x0000000747e00000|  0%| F|  |TAMS 0x0000000747d00000, 0x0000000747d00000| Untracked 
| 118|0x0000000747e00000, 0x0000000747e00000, 0x0000000747f00000|  0%| F|  |TAMS 0x0000000747e00000, 0x0000000747e00000| Untracked 
| 119|0x0000000747f00000, 0x0000000747f00000, 0x0000000748000000|  0%| F|  |TAMS 0x0000000747f00000, 0x0000000747f00000| Untracked 
| 120|0x0000000748000000, 0x0000000748000000, 0x0000000748100000|  0%| F|  |TAMS 0x0000000748000000, 0x0000000748000000| Untracked 
| 121|0x0000000748100000, 0x0000000748100000, 0x0000000748200000|  0%| F|  |TAMS 0x0000000748100000, 0x0000000748100000| Untracked 
| 122|0x0000000748200000, 0x0000000748200000, 0x0000000748300000|  0%| F|  |TAMS 0x0000000748200000, 0x0000000748200000| Untracked 
| 123|0x0000000748300000, 0x0000000748300000, 0x0000000748400000|  0%| F|  |TAMS 0x0000000748300000, 0x0000000748300000| Untracked 
| 124|0x0000000748400000, 0x0000000748400000, 0x0000000748500000|  0%| F|  |TAMS 0x0000000748400000, 0x0000000748400000| Untracked 
| 125|0x0000000748500000, 0x0000000748500000, 0x0000000748600000|  0%| F|  |TAMS 0x0000000748500000, 0x0000000748500000| Untracked 
| 126|0x0000000748600000, 0x0000000748600000, 0x0000000748700000|  0%| F|  |TAMS 0x0000000748600000, 0x0000000748600000| Untracked 
| 127|0x0000000748700000, 0x0000000748700000, 0x0000000748800000|  0%| F|  |TAMS 0x0000000748700000, 0x0000000748700000| Untracked 
| 128|0x0000000748800000, 0x0000000748800000, 0x0000000748900000|  0%| F|  |TAMS 0x0000000748800000, 0x0000000748800000| Untracked 
| 129|0x0000000748900000, 0x0000000748900000, 0x0000000748a00000|  0%| F|  |TAMS 0x0000000748900000, 0x0000000748900000| Untracked 
| 130|0x0000000748a00000, 0x0000000748a00000, 0x0000000748b00000|  0%| F|  |TAMS 0x0000000748a00000, 0x0000000748a00000| Untracked 
| 131|0x0000000748b00000, 0x0000000748b00000, 0x0000000748c00000|  0%| F|  |TAMS 0x0000000748b00000, 0x0000000748b00000| Untracked 
| 132|0x0000000748c00000, 0x0000000748c00000, 0x0000000748d00000|  0%| F|  |TAMS 0x0000000748c00000, 0x0000000748c00000| Untracked 
| 133|0x0000000748d00000, 0x0000000748d00000, 0x0000000748e00000|  0%| F|  |TAMS 0x0000000748d00000, 0x0000000748d00000| Untracked 
| 134|0x0000000748e00000, 0x0000000748e00000, 0x0000000748f00000|  0%| F|  |TAMS 0x0000000748e00000, 0x0000000748e00000| Untracked 
| 135|0x0000000748f00000, 0x0000000748f00000, 0x0000000749000000|  0%| F|  |TAMS 0x0000000748f00000, 0x0000000748f00000| Untracked 
| 136|0x0000000749000000, 0x0000000749000000, 0x0000000749100000|  0%| F|  |TAMS 0x0000000749000000, 0x0000000749000000| Untracked 
| 137|0x0000000749100000, 0x0000000749100000, 0x0000000749200000|  0%| F|  |TAMS 0x0000000749100000, 0x0000000749100000| Untracked 
| 138|0x0000000749200000, 0x0000000749200000, 0x0000000749300000|  0%| F|  |TAMS 0x0000000749200000, 0x0000000749200000| Untracked 
| 139|0x0000000749300000, 0x0000000749300000, 0x0000000749400000|  0%| F|  |TAMS 0x0000000749300000, 0x0000000749300000| Untracked 
| 140|0x0000000749400000, 0x0000000749400000, 0x0000000749500000|  0%| F|  |TAMS 0x0000000749400000, 0x0000000749400000| Untracked 
| 141|0x0000000749500000, 0x0000000749500000, 0x0000000749600000|  0%| F|  |TAMS 0x0000000749500000, 0x0000000749500000| Untracked 
| 142|0x0000000749600000, 0x0000000749600000, 0x0000000749700000|  0%| F|  |TAMS 0x0000000749600000, 0x0000000749600000| Untracked 
| 143|0x0000000749700000, 0x0000000749700000, 0x0000000749800000|  0%| F|  |TAMS 0x0000000749700000, 0x0000000749700000| Untracked 
| 144|0x0000000749800000, 0x0000000749800000, 0x0000000749900000|  0%| F|  |TAMS 0x0000000749800000, 0x0000000749800000| Untracked 
| 145|0x0000000749900000, 0x0000000749900000, 0x0000000749a00000|  0%| F|  |TAMS 0x0000000749900000, 0x0000000749900000| Untracked 
| 146|0x0000000749a00000, 0x0000000749a00000, 0x0000000749b00000|  0%| F|  |TAMS 0x0000000749a00000, 0x0000000749a00000| Untracked 
| 147|0x0000000749b00000, 0x0000000749b00000, 0x0000000749c00000|  0%| F|  |TAMS 0x0000000749b00000, 0x0000000749b00000| Untracked 
| 148|0x0000000749c00000, 0x0000000749c00000, 0x0000000749d00000|  0%| F|  |TAMS 0x0000000749c00000, 0x0000000749c00000| Untracked 
| 149|0x0000000749d00000, 0x0000000749d00000, 0x0000000749e00000|  0%| F|  |TAMS 0x0000000749d00000, 0x0000000749d00000| Untracked 
| 150|0x0000000749e00000, 0x0000000749e00000, 0x0000000749f00000|  0%| F|  |TAMS 0x0000000749e00000, 0x0000000749e00000| Untracked 
| 151|0x0000000749f00000, 0x0000000749f00000, 0x000000074a000000|  0%| F|  |TAMS 0x0000000749f00000, 0x0000000749f00000| Untracked 
| 152|0x000000074a000000, 0x000000074a000000, 0x000000074a100000|  0%| F|  |TAMS 0x000000074a000000, 0x000000074a000000| Untracked 
| 153|0x000000074a100000, 0x000000074a100000, 0x000000074a200000|  0%| F|  |TAMS 0x000000074a100000, 0x000000074a100000| Untracked 
| 154|0x000000074a200000, 0x000000074a200000, 0x000000074a300000|  0%| F|  |TAMS 0x000000074a200000, 0x000000074a200000| Untracked 
| 155|0x000000074a300000, 0x000000074a300000, 0x000000074a400000|  0%| F|  |TAMS 0x000000074a300000, 0x000000074a300000| Untracked 
| 156|0x000000074a400000, 0x000000074a400000, 0x000000074a500000|  0%| F|  |TAMS 0x000000074a400000, 0x000000074a400000| Untracked 
| 157|0x000000074a500000, 0x000000074a500000, 0x000000074a600000|  0%| F|  |TAMS 0x000000074a500000, 0x000000074a500000| Untracked 
| 158|0x000000074a600000, 0x000000074a600000, 0x000000074a700000|  0%| F|  |TAMS 0x000000074a600000, 0x000000074a600000| Untracked 
| 159|0x000000074a700000, 0x000000074a700000, 0x000000074a800000|  0%| F|  |TAMS 0x000000074a700000, 0x000000074a700000| Untracked 
| 160|0x000000074a800000, 0x000000074a800000, 0x000000074a900000|  0%| F|  |TAMS 0x000000074a800000, 0x000000074a800000| Untracked 
| 161|0x000000074a900000, 0x000000074a900000, 0x000000074aa00000|  0%| F|  |TAMS 0x000000074a900000, 0x000000074a900000| Untracked 
| 162|0x000000074aa00000, 0x000000074aa00000, 0x000000074ab00000|  0%| F|  |TAMS 0x000000074aa00000, 0x000000074aa00000| Untracked 
| 163|0x000000074ab00000, 0x000000074ab00000, 0x000000074ac00000|  0%| F|  |TAMS 0x000000074ab00000, 0x000000074ab00000| Untracked 
| 164|0x000000074ac00000, 0x000000074ac00000, 0x000000074ad00000|  0%| F|  |TAMS 0x000000074ac00000, 0x000000074ac00000| Untracked 
| 165|0x000000074ad00000, 0x000000074ad00000, 0x000000074ae00000|  0%| F|  |TAMS 0x000000074ad00000, 0x000000074ad00000| Untracked 
| 166|0x000000074ae00000, 0x000000074ae00000, 0x000000074af00000|  0%| F|  |TAMS 0x000000074ae00000, 0x000000074ae00000| Untracked 
| 167|0x000000074af00000, 0x000000074af00000, 0x000000074b000000|  0%| F|  |TAMS 0x000000074af00000, 0x000000074af00000| Untracked 
| 168|0x000000074b000000, 0x000000074b000000, 0x000000074b100000|  0%| F|  |TAMS 0x000000074b000000, 0x000000074b000000| Untracked 
| 169|0x000000074b100000, 0x000000074b100000, 0x000000074b200000|  0%| F|  |TAMS 0x000000074b100000, 0x000000074b100000| Untracked 
| 170|0x000000074b200000, 0x000000074b200000, 0x000000074b300000|  0%| F|  |TAMS 0x000000074b200000, 0x000000074b200000| Untracked 
| 171|0x000000074b300000, 0x000000074b300000, 0x000000074b400000|  0%| F|  |TAMS 0x000000074b300000, 0x000000074b300000| Untracked 
| 172|0x000000074b400000, 0x000000074b400000, 0x000000074b500000|  0%| F|  |TAMS 0x000000074b400000, 0x000000074b400000| Untracked 
| 173|0x000000074b500000, 0x000000074b500000, 0x000000074b600000|  0%| F|  |TAMS 0x000000074b500000, 0x000000074b500000| Untracked 
| 174|0x000000074b600000, 0x000000074b600000, 0x000000074b700000|  0%| F|  |TAMS 0x000000074b600000, 0x000000074b600000| Untracked 
| 175|0x000000074b700000, 0x000000074b700000, 0x000000074b800000|  0%| F|  |TAMS 0x000000074b700000, 0x000000074b700000| Untracked 
| 176|0x000000074b800000, 0x000000074b800000, 0x000000074b900000|  0%| F|  |TAMS 0x000000074b800000, 0x000000074b800000| Untracked 
| 177|0x000000074b900000, 0x000000074b900000, 0x000000074ba00000|  0%| F|  |TAMS 0x000000074b900000, 0x000000074b900000| Untracked 
| 178|0x000000074ba00000, 0x000000074ba00000, 0x000000074bb00000|  0%| F|  |TAMS 0x000000074ba00000, 0x000000074ba00000| Untracked 
| 179|0x000000074bb00000, 0x000000074bb00000, 0x000000074bc00000|  0%| F|  |TAMS 0x000000074bb00000, 0x000000074bb00000| Untracked 
| 180|0x000000074bc00000, 0x000000074bc00000, 0x000000074bd00000|  0%| F|  |TAMS 0x000000074bc00000, 0x000000074bc00000| Untracked 
| 181|0x000000074bd00000, 0x000000074bd00000, 0x000000074be00000|  0%| F|  |TAMS 0x000000074bd00000, 0x000000074bd00000| Untracked 
| 182|0x000000074be00000, 0x000000074be00000, 0x000000074bf00000|  0%| F|  |TAMS 0x000000074be00000, 0x000000074be00000| Untracked 
| 183|0x000000074bf00000, 0x000000074bf00000, 0x000000074c000000|  0%| F|  |TAMS 0x000000074bf00000, 0x000000074bf00000| Untracked 
| 184|0x000000074c000000, 0x000000074c000000, 0x000000074c100000|  0%| F|  |TAMS 0x000000074c000000, 0x000000074c000000| Untracked 
| 185|0x000000074c100000, 0x000000074c100000, 0x000000074c200000|  0%| F|  |TAMS 0x000000074c100000, 0x000000074c100000| Untracked 
| 186|0x000000074c200000, 0x000000074c200000, 0x000000074c300000|  0%| F|  |TAMS 0x000000074c200000, 0x000000074c200000| Untracked 
| 187|0x000000074c300000, 0x000000074c300000, 0x000000074c400000|  0%| F|  |TAMS 0x000000074c300000, 0x000000074c300000| Untracked 
| 188|0x000000074c400000, 0x000000074c400000, 0x000000074c500000|  0%| F|  |TAMS 0x000000074c400000, 0x000000074c400000| Untracked 
| 189|0x000000074c500000, 0x000000074c500000, 0x000000074c600000|  0%| F|  |TAMS 0x000000074c500000, 0x000000074c500000| Untracked 
| 190|0x000000074c600000, 0x000000074c600000, 0x000000074c700000|  0%| F|  |TAMS 0x000000074c600000, 0x000000074c600000| Untracked 
| 191|0x000000074c700000, 0x000000074c700000, 0x000000074c800000|  0%| F|  |TAMS 0x000000074c700000, 0x000000074c700000| Untracked 

Card table byte_map: [0x000002417e2c0000,0x000002417e8c0000] _byte_map_base: 0x000002417a8bc000

Marking Bits (Prev, Next): (CMBitMap*) 0x000002416b203630, (CMBitMap*) 0x000002416b2035f8
 Prev Bits: [0x0000024102fe0000, 0x0000024105fc0000)
 Next Bits: [0x0000024100000000, 0x0000024102fe0000)

Polling page: 0x0000024169120000

Metaspace:

Usage:
  Non-class:     49.45 MB capacity,    49.08 MB (>99%) used,   294.28 KB ( <1%) free+waste,    87.06 KB ( <1%) overhead. 
      Class:      6.57 MB capacity,     6.29 MB ( 96%) used,   243.95 KB (  4%) free+waste,    39.12 KB ( <1%) overhead. 
       Both:     56.02 MB capacity,    55.37 MB ( 99%) used,   538.23 KB ( <1%) free+waste,   126.19 KB ( <1%) overhead. 

Virtual space:
  Non-class space:       50.00 MB reserved,      49.50 MB ( 99%) committed 
      Class space:        1.00 GB reserved,       6.62 MB ( <1%) committed 
             Both:        1.05 GB reserved,      56.12 MB (  5%) committed 

Chunk freelists:
   Non-Class:  51.00 KB
       Class:  23.00 KB
        Both:  74.00 KB

MaxMetaspaceSize: 17179869184.00 GB
CompressedClassSpaceSize: 1.00 GB
Initial GC threshold: 20.80 MB
Current GC threshold: 80.00 MB
CDS: off

CodeHeap 'non-profiled nmethods': size=120064Kb used=2427Kb max_used=2427Kb free=117636Kb
 bounds [0x0000024176780000, 0x00000241769f0000, 0x000002417dcc0000]
CodeHeap 'profiled nmethods': size=120000Kb used=12120Kb max_used=12120Kb free=107879Kb
 bounds [0x000002416f250000, 0x000002416fe30000, 0x0000024176780000]
CodeHeap 'non-nmethods': size=5696Kb used=1287Kb max_used=1333Kb free=4408Kb
 bounds [0x000002416ecc0000, 0x000002416ef30000, 0x000002416f250000]
 total_blobs=5849 nmethods=5273 adapters=488
 compilation: enabled
              stopped_count=0, restarted_count=0
 full_count=0

Compilation events (20 events):
Event: 5.038 Thread 0x000002417fc87800 nmethod 5290 0x000002416fe1b810 code [0x000002416fe1ba20, 0x000002416fe1c118]
Event: 5.038 Thread 0x000002417fc87800 5291       3       org.jetbrains.kotlin.load.kotlin.JvmTypeFactoryImpl::toString (127 bytes)
Event: 5.039 Thread 0x000002417fc87800 nmethod 5291 0x000002416fe1c390 code [0x000002416fe1c7a0, 0x000002416fe1e4b8]
Event: 5.039 Thread 0x000002417fc87800 5285       3       kotlin.sequences.SequencesKt__SequencesKt::flatten$SequencesKt__SequencesKt (35 bytes)
Event: 5.039 Thread 0x000002417fc87800 nmethod 5285 0x000002416fe1ec90 code [0x000002416fe1ef00, 0x000002416fe1f8f8]
Event: 5.039 Thread 0x000002417fc87800 5295       3       org.jetbrains.kotlin.utils.FunctionsKt$DO_NOTHING_3$1::invoke (11 bytes)
Event: 5.039 Thread 0x000002417fc87800 nmethod 5295 0x000002416fe1fc10 code [0x000002416fe1fdc0, 0x000002416fe1ff18]
Event: 5.039 Thread 0x000002417fc87800 5296       3       org.jetbrains.kotlin.utils.FunctionsKt$DO_NOTHING_3$1::invoke (1 bytes)
Event: 5.040 Thread 0x000002417fc87800 nmethod 5296 0x000002416fe20010 code [0x000002416fe201c0, 0x000002416fe202b8]
Event: 5.040 Thread 0x000002417fc87800 5294       3       kotlin.collections.CollectionsKt___CollectionsKt::toMutableList (18 bytes)
Event: 5.040 Thread 0x000002417fc87800 nmethod 5294 0x000002416fe20390 code [0x000002416fe205c0, 0x000002416fe20be8]
Event: 5.040 Thread 0x000002417fc87800 5268       1       org.jetbrains.kotlin.load.kotlin.TypeMappingMode::getKotlinCollectionsToJavaCollections (5 bytes)
Event: 5.040 Thread 0x000002417fc87800 nmethod 5268 0x00000241769dea10 code [0x00000241769debc0, 0x00000241769dec78]
Event: 5.040 Thread 0x000002417fc87800 5298       3       org.jetbrains.kotlin.storage.StorageKt::getValue (19 bytes)
Event: 5.040 Thread 0x000002417fc87800 nmethod 5298 0x000002416fe20e90 code [0x000002416fe21140, 0x000002416fe21c28]
Event: 5.041 Thread 0x000002417fc87800 5299       3       org.jetbrains.kotlin.types.DelegatingSimpleType::isMarkedNullable (8 bytes)
Event: 5.041 Thread 0x000002417fc87800 nmethod 5299 0x000002416fe22010 code [0x000002416fe221e0, 0x000002416fe22478]
Event: 5.041 Thread 0x000002417fc87800 5300       3       org.jetbrains.kotlin.descriptors.ScopesHolderForClass::getScope (76 bytes)
Event: 5.043 Thread 0x000002417fc87800 nmethod 5300 0x000002416fe22590 code [0x000002416fe22b40, 0x000002416fe25618]
Event: 5.043 Thread 0x000002417fc87800 5301       3       org.jetbrains.kotlin.types.checker.ClassicTypeSystemContext$DefaultImpls::getPrimitiveArrayType (93 bytes)

GC Heap History (11 events):
Event: 0.450 GC heap before
{Heap before GC invocations=0 (full 0):
 garbage-first heap   total 196608K, used 18432K [0x0000000740800000, 0x0000000800000000)
  region size 1024K, 14 young (14336K), 0 survivors (0K)
 Metaspace       used 9493K, capacity 9615K, committed 9856K, reserved 1058816K
  class space    used 783K, capacity 820K, committed 896K, reserved 1048576K
}
Event: 0.452 GC heap after
{Heap after GC invocations=1 (full 0):
 garbage-first heap   total 196608K, used 6246K [0x0000000740800000, 0x0000000800000000)
  region size 1024K, 2 young (2048K), 2 survivors (2048K)
 Metaspace       used 9493K, capacity 9615K, committed 9856K, reserved 1058816K
  class space    used 783K, capacity 820K, committed 896K, reserved 1048576K
}
Event: 1.337 GC heap before
{Heap before GC invocations=1 (full 0):
 garbage-first heap   total 196608K, used 54374K [0x0000000740800000, 0x0000000800000000)
  region size 1024K, 50 young (51200K), 2 survivors (2048K)
 Metaspace       used 20869K, capacity 21102K, committed 21248K, reserved 1069056K
  class space    used 2212K, capacity 2273K, committed 2304K, reserved 1048576K
}
Event: 1.347 GC heap after
{Heap after GC invocations=2 (full 0):
 garbage-first heap   total 196608K, used 10342K [0x0000000740800000, 0x0000000800000000)
  region size 1024K, 6 young (6144K), 6 survivors (6144K)
 Metaspace       used 20869K, capacity 21102K, committed 21248K, reserved 1069056K
  class space    used 2212K, capacity 2273K, committed 2304K, reserved 1048576K
}
Event: 2.280 GC heap before
{Heap before GC invocations=3 (full 0):
 garbage-first heap   total 196608K, used 67686K [0x0000000740800000, 0x0000000800000000)
  region size 1024K, 56 young (57344K), 6 survivors (6144K)
 Metaspace       used 33073K, capacity 33620K, committed 33792K, reserved 1079296K
  class space    used 4101K, capacity 4313K, committed 4352K, reserved 1048576K
}
Event: 2.291 GC heap after
{Heap after GC invocations=4 (full 0):
 garbage-first heap   total 196608K, used 23223K [0x0000000740800000, 0x0000000800000000)
  region size 1024K, 7 young (7168K), 7 survivors (7168K)
 Metaspace       used 33073K, capacity 33620K, committed 33792K, reserved 1079296K
  class space    used 4101K, capacity 4313K, committed 4352K, reserved 1048576K
}
Event: 2.422 GC heap before
{Heap before GC invocations=4 (full 0):
 garbage-first heap   total 196608K, used 31415K [0x0000000740800000, 0x0000000800000000)
  region size 1024K, 16 young (16384K), 7 survivors (7168K)
 Metaspace       used 34988K, capacity 35476K, committed 35584K, reserved 1081344K
  class space    used 4286K, capacity 4505K, committed 4608K, reserved 1048576K
}
Event: 2.433 GC heap after
{Heap after GC invocations=5 (full 0):
 garbage-first heap   total 196608K, used 24828K [0x0000000740800000, 0x0000000800000000)
  region size 1024K, 2 young (2048K), 2 survivors (2048K)
 Metaspace       used 34988K, capacity 35476K, committed 35584K, reserved 1081344K
  class space    used 4286K, capacity 4505K, committed 4608K, reserved 1048576K
}
Event: 3.638 GC heap before
{Heap before GC invocations=6 (full 0):
 garbage-first heap   total 196608K, used 91388K [0x0000000740800000, 0x0000000800000000)
  region size 1024K, 65 young (66560K), 2 survivors (2048K)
 Metaspace       used 48207K, capacity 48788K, committed 48896K, reserved 1091584K
  class space    used 5632K, capacity 5886K, committed 5888K, reserved 1048576K
}
Event: 3.652 GC heap after
{Heap after GC invocations=7 (full 0):
 garbage-first heap   total 196608K, used 30860K [0x0000000740800000, 0x0000000800000000)
  region size 1024K, 8 young (8192K), 8 survivors (8192K)
 Metaspace       used 48207K, capacity 48788K, committed 48896K, reserved 1091584K
  class space    used 5632K, capacity 5886K, committed 5888K, reserved 1048576K
}
Event: 5.043 GC heap before
{Heap before GC invocations=8 (full 0):
 garbage-first heap   total 196608K, used 114828K [0x0000000740800000, 0x0000000800000000)
  region size 1024K, 89 young (91136K), 8 survivors (8192K)
 Metaspace       used 56701K, capacity 57366K, committed 57472K, reserved 1099776K
  class space    used 6445K, capacity 6729K, committed 6784K, reserved 1048576K
}

Deoptimization events (20 events):
Event: 4.753 Thread 0x000002416b193800 Uncommon trap: trap_request=0xffffffbe fr.pc=0x00000241769a2e94 relative=0x0000000000000354
Event: 4.753 Thread 0x000002416b193800 Uncommon trap: reason=profile_predicate action=maybe_recompile pc=0x00000241769a2e94 method=org.jetbrains.kotlin.com.intellij.openapi.util.text.Strings.stringHashCode(Ljava/lang/CharSequence;III)I @ 18 c2
Event: 4.753 Thread 0x000002416b193800 DEOPT PACKING pc=0x00000241769a2e94 sp=0x000000c65affbb90
Event: 4.754 Thread 0x000002416b193800 DEOPT UNPACKING pc=0x000002416ed0a1af sp=0x000000c65affbb38 mode 2
Event: 4.754 Thread 0x000002416b193800 Uncommon trap: trap_request=0xffffffbe fr.pc=0x00000241769a2e94 relative=0x0000000000000354
Event: 4.754 Thread 0x000002416b193800 Uncommon trap: reason=profile_predicate action=maybe_recompile pc=0x00000241769a2e94 method=org.jetbrains.kotlin.com.intellij.openapi.util.text.Strings.stringHashCode(Ljava/lang/CharSequence;III)I @ 18 c2
Event: 4.754 Thread 0x000002416b193800 DEOPT PACKING pc=0x00000241769a2e94 sp=0x000000c65affbb90
Event: 4.754 Thread 0x000002416b193800 DEOPT UNPACKING pc=0x000002416ed0a1af sp=0x000000c65affbb38 mode 2
Event: 4.754 Thread 0x000002416b193800 Uncommon trap: trap_request=0xffffffbe fr.pc=0x00000241769a2e94 relative=0x0000000000000354
Event: 4.754 Thread 0x000002416b193800 Uncommon trap: reason=profile_predicate action=maybe_recompile pc=0x00000241769a2e94 method=org.jetbrains.kotlin.com.intellij.openapi.util.text.Strings.stringHashCode(Ljava/lang/CharSequence;III)I @ 18 c2
Event: 4.754 Thread 0x000002416b193800 DEOPT PACKING pc=0x00000241769a2e94 sp=0x000000c65affbb90
Event: 4.754 Thread 0x000002416b193800 DEOPT UNPACKING pc=0x000002416ed0a1af sp=0x000000c65affbb38 mode 2
Event: 4.755 Thread 0x000002416b193800 Uncommon trap: trap_request=0xffffffbe fr.pc=0x00000241769a2e94 relative=0x0000000000000354
Event: 4.755 Thread 0x000002416b193800 Uncommon trap: reason=profile_predicate action=maybe_recompile pc=0x00000241769a2e94 method=org.jetbrains.kotlin.com.intellij.openapi.util.text.Strings.stringHashCode(Ljava/lang/CharSequence;III)I @ 18 c2
Event: 4.755 Thread 0x000002416b193800 DEOPT PACKING pc=0x00000241769a2e94 sp=0x000000c65affbb90
Event: 4.755 Thread 0x000002416b193800 DEOPT UNPACKING pc=0x000002416ed0a1af sp=0x000000c65affbb38 mode 2
Event: 4.856 Thread 0x000002416b193800 Uncommon trap: trap_request=0xffffff4d fr.pc=0x00000241769be5d4 relative=0x00000000000007d4
Event: 4.856 Thread 0x000002416b193800 Uncommon trap: reason=unstable_if action=reinterpret pc=0x00000241769be5d4 method=org.jetbrains.org.objectweb.asm.Type.getDescriptor()Ljava/lang/String; @ 35 c2
Event: 4.856 Thread 0x000002416b193800 DEOPT PACKING pc=0x00000241769be5d4 sp=0x000000c65aff9880
Event: 4.856 Thread 0x000002416b193800 DEOPT UNPACKING pc=0x000002416ed0a1af sp=0x000000c65aff9858 mode 2

Classes redefined (0 events):
No events

Internal exceptions (20 events):
Event: 1.404 Thread 0x000002416b193800 Exception <a 'java/lang/NoSuchMethodError'{0x000000074c447540}: 'int java.lang.invoke.DirectMethodHandle$Holder.invokeStaticInit(java.lang.Object, java.lang.Object, java.lang.Object)'> (0x000000074c447540) thrown at [src/hotspot/share/interpreter/linkResolver.cpp, line 773]
Event: 1.408 Thread 0x000002416b193800 Exception <a 'java/lang/NoSuchMethodError'{0x000000074c472740}: 'int java.lang.invoke.DirectMethodHandle$Holder.invokeStaticInit(java.lang.Object, java.lang.Object)'> (0x000000074c472740) thrown at [src/hotspot/share/interpreter/linkResolver.cpp, line 773]
Event: 1.455 Thread 0x000002416b193800 Exception <a 'java/lang/NoSuchMethodError'{0x000000074c280980}: 'void java.lang.invoke.DirectMethodHandle$Holder.invokeSpecial(java.lang.Object, java.lang.Object)'> (0x000000074c280980) thrown at [src/hotspot/share/interpreter/linkResolver.cpp, line 773]
Event: 1.642 Thread 0x000002416b193800 Exception <a 'java/lang/NoSuchMethodError'{0x000000074b92a648}: 'java.lang.Object java.lang.invoke.DirectMethodHandle$Holder.invokeStatic(java.lang.Object, java.lang.Object, java.lang.Object, java.lang.Object, java.lang.Object, java.lang.Object, java.lang.Object, java.lang.Object, java.lang.Object, java.lang.Object, java.lang.Object, java.lang.Object, java.lang.Object, java.lang.Object, java.lang.Object)'> (0x000000074b92a648) thrown at [src/hotspot/share/interpreter/linkResolver.cpp, line 773]
Event: 1.644 Thread 0x000002416b193800 Exception <a 'java/lang/NoSuchMethodError'{0x000000074b938650}: 'java.lang.Object java.lang.invoke.DirectMethodHandle$Holder.invokeStatic(java.lang.Object, java.lang.Object, java.lang.Object, java.lang.Object, java.lang.Object, java.lang.Object, java.lang.Object, java.lang.Object, java.lang.Object, java.lang.Object, java.lang.Object, java.lang.Object, java.lang.Object, java.lang.Object, java.lang.Object, java.lang.Object)'> (0x000000074b938650) thrown at [src/hotspot/share/interpreter/linkResolver.cpp, lin
Event: 1.645 Thread 0x000002416b193800 Exception <a 'java/lang/NoSuchMethodError'{0x000000074b946568}: 'java.lang.Object java.lang.invoke.DirectMethodHandle$Holder.invokeSpecial(java.lang.Object, java.lang.Object, int, int, java.lang.Object, java.lang.Object, java.lang.Object)'> (0x000000074b946568) thrown at [src/hotspot/share/interpreter/linkResolver.cpp, line 773]
Event: 1.645 Thread 0x000002416b193800 Exception <a 'java/lang/NoSuchMethodError'{0x000000074b949da0}: 'java.lang.Object java.lang.invoke.DelegatingMethodHandle$Holder.reinvoke_L(java.lang.Object, int, int, java.lang.Object, java.lang.Object, java.lang.Object)'> (0x000000074b949da0) thrown at [src/hotspot/share/interpreter/linkResolver.cpp, line 773]
Event: 1.646 Thread 0x000002416b193800 Exception <a 'java/lang/NoSuchMethodError'{0x000000074b94e128}: 'java.lang.Object java.lang.invoke.DirectMethodHandle$Holder.invokeStatic(java.lang.Object, java.lang.Object, java.lang.Object, java.lang.Object, int)'> (0x000000074b94e128) thrown at [src/hotspot/share/interpreter/linkResolver.cpp, line 773]
Event: 1.683 Thread 0x000002416b193800 Exception <a 'java/lang/NoSuchMethodError'{0x000000074b870d80}: 'void java.lang.invoke.DirectMethodHandle$Holder.invokeStatic(java.lang.Object, java.lang.Object, java.lang.Object, java.lang.Object)'> (0x000000074b870d80) thrown at [src/hotspot/share/interpreter/linkResolver.cpp, line 773]
Event: 1.737 Thread 0x000002416b193800 Exception <a 'java/lang/NoSuchMethodError'{0x000000074b44f5b0}: 'void java.lang.invoke.DirectMethodHandle$Holder.invokeStaticInit(java.lang.Object, java.lang.Object)'> (0x000000074b44f5b0) thrown at [src/hotspot/share/interpreter/linkResolver.cpp, line 773]
Event: 1.824 Thread 0x000002416b193800 Exception <a 'java/lang/NoSuchMethodError'{0x000000074af52d68}: 'void java.lang.invoke.DirectMethodHandle$Holder.invokeVirtual(java.lang.Object, java.lang.Object)'> (0x000000074af52d68) thrown at [src/hotspot/share/interpreter/linkResolver.cpp, line 773]
Event: 1.832 Thread 0x000002416b193800 Exception <a 'java/lang/NoSuchMethodError'{0x000000074afa90a8}: 'int java.lang.invoke.DirectMethodHandle$Holder.invokeVirtual(java.lang.Object, java.lang.Object)'> (0x000000074afa90a8) thrown at [src/hotspot/share/interpreter/linkResolver.cpp, line 773]
Event: 2.489 Thread 0x000002416b193800 Exception <a 'java/lang/NoSuchMethodError'{0x000000074c4854b8}: 'java.lang.Object java.lang.invoke.DirectMethodHandle$Holder.invokeVirtual(java.lang.Object, java.lang.Object, java.lang.Object)'> (0x000000074c4854b8) thrown at [src/hotspot/share/interpreter/linkResolver.cpp, line 773]
Event: 3.160 Thread 0x000002416b193800 Exception <a 'java/lang/NoSuchMethodError'{0x0000000749823068}: 'java.lang.Object java.lang.invoke.Invokers$Holder.linkToTargetMethod(java.lang.Object, int, java.lang.Object)'> (0x0000000749823068) thrown at [src/hotspot/share/interpreter/linkResolver.cpp, line 773]
Event: 3.287 Thread 0x000002416b193800 Exception <a 'java/lang/NoSuchMethodError'{0x00000007496ca1a0}: 'java.lang.Object java.lang.invoke.DirectMethodHandle$Holder.invokeStatic(java.lang.Object, java.lang.Object, java.lang.Object, int)'> (0x00000007496ca1a0) thrown at [src/hotspot/share/interpreter/linkResolver.cpp, line 773]
Event: 3.288 Thread 0x000002416b193800 Exception <a 'java/lang/NoSuchMethodError'{0x00000007496cde10}: 'java.lang.Object java.lang.invoke.DirectMethodHandle$Holder.invokeSpecial(java.lang.Object, java.lang.Object, java.lang.Object, java.lang.Object, int)'> (0x00000007496cde10) thrown at [src/hotspot/share/interpreter/linkResolver.cpp, line 773]
Event: 3.288 Thread 0x000002416b193800 Exception <a 'java/lang/NoSuchMethodError'{0x00000007496d1120}: 'java.lang.Object java.lang.invoke.Invokers$Holder.linkToTargetMethod(java.lang.Object, java.lang.Object, int, java.lang.Object)'> (0x00000007496d1120) thrown at [src/hotspot/share/interpreter/linkResolver.cpp, line 773]
Event: 4.309 Thread 0x000002416b193800 Exception <a 'java/lang/NoSuchMethodError'{0x00000007490124b0}: 'java.lang.Object java.lang.invoke.Invokers$Holder.linkToTargetMethod(java.lang.Object, java.lang.Object, java.lang.Object, java.lang.Object, java.lang.Object, java.lang.Object)'> (0x00000007490124b0) thrown at [src/hotspot/share/interpreter/linkResolver.cpp, line 773]
Event: 4.345 Thread 0x000002416b193800 Implicit null exception at 0x0000024176968b6b to 0x0000024176968f84
Event: 4.855 Thread 0x000002416b193800 Exception <a 'java/lang/NoSuchMethodError'{0x000000074758eba0}: 'java.lang.Object java.lang.invoke.DirectMethodHandle$Holder.invokeStaticInit(java.lang.Object, java.lang.Object, java.lang.Object)'> (0x000000074758eba0) thrown at [src/hotspot/share/interpreter/linkResolver.cpp, line 773]

Events (20 events):
Event: 4.871 loading class org/jetbrains/kotlin/load/java/lazy/types/RawSubstitution$Companion done
Event: 4.871 loading class org/jetbrains/kotlin/load/java/ErasedOverridabilityCondition$WhenMappings
Event: 4.871 loading class org/jetbrains/kotlin/load/java/ErasedOverridabilityCondition$WhenMappings done
Event: 4.872 loading class org/jetbrains/kotlin/util/OneElementArrayMap$iterator$1
Event: 4.872 loading class org/jetbrains/kotlin/util/OneElementArrayMap$iterator$1 done
Event: 4.874 loading class org/jetbrains/kotlin/descriptors/impl/FunctionDescriptorImpl$1
Event: 4.874 loading class org/jetbrains/kotlin/descriptors/impl/FunctionDescriptorImpl$1 done
Event: 4.883 loading class org/jetbrains/kotlin/builtins/KotlinBuiltIns$Primitives
Event: 4.883 loading class org/jetbrains/kotlin/builtins/KotlinBuiltIns$Primitives done
Event: 4.885 Executing VM operation: ICBufferFull
Event: 4.885 Executing VM operation: ICBufferFull done
Event: 4.887 loading class org/jetbrains/kotlin/load/java/components/JavaAnnotationTargetMapper
Event: 4.887 loading class org/jetbrains/kotlin/load/java/components/JavaAnnotationTargetMapper done
Event: 4.888 loading class org/jetbrains/kotlin/descriptors/annotations/KotlinRetention
Event: 4.888 loading class org/jetbrains/kotlin/descriptors/annotations/KotlinRetention done
Event: 4.888 loading class org/jetbrains/kotlin/load/java/components/JavaAnnotationTargetMapper$mapJavaTargetArguments$1
Event: 4.888 loading class org/jetbrains/kotlin/load/java/components/JavaAnnotationTargetMapper$mapJavaTargetArguments$1 done
Event: 5.012 Executing VM operation: ICBufferFull
Event: 5.012 Executing VM operation: ICBufferFull done
Event: 5.043 Executing VM operation: G1CollectForAllocation


Dynamic libraries:
0x00007ff7bc440000 - 0x00007ff7bc44a000 	C:\Program Files\Android\Android Studio\jbr\bin\java.exe
0x00007ffe84eb0000 - 0x00007ffe850a8000 	C:\Windows\SYSTEM32\ntdll.dll
0x00007ffe83760000 - 0x00007ffe8381f000 	C:\Windows\System32\KERNEL32.DLL
0x00007ffe828c0000 - 0x00007ffe82bb6000 	C:\Windows\System32\KERNELBASE.dll
0x00007ffe82e10000 - 0x00007ffe82f10000 	C:\Windows\System32\ucrtbase.dll
0x00007ffe74f70000 - 0x00007ffe74f87000 	C:\Program Files\Android\Android Studio\jbr\bin\jli.dll
0x00007ffe841a0000 - 0x00007ffe8433d000 	C:\Windows\System32\USER32.dll
0x00007ffe7d9b0000 - 0x00007ffe7d9cb000 	C:\Program Files\Android\Android Studio\jbr\bin\VCRUNTIME140.dll
0x00007ffe82890000 - 0x00007ffe828b2000 	C:\Windows\System32\win32u.dll
0x00007ffe83690000 - 0x00007ffe836bc000 	C:\Windows\System32\GDI32.dll
0x00007ffe82590000 - 0x00007ffe826a5000 	C:\Windows\System32\gdi32full.dll
0x00007ffe82740000 - 0x00007ffe827dd000 	C:\Windows\System32\msvcp_win.dll
0x00007ffe75590000 - 0x00007ffe7582a000 	C:\Windows\WinSxS\amd64_microsoft.windows.common-controls_6595b64144ccf1df_6.0.19041.1110_none_60b5254171f9507e\COMCTL32.dll
0x00007ffe84dd0000 - 0x00007ffe84e6e000 	C:\Windows\System32\msvcrt.dll
0x00007ffe84170000 - 0x00007ffe841a0000 	C:\Windows\System32\IMM32.DLL
0x00007ffe74f60000 - 0x00007ffe74f6c000 	C:\Program Files\Android\Android Studio\jbr\bin\vcruntime140_1.dll
0x00007ffe525a0000 - 0x00007ffe5262d000 	C:\Program Files\Android\Android Studio\jbr\bin\msvcp140.dll
0x00007ffe22240000 - 0x00007ffe22dfc000 	C:\Program Files\Android\Android Studio\jbr\bin\server\jvm.dll
0x00007ffe84c40000 - 0x00007ffe84cef000 	C:\Windows\System32\ADVAPI32.dll
0x00007ffe836c0000 - 0x00007ffe8375c000 	C:\Windows\System32\sechost.dll
0x00007ffe84b10000 - 0x00007ffe84c36000 	C:\Windows\System32\RPCRT4.dll
0x00007ffe83680000 - 0x00007ffe83688000 	C:\Windows\System32\PSAPI.DLL
0x00007ffe77180000 - 0x00007ffe771a7000 	C:\Windows\SYSTEM32\WINMM.dll
0x00007ffe77b60000 - 0x00007ffe77b69000 	C:\Windows\SYSTEM32\WSOCK32.dll
0x00007ffe83db0000 - 0x00007ffe83e1b000 	C:\Windows\System32\WS2_32.dll
0x00007ffe7bda0000 - 0x00007ffe7bdaa000 	C:\Windows\SYSTEM32\VERSION.dll
0x00007ffe80440000 - 0x00007ffe80452000 	C:\Windows\SYSTEM32\kernel.appcore.dll
0x00007ffe77b50000 - 0x00007ffe77b60000 	C:\Program Files\Android\Android Studio\jbr\bin\verify.dll
0x00007ffe6adf0000 - 0x00007ffe6afd4000 	C:\Windows\SYSTEM32\DBGHELP.DLL
0x00007ffe6a9b0000 - 0x00007ffe6a9e4000 	C:\Windows\SYSTEM32\dbgcore.DLL
0x00007ffe826b0000 - 0x00007ffe82732000 	C:\Windows\System32\bcryptPrimitives.dll
0x00007ffe5d0a0000 - 0x00007ffe5d0c8000 	C:\Program Files\Android\Android Studio\jbr\bin\java.dll
0x00007ffe779f0000 - 0x00007ffe779fa000 	C:\Program Files\Android\Android Studio\jbr\bin\jimage.dll
0x00007ffe5cb90000 - 0x00007ffe5cba8000 	C:\Program Files\Android\Android Studio\jbr\bin\zip.dll
0x00007ffe843c0000 - 0x00007ffe84b04000 	C:\Windows\System32\SHELL32.dll
0x00007ffe80640000 - 0x00007ffe80dd3000 	C:\Windows\SYSTEM32\windows.storage.dll
0x00007ffe82f80000 - 0x00007ffe832d4000 	C:\Windows\System32\combase.dll
0x00007ffe81fe0000 - 0x00007ffe8200e000 	C:\Windows\SYSTEM32\Wldp.dll
0x00007ffe83d00000 - 0x00007ffe83dad000 	C:\Windows\System32\SHCORE.dll
0x00007ffe82f10000 - 0x00007ffe82f65000 	C:\Windows\System32\shlwapi.dll
0x00007ffe824d0000 - 0x00007ffe824ef000 	C:\Windows\SYSTEM32\profapi.dll
0x00007ffe5cad0000 - 0x00007ffe5cae9000 	C:\Program Files\Android\Android Studio\jbr\bin\net.dll
0x00007ffe7a3e0000 - 0x00007ffe7a4ea000 	C:\Windows\SYSTEM32\WINHTTP.dll
0x00007ffe81d40000 - 0x00007ffe81daa000 	C:\Windows\system32\mswsock.dll
0x00007ffe5c640000 - 0x00007ffe5c653000 	C:\Program Files\Android\Android Studio\jbr\bin\nio.dll

dbghelp: loaded successfully - version: 4.0.5 - missing functions: none
symbol engine: initialized successfully - sym options: 0x614 - pdb path: .;C:\Program Files\Android\Android Studio\jbr\bin;C:\Windows\SYSTEM32;C:\Windows\WinSxS\amd64_microsoft.windows.common-controls_6595b64144ccf1df_6.0.19041.1110_none_60b5254171f9507e;C:\Program Files\Android\Android Studio\jbr\bin\server

VM Arguments:
java_command: org.jetbrains.kotlin.cli.jvm.K2JVMCompiler @C:\Users\Kelvin Agusto\Documents\Materi Perkuliahan\Semester 4\Mobile Programming 2\UAS Mobile 2\UAS_CRUD_202101251016\app\build\20230707_15741363493022333566.compiler.options
java_class_path (initial): C:\sdk\caches\modules-2\files-2.1\org.jetbrains.kotlin\kotlin-compiler-embeddable\1.8.0\eb9118d4bcceaa2a94b2ae2a33a4ddba7c9a947f\kotlin-compiler-embeddable-1.8.0.jar;C:\sdk\caches\modules-2\files-2.1\org.jetbrains.kotlin\kotlin-stdlib\1.8.0\1796921c7a3e2e2665a83e6c8d33399336cd39bc\kotlin-stdlib-1.8.0.jar;C:\sdk\caches\modules-2\files-2.1\org.jetbrains.kotlin\kotlin-script-runtime\1.8.0\b2f7e760d283cb339974851c222a4c1d48f2d3d\kotlin-script-runtime-1.8.0.jar;C:\sdk\caches\modules-2\files-2.1\org.jetbrains.kotlin\kotlin-reflect\1.6.10\1cbe9c92c12a94eea200d23c2bbaedaf3daf5132\kotlin-reflect-1.6.10.jar;C:\sdk\caches\modules-2\files-2.1\org.jetbrains.kotlin\kotlin-daemon-embeddable\1.8.0\d255216c551685dc3a7e852b53617f5f01aaaa5c\kotlin-daemon-embeddable-1.8.0.jar;C:\sdk\caches\modules-2\files-2.1\org.jetbrains.intellij.deps\trove4j\1.0.20200330\3afb14d5f9ceb459d724e907a21145e8ff394f02\trove4j-1.0.20200330.jar;C:\sdk\caches\modules-2\files-2.1\net.java.dev.jna\jna\5.6.0\330f2244e9030119ab3030fc3fededc86713d9cc\jna-5.6.0.jar;C:\sdk\caches\modules-2\files-2.1\org.jetbrains.kotlin\kotlin-stdlib-common\1.8.0\f7197e7cc76453ac59f8b0f8d5137cc600becd36\kotlin-stdlib-common-1.8.0.jar;C:\sdk\caches\modules-2\files-2.1\org.jetbrains\annotations\13.0\919f0dfe192fb4e063e7dacadee7f8bb9a2672a9\annotations-13.0.jar
Launcher Type: SUN_STANDARD

[Global flags]
     intx CICompilerCount                          = 3                                         {product} {ergonomic}
     uint ConcGCThreads                            = 1                                         {product} {ergonomic}
     uint G1ConcRefinementThreads                  = 4                                         {product} {ergonomic}
   size_t G1HeapRegionSize                         = 1048576                                   {product} {ergonomic}
    uintx GCDrainStackTargetSize                   = 64                                        {product} {ergonomic}
   size_t InitialHeapSize                          = 201326592                                 {product} {ergonomic}
   size_t MarkStackSize                            = 4194304                                   {product} {ergonomic}
   size_t MaxHeapSize                              = 3212836864                                {product} {ergonomic}
   size_t MaxNewSize                               = 1927282688                                {product} {ergonomic}
   size_t MinHeapDeltaBytes                        = 1048576                                   {product} {ergonomic}
    uintx NonNMethodCodeHeapSize                   = 5830732                                {pd product} {ergonomic}
    uintx NonProfiledCodeHeapSize                  = 122913754                              {pd product} {ergonomic}
    uintx ProfiledCodeHeapSize                     = 122913754                              {pd product} {ergonomic}
    uintx ReservedCodeCacheSize                    = 251658240                              {pd product} {ergonomic}
     bool SegmentedCodeCache                       = true                                      {product} {ergonomic}
     bool UseCompressedClassPointers               = true                                 {lp64_product} {ergonomic}
     bool UseCompressedOops                        = true                                 {lp64_product} {ergonomic}
     bool UseG1GC                                  = true                                      {product} {ergonomic}
     bool UseLargePagesIndividualAllocation        = false                                  {pd product} {ergonomic}

Logging:
Log output configuration:
 #0: stdout all=warning uptime,level,tags
 #1: stderr all=off uptime,level,tags

Environment Variables:
PATH=C:\Program Files\Common Files\Oracle\Java\javapath;C:\Program Files\Eclipse Adoptium\jdk-11.0.14.101-hotspot\bin;C:\Program Files (x86)\Common Files\Intel\Shared Libraries\redist\intel64\compiler;C:\Windows\system32;C:\Windows;C:\Windows\System32\Wbem;C:\Windows\System32\WindowsPowerShell\v1.0\;C:\Windows\System32\OpenSSH\;C:\Program Files (x86)\NVIDIA Corporation\PhysX\Common;C:\Program Files\NVIDIA Corporation\NVIDIA NvDLISR;C:\Windows\system32;C:\Windows;C:\Windows\System32\Wbem;C:\Windows\System32\WindowsPowerShell\v1.0\;C:\Windows\System32\OpenSSH\;C:\Program Files\Eclipse Adoptium\jdk-11.0.14.101-hotspot\bin;D:\APK Program\Git\cmd;C:\Program Files\Java\jdk-18.0.1.1\bin;D:\APK Program\IBM\JRE\bin;c:\Program Files (x86)\Microsoft SQL Server\100\Tools\Binn\;c:\Program Files\Microsoft SQL Server\100\Tools\Binn\;c:\Program Files\Microsoft SQL Server\100\DTS\Binn\;c:\Program Files (x86)\Microsoft SQL Server\100\Tools\Binn\VSShell\Common7\IDE\;c:\Program Files (x86)\Microsoft SQL Server\100\DTS\Binn\;C:\xampp\php;C:\ProgramData\ComposerSetup\bin;C:\Users\Kelvin Agusto\AppData\Local\Microsoft\WindowsApps;D:\windows\Microsoft VS Code\bin;C:\Users\Kelvin Agusto\AppData\Roaming\npm;C:\Users\Kelvin Agusto\AppData\Local\Programs\Microsoft VS Code\bin;C:\Users\Kelvin Agusto\AppData\Roaming\Composer\vendor\bin
USERNAME=Kelvin Agusto
OS=Windows_NT
PROCESSOR_IDENTIFIER=Intel64 Family 6 Model 58 Stepping 9, GenuineIntel



---------------  S Y S T E M  ---------------

OS: Windows 10 , 64 bit Build 19041 (10.0.19041.3031)
OS uptime: 0 days 3:18 hours

CPU:total 4 (initial active 4) (4 cores per cpu, 1 threads per core) family 6 model 58 stepping 9 microcode 0x21, cmov, cx8, fxsr, mmx, sse, sse2, sse3, ssse3, sse4.1, sse4.2, popcnt, avx, aes, clmul, erms, tsc, tscinvbit, tscinv

Memory: 4k page, system-wide physical 12249M (704M free)
TotalPageFile size 16345M (AvailPageFile size 32M)
current process WorkingSet (physical memory assigned to process): 299M, peak: 299M
current process commit charge ("private bytes"): 391M, peak: 430M

vm_info: OpenJDK 64-Bit Server VM (11.0.15+0-b2043.56-9505619) for windows-amd64 JRE (11.0.15+0-b2043.56-9505619), built on Jan 19 2023 02:48:00 by "builduser" with unknown MS VC++:1929

END.
