#
# There is insufficient memory for the Java Runtime Environment to continue.
# Native memory allocation (malloc) failed to allocate 272816 bytes for Chunk::new
# Possible reasons:
#   The system is out of physical RAM or swap space
#   The process is running with CompressedOops enabled, and the Java Heap may be blocking the growth of the native heap
# Possible solutions:
#   Reduce memory load on the system
#   Increase physical memory or swap space
#   Check if swap backing store is full
#   Decrease Java heap size (-Xmx/-Xms)
#   Decrease number of Java threads
#   Decrease Java thread stack sizes (-Xss)
#   Set larger code cache with -XX:ReservedCodeCacheSize=
#   JVM is running with Zero Based Compressed Oops mode in which the Java heap is
#     placed in the first 32GB address space. The Java Heap base address is the
#     maximum limit for the native heap growth. Please use -XX:HeapBaseMinAddress
#     to set the Java Heap base and to place the Java Heap above 32GB virtual address.
# This output file may be truncated or incomplete.
#
#  Out of Memory Error (src/hotspot/share/memory/arena.cpp:197), pid=8864, tid=11028
#
# JRE version: OpenJDK Runtime Environment (11.0.15) (build 11.0.15+0-b2043.56-9505619)
# Java VM: OpenJDK 64-Bit Server VM (11.0.15+0-b2043.56-9505619, mixed mode, tiered, compressed oops, g1 gc, windows-amd64)
# No core dump will be written. Minidumps are not enabled by default on client versions of Windows
#

---------------  S U M M A R Y ------------

Command Line: org.jetbrains.kotlin.cli.jvm.K2JVMCompiler @C:\Users\Kelvin Agusto\Documents\Materi Perkuliahan\Semester 4\Mobile Programming 2\UAS Mobile 2\UAS_CRUD_202101251016\app\build\20230707_5006205046865616132.compiler.options

Host: Intel(R) Core(TM) i5-3570 CPU @ 3.40GHz, 4 cores, 11G,  Windows 10 , 64 bit Build 19041 (10.0.19041.3031)
Time: Fri Jul  7 13:46:03 2023 SE Asia Standard Time elapsed time: 3.660334 seconds (0d 0h 0m 3s)

---------------  T H R E A D  ---------------

Current thread (0x0000016656c24800):  JavaThread "C2 CompilerThread0" daemon [_thread_in_native, id=11028, stack(0x0000002593200000,0x0000002593300000)]


Current CompileTask:
C2:   3660 3251   !   4       jdk.internal.loader.BuiltinClassLoader::findClassOnClassPathOrNull (64 bytes)

Stack: [0x0000002593200000,0x0000002593300000]
Native frames: (J=compiled Java code, j=interpreted, Vv=VM code, C=native code)
V  [jvm.dll+0x64135a]
V  [jvm.dll+0x7d39f9]
V  [jvm.dll+0x7d51b9]
V  [jvm.dll+0x7d58a3]
V  [jvm.dll+0x2691c5]
V  [jvm.dll+0xc1a5c]
V  [jvm.dll+0xc200c]
V  [jvm.dll+0x53122b]
V  [jvm.dll+0x3424c4]
V  [jvm.dll+0x34186a]
V  [jvm.dll+0x2214bd]
V  [jvm.dll+0x220498]
V  [jvm.dll+0x19e851]
V  [jvm.dll+0x230479]
V  [jvm.dll+0x22e5ef]
V  [jvm.dll+0x794de1]
V  [jvm.dll+0x78dc24]
V  [jvm.dll+0x6400f6]
C  [ucrtbase.dll+0x21bb2]
C  [KERNEL32.DLL+0x17614]
C  [ntdll.dll+0x526f1]


---------------  P R O C E S S  ---------------

Threads class SMR info:
_java_thread_list=0x00000166584343a0, length=11, elements={
0x0000016638226800, 0x0000016656386800, 0x0000016656394800, 0x0000016656bd9000,
0x0000016656bdb000, 0x0000016656bdd800, 0x0000016656c24800, 0x0000016656c29800,
0x0000016656c2f000, 0x0000016656d8b800, 0x0000016656d82800
}

Java Threads: ( => current thread )
  0x0000016638226800 JavaThread "main" [_thread_in_vm, id=8656, stack(0x0000002592600000,0x0000002592700000)]
  0x0000016656386800 JavaThread "Reference Handler" daemon [_thread_blocked, id=11928, stack(0x0000002592d00000,0x0000002592e00000)]
  0x0000016656394800 JavaThread "Finalizer" daemon [_thread_blocked, id=5168, stack(0x0000002592e00000,0x0000002592f00000)]
  0x0000016656bd9000 JavaThread "Signal Dispatcher" daemon [_thread_blocked, id=15152, stack(0x0000002592f00000,0x0000002593000000)]
  0x0000016656bdb000 JavaThread "Attach Listener" daemon [_thread_blocked, id=6380, stack(0x0000002593000000,0x0000002593100000)]
  0x0000016656bdd800 JavaThread "Service Thread" daemon [_thread_blocked, id=11308, stack(0x0000002593100000,0x0000002593200000)]
=>0x0000016656c24800 JavaThread "C2 CompilerThread0" daemon [_thread_in_native, id=11028, stack(0x0000002593200000,0x0000002593300000)]
  0x0000016656c29800 JavaThread "C1 CompilerThread0" daemon [_thread_blocked, id=2784, stack(0x0000002593300000,0x0000002593400000)]
  0x0000016656c2f000 JavaThread "Sweeper thread" daemon [_thread_blocked, id=11060, stack(0x0000002593400000,0x0000002593500000)]
  0x0000016656d8b800 JavaThread "Common-Cleaner" daemon [_thread_blocked, id=10148, stack(0x0000002593600000,0x0000002593700000)]
  0x0000016656d82800 JavaThread "C2 CompilerThread1" daemon [_thread_in_native, id=876, stack(0x0000002593700000,0x0000002593800000)]

Other Threads:
  0x0000016656bc5800 VMThread "VM Thread" [stack: 0x0000002592c00000,0x0000002592d00000] [id=14388]
  0x0000016656d79800 WatcherThread [stack: 0x0000002593500000,0x0000002593600000] [id=5144]
  0x000001663823c800 GCTaskThread "GC Thread#0" [stack: 0x0000002592700000,0x0000002592800000] [id=9880]
  0x000001665729a000 GCTaskThread "GC Thread#1" [stack: 0x0000002593800000,0x0000002593900000] [id=12104]
  0x000001665729a800 GCTaskThread "GC Thread#2" [stack: 0x0000002593900000,0x0000002593a00000] [id=9872]
  0x000001665729b800 GCTaskThread "GC Thread#3" [stack: 0x0000002593a00000,0x0000002593b00000] [id=13896]
  0x0000016638283000 ConcurrentGCThread "G1 Main Marker" [stack: 0x0000002592800000,0x0000002592900000] [id=11236]
  0x0000016638286000 ConcurrentGCThread "G1 Conc#0" [stack: 0x0000002592900000,0x0000002592a00000] [id=6636]
  0x00000166561f4800 ConcurrentGCThread "G1 Refine#0" [stack: 0x0000002592a00000,0x0000002592b00000] [id=13292]
  0x00000166561f5000 ConcurrentGCThread "G1 Young RemSet Sampling" [stack: 0x0000002592b00000,0x0000002592c00000] [id=5452]

Threads with active compile tasks:
C2 CompilerThread0     3682 3251   !   4       jdk.internal.loader.BuiltinClassLoader::findClassOnClassPathOrNull (64 bytes)
C2 CompilerThread1     3682 3310       4       java.lang.ClassLoader::postDefineClass (39 bytes)

VM state:not at safepoint (normal execution)

VM Mutex/Monitor currently owned by a thread: None

Heap address: 0x0000000740800000, size: 3064 MB, Compressed Oops mode: Zero based, Oop shift amount: 3
Narrow klass base: 0x0000000800000000, Narrow klass shift: 0
Compressed class space size: 1073741824 Address: 0x0000000800000000

Heap:
 garbage-first heap   total 196608K, used 75914K [0x0000000740800000, 0x0000000800000000)
  region size 1024K, 53 young (54272K), 2 survivors (2048K)
 Metaspace       used 46024K, capacity 46601K, committed 46720K, reserved 1089536K
  class space    used 5398K, capacity 5645K, committed 5760K, reserved 1048576K
Heap Regions: E=young(eden), S=young(survivor), O=old, HS=humongous(starts), HC=humongous(continues), CS=collection set, F=free, A=archive, TAMS=top-at-mark-start (previous, next)
|   0|0x0000000740800000, 0x0000000740900000, 0x0000000740900000|100%|HS|  |TAMS 0x0000000740900000, 0x0000000740800000| Complete 
|   1|0x0000000740900000, 0x0000000740a00000, 0x0000000740a00000|100%|HC|  |TAMS 0x0000000740a00000, 0x0000000740900000| Complete 
|   2|0x0000000740a00000, 0x0000000740b00000, 0x0000000740b00000|100%|HC|  |TAMS 0x0000000740b00000, 0x0000000740a00000| Complete 
|   3|0x0000000740b00000, 0x0000000740c00000, 0x0000000740c00000|100%|HC|  |TAMS 0x0000000740c00000, 0x0000000740b00000| Complete 
|   4|0x0000000740c00000, 0x0000000740d00000, 0x0000000740d00000|100%| O|  |TAMS 0x0000000740d00000, 0x0000000740c00000| Untracked 
|   5|0x0000000740d00000, 0x0000000740e00000, 0x0000000740e00000|100%| O|  |TAMS 0x0000000740e00000, 0x0000000740d00000| Untracked 
|   6|0x0000000740e00000, 0x0000000740f00000, 0x0000000740f00000|100%|HS|  |TAMS 0x0000000740f00000, 0x0000000740e00000| Complete 
|   7|0x0000000740f00000, 0x0000000741000000, 0x0000000741000000|100%|HC|  |TAMS 0x0000000741000000, 0x0000000740f00000| Complete 
|   8|0x0000000741000000, 0x0000000741100000, 0x0000000741100000|100%|HC|  |TAMS 0x0000000741100000, 0x0000000741000000| Complete 
|   9|0x0000000741100000, 0x0000000741200000, 0x0000000741200000|100%|HC|  |TAMS 0x0000000741200000, 0x0000000741100000| Complete 
|  10|0x0000000741200000, 0x0000000741300000, 0x0000000741300000|100%|HS|  |TAMS 0x0000000741300000, 0x0000000741200000| Complete 
|  11|0x0000000741300000, 0x0000000741400000, 0x0000000741400000|100%|HC|  |TAMS 0x0000000741400000, 0x0000000741300000| Complete 
|  12|0x0000000741400000, 0x0000000741500000, 0x0000000741500000|100%| O|  |TAMS 0x0000000741500000, 0x0000000741400000| Untracked 
|  13|0x0000000741500000, 0x0000000741600000, 0x0000000741600000|100%| O|  |TAMS 0x0000000741600000, 0x0000000741500000| Untracked 
|  14|0x0000000741600000, 0x0000000741700000, 0x0000000741700000|100%| O|  |TAMS 0x0000000741700000, 0x0000000741600000| Untracked 
|  15|0x0000000741700000, 0x0000000741800000, 0x0000000741800000|100%| O|  |TAMS 0x0000000741800000, 0x0000000741700000| Untracked 
|  16|0x0000000741800000, 0x0000000741900000, 0x0000000741900000|100%| O|  |TAMS 0x0000000741900000, 0x0000000741800000| Untracked 
|  17|0x0000000741900000, 0x0000000741a00000, 0x0000000741a00000|100%| O|  |TAMS 0x0000000741a00000, 0x0000000741900000| Untracked 
|  18|0x0000000741a00000, 0x0000000741b00000, 0x0000000741b00000|100%| O|  |TAMS 0x0000000741b00000, 0x0000000741a00000| Untracked 
|  19|0x0000000741b00000, 0x0000000741c00000, 0x0000000741c00000|100%| O|  |TAMS 0x0000000741c00000, 0x0000000741b00000| Untracked 
|  20|0x0000000741c00000, 0x0000000741d00000, 0x0000000741d00000|100%| O|  |TAMS 0x0000000741d00000, 0x0000000741c00000| Untracked 
|  21|0x0000000741d00000, 0x0000000741e00000, 0x0000000741e00000|100%| O|  |TAMS 0x0000000741e00000, 0x0000000741d00000| Untracked 
|  22|0x0000000741e00000, 0x0000000741e97a00, 0x0000000741f00000| 59%| O|  |TAMS 0x0000000741e97a00, 0x0000000741e00000| Untracked 
|  23|0x0000000741f00000, 0x0000000741f00000, 0x0000000742000000|  0%| F|  |TAMS 0x0000000741f00000, 0x0000000741f00000| Untracked 
|  24|0x0000000742000000, 0x0000000742000000, 0x0000000742100000|  0%| F|  |TAMS 0x0000000742000000, 0x0000000742000000| Untracked 
|  25|0x0000000742100000, 0x0000000742100000, 0x0000000742200000|  0%| F|  |TAMS 0x0000000742100000, 0x0000000742100000| Untracked 
|  26|0x0000000742200000, 0x0000000742200000, 0x0000000742300000|  0%| F|  |TAMS 0x0000000742200000, 0x0000000742200000| Untracked 
|  27|0x0000000742300000, 0x0000000742300000, 0x0000000742400000|  0%| F|  |TAMS 0x0000000742300000, 0x0000000742300000| Untracked 
|  28|0x0000000742400000, 0x0000000742400000, 0x0000000742500000|  0%| F|  |TAMS 0x0000000742400000, 0x0000000742400000| Untracked 
|  29|0x0000000742500000, 0x0000000742500000, 0x0000000742600000|  0%| F|  |TAMS 0x0000000742500000, 0x0000000742500000| Untracked 
|  30|0x0000000742600000, 0x0000000742600000, 0x0000000742700000|  0%| F|  |TAMS 0x0000000742600000, 0x0000000742600000| Untracked 
|  31|0x0000000742700000, 0x0000000742700000, 0x0000000742800000|  0%| F|  |TAMS 0x0000000742700000, 0x0000000742700000| Untracked 
|  32|0x0000000742800000, 0x0000000742800000, 0x0000000742900000|  0%| F|  |TAMS 0x0000000742800000, 0x0000000742800000| Untracked 
|  33|0x0000000742900000, 0x0000000742900000, 0x0000000742a00000|  0%| F|  |TAMS 0x0000000742900000, 0x0000000742900000| Untracked 
|  34|0x0000000742a00000, 0x0000000742a00000, 0x0000000742b00000|  0%| F|  |TAMS 0x0000000742a00000, 0x0000000742a00000| Untracked 
|  35|0x0000000742b00000, 0x0000000742b00000, 0x0000000742c00000|  0%| F|  |TAMS 0x0000000742b00000, 0x0000000742b00000| Untracked 
|  36|0x0000000742c00000, 0x0000000742c00000, 0x0000000742d00000|  0%| F|  |TAMS 0x0000000742c00000, 0x0000000742c00000| Untracked 
|  37|0x0000000742d00000, 0x0000000742d00000, 0x0000000742e00000|  0%| F|  |TAMS 0x0000000742d00000, 0x0000000742d00000| Untracked 
|  38|0x0000000742e00000, 0x0000000742e00000, 0x0000000742f00000|  0%| F|  |TAMS 0x0000000742e00000, 0x0000000742e00000| Untracked 
|  39|0x0000000742f00000, 0x0000000742f00000, 0x0000000743000000|  0%| F|  |TAMS 0x0000000742f00000, 0x0000000742f00000| Untracked 
|  40|0x0000000743000000, 0x0000000743000000, 0x0000000743100000|  0%| F|  |TAMS 0x0000000743000000, 0x0000000743000000| Untracked 
|  41|0x0000000743100000, 0x0000000743100000, 0x0000000743200000|  0%| F|  |TAMS 0x0000000743100000, 0x0000000743100000| Untracked 
|  42|0x0000000743200000, 0x0000000743200000, 0x0000000743300000|  0%| F|  |TAMS 0x0000000743200000, 0x0000000743200000| Untracked 
|  43|0x0000000743300000, 0x0000000743300000, 0x0000000743400000|  0%| F|  |TAMS 0x0000000743300000, 0x0000000743300000| Untracked 
|  44|0x0000000743400000, 0x0000000743400000, 0x0000000743500000|  0%| F|  |TAMS 0x0000000743400000, 0x0000000743400000| Untracked 
|  45|0x0000000743500000, 0x0000000743500000, 0x0000000743600000|  0%| F|  |TAMS 0x0000000743500000, 0x0000000743500000| Untracked 
|  46|0x0000000743600000, 0x0000000743600000, 0x0000000743700000|  0%| F|  |TAMS 0x0000000743600000, 0x0000000743600000| Untracked 
|  47|0x0000000743700000, 0x0000000743700000, 0x0000000743800000|  0%| F|  |TAMS 0x0000000743700000, 0x0000000743700000| Untracked 
|  48|0x0000000743800000, 0x0000000743800000, 0x0000000743900000|  0%| F|  |TAMS 0x0000000743800000, 0x0000000743800000| Untracked 
|  49|0x0000000743900000, 0x0000000743900000, 0x0000000743a00000|  0%| F|  |TAMS 0x0000000743900000, 0x0000000743900000| Untracked 
|  50|0x0000000743a00000, 0x0000000743a00000, 0x0000000743b00000|  0%| F|  |TAMS 0x0000000743a00000, 0x0000000743a00000| Untracked 
|  51|0x0000000743b00000, 0x0000000743b00000, 0x0000000743c00000|  0%| F|  |TAMS 0x0000000743b00000, 0x0000000743b00000| Untracked 
|  52|0x0000000743c00000, 0x0000000743c00000, 0x0000000743d00000|  0%| F|  |TAMS 0x0000000743c00000, 0x0000000743c00000| Untracked 
|  53|0x0000000743d00000, 0x0000000743d00000, 0x0000000743e00000|  0%| F|  |TAMS 0x0000000743d00000, 0x0000000743d00000| Untracked 
|  54|0x0000000743e00000, 0x0000000743e00000, 0x0000000743f00000|  0%| F|  |TAMS 0x0000000743e00000, 0x0000000743e00000| Untracked 
|  55|0x0000000743f00000, 0x0000000743f00000, 0x0000000744000000|  0%| F|  |TAMS 0x0000000743f00000, 0x0000000743f00000| Untracked 
|  56|0x0000000744000000, 0x0000000744000000, 0x0000000744100000|  0%| F|  |TAMS 0x0000000744000000, 0x0000000744000000| Untracked 
|  57|0x0000000744100000, 0x0000000744100000, 0x0000000744200000|  0%| F|  |TAMS 0x0000000744100000, 0x0000000744100000| Untracked 
|  58|0x0000000744200000, 0x0000000744200000, 0x0000000744300000|  0%| F|  |TAMS 0x0000000744200000, 0x0000000744200000| Untracked 
|  59|0x0000000744300000, 0x0000000744300000, 0x0000000744400000|  0%| F|  |TAMS 0x0000000744300000, 0x0000000744300000| Untracked 
|  60|0x0000000744400000, 0x0000000744400000, 0x0000000744500000|  0%| F|  |TAMS 0x0000000744400000, 0x0000000744400000| Untracked 
|  61|0x0000000744500000, 0x0000000744500000, 0x0000000744600000|  0%| F|  |TAMS 0x0000000744500000, 0x0000000744500000| Untracked 
|  62|0x0000000744600000, 0x0000000744600000, 0x0000000744700000|  0%| F|  |TAMS 0x0000000744600000, 0x0000000744600000| Untracked 
|  63|0x0000000744700000, 0x0000000744700000, 0x0000000744800000|  0%| F|  |TAMS 0x0000000744700000, 0x0000000744700000| Untracked 
|  64|0x0000000744800000, 0x0000000744800000, 0x0000000744900000|  0%| F|  |TAMS 0x0000000744800000, 0x0000000744800000| Untracked 
|  65|0x0000000744900000, 0x0000000744900000, 0x0000000744a00000|  0%| F|  |TAMS 0x0000000744900000, 0x0000000744900000| Untracked 
|  66|0x0000000744a00000, 0x0000000744a00000, 0x0000000744b00000|  0%| F|  |TAMS 0x0000000744a00000, 0x0000000744a00000| Untracked 
|  67|0x0000000744b00000, 0x0000000744b00000, 0x0000000744c00000|  0%| F|  |TAMS 0x0000000744b00000, 0x0000000744b00000| Untracked 
|  68|0x0000000744c00000, 0x0000000744c00000, 0x0000000744d00000|  0%| F|  |TAMS 0x0000000744c00000, 0x0000000744c00000| Untracked 
|  69|0x0000000744d00000, 0x0000000744d00000, 0x0000000744e00000|  0%| F|  |TAMS 0x0000000744d00000, 0x0000000744d00000| Untracked 
|  70|0x0000000744e00000, 0x0000000744e00000, 0x0000000744f00000|  0%| F|  |TAMS 0x0000000744e00000, 0x0000000744e00000| Untracked 
|  71|0x0000000744f00000, 0x0000000744f00000, 0x0000000745000000|  0%| F|  |TAMS 0x0000000744f00000, 0x0000000744f00000| Untracked 
|  72|0x0000000745000000, 0x0000000745000000, 0x0000000745100000|  0%| F|  |TAMS 0x0000000745000000, 0x0000000745000000| Untracked 
|  73|0x0000000745100000, 0x0000000745100000, 0x0000000745200000|  0%| F|  |TAMS 0x0000000745100000, 0x0000000745100000| Untracked 
|  74|0x0000000745200000, 0x0000000745200000, 0x0000000745300000|  0%| F|  |TAMS 0x0000000745200000, 0x0000000745200000| Untracked 
|  75|0x0000000745300000, 0x0000000745300000, 0x0000000745400000|  0%| F|  |TAMS 0x0000000745300000, 0x0000000745300000| Untracked 
|  76|0x0000000745400000, 0x0000000745400000, 0x0000000745500000|  0%| F|  |TAMS 0x0000000745400000, 0x0000000745400000| Untracked 
|  77|0x0000000745500000, 0x0000000745500000, 0x0000000745600000|  0%| F|  |TAMS 0x0000000745500000, 0x0000000745500000| Untracked 
|  78|0x0000000745600000, 0x0000000745600000, 0x0000000745700000|  0%| F|  |TAMS 0x0000000745600000, 0x0000000745600000| Untracked 
|  79|0x0000000745700000, 0x0000000745700000, 0x0000000745800000|  0%| F|  |TAMS 0x0000000745700000, 0x0000000745700000| Untracked 
|  80|0x0000000745800000, 0x0000000745800000, 0x0000000745900000|  0%| F|  |TAMS 0x0000000745800000, 0x0000000745800000| Untracked 
|  81|0x0000000745900000, 0x0000000745900000, 0x0000000745a00000|  0%| F|  |TAMS 0x0000000745900000, 0x0000000745900000| Untracked 
|  82|0x0000000745a00000, 0x0000000745a00000, 0x0000000745b00000|  0%| F|  |TAMS 0x0000000745a00000, 0x0000000745a00000| Untracked 
|  83|0x0000000745b00000, 0x0000000745b00000, 0x0000000745c00000|  0%| F|  |TAMS 0x0000000745b00000, 0x0000000745b00000| Untracked 
|  84|0x0000000745c00000, 0x0000000745c00000, 0x0000000745d00000|  0%| F|  |TAMS 0x0000000745c00000, 0x0000000745c00000| Untracked 
|  85|0x0000000745d00000, 0x0000000745d00000, 0x0000000745e00000|  0%| F|  |TAMS 0x0000000745d00000, 0x0000000745d00000| Untracked 
|  86|0x0000000745e00000, 0x0000000745e00000, 0x0000000745f00000|  0%| F|  |TAMS 0x0000000745e00000, 0x0000000745e00000| Untracked 
|  87|0x0000000745f00000, 0x0000000745f00000, 0x0000000746000000|  0%| F|  |TAMS 0x0000000745f00000, 0x0000000745f00000| Untracked 
|  88|0x0000000746000000, 0x0000000746000000, 0x0000000746100000|  0%| F|  |TAMS 0x0000000746000000, 0x0000000746000000| Untracked 
|  89|0x0000000746100000, 0x0000000746100000, 0x0000000746200000|  0%| F|  |TAMS 0x0000000746100000, 0x0000000746100000| Untracked 
|  90|0x0000000746200000, 0x0000000746200000, 0x0000000746300000|  0%| F|  |TAMS 0x0000000746200000, 0x0000000746200000| Untracked 
|  91|0x0000000746300000, 0x0000000746300000, 0x0000000746400000|  0%| F|  |TAMS 0x0000000746300000, 0x0000000746300000| Untracked 
|  92|0x0000000746400000, 0x0000000746400000, 0x0000000746500000|  0%| F|  |TAMS 0x0000000746400000, 0x0000000746400000| Untracked 
|  93|0x0000000746500000, 0x0000000746500000, 0x0000000746600000|  0%| F|  |TAMS 0x0000000746500000, 0x0000000746500000| Untracked 
|  94|0x0000000746600000, 0x0000000746600000, 0x0000000746700000|  0%| F|  |TAMS 0x0000000746600000, 0x0000000746600000| Untracked 
|  95|0x0000000746700000, 0x0000000746700000, 0x0000000746800000|  0%| F|  |TAMS 0x0000000746700000, 0x0000000746700000| Untracked 
|  96|0x0000000746800000, 0x0000000746800000, 0x0000000746900000|  0%| F|  |TAMS 0x0000000746800000, 0x0000000746800000| Untracked 
|  97|0x0000000746900000, 0x0000000746900000, 0x0000000746a00000|  0%| F|  |TAMS 0x0000000746900000, 0x0000000746900000| Untracked 
|  98|0x0000000746a00000, 0x0000000746a00000, 0x0000000746b00000|  0%| F|  |TAMS 0x0000000746a00000, 0x0000000746a00000| Untracked 
|  99|0x0000000746b00000, 0x0000000746b00000, 0x0000000746c00000|  0%| F|  |TAMS 0x0000000746b00000, 0x0000000746b00000| Untracked 
| 100|0x0000000746c00000, 0x0000000746c00000, 0x0000000746d00000|  0%| F|  |TAMS 0x0000000746c00000, 0x0000000746c00000| Untracked 
| 101|0x0000000746d00000, 0x0000000746d00000, 0x0000000746e00000|  0%| F|  |TAMS 0x0000000746d00000, 0x0000000746d00000| Untracked 
| 102|0x0000000746e00000, 0x0000000746e00000, 0x0000000746f00000|  0%| F|  |TAMS 0x0000000746e00000, 0x0000000746e00000| Untracked 
| 103|0x0000000746f00000, 0x0000000746f00000, 0x0000000747000000|  0%| F|  |TAMS 0x0000000746f00000, 0x0000000746f00000| Untracked 
| 104|0x0000000747000000, 0x0000000747000000, 0x0000000747100000|  0%| F|  |TAMS 0x0000000747000000, 0x0000000747000000| Untracked 
| 105|0x0000000747100000, 0x0000000747100000, 0x0000000747200000|  0%| F|  |TAMS 0x0000000747100000, 0x0000000747100000| Untracked 
| 106|0x0000000747200000, 0x0000000747200000, 0x0000000747300000|  0%| F|  |TAMS 0x0000000747200000, 0x0000000747200000| Untracked 
| 107|0x0000000747300000, 0x0000000747300000, 0x0000000747400000|  0%| F|  |TAMS 0x0000000747300000, 0x0000000747300000| Untracked 
| 108|0x0000000747400000, 0x0000000747400000, 0x0000000747500000|  0%| F|  |TAMS 0x0000000747400000, 0x0000000747400000| Untracked 
| 109|0x0000000747500000, 0x0000000747500000, 0x0000000747600000|  0%| F|  |TAMS 0x0000000747500000, 0x0000000747500000| Untracked 
| 110|0x0000000747600000, 0x0000000747600000, 0x0000000747700000|  0%| F|  |TAMS 0x0000000747600000, 0x0000000747600000| Untracked 
| 111|0x0000000747700000, 0x0000000747700000, 0x0000000747800000|  0%| F|  |TAMS 0x0000000747700000, 0x0000000747700000| Untracked 
| 112|0x0000000747800000, 0x0000000747800000, 0x0000000747900000|  0%| F|  |TAMS 0x0000000747800000, 0x0000000747800000| Untracked 
| 113|0x0000000747900000, 0x0000000747900000, 0x0000000747a00000|  0%| F|  |TAMS 0x0000000747900000, 0x0000000747900000| Untracked 
| 114|0x0000000747a00000, 0x0000000747a00000, 0x0000000747b00000|  0%| F|  |TAMS 0x0000000747a00000, 0x0000000747a00000| Untracked 
| 115|0x0000000747b00000, 0x0000000747b00000, 0x0000000747c00000|  0%| F|  |TAMS 0x0000000747b00000, 0x0000000747b00000| Untracked 
| 116|0x0000000747c00000, 0x0000000747c00000, 0x0000000747d00000|  0%| F|  |TAMS 0x0000000747c00000, 0x0000000747c00000| Untracked 
| 117|0x0000000747d00000, 0x0000000747d00000, 0x0000000747e00000|  0%| F|  |TAMS 0x0000000747d00000, 0x0000000747d00000| Untracked 
| 118|0x0000000747e00000, 0x0000000747e00000, 0x0000000747f00000|  0%| F|  |TAMS 0x0000000747e00000, 0x0000000747e00000| Untracked 
| 119|0x0000000747f00000, 0x0000000747f00000, 0x0000000748000000|  0%| F|  |TAMS 0x0000000747f00000, 0x0000000747f00000| Untracked 
| 120|0x0000000748000000, 0x0000000748000000, 0x0000000748100000|  0%| F|  |TAMS 0x0000000748000000, 0x0000000748000000| Untracked 
| 121|0x0000000748100000, 0x0000000748100000, 0x0000000748200000|  0%| F|  |TAMS 0x0000000748100000, 0x0000000748100000| Untracked 
| 122|0x0000000748200000, 0x0000000748200000, 0x0000000748300000|  0%| F|  |TAMS 0x0000000748200000, 0x0000000748200000| Untracked 
| 123|0x0000000748300000, 0x0000000748300000, 0x0000000748400000|  0%| F|  |TAMS 0x0000000748300000, 0x0000000748300000| Untracked 
| 124|0x0000000748400000, 0x0000000748400000, 0x0000000748500000|  0%| F|  |TAMS 0x0000000748400000, 0x0000000748400000| Untracked 
| 125|0x0000000748500000, 0x0000000748500000, 0x0000000748600000|  0%| F|  |TAMS 0x0000000748500000, 0x0000000748500000| Untracked 
| 126|0x0000000748600000, 0x0000000748600000, 0x0000000748700000|  0%| F|  |TAMS 0x0000000748600000, 0x0000000748600000| Untracked 
| 127|0x0000000748700000, 0x0000000748700000, 0x0000000748800000|  0%| F|  |TAMS 0x0000000748700000, 0x0000000748700000| Untracked 
| 128|0x0000000748800000, 0x0000000748800000, 0x0000000748900000|  0%| F|  |TAMS 0x0000000748800000, 0x0000000748800000| Untracked 
| 129|0x0000000748900000, 0x0000000748900000, 0x0000000748a00000|  0%| F|  |TAMS 0x0000000748900000, 0x0000000748900000| Untracked 
| 130|0x0000000748a00000, 0x0000000748a00000, 0x0000000748b00000|  0%| F|  |TAMS 0x0000000748a00000, 0x0000000748a00000| Untracked 
| 131|0x0000000748b00000, 0x0000000748b00000, 0x0000000748c00000|  0%| F|  |TAMS 0x0000000748b00000, 0x0000000748b00000| Untracked 
| 132|0x0000000748c00000, 0x0000000748c00000, 0x0000000748d00000|  0%| F|  |TAMS 0x0000000748c00000, 0x0000000748c00000| Untracked 
| 133|0x0000000748d00000, 0x0000000748d00000, 0x0000000748e00000|  0%| F|  |TAMS 0x0000000748d00000, 0x0000000748d00000| Untracked 
| 134|0x0000000748e00000, 0x0000000748e00000, 0x0000000748f00000|  0%| F|  |TAMS 0x0000000748e00000, 0x0000000748e00000| Untracked 
| 135|0x0000000748f00000, 0x0000000748f00000, 0x0000000749000000|  0%| F|  |TAMS 0x0000000748f00000, 0x0000000748f00000| Untracked 
| 136|0x0000000749000000, 0x0000000749000000, 0x0000000749100000|  0%| F|  |TAMS 0x0000000749000000, 0x0000000749000000| Untracked 
| 137|0x0000000749100000, 0x0000000749100000, 0x0000000749200000|  0%| F|  |TAMS 0x0000000749100000, 0x0000000749100000| Untracked 
| 138|0x0000000749200000, 0x0000000749280800, 0x0000000749300000| 50%| E|  |TAMS 0x0000000749200000, 0x0000000749200000| Complete 
| 139|0x0000000749300000, 0x0000000749400000, 0x0000000749400000|100%| E|CS|TAMS 0x0000000749300000, 0x0000000749300000| Complete 
| 140|0x0000000749400000, 0x0000000749500000, 0x0000000749500000|100%| E|CS|TAMS 0x0000000749400000, 0x0000000749400000| Complete 
| 141|0x0000000749500000, 0x0000000749600000, 0x0000000749600000|100%| E|CS|TAMS 0x0000000749500000, 0x0000000749500000| Complete 
| 142|0x0000000749600000, 0x0000000749700000, 0x0000000749700000|100%| E|CS|TAMS 0x0000000749600000, 0x0000000749600000| Complete 
| 143|0x0000000749700000, 0x0000000749800000, 0x0000000749800000|100%| E|CS|TAMS 0x0000000749700000, 0x0000000749700000| Complete 
| 144|0x0000000749800000, 0x0000000749900000, 0x0000000749900000|100%| E|CS|TAMS 0x0000000749800000, 0x0000000749800000| Complete 
| 145|0x0000000749900000, 0x0000000749a00000, 0x0000000749a00000|100%| E|CS|TAMS 0x0000000749900000, 0x0000000749900000| Complete 
| 146|0x0000000749a00000, 0x0000000749b00000, 0x0000000749b00000|100%| E|CS|TAMS 0x0000000749a00000, 0x0000000749a00000| Complete 
| 147|0x0000000749b00000, 0x0000000749c00000, 0x0000000749c00000|100%| E|CS|TAMS 0x0000000749b00000, 0x0000000749b00000| Complete 
| 148|0x0000000749c00000, 0x0000000749d00000, 0x0000000749d00000|100%| E|CS|TAMS 0x0000000749c00000, 0x0000000749c00000| Complete 
| 149|0x0000000749d00000, 0x0000000749e00000, 0x0000000749e00000|100%| E|CS|TAMS 0x0000000749d00000, 0x0000000749d00000| Complete 
| 150|0x0000000749e00000, 0x0000000749f00000, 0x0000000749f00000|100%| E|CS|TAMS 0x0000000749e00000, 0x0000000749e00000| Complete 
| 151|0x0000000749f00000, 0x000000074a000000, 0x000000074a000000|100%| E|CS|TAMS 0x0000000749f00000, 0x0000000749f00000| Complete 
| 152|0x000000074a000000, 0x000000074a100000, 0x000000074a100000|100%| E|CS|TAMS 0x000000074a000000, 0x000000074a000000| Complete 
| 153|0x000000074a100000, 0x000000074a200000, 0x000000074a200000|100%| E|CS|TAMS 0x000000074a100000, 0x000000074a100000| Complete 
| 154|0x000000074a200000, 0x000000074a300000, 0x000000074a300000|100%| E|CS|TAMS 0x000000074a200000, 0x000000074a200000| Complete 
| 155|0x000000074a300000, 0x000000074a400000, 0x000000074a400000|100%| E|CS|TAMS 0x000000074a300000, 0x000000074a300000| Complete 
| 156|0x000000074a400000, 0x000000074a500000, 0x000000074a500000|100%| E|CS|TAMS 0x000000074a400000, 0x000000074a400000| Complete 
| 157|0x000000074a500000, 0x000000074a600000, 0x000000074a600000|100%| E|CS|TAMS 0x000000074a500000, 0x000000074a500000| Complete 
| 158|0x000000074a600000, 0x000000074a700000, 0x000000074a700000|100%| E|CS|TAMS 0x000000074a600000, 0x000000074a600000| Complete 
| 159|0x000000074a700000, 0x000000074a800000, 0x000000074a800000|100%| E|CS|TAMS 0x000000074a700000, 0x000000074a700000| Complete 
| 160|0x000000074a800000, 0x000000074a900000, 0x000000074a900000|100%| E|CS|TAMS 0x000000074a800000, 0x000000074a800000| Complete 
| 161|0x000000074a900000, 0x000000074aa00000, 0x000000074aa00000|100%| E|CS|TAMS 0x000000074a900000, 0x000000074a900000| Complete 
| 162|0x000000074aa00000, 0x000000074ab00000, 0x000000074ab00000|100%| E|CS|TAMS 0x000000074aa00000, 0x000000074aa00000| Complete 
| 163|0x000000074ab00000, 0x000000074ac00000, 0x000000074ac00000|100%| E|CS|TAMS 0x000000074ab00000, 0x000000074ab00000| Complete 
| 164|0x000000074ac00000, 0x000000074ad00000, 0x000000074ad00000|100%| E|CS|TAMS 0x000000074ac00000, 0x000000074ac00000| Complete 
| 165|0x000000074ad00000, 0x000000074ae00000, 0x000000074ae00000|100%| E|CS|TAMS 0x000000074ad00000, 0x000000074ad00000| Complete 
| 166|0x000000074ae00000, 0x000000074af00000, 0x000000074af00000|100%| E|CS|TAMS 0x000000074ae00000, 0x000000074ae00000| Complete 
| 167|0x000000074af00000, 0x000000074b000000, 0x000000074b000000|100%| E|CS|TAMS 0x000000074af00000, 0x000000074af00000| Complete 
| 168|0x000000074b000000, 0x000000074b100000, 0x000000074b100000|100%| E|CS|TAMS 0x000000074b000000, 0x000000074b000000| Complete 
| 169|0x000000074b100000, 0x000000074b200000, 0x000000074b200000|100%| E|CS|TAMS 0x000000074b100000, 0x000000074b100000| Complete 
| 170|0x000000074b200000, 0x000000074b300000, 0x000000074b300000|100%| E|CS|TAMS 0x000000074b200000, 0x000000074b200000| Complete 
| 171|0x000000074b300000, 0x000000074b400000, 0x000000074b400000|100%| E|CS|TAMS 0x000000074b300000, 0x000000074b300000| Complete 
| 172|0x000000074b400000, 0x000000074b500000, 0x000000074b500000|100%| E|CS|TAMS 0x000000074b400000, 0x000000074b400000| Complete 
| 173|0x000000074b500000, 0x000000074b600000, 0x000000074b600000|100%| E|CS|TAMS 0x000000074b500000, 0x000000074b500000| Complete 
| 174|0x000000074b600000, 0x000000074b700000, 0x000000074b700000|100%| E|CS|TAMS 0x000000074b600000, 0x000000074b600000| Complete 
| 175|0x000000074b700000, 0x000000074b800000, 0x000000074b800000|100%| E|CS|TAMS 0x000000074b700000, 0x000000074b700000| Complete 
| 176|0x000000074b800000, 0x000000074b900000, 0x000000074b900000|100%| E|CS|TAMS 0x000000074b800000, 0x000000074b800000| Complete 
| 177|0x000000074b900000, 0x000000074ba00000, 0x000000074ba00000|100%| E|CS|TAMS 0x000000074b900000, 0x000000074b900000| Complete 
| 178|0x000000074ba00000, 0x000000074bb00000, 0x000000074bb00000|100%| E|CS|TAMS 0x000000074ba00000, 0x000000074ba00000| Complete 
| 179|0x000000074bb00000, 0x000000074bc00000, 0x000000074bc00000|100%| E|CS|TAMS 0x000000074bb00000, 0x000000074bb00000| Complete 
| 180|0x000000074bc00000, 0x000000074bd00000, 0x000000074bd00000|100%| E|CS|TAMS 0x000000074bc00000, 0x000000074bc00000| Complete 
| 181|0x000000074bd00000, 0x000000074bd8ae90, 0x000000074be00000| 54%| S|CS|TAMS 0x000000074bd00000, 0x000000074bd00000| Complete 
| 182|0x000000074be00000, 0x000000074bf00000, 0x000000074bf00000|100%| S|CS|TAMS 0x000000074be00000, 0x000000074be00000| Complete 
| 183|0x000000074bf00000, 0x000000074c000000, 0x000000074c000000|100%| E|CS|TAMS 0x000000074bf00000, 0x000000074bf00000| Complete 
| 184|0x000000074c000000, 0x000000074c100000, 0x000000074c100000|100%| E|CS|TAMS 0x000000074c000000, 0x000000074c000000| Complete 
| 185|0x000000074c100000, 0x000000074c200000, 0x000000074c200000|100%| E|CS|TAMS 0x000000074c100000, 0x000000074c100000| Complete 
| 186|0x000000074c200000, 0x000000074c300000, 0x000000074c300000|100%| E|CS|TAMS 0x000000074c200000, 0x000000074c200000| Complete 
| 187|0x000000074c300000, 0x000000074c400000, 0x000000074c400000|100%| E|CS|TAMS 0x000000074c300000, 0x000000074c300000| Complete 
| 188|0x000000074c400000, 0x000000074c500000, 0x000000074c500000|100%| E|CS|TAMS 0x000000074c400000, 0x000000074c400000| Complete 
| 189|0x000000074c500000, 0x000000074c600000, 0x000000074c600000|100%| E|CS|TAMS 0x000000074c500000, 0x000000074c500000| Complete 
| 190|0x000000074c600000, 0x000000074c700000, 0x000000074c700000|100%| E|CS|TAMS 0x000000074c600000, 0x000000074c600000| Complete 
| 191|0x000000074c700000, 0x000000074c800000, 0x000000074c800000|100%| E|CS|TAMS 0x000000074c700000, 0x000000074c700000| Complete 

Card table byte_map: [0x000001664d130000,0x000001664d730000] _byte_map_base: 0x000001664972c000

Marking Bits (Prev, Next): (CMBitMap*) 0x0000016638276058, (CMBitMap*) 0x0000016638276090
 Prev Bits: [0x000001664dd30000, 0x0000016650d10000)
 Next Bits: [0x0000016650d10000, 0x0000016653cf0000)

Polling page: 0x0000016638010000

Metaspace:

Usage:
  Non-class:     40.00 MB capacity,    39.70 MB (>99%) used,   234.55 KB ( <1%) free+waste,    66.81 KB ( <1%) overhead. 
      Class:      5.51 MB capacity,     5.28 MB ( 96%) used,   213.83 KB (  4%) free+waste,    29.50 KB ( <1%) overhead. 
       Both:     45.51 MB capacity,    44.98 MB ( 99%) used,   448.38 KB ( <1%) free+waste,    96.31 KB ( <1%) overhead. 

Virtual space:
  Non-class space:       40.00 MB reserved,      40.00 MB (100%) committed 
      Class space:        1.00 GB reserved,       5.62 MB ( <1%) committed 
             Both:        1.04 GB reserved,      45.62 MB (  4%) committed 

Chunk freelists:
   Non-Class:  4.00 KB
       Class:  19.00 KB
        Both:  23.00 KB

MaxMetaspaceSize: 17179869184.00 GB
CompressedClassSpaceSize: 1.00 GB
Initial GC threshold: 20.80 MB
Current GC threshold: 58.75 MB
CDS: off

CodeHeap 'non-profiled nmethods': size=120064Kb used=1412Kb max_used=1412Kb free=118651Kb
 bounds [0x0000016644fc0000, 0x0000016645230000, 0x000001664c500000]
CodeHeap 'profiled nmethods': size=120000Kb used=6854Kb max_used=6854Kb free=113145Kb
 bounds [0x000001663da90000, 0x000001663e150000, 0x0000016644fc0000]
CodeHeap 'non-nmethods': size=5696Kb used=1270Kb max_used=1291Kb free=4425Kb
 bounds [0x000001663d500000, 0x000001663d770000, 0x000001663da90000]
 total_blobs=3873 nmethods=3320 adapters=465
 compilation: enabled
              stopped_count=0, restarted_count=0
 full_count=0

Compilation events (20 events):
Event: 3.534 Thread 0x0000016656d82800 nmethod 3303 0x0000016645119190 code [0x0000016645119320, 0x0000016645119438]
Event: 3.539 Thread 0x0000016656d82800 3304       4       java.util.WeakHashMap::put (162 bytes)
Event: 3.546 Thread 0x0000016656c29800 3306       3       org.jetbrains.kotlin.com.intellij.util.containers.ConcurrentIntObjectHashMap$Node::<init> (26 bytes)
Event: 3.547 Thread 0x0000016656c29800 nmethod 3306 0x000001663e139510 code [0x000001663e1396c0, 0x000001663e1398f8]
Event: 3.552 Thread 0x0000016656d82800 nmethod 3304 0x0000016645119510 code [0x00000166451196c0, 0x000001664511a088]
Event: 3.552 Thread 0x0000016656d82800 3305   !   4       java.util.zip.ZipFile::getInputStream (323 bytes)
Event: 3.571 Thread 0x0000016656c29800 3307       3       java.lang.reflect.Constructor::acquireConstructorAccessor (44 bytes)
Event: 3.572 Thread 0x0000016656c29800 nmethod 3307 0x000001663e139a10 code [0x000001663e139c00, 0x000001663e13a0f8]
Event: 3.576 Thread 0x0000016656c29800 3308       1       org.jetbrains.kotlin.resolve.ImportPath::isAllUnder (5 bytes)
Event: 3.576 Thread 0x0000016656c29800 nmethod 3308 0x000001664511a390 code [0x000001664511a540, 0x000001664511a5f8]
Event: 3.601 Thread 0x0000016656d82800 nmethod 3305 0x000001664511a690 code [0x000001664511a920, 0x000001664511cc70]
Event: 3.617 Thread 0x0000016656d82800 3309       4       jdk.internal.loader.URLClassPath::getResource (74 bytes)
Event: 3.642 Thread 0x0000016656c29800 3311       1       kotlin.ranges.IntProgressionIterator::hasNext (5 bytes)
Event: 3.642 Thread 0x0000016656c29800 nmethod 3311 0x000001664511dd90 code [0x000001664511df40, 0x000001664511dff8]
Event: 3.643 Thread 0x0000016656c29800 3312       3       org.jetbrains.kotlin.com.intellij.openapi.vfs.impl.jar.CoreJarVirtualFile::getNameSequence (13 bytes)
Event: 3.643 Thread 0x0000016656c29800 nmethod 3312 0x000001663e13a290 code [0x000001663e13a440, 0x000001663e13a5c8]
Event: 3.643 Thread 0x0000016656c29800 3313       1       org.jetbrains.kotlin.com.intellij.openapi.vfs.impl.jar.CoreJarVirtualFile::getChildren (5 bytes)
Event: 3.644 Thread 0x0000016656c29800 nmethod 3313 0x000001664511e090 code [0x000001664511e240, 0x000001664511e2f8]
Event: 3.658 Thread 0x0000016656d82800 nmethod 3309 0x000001664511e390 code [0x000001664511e6a0, 0x000001664511fd48]
Event: 3.658 Thread 0x0000016656d82800 3314       4       java.lang.String::hashCode (49 bytes)

GC Heap History (8 events):
Event: 0.442 GC heap before
{Heap before GC invocations=0 (full 0):
 garbage-first heap   total 196608K, used 18432K [0x0000000740800000, 0x0000000800000000)
  region size 1024K, 14 young (14336K), 0 survivors (0K)
 Metaspace       used 9499K, capacity 9615K, committed 9856K, reserved 1058816K
  class space    used 783K, capacity 820K, committed 896K, reserved 1048576K
}
Event: 0.445 GC heap after
{Heap after GC invocations=1 (full 0):
 garbage-first heap   total 196608K, used 6261K [0x0000000740800000, 0x0000000800000000)
  region size 1024K, 2 young (2048K), 2 survivors (2048K)
 Metaspace       used 9499K, capacity 9615K, committed 9856K, reserved 1058816K
  class space    used 783K, capacity 820K, committed 896K, reserved 1048576K
}
Event: 1.331 GC heap before
{Heap before GC invocations=1 (full 0):
 garbage-first heap   total 196608K, used 54389K [0x0000000740800000, 0x0000000800000000)
  region size 1024K, 50 young (51200K), 2 survivors (2048K)
 Metaspace       used 20863K, capacity 21038K, committed 21248K, reserved 1069056K
  class space    used 2212K, capacity 2273K, committed 2304K, reserved 1048576K
}
Event: 1.342 GC heap after
{Heap after GC invocations=2 (full 0):
 garbage-first heap   total 196608K, used 10346K [0x0000000740800000, 0x0000000800000000)
  region size 1024K, 6 young (6144K), 6 survivors (6144K)
 Metaspace       used 20863K, capacity 21038K, committed 21248K, reserved 1069056K
  class space    used 2212K, capacity 2273K, committed 2304K, reserved 1048576K
}
Event: 2.355 GC heap before
{Heap before GC invocations=3 (full 0):
 garbage-first heap   total 196608K, used 67690K [0x0000000740800000, 0x0000000800000000)
  region size 1024K, 56 young (57344K), 6 survivors (6144K)
 Metaspace       used 32891K, capacity 33396K, committed 33536K, reserved 1079296K
  class space    used 4077K, capacity 4281K, committed 4352K, reserved 1048576K
}
Event: 2.368 GC heap after
{Heap after GC invocations=4 (full 0):
 garbage-first heap   total 196608K, used 23121K [0x0000000740800000, 0x0000000800000000)
  region size 1024K, 7 young (7168K), 7 survivors (7168K)
 Metaspace       used 32891K, capacity 33396K, committed 33536K, reserved 1079296K
  class space    used 4077K, capacity 4281K, committed 4352K, reserved 1048576K
}
Event: 2.533 GC heap before
{Heap before GC invocations=4 (full 0):
 garbage-first heap   total 196608K, used 31313K [0x0000000740800000, 0x0000000800000000)
  region size 1024K, 16 young (16384K), 7 survivors (7168K)
 Metaspace       used 34976K, capacity 35476K, committed 35584K, reserved 1081344K
  class space    used 4288K, capacity 4505K, committed 4608K, reserved 1048576K
}
Event: 2.544 GC heap after
{Heap after GC invocations=5 (full 0):
 garbage-first heap   total 196608K, used 24714K [0x0000000740800000, 0x0000000800000000)
  region size 1024K, 2 young (2048K), 2 survivors (2048K)
 Metaspace       used 34976K, capacity 35476K, committed 35584K, reserved 1081344K
  class space    used 4288K, capacity 4505K, committed 4608K, reserved 1048576K
}

Deoptimization events (20 events):
Event: 3.411 Thread 0x0000016638226800 Uncommon trap: trap_request=0xffffff4d fr.pc=0x000001664510b0d4 relative=0x0000000000000ad4
Event: 3.411 Thread 0x0000016638226800 Uncommon trap: reason=unstable_if action=reinterpret pc=0x000001664510b0d4 method=org.jetbrains.kotlin.parsing.SemanticWhitespaceAwarePsiBuilderImpl.getJoinedTokenType(Lorg/jetbrains/kotlin/com/intellij/psi/tree/IElementType;I)Lorg/jetbrains/kotlin/com/in
Event: 3.411 Thread 0x0000016638226800 DEOPT PACKING pc=0x000001664510b0d4 sp=0x00000025926fb2d0
Event: 3.411 Thread 0x0000016638226800 DEOPT UNPACKING pc=0x000001663d54a1af sp=0x00000025926fb0d0 mode 2
Event: 3.411 Thread 0x0000016638226800 Uncommon trap: trap_request=0xffffff4d fr.pc=0x0000016645105a40 relative=0x0000000000000240
Event: 3.411 Thread 0x0000016638226800 Uncommon trap: reason=unstable_if action=reinterpret pc=0x0000016645105a40 method=org.jetbrains.kotlin.parsing.SemanticWhitespaceAwarePsiBuilderImpl.getJoinedTokenType(Lorg/jetbrains/kotlin/com/intellij/psi/tree/IElementType;I)Lorg/jetbrains/kotlin/com/in
Event: 3.411 Thread 0x0000016638226800 DEOPT PACKING pc=0x0000016645105a40 sp=0x00000025926fb270
Event: 3.411 Thread 0x0000016638226800 DEOPT UNPACKING pc=0x000001663d54a1af sp=0x00000025926fb130 mode 2
Event: 3.411 Thread 0x0000016638226800 Uncommon trap: trap_request=0xffffff4d fr.pc=0x0000016645109dd8 relative=0x0000000000000118
Event: 3.411 Thread 0x0000016638226800 Uncommon trap: reason=unstable_if action=reinterpret pc=0x0000016645109dd8 method=org.jetbrains.kotlin.parsing.SemanticWhitespaceAwarePsiBuilderImpl.getJoinedTokenType(Lorg/jetbrains/kotlin/com/intellij/psi/tree/IElementType;I)Lorg/jetbrains/kotlin/com/in
Event: 3.411 Thread 0x0000016638226800 DEOPT PACKING pc=0x0000016645109dd8 sp=0x00000025926faf40
Event: 3.411 Thread 0x0000016638226800 DEOPT UNPACKING pc=0x000001663d54a1af sp=0x00000025926faee0 mode 2
Event: 3.426 Thread 0x0000016638226800 Uncommon trap: trap_request=0xffffff4d fr.pc=0x00000166451035bc relative=0x00000000000004dc
Event: 3.426 Thread 0x0000016638226800 Uncommon trap: reason=unstable_if action=reinterpret pc=0x00000166451035bc method=org.jetbrains.kotlin.com.intellij.lang.impl.PsiBuilderImpl.calcTokenType()Lorg/jetbrains/kotlin/com/intellij/psi/tree/IElementType; @ 4 c2
Event: 3.427 Thread 0x0000016638226800 DEOPT PACKING pc=0x00000166451035bc sp=0x00000025926fc110
Event: 3.427 Thread 0x0000016638226800 DEOPT UNPACKING pc=0x000001663d54a1af sp=0x00000025926fc098 mode 2
Event: 3.430 Thread 0x0000016638226800 Uncommon trap: trap_request=0xffffff4d fr.pc=0x0000016645108304 relative=0x00000000000013e4
Event: 3.430 Thread 0x0000016638226800 Uncommon trap: reason=unstable_if action=reinterpret pc=0x0000016645108304 method=org.jetbrains.kotlin.lexer._JetLexer.advance()Lorg/jetbrains/kotlin/com/intellij/psi/tree/IElementType; @ 403 c2
Event: 3.430 Thread 0x0000016638226800 DEOPT PACKING pc=0x0000016645108304 sp=0x00000025926fc5b0
Event: 3.430 Thread 0x0000016638226800 DEOPT UNPACKING pc=0x000001663d54a1af sp=0x00000025926fc540 mode 2

Classes redefined (0 events):
No events

Internal exceptions (20 events):
Event: 1.317 Thread 0x0000016638226800 Exception <a 'java/lang/NoSuchMethodError'{0x0000000749736ce8}: 'long java.lang.invoke.DirectMethodHandle$Holder.invokeStatic(java.lang.Object)'> (0x0000000749736ce8) thrown at [src/hotspot/share/interpreter/linkResolver.cpp, line 773]
Event: 1.317 Thread 0x0000016638226800 Exception <a 'java/lang/NoSuchMethodError'{0x0000000749739b40}: 'long java.lang.invoke.DirectMethodHandle$Holder.invokeStaticInit(java.lang.Object)'> (0x0000000749739b40) thrown at [src/hotspot/share/interpreter/linkResolver.cpp, line 773]
Event: 1.355 Thread 0x0000016638226800 Exception <a 'java/lang/NoSuchMethodError'{0x000000074c7793b0}: 'int java.lang.invoke.DirectMethodHandle$Holder.invokeSpecialIFC(java.lang.Object, java.lang.Object, int)'> (0x000000074c7793b0) thrown at [src/hotspot/share/interpreter/linkResolver.cpp, line 773]
Event: 1.399 Thread 0x0000016638226800 Exception <a 'java/lang/NoSuchMethodError'{0x000000074c4360c0}: 'int java.lang.invoke.DirectMethodHandle$Holder.invokeStaticInit(java.lang.Object, java.lang.Object, java.lang.Object)'> (0x000000074c4360c0) thrown at [src/hotspot/share/interpreter/linkResolver.cpp, line 773]
Event: 1.404 Thread 0x0000016638226800 Exception <a 'java/lang/NoSuchMethodError'{0x000000074c4612c0}: 'int java.lang.invoke.DirectMethodHandle$Holder.invokeStaticInit(java.lang.Object, java.lang.Object)'> (0x000000074c4612c0) thrown at [src/hotspot/share/interpreter/linkResolver.cpp, line 773]
Event: 1.454 Thread 0x0000016638226800 Exception <a 'java/lang/NoSuchMethodError'{0x000000074c26f1b0}: 'void java.lang.invoke.DirectMethodHandle$Holder.invokeSpecial(java.lang.Object, java.lang.Object)'> (0x000000074c26f1b0) thrown at [src/hotspot/share/interpreter/linkResolver.cpp, line 773]
Event: 1.641 Thread 0x0000016638226800 Exception <a 'java/lang/NoSuchMethodError'{0x000000074b917d10}: 'java.lang.Object java.lang.invoke.DirectMethodHandle$Holder.invokeStatic(java.lang.Object, java.lang.Object, java.lang.Object, java.lang.Object, java.lang.Object, java.lang.Object, java.lang.Object, java.lang.Object, java.lang.Object, java.lang.Object, java.lang.Object, java.lang.Object, java.lang.Object, java.lang.Object, java.lang.Object)'> (0x000000074b917d10) thrown at [src/hotspot/share/interpreter/linkResolver.cpp, line 773]
Event: 1.642 Thread 0x0000016638226800 Exception <a 'java/lang/NoSuchMethodError'{0x000000074b925d18}: 'java.lang.Object java.lang.invoke.DirectMethodHandle$Holder.invokeStatic(java.lang.Object, java.lang.Object, java.lang.Object, java.lang.Object, java.lang.Object, java.lang.Object, java.lang.Object, java.lang.Object, java.lang.Object, java.lang.Object, java.lang.Object, java.lang.Object, java.lang.Object, java.lang.Object, java.lang.Object, java.lang.Object)'> (0x000000074b925d18) thrown at [src/hotspot/share/interpreter/linkResolver.cpp, lin
Event: 1.643 Thread 0x0000016638226800 Exception <a 'java/lang/NoSuchMethodError'{0x000000074b933c30}: 'java.lang.Object java.lang.invoke.DirectMethodHandle$Holder.invokeSpecial(java.lang.Object, java.lang.Object, int, int, java.lang.Object, java.lang.Object, java.lang.Object)'> (0x000000074b933c30) thrown at [src/hotspot/share/interpreter/linkResolver.cpp, line 773]
Event: 1.644 Thread 0x0000016638226800 Exception <a 'java/lang/NoSuchMethodError'{0x000000074b937468}: 'java.lang.Object java.lang.invoke.DelegatingMethodHandle$Holder.reinvoke_L(java.lang.Object, int, int, java.lang.Object, java.lang.Object, java.lang.Object)'> (0x000000074b937468) thrown at [src/hotspot/share/interpreter/linkResolver.cpp, line 773]
Event: 1.644 Thread 0x0000016638226800 Exception <a 'java/lang/NoSuchMethodError'{0x000000074b93b7f0}: 'java.lang.Object java.lang.invoke.DirectMethodHandle$Holder.invokeStatic(java.lang.Object, java.lang.Object, java.lang.Object, java.lang.Object, int)'> (0x000000074b93b7f0) thrown at [src/hotspot/share/interpreter/linkResolver.cpp, line 773]
Event: 1.681 Thread 0x0000016638226800 Exception <a 'java/lang/NoSuchMethodError'{0x000000074b85ed50}: 'void java.lang.invoke.DirectMethodHandle$Holder.invokeStatic(java.lang.Object, java.lang.Object, java.lang.Object, java.lang.Object)'> (0x000000074b85ed50) thrown at [src/hotspot/share/interpreter/linkResolver.cpp, line 773]
Event: 1.736 Thread 0x0000016638226800 Exception <a 'java/lang/NoSuchMethodError'{0x000000074b43e538}: 'void java.lang.invoke.DirectMethodHandle$Holder.invokeStaticInit(java.lang.Object, java.lang.Object)'> (0x000000074b43e538) thrown at [src/hotspot/share/interpreter/linkResolver.cpp, line 773]
Event: 1.827 Thread 0x0000016638226800 Exception <a 'java/lang/NoSuchMethodError'{0x000000074afc33f0}: 'void java.lang.invoke.DirectMethodHandle$Holder.invokeVirtual(java.lang.Object, java.lang.Object)'> (0x000000074afc33f0) thrown at [src/hotspot/share/interpreter/linkResolver.cpp, line 773]
Event: 1.835 Thread 0x0000016638226800 Exception <a 'java/lang/NoSuchMethodError'{0x000000074ae181d8}: 'int java.lang.invoke.DirectMethodHandle$Holder.invokeVirtual(java.lang.Object, java.lang.Object)'> (0x000000074ae181d8) thrown at [src/hotspot/share/interpreter/linkResolver.cpp, line 773]
Event: 2.602 Thread 0x0000016638226800 Exception <a 'java/lang/NoSuchMethodError'{0x000000074c44d878}: 'java.lang.Object java.lang.invoke.DirectMethodHandle$Holder.invokeVirtual(java.lang.Object, java.lang.Object, java.lang.Object)'> (0x000000074c44d878) thrown at [src/hotspot/share/interpreter/linkResolver.cpp, line 773]
Event: 3.322 Thread 0x0000016638226800 Exception <a 'java/lang/NoSuchMethodError'{0x00000007499866f8}: 'java.lang.Object java.lang.invoke.Invokers$Holder.linkToTargetMethod(java.lang.Object, int, java.lang.Object)'> (0x00000007499866f8) thrown at [src/hotspot/share/interpreter/linkResolver.cpp, line 773]
Event: 3.492 Thread 0x0000016638226800 Exception <a 'java/lang/NoSuchMethodError'{0x000000074962cb18}: 'java.lang.Object java.lang.invoke.DirectMethodHandle$Holder.invokeStatic(java.lang.Object, java.lang.Object, java.lang.Object, int)'> (0x000000074962cb18) thrown at [src/hotspot/share/interpreter/linkResolver.cpp, line 773]
Event: 3.493 Thread 0x0000016638226800 Exception <a 'java/lang/NoSuchMethodError'{0x0000000749630788}: 'java.lang.Object java.lang.invoke.DirectMethodHandle$Holder.invokeSpecial(java.lang.Object, java.lang.Object, java.lang.Object, java.lang.Object, int)'> (0x0000000749630788) thrown at [src/hotspot/share/interpreter/linkResolver.cpp, line 773]
Event: 3.494 Thread 0x0000016638226800 Exception <a 'java/lang/NoSuchMethodError'{0x0000000749633a98}: 'java.lang.Object java.lang.invoke.Invokers$Holder.linkToTargetMethod(java.lang.Object, java.lang.Object, int, java.lang.Object)'> (0x0000000749633a98) thrown at [src/hotspot/share/interpreter/linkResolver.cpp, line 773]

Events (20 events):
Event: 3.652 loading class org/jetbrains/kotlin/resolve/LazyExplicitImportScope
Event: 3.652 loading class org/jetbrains/kotlin/resolve/LazyExplicitImportScope done
Event: 3.653 loading class org/jetbrains/kotlin/utils/CallOnceFunction
Event: 3.653 loading class org/jetbrains/kotlin/utils/CallOnceFunction done
Event: 3.653 loading class org/jetbrains/kotlin/resolve/QualifiedExpressionResolver$processSingleImport$1
Event: 3.653 loading class org/jetbrains/kotlin/resolve/QualifiedExpressionResolver$processSingleImport$1 done
Event: 3.653 loading class org/jetbrains/kotlin/load/java/lazy/LazyJavaPackageFragmentProvider$getPackageFragment$1
Event: 3.653 loading class org/jetbrains/kotlin/load/java/lazy/LazyJavaPackageFragmentProvider$getPackageFragment$1 done
Event: 3.654 loading class org/jetbrains/kotlin/load/java/lazy/descriptors/LazyJavaPackageFragment
Event: 3.654 loading class org/jetbrains/kotlin/load/java/lazy/descriptors/LazyJavaPackageFragment done
Event: 3.655 loading class org/jetbrains/kotlin/load/java/lazy/ContextKt
Event: 3.655 loading class org/jetbrains/kotlin/load/java/lazy/ContextKt done
Event: 3.655 loading class org/jetbrains/kotlin/load/java/lazy/ContextKt$childForClassOrPackage$1
Event: 3.655 loading class org/jetbrains/kotlin/load/java/lazy/ContextKt$childForClassOrPackage$1 done
Event: 3.656 loading class org/jetbrains/kotlin/load/java/lazy/descriptors/LazyJavaPackageFragment$binaryClasses$2
Event: 3.656 loading class org/jetbrains/kotlin/load/java/lazy/descriptors/LazyJavaPackageFragment$binaryClasses$2 done
Event: 3.657 loading class org/jetbrains/kotlin/load/java/lazy/descriptors/JvmPackageScope
Event: 3.657 loading class org/jetbrains/kotlin/load/java/lazy/descriptors/JvmPackageScope done
Event: 3.658 loading class org/jetbrains/kotlin/load/java/lazy/descriptors/LazyJavaPackageScope
Event: 3.658 loading class org/jetbrains/kotlin/load/java/lazy/descriptors/LazyJavaPackageScope done


Dynamic libraries:
0x00007ff7bc440000 - 0x00007ff7bc44a000 	C:\Program Files\Android\Android Studio\jbr\bin\java.exe
0x00007ffe84eb0000 - 0x00007ffe850a8000 	C:\Windows\SYSTEM32\ntdll.dll
0x00007ffe83760000 - 0x00007ffe8381f000 	C:\Windows\System32\KERNEL32.DLL
0x00007ffe828c0000 - 0x00007ffe82bb6000 	C:\Windows\System32\KERNELBASE.dll
0x00007ffe82e10000 - 0x00007ffe82f10000 	C:\Windows\System32\ucrtbase.dll
0x00007ffe74f70000 - 0x00007ffe74f87000 	C:\Program Files\Android\Android Studio\jbr\bin\jli.dll
0x00007ffe7d9b0000 - 0x00007ffe7d9cb000 	C:\Program Files\Android\Android Studio\jbr\bin\VCRUNTIME140.dll
0x00007ffe841a0000 - 0x00007ffe8433d000 	C:\Windows\System32\USER32.dll
0x00007ffe82890000 - 0x00007ffe828b2000 	C:\Windows\System32\win32u.dll
0x00007ffe75590000 - 0x00007ffe7582a000 	C:\Windows\WinSxS\amd64_microsoft.windows.common-controls_6595b64144ccf1df_6.0.19041.1110_none_60b5254171f9507e\COMCTL32.dll
0x00007ffe83690000 - 0x00007ffe836bc000 	C:\Windows\System32\GDI32.dll
0x00007ffe82590000 - 0x00007ffe826a5000 	C:\Windows\System32\gdi32full.dll
0x00007ffe84dd0000 - 0x00007ffe84e6e000 	C:\Windows\System32\msvcrt.dll
0x00007ffe82740000 - 0x00007ffe827dd000 	C:\Windows\System32\msvcp_win.dll
0x00007ffe84170000 - 0x00007ffe841a0000 	C:\Windows\System32\IMM32.DLL
0x00007ffe74f60000 - 0x00007ffe74f6c000 	C:\Program Files\Android\Android Studio\jbr\bin\vcruntime140_1.dll
0x00007ffe525a0000 - 0x00007ffe5262d000 	C:\Program Files\Android\Android Studio\jbr\bin\msvcp140.dll
0x00007ffe22240000 - 0x00007ffe22dfc000 	C:\Program Files\Android\Android Studio\jbr\bin\server\jvm.dll
0x00007ffe84c40000 - 0x00007ffe84cef000 	C:\Windows\System32\ADVAPI32.dll
0x00007ffe836c0000 - 0x00007ffe8375c000 	C:\Windows\System32\sechost.dll
0x00007ffe84b10000 - 0x00007ffe84c36000 	C:\Windows\System32\RPCRT4.dll
0x00007ffe83680000 - 0x00007ffe83688000 	C:\Windows\System32\PSAPI.DLL
0x00007ffe77b60000 - 0x00007ffe77b69000 	C:\Windows\SYSTEM32\WSOCK32.dll
0x00007ffe77180000 - 0x00007ffe771a7000 	C:\Windows\SYSTEM32\WINMM.dll
0x00007ffe83db0000 - 0x00007ffe83e1b000 	C:\Windows\System32\WS2_32.dll
0x00007ffe7bda0000 - 0x00007ffe7bdaa000 	C:\Windows\SYSTEM32\VERSION.dll
0x00007ffe80440000 - 0x00007ffe80452000 	C:\Windows\SYSTEM32\kernel.appcore.dll
0x00007ffe77b50000 - 0x00007ffe77b60000 	C:\Program Files\Android\Android Studio\jbr\bin\verify.dll
0x00007ffe6adf0000 - 0x00007ffe6afd4000 	C:\Windows\SYSTEM32\DBGHELP.DLL
0x00007ffe6a9b0000 - 0x00007ffe6a9e4000 	C:\Windows\SYSTEM32\dbgcore.DLL
0x00007ffe826b0000 - 0x00007ffe82732000 	C:\Windows\System32\bcryptPrimitives.dll
0x00007ffe5d0a0000 - 0x00007ffe5d0c8000 	C:\Program Files\Android\Android Studio\jbr\bin\java.dll
0x00007ffe779f0000 - 0x00007ffe779fa000 	C:\Program Files\Android\Android Studio\jbr\bin\jimage.dll
0x00007ffe5cb90000 - 0x00007ffe5cba8000 	C:\Program Files\Android\Android Studio\jbr\bin\zip.dll
0x00007ffe843c0000 - 0x00007ffe84b04000 	C:\Windows\System32\SHELL32.dll
0x00007ffe80640000 - 0x00007ffe80dd3000 	C:\Windows\SYSTEM32\windows.storage.dll
0x00007ffe82f80000 - 0x00007ffe832d4000 	C:\Windows\System32\combase.dll
0x00007ffe81fe0000 - 0x00007ffe8200e000 	C:\Windows\SYSTEM32\Wldp.dll
0x00007ffe83d00000 - 0x00007ffe83dad000 	C:\Windows\System32\SHCORE.dll
0x00007ffe82f10000 - 0x00007ffe82f65000 	C:\Windows\System32\shlwapi.dll
0x00007ffe824d0000 - 0x00007ffe824ef000 	C:\Windows\SYSTEM32\profapi.dll
0x00007ffe5cad0000 - 0x00007ffe5cae9000 	C:\Program Files\Android\Android Studio\jbr\bin\net.dll
0x00007ffe7a3e0000 - 0x00007ffe7a4ea000 	C:\Windows\SYSTEM32\WINHTTP.dll
0x00007ffe81d40000 - 0x00007ffe81daa000 	C:\Windows\system32\mswsock.dll
0x00007ffe5c640000 - 0x00007ffe5c653000 	C:\Program Files\Android\Android Studio\jbr\bin\nio.dll

dbghelp: loaded successfully - version: 4.0.5 - missing functions: none
symbol engine: initialized successfully - sym options: 0x614 - pdb path: .;C:\Program Files\Android\Android Studio\jbr\bin;C:\Windows\SYSTEM32;C:\Windows\WinSxS\amd64_microsoft.windows.common-controls_6595b64144ccf1df_6.0.19041.1110_none_60b5254171f9507e;C:\Program Files\Android\Android Studio\jbr\bin\server

VM Arguments:
java_command: org.jetbrains.kotlin.cli.jvm.K2JVMCompiler @C:\Users\Kelvin Agusto\Documents\Materi Perkuliahan\Semester 4\Mobile Programming 2\UAS Mobile 2\UAS_CRUD_202101251016\app\build\20230707_5006205046865616132.compiler.options
java_class_path (initial): C:\sdk\caches\modules-2\files-2.1\org.jetbrains.kotlin\kotlin-compiler-embeddable\1.8.0\eb9118d4bcceaa2a94b2ae2a33a4ddba7c9a947f\kotlin-compiler-embeddable-1.8.0.jar;C:\sdk\caches\modules-2\files-2.1\org.jetbrains.kotlin\kotlin-stdlib\1.8.0\1796921c7a3e2e2665a83e6c8d33399336cd39bc\kotlin-stdlib-1.8.0.jar;C:\sdk\caches\modules-2\files-2.1\org.jetbrains.kotlin\kotlin-script-runtime\1.8.0\b2f7e760d283cb339974851c222a4c1d48f2d3d\kotlin-script-runtime-1.8.0.jar;C:\sdk\caches\modules-2\files-2.1\org.jetbrains.kotlin\kotlin-reflect\1.6.10\1cbe9c92c12a94eea200d23c2bbaedaf3daf5132\kotlin-reflect-1.6.10.jar;C:\sdk\caches\modules-2\files-2.1\org.jetbrains.kotlin\kotlin-daemon-embeddable\1.8.0\d255216c551685dc3a7e852b53617f5f01aaaa5c\kotlin-daemon-embeddable-1.8.0.jar;C:\sdk\caches\modules-2\files-2.1\org.jetbrains.intellij.deps\trove4j\1.0.20200330\3afb14d5f9ceb459d724e907a21145e8ff394f02\trove4j-1.0.20200330.jar;C:\sdk\caches\modules-2\files-2.1\net.java.dev.jna\jna\5.6.0\330f2244e9030119ab3030fc3fededc86713d9cc\jna-5.6.0.jar;C:\sdk\caches\modules-2\files-2.1\org.jetbrains.kotlin\kotlin-stdlib-common\1.8.0\f7197e7cc76453ac59f8b0f8d5137cc600becd36\kotlin-stdlib-common-1.8.0.jar;C:\sdk\caches\modules-2\files-2.1\org.jetbrains\annotations\13.0\919f0dfe192fb4e063e7dacadee7f8bb9a2672a9\annotations-13.0.jar
Launcher Type: SUN_STANDARD

[Global flags]
     intx CICompilerCount                          = 3                                         {product} {ergonomic}
     uint ConcGCThreads                            = 1                                         {product} {ergonomic}
     uint G1ConcRefinementThreads                  = 4                                         {product} {ergonomic}
   size_t G1HeapRegionSize                         = 1048576                                   {product} {ergonomic}
    uintx GCDrainStackTargetSize                   = 64                                        {product} {ergonomic}
   size_t InitialHeapSize                          = 201326592                                 {product} {ergonomic}
   size_t MarkStackSize                            = 4194304                                   {product} {ergonomic}
   size_t MaxHeapSize                              = 3212836864                                {product} {ergonomic}
   size_t MaxNewSize                               = 1927282688                                {product} {ergonomic}
   size_t MinHeapDeltaBytes                        = 1048576                                   {product} {ergonomic}
    uintx NonNMethodCodeHeapSize                   = 5830732                                {pd product} {ergonomic}
    uintx NonProfiledCodeHeapSize                  = 122913754                              {pd product} {ergonomic}
    uintx ProfiledCodeHeapSize                     = 122913754                              {pd product} {ergonomic}
    uintx ReservedCodeCacheSize                    = 251658240                              {pd product} {ergonomic}
     bool SegmentedCodeCache                       = true                                      {product} {ergonomic}
     bool UseCompressedClassPointers               = true                                 {lp64_product} {ergonomic}
     bool UseCompressedOops                        = true                                 {lp64_product} {ergonomic}
     bool UseG1GC                                  = true                                      {product} {ergonomic}
     bool UseLargePagesIndividualAllocation        = false                                  {pd product} {ergonomic}

Logging:
Log output configuration:
 #0: stdout all=warning uptime,level,tags
 #1: stderr all=off uptime,level,tags

Environment Variables:
PATH=C:\Program Files\Common Files\Oracle\Java\javapath;C:\Program Files\Eclipse Adoptium\jdk-11.0.14.101-hotspot\bin;C:\Program Files (x86)\Common Files\Intel\Shared Libraries\redist\intel64\compiler;C:\Windows\system32;C:\Windows;C:\Windows\System32\Wbem;C:\Windows\System32\WindowsPowerShell\v1.0\;C:\Windows\System32\OpenSSH\;C:\Program Files (x86)\NVIDIA Corporation\PhysX\Common;C:\Program Files\NVIDIA Corporation\NVIDIA NvDLISR;C:\Windows\system32;C:\Windows;C:\Windows\System32\Wbem;C:\Windows\System32\WindowsPowerShell\v1.0\;C:\Windows\System32\OpenSSH\;C:\Program Files\Eclipse Adoptium\jdk-11.0.14.101-hotspot\bin;D:\APK Program\Git\cmd;C:\Program Files\Java\jdk-18.0.1.1\bin;D:\APK Program\IBM\JRE\bin;c:\Program Files (x86)\Microsoft SQL Server\100\Tools\Binn\;c:\Program Files\Microsoft SQL Server\100\Tools\Binn\;c:\Program Files\Microsoft SQL Server\100\DTS\Binn\;c:\Program Files (x86)\Microsoft SQL Server\100\Tools\Binn\VSShell\Common7\IDE\;c:\Program Files (x86)\Microsoft SQL Server\100\DTS\Binn\;C:\xampp\php;C:\ProgramData\ComposerSetup\bin;C:\Users\Kelvin Agusto\AppData\Local\Microsoft\WindowsApps;D:\windows\Microsoft VS Code\bin;C:\Users\Kelvin Agusto\AppData\Roaming\npm;C:\Users\Kelvin Agusto\AppData\Local\Programs\Microsoft VS Code\bin;C:\Users\Kelvin Agusto\AppData\Roaming\Composer\vendor\bin
USERNAME=Kelvin Agusto
OS=Windows_NT
PROCESSOR_IDENTIFIER=Intel64 Family 6 Model 58 Stepping 9, GenuineIntel



---------------  S Y S T E M  ---------------

OS: Windows 10 , 64 bit Build 19041 (10.0.19041.3031)
OS uptime: 0 days 3:22 hours

CPU:total 4 (initial active 4) (4 cores per cpu, 1 threads per core) family 6 model 58 stepping 9 microcode 0x21, cmov, cx8, fxsr, mmx, sse, sse2, sse3, ssse3, sse4.1, sse4.2, popcnt, avx, aes, clmul, erms, tsc, tscinvbit, tscinv

Memory: 4k page, system-wide physical 12249M (867M free)
TotalPageFile size 16345M (AvailPageFile size 5M)
current process WorkingSet (physical memory assigned to process): 229M, peak: 229M
current process commit charge ("private bytes"): 367M, peak: 367M

vm_info: OpenJDK 64-Bit Server VM (11.0.15+0-b2043.56-9505619) for windows-amd64 JRE (11.0.15+0-b2043.56-9505619), built on Jan 19 2023 02:48:00 by "builduser" with unknown MS VC++:1929

END.
