#
# There is insufficient memory for the Java Runtime Environment to continue.
# Native memory allocation (malloc) failed to allocate 1814576 bytes for Chunk::new
# Possible reasons:
#   The system is out of physical RAM or swap space
#   The process is running with CompressedOops enabled, and the Java Heap may be blocking the growth of the native heap
# Possible solutions:
#   Reduce memory load on the system
#   Increase physical memory or swap space
#   Check if swap backing store is full
#   Decrease Java heap size (-Xmx/-Xms)
#   Decrease number of Java threads
#   Decrease Java thread stack sizes (-Xss)
#   Set larger code cache with -XX:ReservedCodeCacheSize=
#   JVM is running with Zero Based Compressed Oops mode in which the Java heap is
#     placed in the first 32GB address space. The Java Heap base address is the
#     maximum limit for the native heap growth. Please use -XX:HeapBaseMinAddress
#     to set the Java Heap base and to place the Java Heap above 32GB virtual address.
# This output file may be truncated or incomplete.
#
#  Out of Memory Error (src/hotspot/share/memory/arena.cpp:197), pid=9472, tid=6968
#
# JRE version: OpenJDK Runtime Environment (11.0.15) (build 11.0.15+0-b2043.56-9505619)
# Java VM: OpenJDK 64-Bit Server VM (11.0.15+0-b2043.56-9505619, mixed mode, tiered, compressed oops, g1 gc, windows-amd64)
# No core dump will be written. Minidumps are not enabled by default on client versions of Windows
#

---------------  S U M M A R Y ------------

Command Line: org.jetbrains.kotlin.cli.jvm.K2JVMCompiler @C:\Users\Kelvin Agusto\Documents\Materi Perkuliahan\Semester 4\Mobile Programming 2\UAS Mobile 2\UAS_CRUD_202101251016\app\build\20230707_5080532100779212134.compiler.options

Host: Intel(R) Core(TM) i5-3570 CPU @ 3.40GHz, 4 cores, 11G,  Windows 10 , 64 bit Build 19041 (10.0.19041.3031)
Time: Fri Jul  7 13:46:40 2023 SE Asia Standard Time elapsed time: 1.921367 seconds (0d 0h 0m 1s)

---------------  T H R E A D  ---------------

Current thread (0x0000018b6718d800):  JavaThread "C2 CompilerThread0" daemon [_thread_in_native, id=6968, stack(0x0000006395c00000,0x0000006395d00000)]


Current CompileTask:
C2:   1921 2016   !   4       jdk.internal.loader.BuiltinClassLoader::loadClassOrNull (143 bytes)

Stack: [0x0000006395c00000,0x0000006395d00000]
Native frames: (J=compiled Java code, j=interpreted, Vv=VM code, C=native code)
V  [jvm.dll+0x64135a]
V  [jvm.dll+0x7d39f9]
V  [jvm.dll+0x7d51b9]
V  [jvm.dll+0x7d58a3]
V  [jvm.dll+0x2691c5]
V  [jvm.dll+0xc1a5c]
V  [jvm.dll+0xc200c]
V  [jvm.dll+0x3774a7]
V  [jvm.dll+0x1b3732]
V  [jvm.dll+0x22163e]
V  [jvm.dll+0x220498]
V  [jvm.dll+0x19e851]
V  [jvm.dll+0x230479]
V  [jvm.dll+0x22e5ef]
V  [jvm.dll+0x794de1]
V  [jvm.dll+0x78dc24]
V  [jvm.dll+0x6400f6]
C  [ucrtbase.dll+0x21bb2]
C  [KERNEL32.DLL+0x17614]
C  [ntdll.dll+0x526f1]


---------------  P R O C E S S  ---------------

Threads class SMR info:
_java_thread_list=0x0000018b672f1790, length=11, elements={
0x0000018b4a6f2000, 0x0000018b668f7000, 0x0000018b66900000, 0x0000018b67143000,
0x0000018b67145000, 0x0000018b67147800, 0x0000018b6718d800, 0x0000018b67198000,
0x0000018b671a5000, 0x0000018b67300800, 0x0000018b672fa800
}

Java Threads: ( => current thread )
  0x0000018b4a6f2000 JavaThread "main" [_thread_in_vm, id=3608, stack(0x0000006395000000,0x0000006395100000)]
  0x0000018b668f7000 JavaThread "Reference Handler" daemon [_thread_blocked, id=1284, stack(0x0000006395700000,0x0000006395800000)]
  0x0000018b66900000 JavaThread "Finalizer" daemon [_thread_blocked, id=13036, stack(0x0000006395800000,0x0000006395900000)]
  0x0000018b67143000 JavaThread "Signal Dispatcher" daemon [_thread_blocked, id=11036, stack(0x0000006395900000,0x0000006395a00000)]
  0x0000018b67145000 JavaThread "Attach Listener" daemon [_thread_blocked, id=1868, stack(0x0000006395a00000,0x0000006395b00000)]
  0x0000018b67147800 JavaThread "Service Thread" daemon [_thread_blocked, id=9232, stack(0x0000006395b00000,0x0000006395c00000)]
=>0x0000018b6718d800 JavaThread "C2 CompilerThread0" daemon [_thread_in_native, id=6968, stack(0x0000006395c00000,0x0000006395d00000)]
  0x0000018b67198000 JavaThread "C1 CompilerThread0" daemon [_thread_blocked, id=2032, stack(0x0000006395d00000,0x0000006395e00000)]
  0x0000018b671a5000 JavaThread "Sweeper thread" daemon [_thread_blocked, id=5736, stack(0x0000006395e00000,0x0000006395f00000)]
  0x0000018b67300800 JavaThread "Common-Cleaner" daemon [_thread_blocked, id=1692, stack(0x0000006396000000,0x0000006396100000)]
  0x0000018b672fa800 JavaThread "C2 CompilerThread1" daemon [_thread_blocked, id=5760, stack(0x0000006396100000,0x0000006396200000)]

Other Threads:
  0x0000018b67134000 VMThread "VM Thread" [stack: 0x0000006395600000,0x0000006395700000] [id=5592]
  0x0000018b672f8800 WatcherThread [stack: 0x0000006395f00000,0x0000006396000000] [id=5604]
  0x0000018b4a70b000 GCTaskThread "GC Thread#0" [stack: 0x0000006395100000,0x0000006395200000] [id=6260]
  0x0000018b67935800 GCTaskThread "GC Thread#1" [stack: 0x0000006396200000,0x0000006396300000] [id=14972]
  0x0000018b67936000 GCTaskThread "GC Thread#2" [stack: 0x0000006396300000,0x0000006396400000] [id=2284]
  0x0000018b67937000 GCTaskThread "GC Thread#3" [stack: 0x0000006396400000,0x0000006396500000] [id=11784]
  0x0000018b4a752000 ConcurrentGCThread "G1 Main Marker" [stack: 0x0000006395200000,0x0000006395300000] [id=14696]
  0x0000018b4a754800 ConcurrentGCThread "G1 Conc#0" [stack: 0x0000006395300000,0x0000006395400000] [id=13000]
  0x0000018b66762800 ConcurrentGCThread "G1 Refine#0" [stack: 0x0000006395400000,0x0000006395500000] [id=14224]
  0x0000018b66763000 ConcurrentGCThread "G1 Young RemSet Sampling" [stack: 0x0000006395500000,0x0000006395600000] [id=4380]

Threads with active compile tasks:
C2 CompilerThread0     1938 2016   !   4       jdk.internal.loader.BuiltinClassLoader::loadClassOrNull (143 bytes)

VM state:not at safepoint (normal execution)

VM Mutex/Monitor currently owned by a thread: None

Heap address: 0x0000000740800000, size: 3064 MB, Compressed Oops mode: Zero based, Oop shift amount: 3
Narrow klass base: 0x0000000800000000, Narrow klass shift: 0
Compressed class space size: 1073741824 Address: 0x0000000800000000

Heap:
 garbage-first heap   total 196608K, used 42069K [0x0000000740800000, 0x0000000800000000)
  region size 1024K, 34 young (34816K), 6 survivors (6144K)
 Metaspace       used 29417K, capacity 29919K, committed 29952K, reserved 1075200K
  class space    used 3366K, capacity 3571K, committed 3584K, reserved 1048576K
Heap Regions: E=young(eden), S=young(survivor), O=old, HS=humongous(starts), HC=humongous(continues), CS=collection set, F=free, A=archive, TAMS=top-at-mark-start (previous, next)
|   0|0x0000000740800000, 0x0000000740900000, 0x0000000740900000|100%|HS|  |TAMS 0x0000000740900000, 0x0000000740800000| Complete 
|   1|0x0000000740900000, 0x0000000740a00000, 0x0000000740a00000|100%|HC|  |TAMS 0x0000000740a00000, 0x0000000740900000| Complete 
|   2|0x0000000740a00000, 0x0000000740b00000, 0x0000000740b00000|100%|HC|  |TAMS 0x0000000740b00000, 0x0000000740a00000| Complete 
|   3|0x0000000740b00000, 0x0000000740c00000, 0x0000000740c00000|100%|HC|  |TAMS 0x0000000740c00000, 0x0000000740b00000| Complete 
|   4|0x0000000740c00000, 0x0000000740c00000, 0x0000000740d00000|  0%| F|  |TAMS 0x0000000740c00000, 0x0000000740c00000| Untracked 
|   5|0x0000000740d00000, 0x0000000740d1f400, 0x0000000740e00000| 12%| O|  |TAMS 0x0000000740d1f400, 0x0000000740d00000| Untracked 
|   6|0x0000000740e00000, 0x0000000740f00000, 0x0000000740f00000|100%|HS|  |TAMS 0x0000000740e00000, 0x0000000740e00000| Complete 
|   7|0x0000000740f00000, 0x0000000741000000, 0x0000000741000000|100%|HC|  |TAMS 0x0000000740f00000, 0x0000000740f00000| Complete 
|   8|0x0000000741000000, 0x0000000741100000, 0x0000000741100000|100%|HC|  |TAMS 0x0000000741000000, 0x0000000741000000| Complete 
|   9|0x0000000741100000, 0x0000000741200000, 0x0000000741200000|100%|HC|  |TAMS 0x0000000741100000, 0x0000000741100000| Complete 
|  10|0x0000000741200000, 0x0000000741200000, 0x0000000741300000|  0%| F|  |TAMS 0x0000000741200000, 0x0000000741200000| Untracked 
|  11|0x0000000741300000, 0x0000000741300000, 0x0000000741400000|  0%| F|  |TAMS 0x0000000741300000, 0x0000000741300000| Untracked 
|  12|0x0000000741400000, 0x0000000741400000, 0x0000000741500000|  0%| F|  |TAMS 0x0000000741400000, 0x0000000741400000| Untracked 
|  13|0x0000000741500000, 0x0000000741500000, 0x0000000741600000|  0%| F|  |TAMS 0x0000000741500000, 0x0000000741500000| Untracked 
|  14|0x0000000741600000, 0x0000000741600000, 0x0000000741700000|  0%| F|  |TAMS 0x0000000741600000, 0x0000000741600000| Untracked 
|  15|0x0000000741700000, 0x0000000741700000, 0x0000000741800000|  0%| F|  |TAMS 0x0000000741700000, 0x0000000741700000| Untracked 
|  16|0x0000000741800000, 0x0000000741800000, 0x0000000741900000|  0%| F|  |TAMS 0x0000000741800000, 0x0000000741800000| Untracked 
|  17|0x0000000741900000, 0x0000000741900000, 0x0000000741a00000|  0%| F|  |TAMS 0x0000000741900000, 0x0000000741900000| Untracked 
|  18|0x0000000741a00000, 0x0000000741a00000, 0x0000000741b00000|  0%| F|  |TAMS 0x0000000741a00000, 0x0000000741a00000| Untracked 
|  19|0x0000000741b00000, 0x0000000741b00000, 0x0000000741c00000|  0%| F|  |TAMS 0x0000000741b00000, 0x0000000741b00000| Untracked 
|  20|0x0000000741c00000, 0x0000000741c00000, 0x0000000741d00000|  0%| F|  |TAMS 0x0000000741c00000, 0x0000000741c00000| Untracked 
|  21|0x0000000741d00000, 0x0000000741d00000, 0x0000000741e00000|  0%| F|  |TAMS 0x0000000741d00000, 0x0000000741d00000| Untracked 
|  22|0x0000000741e00000, 0x0000000741e00000, 0x0000000741f00000|  0%| F|  |TAMS 0x0000000741e00000, 0x0000000741e00000| Untracked 
|  23|0x0000000741f00000, 0x0000000741f00000, 0x0000000742000000|  0%| F|  |TAMS 0x0000000741f00000, 0x0000000741f00000| Untracked 
|  24|0x0000000742000000, 0x0000000742000000, 0x0000000742100000|  0%| F|  |TAMS 0x0000000742000000, 0x0000000742000000| Untracked 
|  25|0x0000000742100000, 0x0000000742100000, 0x0000000742200000|  0%| F|  |TAMS 0x0000000742100000, 0x0000000742100000| Untracked 
|  26|0x0000000742200000, 0x0000000742200000, 0x0000000742300000|  0%| F|  |TAMS 0x0000000742200000, 0x0000000742200000| Untracked 
|  27|0x0000000742300000, 0x0000000742300000, 0x0000000742400000|  0%| F|  |TAMS 0x0000000742300000, 0x0000000742300000| Untracked 
|  28|0x0000000742400000, 0x0000000742400000, 0x0000000742500000|  0%| F|  |TAMS 0x0000000742400000, 0x0000000742400000| Untracked 
|  29|0x0000000742500000, 0x0000000742500000, 0x0000000742600000|  0%| F|  |TAMS 0x0000000742500000, 0x0000000742500000| Untracked 
|  30|0x0000000742600000, 0x0000000742600000, 0x0000000742700000|  0%| F|  |TAMS 0x0000000742600000, 0x0000000742600000| Untracked 
|  31|0x0000000742700000, 0x0000000742700000, 0x0000000742800000|  0%| F|  |TAMS 0x0000000742700000, 0x0000000742700000| Untracked 
|  32|0x0000000742800000, 0x0000000742800000, 0x0000000742900000|  0%| F|  |TAMS 0x0000000742800000, 0x0000000742800000| Untracked 
|  33|0x0000000742900000, 0x0000000742900000, 0x0000000742a00000|  0%| F|  |TAMS 0x0000000742900000, 0x0000000742900000| Untracked 
|  34|0x0000000742a00000, 0x0000000742a00000, 0x0000000742b00000|  0%| F|  |TAMS 0x0000000742a00000, 0x0000000742a00000| Untracked 
|  35|0x0000000742b00000, 0x0000000742b00000, 0x0000000742c00000|  0%| F|  |TAMS 0x0000000742b00000, 0x0000000742b00000| Untracked 
|  36|0x0000000742c00000, 0x0000000742c00000, 0x0000000742d00000|  0%| F|  |TAMS 0x0000000742c00000, 0x0000000742c00000| Untracked 
|  37|0x0000000742d00000, 0x0000000742d00000, 0x0000000742e00000|  0%| F|  |TAMS 0x0000000742d00000, 0x0000000742d00000| Untracked 
|  38|0x0000000742e00000, 0x0000000742e00000, 0x0000000742f00000|  0%| F|  |TAMS 0x0000000742e00000, 0x0000000742e00000| Untracked 
|  39|0x0000000742f00000, 0x0000000742f00000, 0x0000000743000000|  0%| F|  |TAMS 0x0000000742f00000, 0x0000000742f00000| Untracked 
|  40|0x0000000743000000, 0x0000000743000000, 0x0000000743100000|  0%| F|  |TAMS 0x0000000743000000, 0x0000000743000000| Untracked 
|  41|0x0000000743100000, 0x0000000743100000, 0x0000000743200000|  0%| F|  |TAMS 0x0000000743100000, 0x0000000743100000| Untracked 
|  42|0x0000000743200000, 0x0000000743200000, 0x0000000743300000|  0%| F|  |TAMS 0x0000000743200000, 0x0000000743200000| Untracked 
|  43|0x0000000743300000, 0x0000000743300000, 0x0000000743400000|  0%| F|  |TAMS 0x0000000743300000, 0x0000000743300000| Untracked 
|  44|0x0000000743400000, 0x0000000743400000, 0x0000000743500000|  0%| F|  |TAMS 0x0000000743400000, 0x0000000743400000| Untracked 
|  45|0x0000000743500000, 0x0000000743500000, 0x0000000743600000|  0%| F|  |TAMS 0x0000000743500000, 0x0000000743500000| Untracked 
|  46|0x0000000743600000, 0x0000000743600000, 0x0000000743700000|  0%| F|  |TAMS 0x0000000743600000, 0x0000000743600000| Untracked 
|  47|0x0000000743700000, 0x0000000743700000, 0x0000000743800000|  0%| F|  |TAMS 0x0000000743700000, 0x0000000743700000| Untracked 
|  48|0x0000000743800000, 0x0000000743800000, 0x0000000743900000|  0%| F|  |TAMS 0x0000000743800000, 0x0000000743800000| Untracked 
|  49|0x0000000743900000, 0x0000000743900000, 0x0000000743a00000|  0%| F|  |TAMS 0x0000000743900000, 0x0000000743900000| Untracked 
|  50|0x0000000743a00000, 0x0000000743a00000, 0x0000000743b00000|  0%| F|  |TAMS 0x0000000743a00000, 0x0000000743a00000| Untracked 
|  51|0x0000000743b00000, 0x0000000743b00000, 0x0000000743c00000|  0%| F|  |TAMS 0x0000000743b00000, 0x0000000743b00000| Untracked 
|  52|0x0000000743c00000, 0x0000000743c00000, 0x0000000743d00000|  0%| F|  |TAMS 0x0000000743c00000, 0x0000000743c00000| Untracked 
|  53|0x0000000743d00000, 0x0000000743d00000, 0x0000000743e00000|  0%| F|  |TAMS 0x0000000743d00000, 0x0000000743d00000| Untracked 
|  54|0x0000000743e00000, 0x0000000743e00000, 0x0000000743f00000|  0%| F|  |TAMS 0x0000000743e00000, 0x0000000743e00000| Untracked 
|  55|0x0000000743f00000, 0x0000000743f00000, 0x0000000744000000|  0%| F|  |TAMS 0x0000000743f00000, 0x0000000743f00000| Untracked 
|  56|0x0000000744000000, 0x0000000744000000, 0x0000000744100000|  0%| F|  |TAMS 0x0000000744000000, 0x0000000744000000| Untracked 
|  57|0x0000000744100000, 0x0000000744100000, 0x0000000744200000|  0%| F|  |TAMS 0x0000000744100000, 0x0000000744100000| Untracked 
|  58|0x0000000744200000, 0x0000000744200000, 0x0000000744300000|  0%| F|  |TAMS 0x0000000744200000, 0x0000000744200000| Untracked 
|  59|0x0000000744300000, 0x0000000744300000, 0x0000000744400000|  0%| F|  |TAMS 0x0000000744300000, 0x0000000744300000| Untracked 
|  60|0x0000000744400000, 0x0000000744400000, 0x0000000744500000|  0%| F|  |TAMS 0x0000000744400000, 0x0000000744400000| Untracked 
|  61|0x0000000744500000, 0x0000000744500000, 0x0000000744600000|  0%| F|  |TAMS 0x0000000744500000, 0x0000000744500000| Untracked 
|  62|0x0000000744600000, 0x0000000744600000, 0x0000000744700000|  0%| F|  |TAMS 0x0000000744600000, 0x0000000744600000| Untracked 
|  63|0x0000000744700000, 0x0000000744700000, 0x0000000744800000|  0%| F|  |TAMS 0x0000000744700000, 0x0000000744700000| Untracked 
|  64|0x0000000744800000, 0x0000000744800000, 0x0000000744900000|  0%| F|  |TAMS 0x0000000744800000, 0x0000000744800000| Untracked 
|  65|0x0000000744900000, 0x0000000744900000, 0x0000000744a00000|  0%| F|  |TAMS 0x0000000744900000, 0x0000000744900000| Untracked 
|  66|0x0000000744a00000, 0x0000000744a00000, 0x0000000744b00000|  0%| F|  |TAMS 0x0000000744a00000, 0x0000000744a00000| Untracked 
|  67|0x0000000744b00000, 0x0000000744b00000, 0x0000000744c00000|  0%| F|  |TAMS 0x0000000744b00000, 0x0000000744b00000| Untracked 
|  68|0x0000000744c00000, 0x0000000744c00000, 0x0000000744d00000|  0%| F|  |TAMS 0x0000000744c00000, 0x0000000744c00000| Untracked 
|  69|0x0000000744d00000, 0x0000000744d00000, 0x0000000744e00000|  0%| F|  |TAMS 0x0000000744d00000, 0x0000000744d00000| Untracked 
|  70|0x0000000744e00000, 0x0000000744e00000, 0x0000000744f00000|  0%| F|  |TAMS 0x0000000744e00000, 0x0000000744e00000| Untracked 
|  71|0x0000000744f00000, 0x0000000744f00000, 0x0000000745000000|  0%| F|  |TAMS 0x0000000744f00000, 0x0000000744f00000| Untracked 
|  72|0x0000000745000000, 0x0000000745000000, 0x0000000745100000|  0%| F|  |TAMS 0x0000000745000000, 0x0000000745000000| Untracked 
|  73|0x0000000745100000, 0x0000000745100000, 0x0000000745200000|  0%| F|  |TAMS 0x0000000745100000, 0x0000000745100000| Untracked 
|  74|0x0000000745200000, 0x0000000745200000, 0x0000000745300000|  0%| F|  |TAMS 0x0000000745200000, 0x0000000745200000| Untracked 
|  75|0x0000000745300000, 0x0000000745300000, 0x0000000745400000|  0%| F|  |TAMS 0x0000000745300000, 0x0000000745300000| Untracked 
|  76|0x0000000745400000, 0x0000000745400000, 0x0000000745500000|  0%| F|  |TAMS 0x0000000745400000, 0x0000000745400000| Untracked 
|  77|0x0000000745500000, 0x0000000745500000, 0x0000000745600000|  0%| F|  |TAMS 0x0000000745500000, 0x0000000745500000| Untracked 
|  78|0x0000000745600000, 0x0000000745600000, 0x0000000745700000|  0%| F|  |TAMS 0x0000000745600000, 0x0000000745600000| Untracked 
|  79|0x0000000745700000, 0x0000000745700000, 0x0000000745800000|  0%| F|  |TAMS 0x0000000745700000, 0x0000000745700000| Untracked 
|  80|0x0000000745800000, 0x0000000745800000, 0x0000000745900000|  0%| F|  |TAMS 0x0000000745800000, 0x0000000745800000| Untracked 
|  81|0x0000000745900000, 0x0000000745900000, 0x0000000745a00000|  0%| F|  |TAMS 0x0000000745900000, 0x0000000745900000| Untracked 
|  82|0x0000000745a00000, 0x0000000745a00000, 0x0000000745b00000|  0%| F|  |TAMS 0x0000000745a00000, 0x0000000745a00000| Untracked 
|  83|0x0000000745b00000, 0x0000000745b00000, 0x0000000745c00000|  0%| F|  |TAMS 0x0000000745b00000, 0x0000000745b00000| Untracked 
|  84|0x0000000745c00000, 0x0000000745c00000, 0x0000000745d00000|  0%| F|  |TAMS 0x0000000745c00000, 0x0000000745c00000| Untracked 
|  85|0x0000000745d00000, 0x0000000745d00000, 0x0000000745e00000|  0%| F|  |TAMS 0x0000000745d00000, 0x0000000745d00000| Untracked 
|  86|0x0000000745e00000, 0x0000000745e00000, 0x0000000745f00000|  0%| F|  |TAMS 0x0000000745e00000, 0x0000000745e00000| Untracked 
|  87|0x0000000745f00000, 0x0000000745f00000, 0x0000000746000000|  0%| F|  |TAMS 0x0000000745f00000, 0x0000000745f00000| Untracked 
|  88|0x0000000746000000, 0x0000000746000000, 0x0000000746100000|  0%| F|  |TAMS 0x0000000746000000, 0x0000000746000000| Untracked 
|  89|0x0000000746100000, 0x0000000746100000, 0x0000000746200000|  0%| F|  |TAMS 0x0000000746100000, 0x0000000746100000| Untracked 
|  90|0x0000000746200000, 0x0000000746200000, 0x0000000746300000|  0%| F|  |TAMS 0x0000000746200000, 0x0000000746200000| Untracked 
|  91|0x0000000746300000, 0x0000000746300000, 0x0000000746400000|  0%| F|  |TAMS 0x0000000746300000, 0x0000000746300000| Untracked 
|  92|0x0000000746400000, 0x0000000746400000, 0x0000000746500000|  0%| F|  |TAMS 0x0000000746400000, 0x0000000746400000| Untracked 
|  93|0x0000000746500000, 0x0000000746500000, 0x0000000746600000|  0%| F|  |TAMS 0x0000000746500000, 0x0000000746500000| Untracked 
|  94|0x0000000746600000, 0x0000000746600000, 0x0000000746700000|  0%| F|  |TAMS 0x0000000746600000, 0x0000000746600000| Untracked 
|  95|0x0000000746700000, 0x0000000746700000, 0x0000000746800000|  0%| F|  |TAMS 0x0000000746700000, 0x0000000746700000| Untracked 
|  96|0x0000000746800000, 0x0000000746800000, 0x0000000746900000|  0%| F|  |TAMS 0x0000000746800000, 0x0000000746800000| Untracked 
|  97|0x0000000746900000, 0x0000000746900000, 0x0000000746a00000|  0%| F|  |TAMS 0x0000000746900000, 0x0000000746900000| Untracked 
|  98|0x0000000746a00000, 0x0000000746a00000, 0x0000000746b00000|  0%| F|  |TAMS 0x0000000746a00000, 0x0000000746a00000| Untracked 
|  99|0x0000000746b00000, 0x0000000746b00000, 0x0000000746c00000|  0%| F|  |TAMS 0x0000000746b00000, 0x0000000746b00000| Untracked 
| 100|0x0000000746c00000, 0x0000000746c00000, 0x0000000746d00000|  0%| F|  |TAMS 0x0000000746c00000, 0x0000000746c00000| Untracked 
| 101|0x0000000746d00000, 0x0000000746d00000, 0x0000000746e00000|  0%| F|  |TAMS 0x0000000746d00000, 0x0000000746d00000| Untracked 
| 102|0x0000000746e00000, 0x0000000746e00000, 0x0000000746f00000|  0%| F|  |TAMS 0x0000000746e00000, 0x0000000746e00000| Untracked 
| 103|0x0000000746f00000, 0x0000000746f00000, 0x0000000747000000|  0%| F|  |TAMS 0x0000000746f00000, 0x0000000746f00000| Untracked 
| 104|0x0000000747000000, 0x0000000747000000, 0x0000000747100000|  0%| F|  |TAMS 0x0000000747000000, 0x0000000747000000| Untracked 
| 105|0x0000000747100000, 0x0000000747100000, 0x0000000747200000|  0%| F|  |TAMS 0x0000000747100000, 0x0000000747100000| Untracked 
| 106|0x0000000747200000, 0x0000000747200000, 0x0000000747300000|  0%| F|  |TAMS 0x0000000747200000, 0x0000000747200000| Untracked 
| 107|0x0000000747300000, 0x0000000747300000, 0x0000000747400000|  0%| F|  |TAMS 0x0000000747300000, 0x0000000747300000| Untracked 
| 108|0x0000000747400000, 0x0000000747400000, 0x0000000747500000|  0%| F|  |TAMS 0x0000000747400000, 0x0000000747400000| Untracked 
| 109|0x0000000747500000, 0x0000000747500000, 0x0000000747600000|  0%| F|  |TAMS 0x0000000747500000, 0x0000000747500000| Untracked 
| 110|0x0000000747600000, 0x0000000747600000, 0x0000000747700000|  0%| F|  |TAMS 0x0000000747600000, 0x0000000747600000| Untracked 
| 111|0x0000000747700000, 0x0000000747700000, 0x0000000747800000|  0%| F|  |TAMS 0x0000000747700000, 0x0000000747700000| Untracked 
| 112|0x0000000747800000, 0x0000000747800000, 0x0000000747900000|  0%| F|  |TAMS 0x0000000747800000, 0x0000000747800000| Untracked 
| 113|0x0000000747900000, 0x0000000747900000, 0x0000000747a00000|  0%| F|  |TAMS 0x0000000747900000, 0x0000000747900000| Untracked 
| 114|0x0000000747a00000, 0x0000000747a00000, 0x0000000747b00000|  0%| F|  |TAMS 0x0000000747a00000, 0x0000000747a00000| Untracked 
| 115|0x0000000747b00000, 0x0000000747b00000, 0x0000000747c00000|  0%| F|  |TAMS 0x0000000747b00000, 0x0000000747b00000| Untracked 
| 116|0x0000000747c00000, 0x0000000747c00000, 0x0000000747d00000|  0%| F|  |TAMS 0x0000000747c00000, 0x0000000747c00000| Untracked 
| 117|0x0000000747d00000, 0x0000000747d00000, 0x0000000747e00000|  0%| F|  |TAMS 0x0000000747d00000, 0x0000000747d00000| Untracked 
| 118|0x0000000747e00000, 0x0000000747e00000, 0x0000000747f00000|  0%| F|  |TAMS 0x0000000747e00000, 0x0000000747e00000| Untracked 
| 119|0x0000000747f00000, 0x0000000747f00000, 0x0000000748000000|  0%| F|  |TAMS 0x0000000747f00000, 0x0000000747f00000| Untracked 
| 120|0x0000000748000000, 0x0000000748000000, 0x0000000748100000|  0%| F|  |TAMS 0x0000000748000000, 0x0000000748000000| Untracked 
| 121|0x0000000748100000, 0x0000000748100000, 0x0000000748200000|  0%| F|  |TAMS 0x0000000748100000, 0x0000000748100000| Untracked 
| 122|0x0000000748200000, 0x0000000748200000, 0x0000000748300000|  0%| F|  |TAMS 0x0000000748200000, 0x0000000748200000| Untracked 
| 123|0x0000000748300000, 0x0000000748300000, 0x0000000748400000|  0%| F|  |TAMS 0x0000000748300000, 0x0000000748300000| Untracked 
| 124|0x0000000748400000, 0x0000000748400000, 0x0000000748500000|  0%| F|  |TAMS 0x0000000748400000, 0x0000000748400000| Untracked 
| 125|0x0000000748500000, 0x0000000748500000, 0x0000000748600000|  0%| F|  |TAMS 0x0000000748500000, 0x0000000748500000| Untracked 
| 126|0x0000000748600000, 0x0000000748600000, 0x0000000748700000|  0%| F|  |TAMS 0x0000000748600000, 0x0000000748600000| Untracked 
| 127|0x0000000748700000, 0x0000000748700000, 0x0000000748800000|  0%| F|  |TAMS 0x0000000748700000, 0x0000000748700000| Untracked 
| 128|0x0000000748800000, 0x0000000748800000, 0x0000000748900000|  0%| F|  |TAMS 0x0000000748800000, 0x0000000748800000| Untracked 
| 129|0x0000000748900000, 0x0000000748900000, 0x0000000748a00000|  0%| F|  |TAMS 0x0000000748900000, 0x0000000748900000| Untracked 
| 130|0x0000000748a00000, 0x0000000748a00000, 0x0000000748b00000|  0%| F|  |TAMS 0x0000000748a00000, 0x0000000748a00000| Untracked 
| 131|0x0000000748b00000, 0x0000000748b00000, 0x0000000748c00000|  0%| F|  |TAMS 0x0000000748b00000, 0x0000000748b00000| Untracked 
| 132|0x0000000748c00000, 0x0000000748c00000, 0x0000000748d00000|  0%| F|  |TAMS 0x0000000748c00000, 0x0000000748c00000| Untracked 
| 133|0x0000000748d00000, 0x0000000748d00000, 0x0000000748e00000|  0%| F|  |TAMS 0x0000000748d00000, 0x0000000748d00000| Untracked 
| 134|0x0000000748e00000, 0x0000000748e00000, 0x0000000748f00000|  0%| F|  |TAMS 0x0000000748e00000, 0x0000000748e00000| Untracked 
| 135|0x0000000748f00000, 0x0000000748f00000, 0x0000000749000000|  0%| F|  |TAMS 0x0000000748f00000, 0x0000000748f00000| Untracked 
| 136|0x0000000749000000, 0x00000007490f60d0, 0x0000000749100000| 96%| S|CS|TAMS 0x0000000749000000, 0x0000000749000000| Complete 
| 137|0x0000000749100000, 0x0000000749200000, 0x0000000749200000|100%| S|CS|TAMS 0x0000000749100000, 0x0000000749100000| Complete 
| 138|0x0000000749200000, 0x0000000749300000, 0x0000000749300000|100%| S|CS|TAMS 0x0000000749200000, 0x0000000749200000| Complete 
| 139|0x0000000749300000, 0x0000000749400000, 0x0000000749400000|100%| S|CS|TAMS 0x0000000749300000, 0x0000000749300000| Complete 
| 140|0x0000000749400000, 0x0000000749500000, 0x0000000749500000|100%| S|CS|TAMS 0x0000000749400000, 0x0000000749400000| Complete 
| 141|0x0000000749500000, 0x0000000749600000, 0x0000000749600000|100%| S|CS|TAMS 0x0000000749500000, 0x0000000749500000| Complete 
| 142|0x0000000749600000, 0x0000000749600000, 0x0000000749700000|  0%| F|  |TAMS 0x0000000749600000, 0x0000000749600000| Untracked 
| 143|0x0000000749700000, 0x0000000749700000, 0x0000000749800000|  0%| F|  |TAMS 0x0000000749700000, 0x0000000749700000| Untracked 
| 144|0x0000000749800000, 0x0000000749800000, 0x0000000749900000|  0%| F|  |TAMS 0x0000000749800000, 0x0000000749800000| Untracked 
| 145|0x0000000749900000, 0x0000000749900000, 0x0000000749a00000|  0%| F|  |TAMS 0x0000000749900000, 0x0000000749900000| Untracked 
| 146|0x0000000749a00000, 0x0000000749a00000, 0x0000000749b00000|  0%| F|  |TAMS 0x0000000749a00000, 0x0000000749a00000| Untracked 
| 147|0x0000000749b00000, 0x0000000749b00000, 0x0000000749c00000|  0%| F|  |TAMS 0x0000000749b00000, 0x0000000749b00000| Untracked 
| 148|0x0000000749c00000, 0x0000000749c00000, 0x0000000749d00000|  0%| F|  |TAMS 0x0000000749c00000, 0x0000000749c00000| Untracked 
| 149|0x0000000749d00000, 0x0000000749d00000, 0x0000000749e00000|  0%| F|  |TAMS 0x0000000749d00000, 0x0000000749d00000| Untracked 
| 150|0x0000000749e00000, 0x0000000749e00000, 0x0000000749f00000|  0%| F|  |TAMS 0x0000000749e00000, 0x0000000749e00000| Untracked 
| 151|0x0000000749f00000, 0x0000000749f00000, 0x000000074a000000|  0%| F|  |TAMS 0x0000000749f00000, 0x0000000749f00000| Untracked 
| 152|0x000000074a000000, 0x000000074a000000, 0x000000074a100000|  0%| F|  |TAMS 0x000000074a000000, 0x000000074a000000| Untracked 
| 153|0x000000074a100000, 0x000000074a100000, 0x000000074a200000|  0%| F|  |TAMS 0x000000074a100000, 0x000000074a100000| Untracked 
| 154|0x000000074a200000, 0x000000074a200000, 0x000000074a300000|  0%| F|  |TAMS 0x000000074a200000, 0x000000074a200000| Untracked 
| 155|0x000000074a300000, 0x000000074a300000, 0x000000074a400000|  0%| F|  |TAMS 0x000000074a300000, 0x000000074a300000| Untracked 
| 156|0x000000074a400000, 0x000000074a400000, 0x000000074a500000|  0%| F|  |TAMS 0x000000074a400000, 0x000000074a400000| Untracked 
| 157|0x000000074a500000, 0x000000074a500000, 0x000000074a600000|  0%| F|  |TAMS 0x000000074a500000, 0x000000074a500000| Untracked 
| 158|0x000000074a600000, 0x000000074a600000, 0x000000074a700000|  0%| F|  |TAMS 0x000000074a600000, 0x000000074a600000| Untracked 
| 159|0x000000074a700000, 0x000000074a700000, 0x000000074a800000|  0%| F|  |TAMS 0x000000074a700000, 0x000000074a700000| Untracked 
| 160|0x000000074a800000, 0x000000074a800000, 0x000000074a900000|  0%| F|  |TAMS 0x000000074a800000, 0x000000074a800000| Untracked 
| 161|0x000000074a900000, 0x000000074a900000, 0x000000074aa00000|  0%| F|  |TAMS 0x000000074a900000, 0x000000074a900000| Untracked 
| 162|0x000000074aa00000, 0x000000074aa00000, 0x000000074ab00000|  0%| F|  |TAMS 0x000000074aa00000, 0x000000074aa00000| Untracked 
| 163|0x000000074ab00000, 0x000000074ab00000, 0x000000074ac00000|  0%| F|  |TAMS 0x000000074ab00000, 0x000000074ab00000| Untracked 
| 164|0x000000074ac00000, 0x000000074ad00000, 0x000000074ad00000|100%| E|  |TAMS 0x000000074ac00000, 0x000000074ac00000| Complete 
| 165|0x000000074ad00000, 0x000000074ae00000, 0x000000074ae00000|100%| E|CS|TAMS 0x000000074ad00000, 0x000000074ad00000| Complete 
| 166|0x000000074ae00000, 0x000000074af00000, 0x000000074af00000|100%| E|CS|TAMS 0x000000074ae00000, 0x000000074ae00000| Complete 
| 167|0x000000074af00000, 0x000000074b000000, 0x000000074b000000|100%| E|CS|TAMS 0x000000074af00000, 0x000000074af00000| Complete 
| 168|0x000000074b000000, 0x000000074b100000, 0x000000074b100000|100%| E|CS|TAMS 0x000000074b000000, 0x000000074b000000| Complete 
| 169|0x000000074b100000, 0x000000074b200000, 0x000000074b200000|100%| E|CS|TAMS 0x000000074b100000, 0x000000074b100000| Complete 
| 170|0x000000074b200000, 0x000000074b300000, 0x000000074b300000|100%| E|CS|TAMS 0x000000074b200000, 0x000000074b200000| Complete 
| 171|0x000000074b300000, 0x000000074b400000, 0x000000074b400000|100%| E|CS|TAMS 0x000000074b300000, 0x000000074b300000| Complete 
| 172|0x000000074b400000, 0x000000074b500000, 0x000000074b500000|100%| E|CS|TAMS 0x000000074b400000, 0x000000074b400000| Complete 
| 173|0x000000074b500000, 0x000000074b600000, 0x000000074b600000|100%| E|CS|TAMS 0x000000074b500000, 0x000000074b500000| Complete 
| 174|0x000000074b600000, 0x000000074b700000, 0x000000074b700000|100%| E|CS|TAMS 0x000000074b600000, 0x000000074b600000| Complete 
| 175|0x000000074b700000, 0x000000074b800000, 0x000000074b800000|100%| E|CS|TAMS 0x000000074b700000, 0x000000074b800000| Complete 
| 176|0x000000074b800000, 0x000000074b900000, 0x000000074b900000|100%| E|CS|TAMS 0x000000074b800000, 0x000000074b900000| Complete 
| 177|0x000000074b900000, 0x000000074ba00000, 0x000000074ba00000|100%| E|CS|TAMS 0x000000074b900000, 0x000000074ba00000| Complete 
| 178|0x000000074ba00000, 0x000000074bb00000, 0x000000074bb00000|100%| E|CS|TAMS 0x000000074ba00000, 0x000000074bb00000| Complete 
| 179|0x000000074bb00000, 0x000000074bc00000, 0x000000074bc00000|100%| E|CS|TAMS 0x000000074bb00000, 0x000000074bc00000| Complete 
| 180|0x000000074bc00000, 0x000000074bd00000, 0x000000074bd00000|100%| E|CS|TAMS 0x000000074bc00000, 0x000000074bd00000| Complete 
| 181|0x000000074bd00000, 0x000000074be00000, 0x000000074be00000|100%| E|CS|TAMS 0x000000074bd00000, 0x000000074be00000| Complete 
| 182|0x000000074be00000, 0x000000074bf00000, 0x000000074bf00000|100%| E|CS|TAMS 0x000000074be00000, 0x000000074bf00000| Complete 
| 183|0x000000074bf00000, 0x000000074c000000, 0x000000074c000000|100%| E|CS|TAMS 0x000000074bf00000, 0x000000074c000000| Complete 
| 184|0x000000074c000000, 0x000000074c100000, 0x000000074c100000|100%| E|CS|TAMS 0x000000074c000000, 0x000000074c100000| Complete 
| 185|0x000000074c100000, 0x000000074c200000, 0x000000074c200000|100%| E|CS|TAMS 0x000000074c100000, 0x000000074c200000| Complete 
| 186|0x000000074c200000, 0x000000074c300000, 0x000000074c300000|100%| E|CS|TAMS 0x000000074c200000, 0x000000074c300000| Complete 
| 187|0x000000074c300000, 0x000000074c400000, 0x000000074c400000|100%| E|CS|TAMS 0x000000074c300000, 0x000000074c400000| Complete 
| 188|0x000000074c400000, 0x000000074c500000, 0x000000074c500000|100%| E|CS|TAMS 0x000000074c400000, 0x000000074c500000| Complete 
| 189|0x000000074c500000, 0x000000074c600000, 0x000000074c600000|100%| E|CS|TAMS 0x000000074c500000, 0x000000074c600000| Complete 
| 190|0x000000074c600000, 0x000000074c700000, 0x000000074c700000|100%| E|CS|TAMS 0x000000074c600000, 0x000000074c700000| Complete 
| 191|0x000000074c700000, 0x000000074c800000, 0x000000074c800000|100%| E|CS|TAMS 0x000000074c700000, 0x000000074c800000| Complete 

Card table byte_map: [0x0000018b5d820000,0x0000018b5de20000] _byte_map_base: 0x0000018b59e1c000

Marking Bits (Prev, Next): (CMBitMap*) 0x0000018b4a745190, (CMBitMap*) 0x0000018b4a745158
 Prev Bits: [0x0000018b61400000, 0x0000018b643e0000)
 Next Bits: [0x0000018b5e420000, 0x0000018b61400000)

Polling page: 0x0000018b48670000

Metaspace:

Usage:
  Non-class:     25.73 MB capacity,    25.49 MB (>99%) used,   199.54 KB ( <1%) free+waste,    45.31 KB ( <1%) overhead. 
      Class:      3.52 MB capacity,     3.31 MB ( 94%) used,   187.55 KB (  5%) free+waste,    22.00 KB ( <1%) overhead. 
       Both:     29.25 MB capacity,    28.81 MB ( 98%) used,   387.09 KB (  1%) free+waste,    67.31 KB ( <1%) overhead. 

Virtual space:
  Non-class space:       32.00 MB reserved,      25.75 MB ( 80%) committed 
      Class space:        1.00 GB reserved,       3.62 MB ( <1%) committed 
             Both:        1.03 GB reserved,      29.38 MB (  3%) committed 

Chunk freelists:
   Non-Class:  20.00 KB
       Class:  13.00 KB
        Both:  33.00 KB

MaxMetaspaceSize: 17179869184.00 GB
CompressedClassSpaceSize: 1.00 GB
Initial GC threshold: 20.80 MB
Current GC threshold: 34.79 MB
CDS: off

CodeHeap 'non-profiled nmethods': size=120064Kb used=761Kb max_used=761Kb free=119302Kb
 bounds [0x0000018b55ce0000, 0x0000018b55f50000, 0x0000018b5d220000]
CodeHeap 'profiled nmethods': size=120000Kb used=3892Kb max_used=3892Kb free=116107Kb
 bounds [0x0000018b4e7b0000, 0x0000018b4eb80000, 0x0000018b55ce0000]
CodeHeap 'non-nmethods': size=5696Kb used=1236Kb max_used=1247Kb free=4459Kb
 bounds [0x0000018b4e220000, 0x0000018b4e490000, 0x0000018b4e7b0000]
 total_blobs=2583 nmethods=2074 adapters=421
 compilation: enabled
              stopped_count=0, restarted_count=0
 full_count=0

Compilation events (20 events):
Event: 1.863 Thread 0x0000018b67198000 2061       3       java.io.File::<init> (47 bytes)
Event: 1.863 Thread 0x0000018b67198000 nmethod 2061 0x0000018b4eb72e90 code [0x0000018b4eb73080, 0x0000018b4eb73428]
Event: 1.864 Thread 0x0000018b67198000 2062       3       java.lang.invoke.DirectMethodHandle::make (263 bytes)
Event: 1.866 Thread 0x0000018b67198000 nmethod 2062 0x0000018b4eb73590 code [0x0000018b4eb73940, 0x0000018b4eb74ec8]
Event: 1.866 Thread 0x0000018b67198000 2063       3       java.lang.invoke.MemberName::isField (7 bytes)
Event: 1.866 Thread 0x0000018b67198000 nmethod 2063 0x0000018b4eb75790 code [0x0000018b4eb75940, 0x0000018b4eb75b78]
Event: 1.876 Thread 0x0000018b67198000 2065       1       java.lang.invoke.MethodHandleNatives::isPullModeBSM (2 bytes)
Event: 1.876 Thread 0x0000018b67198000 nmethod 2065 0x0000018b55d9dc90 code [0x0000018b55d9de40, 0x0000018b55d9ded8]
Event: 1.876 Thread 0x0000018b67198000 2066       3       java.lang.invoke.AbstractValidatingLambdaMetafactory::isAdaptableTo (126 bytes)
Event: 1.877 Thread 0x0000018b67198000 nmethod 2066 0x0000018b4eb75c90 code [0x0000018b4eb75f20, 0x0000018b4eb768e8]
Event: 1.877 Thread 0x0000018b67198000 2067       3       java.lang.invoke.ConstantCallSite::getTarget (20 bytes)
Event: 1.877 Thread 0x0000018b67198000 nmethod 2067 0x0000018b4eb76c90 code [0x0000018b4eb76e60, 0x0000018b4eb77088]
Event: 1.880 Thread 0x0000018b67198000 2068       3       java.lang.reflect.Modifier::isVolatile (13 bytes)
Event: 1.881 Thread 0x0000018b67198000 nmethod 2068 0x0000018b4eb77190 code [0x0000018b4eb77340, 0x0000018b4eb77478]
Event: 1.881 Thread 0x0000018b67198000 2069       3       java.lang.Class::newReflectionData (66 bytes)
Event: 1.881 Thread 0x0000018b67198000 nmethod 2069 0x0000018b4eb77510 code [0x0000018b4eb77740, 0x0000018b4eb780e8]
Event: 1.881 Thread 0x0000018b67198000 2071       3       jdk.internal.org.objectweb.asm.MethodWriter::visitLabel (321 bytes)
Event: 1.882 Thread 0x0000018b67198000 nmethod 2071 0x0000018b4eb78390 code [0x0000018b4eb785e0, 0x0000018b4eb792c8]
Event: 1.882 Thread 0x0000018b67198000 2070       3       sun.invoke.util.VerifyAccess::isMemberAccessible (313 bytes)
Event: 1.884 Thread 0x0000018b67198000 nmethod 2070 0x0000018b4eb79590 code [0x0000018b4eb79a60, 0x0000018b4eb7bc68]

GC Heap History (4 events):
Event: 0.440 GC heap before
{Heap before GC invocations=0 (full 0):
 garbage-first heap   total 196608K, used 18432K [0x0000000740800000, 0x0000000800000000)
  region size 1024K, 14 young (14336K), 0 survivors (0K)
 Metaspace       used 9492K, capacity 9615K, committed 9856K, reserved 1058816K
  class space    used 782K, capacity 820K, committed 896K, reserved 1048576K
}
Event: 0.442 GC heap after
{Heap after GC invocations=1 (full 0):
 garbage-first heap   total 196608K, used 6269K [0x0000000740800000, 0x0000000800000000)
  region size 1024K, 2 young (2048K), 2 survivors (2048K)
 Metaspace       used 9492K, capacity 9615K, committed 9856K, reserved 1058816K
  class space    used 782K, capacity 820K, committed 896K, reserved 1048576K
}
Event: 1.340 GC heap before
{Heap before GC invocations=1 (full 0):
 garbage-first heap   total 196608K, used 54397K [0x0000000740800000, 0x0000000800000000)
  region size 1024K, 50 young (51200K), 2 survivors (2048K)
 Metaspace       used 20856K, capacity 21102K, committed 21248K, reserved 1069056K
  class space    used 2212K, capacity 2273K, committed 2304K, reserved 1048576K
}
Event: 1.352 GC heap after
{Heap after GC invocations=2 (full 0):
 garbage-first heap   total 196608K, used 10325K [0x0000000740800000, 0x0000000800000000)
  region size 1024K, 6 young (6144K), 6 survivors (6144K)
 Metaspace       used 20856K, capacity 21102K, committed 21248K, reserved 1069056K
  class space    used 2212K, capacity 2273K, committed 2304K, reserved 1048576K
}

Deoptimization events (20 events):
Event: 1.642 Thread 0x0000018b4a6f2000 Uncommon trap: trap_request=0xffffffde fr.pc=0x0000018b55d76970 relative=0x00000000000014b0
Event: 1.642 Thread 0x0000018b4a6f2000 Uncommon trap: reason=class_check action=maybe_recompile pc=0x0000018b55d76970 method=java.util.zip.InflaterInputStream.read([BII)I @ 100 c2
Event: 1.642 Thread 0x0000018b4a6f2000 DEOPT PACKING pc=0x0000018b55d76970 sp=0x00000063950fe630
Event: 1.642 Thread 0x0000018b4a6f2000 DEOPT UNPACKING pc=0x0000018b4e26a1af sp=0x00000063950fe690 mode 2
Event: 1.655 Thread 0x0000018b4a6f2000 Uncommon trap: trap_request=0xffffffcc fr.pc=0x0000018b55d91fe0 relative=0x00000000000001a0
Event: 1.655 Thread 0x0000018b4a6f2000 Uncommon trap: reason=intrinsic_or_type_checked_inlining action=make_not_entrant pc=0x0000018b55d91fe0 method=java.util.Arrays.copyOf([Ljava/lang/Object;ILjava/lang/Class;)[Ljava/lang/Object; @ 35 c2
Event: 1.655 Thread 0x0000018b4a6f2000 DEOPT PACKING pc=0x0000018b55d91fe0 sp=0x00000063950fc400
Event: 1.655 Thread 0x0000018b4a6f2000 DEOPT UNPACKING pc=0x0000018b4e26a1af sp=0x00000063950fc3a8 mode 2
Event: 1.696 Thread 0x0000018b4a6f2000 Uncommon trap: trap_request=0xffffff4d fr.pc=0x0000018b55d42c6c relative=0x00000000000005ac
Event: 1.696 Thread 0x0000018b4a6f2000 Uncommon trap: reason=unstable_if action=reinterpret pc=0x0000018b55d42c6c method=java.lang.Integer.getChars(II[B)I @ 25 c2
Event: 1.696 Thread 0x0000018b4a6f2000 DEOPT PACKING pc=0x0000018b55d42c6c sp=0x00000063950fe6c0
Event: 1.696 Thread 0x0000018b4a6f2000 DEOPT UNPACKING pc=0x0000018b4e26a1af sp=0x00000063950fe5b0 mode 2
Event: 1.761 Thread 0x0000018b4a6f2000 Uncommon trap: trap_request=0xffffff4d fr.pc=0x0000018b55d1713c relative=0x000000000000057c
Event: 1.761 Thread 0x0000018b4a6f2000 Uncommon trap: reason=unstable_if action=reinterpret pc=0x0000018b55d1713c method=java.lang.Integer.getChars(II[B)I @ 25 c2
Event: 1.761 Thread 0x0000018b4a6f2000 DEOPT PACKING pc=0x0000018b55d1713c sp=0x00000063950fd300
Event: 1.761 Thread 0x0000018b4a6f2000 DEOPT UNPACKING pc=0x0000018b4e26a1af sp=0x00000063950fd258 mode 2
Event: 1.786 Thread 0x0000018b4a6f2000 Uncommon trap: trap_request=0xffffff4d fr.pc=0x0000018b55d5ccb8 relative=0x0000000000000198
Event: 1.786 Thread 0x0000018b4a6f2000 Uncommon trap: reason=unstable_if action=reinterpret pc=0x0000018b55d5ccb8 method=java.lang.String.startsWith(Ljava/lang/String;I)Z @ 1 c2
Event: 1.786 Thread 0x0000018b4a6f2000 DEOPT PACKING pc=0x0000018b55d5ccb8 sp=0x00000063950fde10
Event: 1.786 Thread 0x0000018b4a6f2000 DEOPT UNPACKING pc=0x0000018b4e26a1af sp=0x00000063950fdd80 mode 2

Classes redefined (0 events):
No events

Internal exceptions (20 events):
Event: 1.025 Thread 0x0000018b4a6f2000 Exception <a 'java/lang/NoSuchMethodError'{0x000000074a5836e8}: 'long java.lang.invoke.Invokers$Holder.invoke_MT(java.lang.Object, java.lang.Object, java.lang.Object, java.lang.Object)'> (0x000000074a5836e8) thrown at [src/hotspot/share/interpreter/linkResolver.cpp, line 773]
Event: 1.026 Thread 0x0000018b4a6f2000 Exception <a 'java/lang/NoSuchMethodError'{0x000000074a586d68}: 'long java.lang.invoke.DelegatingMethodHandle$Holder.reinvoke_L(java.lang.Object, java.lang.Object, java.lang.Object)'> (0x000000074a586d68) thrown at [src/hotspot/share/interpreter/linkResolver.cpp, line 773]
Event: 1.027 Thread 0x0000018b4a6f2000 Exception <a 'java/lang/NoSuchMethodError'{0x000000074a590a28}: 'int java.lang.invoke.DirectMethodHandle$Holder.invokeSpecial(java.lang.Object, java.lang.Object, java.lang.Object, java.lang.Object)'> (0x000000074a590a28) thrown at [src/hotspot/share/interpreter/linkResolver.cpp, line 773]
Event: 1.029 Thread 0x0000018b4a6f2000 Exception <a 'java/lang/NoSuchMethodError'{0x000000074a59f808}: 'int java.lang.invoke.DelegatingMethodHandle$Holder.reinvoke_L(java.lang.Object, java.lang.Object, java.lang.Object, long, int)'> (0x000000074a59f808) thrown at [src/hotspot/share/interpreter/linkResolver.cpp, line 773]
Event: 1.294 Thread 0x0000018b4a6f2000 Exception <a 'java/lang/NoSuchMethodError'{0x0000000749960640}: 'java.lang.Object java.lang.invoke.DirectMethodHandle$Holder.invokeStaticInit(java.lang.Object, int)'> (0x0000000749960640) thrown at [src/hotspot/share/interpreter/linkResolver.cpp, line 773]
Event: 1.326 Thread 0x0000018b4a6f2000 Exception <a 'java/lang/NoSuchMethodError'{0x0000000749735738}: 'long java.lang.invoke.DirectMethodHandle$Holder.invokeStatic(java.lang.Object)'> (0x0000000749735738) thrown at [src/hotspot/share/interpreter/linkResolver.cpp, line 773]
Event: 1.327 Thread 0x0000018b4a6f2000 Exception <a 'java/lang/NoSuchMethodError'{0x0000000749738590}: 'long java.lang.invoke.DirectMethodHandle$Holder.invokeStaticInit(java.lang.Object)'> (0x0000000749738590) thrown at [src/hotspot/share/interpreter/linkResolver.cpp, line 773]
Event: 1.366 Thread 0x0000018b4a6f2000 Exception <a 'java/lang/NoSuchMethodError'{0x000000074c7793b0}: 'int java.lang.invoke.DirectMethodHandle$Holder.invokeSpecialIFC(java.lang.Object, java.lang.Object, int)'> (0x000000074c7793b0) thrown at [src/hotspot/share/interpreter/linkResolver.cpp, line 773]
Event: 1.412 Thread 0x0000018b4a6f2000 Exception <a 'java/lang/NoSuchMethodError'{0x000000074c4360c0}: 'int java.lang.invoke.DirectMethodHandle$Holder.invokeStaticInit(java.lang.Object, java.lang.Object, java.lang.Object)'> (0x000000074c4360c0) thrown at [src/hotspot/share/interpreter/linkResolver.cpp, line 773]
Event: 1.417 Thread 0x0000018b4a6f2000 Exception <a 'java/lang/NoSuchMethodError'{0x000000074c4612c0}: 'int java.lang.invoke.DirectMethodHandle$Holder.invokeStaticInit(java.lang.Object, java.lang.Object)'> (0x000000074c4612c0) thrown at [src/hotspot/share/interpreter/linkResolver.cpp, line 773]
Event: 1.467 Thread 0x0000018b4a6f2000 Exception <a 'java/lang/NoSuchMethodError'{0x000000074c26f1b0}: 'void java.lang.invoke.DirectMethodHandle$Holder.invokeSpecial(java.lang.Object, java.lang.Object)'> (0x000000074c26f1b0) thrown at [src/hotspot/share/interpreter/linkResolver.cpp, line 773]
Event: 1.657 Thread 0x0000018b4a6f2000 Exception <a 'java/lang/NoSuchMethodError'{0x000000074b917900}: 'java.lang.Object java.lang.invoke.DirectMethodHandle$Holder.invokeStatic(java.lang.Object, java.lang.Object, java.lang.Object, java.lang.Object, java.lang.Object, java.lang.Object, java.lang.Object, java.lang.Object, java.lang.Object, java.lang.Object, java.lang.Object, java.lang.Object, java.lang.Object, java.lang.Object, java.lang.Object)'> (0x000000074b917900) thrown at [src/hotspot/share/interpreter/linkResolver.cpp, line 773]
Event: 1.659 Thread 0x0000018b4a6f2000 Exception <a 'java/lang/NoSuchMethodError'{0x000000074b925908}: 'java.lang.Object java.lang.invoke.DirectMethodHandle$Holder.invokeStatic(java.lang.Object, java.lang.Object, java.lang.Object, java.lang.Object, java.lang.Object, java.lang.Object, java.lang.Object, java.lang.Object, java.lang.Object, java.lang.Object, java.lang.Object, java.lang.Object, java.lang.Object, java.lang.Object, java.lang.Object, java.lang.Object)'> (0x000000074b925908) thrown at [src/hotspot/share/interpreter/linkResolver.cpp, lin
Event: 1.660 Thread 0x0000018b4a6f2000 Exception <a 'java/lang/NoSuchMethodError'{0x000000074b933820}: 'java.lang.Object java.lang.invoke.DirectMethodHandle$Holder.invokeSpecial(java.lang.Object, java.lang.Object, int, int, java.lang.Object, java.lang.Object, java.lang.Object)'> (0x000000074b933820) thrown at [src/hotspot/share/interpreter/linkResolver.cpp, line 773]
Event: 1.660 Thread 0x0000018b4a6f2000 Exception <a 'java/lang/NoSuchMethodError'{0x000000074b937058}: 'java.lang.Object java.lang.invoke.DelegatingMethodHandle$Holder.reinvoke_L(java.lang.Object, int, int, java.lang.Object, java.lang.Object, java.lang.Object)'> (0x000000074b937058) thrown at [src/hotspot/share/interpreter/linkResolver.cpp, line 773]
Event: 1.660 Thread 0x0000018b4a6f2000 Exception <a 'java/lang/NoSuchMethodError'{0x000000074b93b3e0}: 'java.lang.Object java.lang.invoke.DirectMethodHandle$Holder.invokeStatic(java.lang.Object, java.lang.Object, java.lang.Object, java.lang.Object, int)'> (0x000000074b93b3e0) thrown at [src/hotspot/share/interpreter/linkResolver.cpp, line 773]
Event: 1.698 Thread 0x0000018b4a6f2000 Exception <a 'java/lang/NoSuchMethodError'{0x000000074b85e140}: 'void java.lang.invoke.DirectMethodHandle$Holder.invokeStatic(java.lang.Object, java.lang.Object, java.lang.Object, java.lang.Object)'> (0x000000074b85e140) thrown at [src/hotspot/share/interpreter/linkResolver.cpp, line 773]
Event: 1.755 Thread 0x0000018b4a6f2000 Exception <a 'java/lang/NoSuchMethodError'{0x000000074b43e538}: 'void java.lang.invoke.DirectMethodHandle$Holder.invokeStaticInit(java.lang.Object, java.lang.Object)'> (0x000000074b43e538) thrown at [src/hotspot/share/interpreter/linkResolver.cpp, line 773]
Event: 1.856 Thread 0x0000018b4a6f2000 Exception <a 'java/lang/NoSuchMethodError'{0x000000074afbf7a0}: 'void java.lang.invoke.DirectMethodHandle$Holder.invokeVirtual(java.lang.Object, java.lang.Object)'> (0x000000074afbf7a0) thrown at [src/hotspot/share/interpreter/linkResolver.cpp, line 773]
Event: 1.864 Thread 0x0000018b4a6f2000 Exception <a 'java/lang/NoSuchMethodError'{0x000000074ae14540}: 'int java.lang.invoke.DirectMethodHandle$Holder.invokeVirtual(java.lang.Object, java.lang.Object)'> (0x000000074ae14540) thrown at [src/hotspot/share/interpreter/linkResolver.cpp, line 773]

Events (20 events):
Event: 1.913 loading class org/jetbrains/kotlin/psi/KtBackingField
Event: 1.913 loading class org/jetbrains/kotlin/psi/KtBackingField done
Event: 1.914 loading class org/jetbrains/kotlin/psi/stubs/elements/KtTypeAliasElementType
Event: 1.914 loading class org/jetbrains/kotlin/psi/stubs/elements/KtTypeAliasElementType done
Event: 1.915 loading class org/jetbrains/kotlin/psi/KtTypeAlias
Event: 1.915 loading class org/jetbrains/kotlin/psi/KtTypeAlias done
Event: 1.916 loading class org/jetbrains/kotlin/psi/stubs/KotlinTypeAliasStub
Event: 1.916 loading class org/jetbrains/kotlin/psi/stubs/KotlinTypeAliasStub done
Event: 1.916 loading class org/jetbrains/kotlin/psi/stubs/elements/KtObjectElementType
Event: 1.916 loading class org/jetbrains/kotlin/psi/stubs/elements/KtObjectElementType done
Event: 1.917 loading class org/jetbrains/kotlin/psi/stubs/KotlinObjectStub
Event: 1.917 loading class org/jetbrains/kotlin/psi/stubs/KotlinObjectStub done
Event: 1.917 loading class org/jetbrains/kotlin/psi/KtObjectDeclaration
Event: 1.917 loading class org/jetbrains/kotlin/psi/KtObjectDeclaration done
Event: 1.918 loading class org/jetbrains/kotlin/psi/stubs/KotlinPlaceHolderStub
Event: 1.918 loading class org/jetbrains/kotlin/psi/stubs/KotlinPlaceHolderStub done
Event: 1.918 loading class org/jetbrains/kotlin/psi/KtClassInitializer
Event: 1.918 loading class org/jetbrains/kotlin/psi/KtClassInitializer done
Event: 1.918 loading class org/jetbrains/kotlin/psi/KtAnonymousInitializer
Event: 1.918 loading class org/jetbrains/kotlin/psi/KtAnonymousInitializer done


Dynamic libraries:
0x00007ff7bc440000 - 0x00007ff7bc44a000 	C:\Program Files\Android\Android Studio\jbr\bin\java.exe
0x00007ffe84eb0000 - 0x00007ffe850a8000 	C:\Windows\SYSTEM32\ntdll.dll
0x00007ffe83760000 - 0x00007ffe8381f000 	C:\Windows\System32\KERNEL32.DLL
0x00007ffe828c0000 - 0x00007ffe82bb6000 	C:\Windows\System32\KERNELBASE.dll
0x00007ffe82e10000 - 0x00007ffe82f10000 	C:\Windows\System32\ucrtbase.dll
0x00007ffe74f70000 - 0x00007ffe74f87000 	C:\Program Files\Android\Android Studio\jbr\bin\jli.dll
0x00007ffe841a0000 - 0x00007ffe8433d000 	C:\Windows\System32\USER32.dll
0x00007ffe82890000 - 0x00007ffe828b2000 	C:\Windows\System32\win32u.dll
0x00007ffe83690000 - 0x00007ffe836bc000 	C:\Windows\System32\GDI32.dll
0x00007ffe82590000 - 0x00007ffe826a5000 	C:\Windows\System32\gdi32full.dll
0x00007ffe82740000 - 0x00007ffe827dd000 	C:\Windows\System32\msvcp_win.dll
0x00007ffe7d9b0000 - 0x00007ffe7d9cb000 	C:\Program Files\Android\Android Studio\jbr\bin\VCRUNTIME140.dll
0x00007ffe75590000 - 0x00007ffe7582a000 	C:\Windows\WinSxS\amd64_microsoft.windows.common-controls_6595b64144ccf1df_6.0.19041.1110_none_60b5254171f9507e\COMCTL32.dll
0x00007ffe84dd0000 - 0x00007ffe84e6e000 	C:\Windows\System32\msvcrt.dll
0x00007ffe84170000 - 0x00007ffe841a0000 	C:\Windows\System32\IMM32.DLL
0x00007ffe74f60000 - 0x00007ffe74f6c000 	C:\Program Files\Android\Android Studio\jbr\bin\vcruntime140_1.dll
0x00007ffe525a0000 - 0x00007ffe5262d000 	C:\Program Files\Android\Android Studio\jbr\bin\msvcp140.dll
0x00007ffe22240000 - 0x00007ffe22dfc000 	C:\Program Files\Android\Android Studio\jbr\bin\server\jvm.dll
0x00007ffe84c40000 - 0x00007ffe84cef000 	C:\Windows\System32\ADVAPI32.dll
0x00007ffe836c0000 - 0x00007ffe8375c000 	C:\Windows\System32\sechost.dll
0x00007ffe84b10000 - 0x00007ffe84c36000 	C:\Windows\System32\RPCRT4.dll
0x00007ffe83680000 - 0x00007ffe83688000 	C:\Windows\System32\PSAPI.DLL
0x00007ffe77b60000 - 0x00007ffe77b69000 	C:\Windows\SYSTEM32\WSOCK32.dll
0x00007ffe83db0000 - 0x00007ffe83e1b000 	C:\Windows\System32\WS2_32.dll
0x00007ffe77180000 - 0x00007ffe771a7000 	C:\Windows\SYSTEM32\WINMM.dll
0x00007ffe7bda0000 - 0x00007ffe7bdaa000 	C:\Windows\SYSTEM32\VERSION.dll
0x00007ffe80440000 - 0x00007ffe80452000 	C:\Windows\SYSTEM32\kernel.appcore.dll
0x00007ffe77b50000 - 0x00007ffe77b60000 	C:\Program Files\Android\Android Studio\jbr\bin\verify.dll
0x00007ffe6adf0000 - 0x00007ffe6afd4000 	C:\Windows\SYSTEM32\DBGHELP.DLL
0x00007ffe6a9b0000 - 0x00007ffe6a9e4000 	C:\Windows\SYSTEM32\dbgcore.DLL
0x00007ffe826b0000 - 0x00007ffe82732000 	C:\Windows\System32\bcryptPrimitives.dll
0x00007ffe5d0a0000 - 0x00007ffe5d0c8000 	C:\Program Files\Android\Android Studio\jbr\bin\java.dll
0x00007ffe779f0000 - 0x00007ffe779fa000 	C:\Program Files\Android\Android Studio\jbr\bin\jimage.dll
0x00007ffe5cb90000 - 0x00007ffe5cba8000 	C:\Program Files\Android\Android Studio\jbr\bin\zip.dll
0x00007ffe843c0000 - 0x00007ffe84b04000 	C:\Windows\System32\SHELL32.dll
0x00007ffe80640000 - 0x00007ffe80dd3000 	C:\Windows\SYSTEM32\windows.storage.dll
0x00007ffe82f80000 - 0x00007ffe832d4000 	C:\Windows\System32\combase.dll
0x00007ffe81fe0000 - 0x00007ffe8200e000 	C:\Windows\SYSTEM32\Wldp.dll
0x00007ffe83d00000 - 0x00007ffe83dad000 	C:\Windows\System32\SHCORE.dll
0x00007ffe82f10000 - 0x00007ffe82f65000 	C:\Windows\System32\shlwapi.dll
0x00007ffe824d0000 - 0x00007ffe824ef000 	C:\Windows\SYSTEM32\profapi.dll
0x00007ffe5cad0000 - 0x00007ffe5cae9000 	C:\Program Files\Android\Android Studio\jbr\bin\net.dll
0x00007ffe7a3e0000 - 0x00007ffe7a4ea000 	C:\Windows\SYSTEM32\WINHTTP.dll
0x00007ffe81d40000 - 0x00007ffe81daa000 	C:\Windows\system32\mswsock.dll
0x00007ffe5c640000 - 0x00007ffe5c653000 	C:\Program Files\Android\Android Studio\jbr\bin\nio.dll

dbghelp: loaded successfully - version: 4.0.5 - missing functions: none
symbol engine: initialized successfully - sym options: 0x614 - pdb path: .;C:\Program Files\Android\Android Studio\jbr\bin;C:\Windows\SYSTEM32;C:\Windows\WinSxS\amd64_microsoft.windows.common-controls_6595b64144ccf1df_6.0.19041.1110_none_60b5254171f9507e;C:\Program Files\Android\Android Studio\jbr\bin\server

VM Arguments:
java_command: org.jetbrains.kotlin.cli.jvm.K2JVMCompiler @C:\Users\Kelvin Agusto\Documents\Materi Perkuliahan\Semester 4\Mobile Programming 2\UAS Mobile 2\UAS_CRUD_202101251016\app\build\20230707_5080532100779212134.compiler.options
java_class_path (initial): C:\sdk\caches\modules-2\files-2.1\org.jetbrains.kotlin\kotlin-compiler-embeddable\1.8.0\eb9118d4bcceaa2a94b2ae2a33a4ddba7c9a947f\kotlin-compiler-embeddable-1.8.0.jar;C:\sdk\caches\modules-2\files-2.1\org.jetbrains.kotlin\kotlin-stdlib\1.8.0\1796921c7a3e2e2665a83e6c8d33399336cd39bc\kotlin-stdlib-1.8.0.jar;C:\sdk\caches\modules-2\files-2.1\org.jetbrains.kotlin\kotlin-script-runtime\1.8.0\b2f7e760d283cb339974851c222a4c1d48f2d3d\kotlin-script-runtime-1.8.0.jar;C:\sdk\caches\modules-2\files-2.1\org.jetbrains.kotlin\kotlin-reflect\1.6.10\1cbe9c92c12a94eea200d23c2bbaedaf3daf5132\kotlin-reflect-1.6.10.jar;C:\sdk\caches\modules-2\files-2.1\org.jetbrains.kotlin\kotlin-daemon-embeddable\1.8.0\d255216c551685dc3a7e852b53617f5f01aaaa5c\kotlin-daemon-embeddable-1.8.0.jar;C:\sdk\caches\modules-2\files-2.1\org.jetbrains.intellij.deps\trove4j\1.0.20200330\3afb14d5f9ceb459d724e907a21145e8ff394f02\trove4j-1.0.20200330.jar;C:\sdk\caches\modules-2\files-2.1\net.java.dev.jna\jna\5.6.0\330f2244e9030119ab3030fc3fededc86713d9cc\jna-5.6.0.jar;C:\sdk\caches\modules-2\files-2.1\org.jetbrains.kotlin\kotlin-stdlib-common\1.8.0\f7197e7cc76453ac59f8b0f8d5137cc600becd36\kotlin-stdlib-common-1.8.0.jar;C:\sdk\caches\modules-2\files-2.1\org.jetbrains\annotations\13.0\919f0dfe192fb4e063e7dacadee7f8bb9a2672a9\annotations-13.0.jar
Launcher Type: SUN_STANDARD

[Global flags]
     intx CICompilerCount                          = 3                                         {product} {ergonomic}
     uint ConcGCThreads                            = 1                                         {product} {ergonomic}
     uint G1ConcRefinementThreads                  = 4                                         {product} {ergonomic}
   size_t G1HeapRegionSize                         = 1048576                                   {product} {ergonomic}
    uintx GCDrainStackTargetSize                   = 64                                        {product} {ergonomic}
   size_t InitialHeapSize                          = 201326592                                 {product} {ergonomic}
   size_t MarkStackSize                            = 4194304                                   {product} {ergonomic}
   size_t MaxHeapSize                              = 3212836864                                {product} {ergonomic}
   size_t MaxNewSize                               = 1927282688                                {product} {ergonomic}
   size_t MinHeapDeltaBytes                        = 1048576                                   {product} {ergonomic}
    uintx NonNMethodCodeHeapSize                   = 5830732                                {pd product} {ergonomic}
    uintx NonProfiledCodeHeapSize                  = 122913754                              {pd product} {ergonomic}
    uintx ProfiledCodeHeapSize                     = 122913754                              {pd product} {ergonomic}
    uintx ReservedCodeCacheSize                    = 251658240                              {pd product} {ergonomic}
     bool SegmentedCodeCache                       = true                                      {product} {ergonomic}
     bool UseCompressedClassPointers               = true                                 {lp64_product} {ergonomic}
     bool UseCompressedOops                        = true                                 {lp64_product} {ergonomic}
     bool UseG1GC                                  = true                                      {product} {ergonomic}
     bool UseLargePagesIndividualAllocation        = false                                  {pd product} {ergonomic}

Logging:
Log output configuration:
 #0: stdout all=warning uptime,level,tags
 #1: stderr all=off uptime,level,tags

Environment Variables:
PATH=C:\Program Files\Common Files\Oracle\Java\javapath;C:\Program Files\Eclipse Adoptium\jdk-11.0.14.101-hotspot\bin;C:\Program Files (x86)\Common Files\Intel\Shared Libraries\redist\intel64\compiler;C:\Windows\system32;C:\Windows;C:\Windows\System32\Wbem;C:\Windows\System32\WindowsPowerShell\v1.0\;C:\Windows\System32\OpenSSH\;C:\Program Files (x86)\NVIDIA Corporation\PhysX\Common;C:\Program Files\NVIDIA Corporation\NVIDIA NvDLISR;C:\Windows\system32;C:\Windows;C:\Windows\System32\Wbem;C:\Windows\System32\WindowsPowerShell\v1.0\;C:\Windows\System32\OpenSSH\;C:\Program Files\Eclipse Adoptium\jdk-11.0.14.101-hotspot\bin;D:\APK Program\Git\cmd;C:\Program Files\Java\jdk-18.0.1.1\bin;D:\APK Program\IBM\JRE\bin;c:\Program Files (x86)\Microsoft SQL Server\100\Tools\Binn\;c:\Program Files\Microsoft SQL Server\100\Tools\Binn\;c:\Program Files\Microsoft SQL Server\100\DTS\Binn\;c:\Program Files (x86)\Microsoft SQL Server\100\Tools\Binn\VSShell\Common7\IDE\;c:\Program Files (x86)\Microsoft SQL Server\100\DTS\Binn\;C:\xampp\php;C:\ProgramData\ComposerSetup\bin;C:\Users\Kelvin Agusto\AppData\Local\Microsoft\WindowsApps;D:\windows\Microsoft VS Code\bin;C:\Users\Kelvin Agusto\AppData\Roaming\npm;C:\Users\Kelvin Agusto\AppData\Local\Programs\Microsoft VS Code\bin;C:\Users\Kelvin Agusto\AppData\Roaming\Composer\vendor\bin
USERNAME=Kelvin Agusto
OS=Windows_NT
PROCESSOR_IDENTIFIER=Intel64 Family 6 Model 58 Stepping 9, GenuineIntel



---------------  S Y S T E M  ---------------

OS: Windows 10 , 64 bit Build 19041 (10.0.19041.3031)
OS uptime: 0 days 3:23 hours

CPU:total 4 (initial active 4) (4 cores per cpu, 1 threads per core) family 6 model 58 stepping 9 microcode 0x21, cmov, cx8, fxsr, mmx, sse, sse2, sse3, ssse3, sse4.1, sse4.2, popcnt, avx, aes, clmul, erms, tsc, tscinvbit, tscinv

Memory: 4k page, system-wide physical 12249M (924M free)
TotalPageFile size 16345M (AvailPageFile size 5M)
current process WorkingSet (physical memory assigned to process): 170M, peak: 170M
current process commit charge ("private bytes"): 326M, peak: 327M

vm_info: OpenJDK 64-Bit Server VM (11.0.15+0-b2043.56-9505619) for windows-amd64 JRE (11.0.15+0-b2043.56-9505619), built on Jan 19 2023 02:48:00 by "builduser" with unknown MS VC++:1929

END.
